<?xml version="1.0" encoding="UTF-8"?>
<!-- Generated by org.testng.reporters.JUnitReportReporter -->
<testsuite name="com.test.automation.uiAutomation.preadmission.TC_PreAdmissionEnquiryWithAdminLogin" tests="8" time="108.117" ignored="0" failures="0" timestamp="16 Dec 2017 07:45:05 GMT" skipped="3" hostname="vaps-PC" errors="0">
  <testcase name="loginToappWithrequiredCredentials" time="0.004" classname="com.test.automation.uiAutomation.preadmission.TC_PreAdmissionEnquiryWithAdminLogin">
    <skipped/>
  </testcase> <!-- loginToappWithrequiredCredentials -->
  <testcase name="navigateToenquiryForAdmissionAdminLogin" time="15.120" classname="com.test.automation.uiAutomation.preadmission.TC_PreAdmissionEnquiryWithAdminLogin"/>
  <testcase name="clickOnSaveForEnquiryFormSubmitAdminLogin" time="5.285" classname="com.test.automation.uiAutomation.preadmission.TC_PreAdmissionEnquiryWithAdminLogin"/>
  <testcase name="verifySuccessfulMessageadminLogin" time="0.713" classname="com.test.automation.uiAutomation.preadmission.TC_PreAdmissionEnquiryWithAdminLogin"/>
  <testcase name="loginToappWithrequiredCredentials" time="0.004" classname="com.test.automation.uiAutomation.preadmission.TC_PreAdmissionEnquiryWithAdminLogin">
    <skipped/>
  </testcase> <!-- loginToappWithrequiredCredentials -->
  <testcase name="enquiryForAdmissionAdminLogin" time="46.748" classname="com.test.automation.uiAutomation.preadmission.TC_PreAdmissionEnquiryWithAdminLogin"/>
  <testcase name="enquiryForAdmissionAdminLogin" time="0.008" classname="com.test.automation.uiAutomation.preadmission.TC_PreAdmissionEnquiryWithAdminLogin">
    <skipped/>
  </testcase> <!-- enquiryForAdmissionAdminLogin -->
  <testcase name="loginToappWithrequiredCredentials" time="40.235" classname="com.test.automation.uiAutomation.preadmission.TC_PreAdmissionEnquiryWithAdminLogin"/>
</testsuite> <!-- com.test.automation.uiAutomation.preadmission.TC_PreAdmissionEnquiryWithAdminLogin -->
