<?xml version="1.0" encoding="UTF-8"?>
<!-- Generated by org.testng.reporters.JUnitReportReporter -->
<testsuite name="com.test.automation.uiAutomation.admission.masters.TC_Masters_BatchWise_Student_Mapping" tests="34" time="20.147" ignored="0" failures="0" timestamp="02 Apr 2018 10:38:08 GMT" skipped="33" hostname="DESKTOP-DISLHD4" errors="0">
  <testcase name="tcClearBatchWiseStudentMappInfoData" time="0.000" classname="com.test.automation.uiAutomation.admission.masters.TC_Masters_BatchWise_Student_Mapping">
    <skipped/>
  </testcase> <!-- tcClearBatchWiseStudentMappInfoData -->
  <testcase name="tcVerifyBatchNameUpdatedInTheGrid" time="0.000" classname="com.test.automation.uiAutomation.admission.masters.TC_Masters_BatchWise_Student_Mapping">
    <skipped/>
  </testcase> <!-- tcVerifyBatchNameUpdatedInTheGrid -->
  <testcase name="tcMaximizeStudentMappList" time="0.000" classname="com.test.automation.uiAutomation.admission.masters.TC_Masters_BatchWise_Student_Mapping">
    <skipped/>
  </testcase> <!-- tcMaximizeStudentMappList -->
  <testcase name="tcClickOnOkSuccessButton_Update" time="0.003" classname="com.test.automation.uiAutomation.admission.masters.TC_Masters_BatchWise_Student_Mapping">
    <skipped/>
  </testcase> <!-- tcClickOnOkSuccessButton_Update -->
  <testcase name="tcSearchWithRegNoAcademicYearTo_SelectStudent" time="0.000" classname="com.test.automation.uiAutomation.admission.masters.TC_Masters_BatchWise_Student_Mapping">
    <skipped/>
  </testcase> <!-- tcSearchWithRegNoAcademicYearTo_SelectStudent -->
  <testcase name="tcMinimizeStudentMappList" time="0.000" classname="com.test.automation.uiAutomation.admission.masters.TC_Masters_BatchWise_Student_Mapping">
    <skipped/>
  </testcase> <!-- tcMinimizeStudentMappList -->
  <testcase name="loginToappWithrequiredCredentials" time="0.000" classname="com.test.automation.uiAutomation.admission.masters.TC_Masters_BatchWise_Student_Mapping">
    <skipped/>
  </testcase> <!-- loginToappWithrequiredCredentials -->
  <testcase name="tcSelectStudentToMappWithBatchFromStudentList_AfterClear" time="0.000" classname="com.test.automation.uiAutomation.admission.masters.TC_Masters_BatchWise_Student_Mapping">
    <skipped/>
  </testcase> <!-- tcSelectStudentToMappWithBatchFromStudentList_AfterClear -->
  <testcase name="tcMinimizeStudentList" time="0.000" classname="com.test.automation.uiAutomation.admission.masters.TC_Masters_BatchWise_Student_Mapping">
    <skipped/>
  </testcase> <!-- tcMinimizeStudentList -->
  <testcase name="tcFillBatchwiseStudentMappFormTo_CreateNewBatch_AfterClear" time="0.000" classname="com.test.automation.uiAutomation.admission.masters.TC_Masters_BatchWise_Student_Mapping">
    <skipped/>
  </testcase> <!-- tcFillBatchwiseStudentMappFormTo_CreateNewBatch_AfterClear -->
  <testcase name="tcSaveBatchWiseStudentMappInfoData_Update" time="0.000" classname="com.test.automation.uiAutomation.admission.masters.TC_Masters_BatchWise_Student_Mapping">
    <skipped/>
  </testcase> <!-- tcSaveBatchWiseStudentMappInfoData_Update -->
  <testcase name="tcSearchWithRegNoAcademicYearTo_SelectStudent_AfterClear" time="0.000" classname="com.test.automation.uiAutomation.admission.masters.TC_Masters_BatchWise_Student_Mapping">
    <skipped/>
  </testcase> <!-- tcSearchWithRegNoAcademicYearTo_SelectStudent_AfterClear -->
  <testcase name="loginToappWithrequiredCredentials" time="0.001" classname="com.test.automation.uiAutomation.admission.masters.TC_Masters_BatchWise_Student_Mapping">
    <skipped/>
  </testcase> <!-- loginToappWithrequiredCredentials -->
  <testcase name="tcNavigateToAdmission_Masters_BatchWiseStudentMapping_BGHS" time="0.000" classname="com.test.automation.uiAutomation.admission.masters.TC_Masters_BatchWise_Student_Mapping">
    <skipped/>
  </testcase> <!-- tcNavigateToAdmission_Masters_BatchWiseStudentMapping_BGHS -->
  <testcase name="tcSelectRadioButtonTo_CreateNewBatch" time="0.000" classname="com.test.automation.uiAutomation.admission.masters.TC_Masters_BatchWise_Student_Mapping">
    <skipped/>
  </testcase> <!-- tcSelectRadioButtonTo_CreateNewBatch -->
  <testcase name="tcMaximizeBatchWiseStudentMapping" time="0.000" classname="com.test.automation.uiAutomation.admission.masters.TC_Masters_BatchWise_Student_Mapping">
    <skipped/>
  </testcase> <!-- tcMaximizeBatchWiseStudentMapping -->
  <testcase name="tcMinimizeBatchWiseStudentMapping" time="0.000" classname="com.test.automation.uiAutomation.admission.masters.TC_Masters_BatchWise_Student_Mapping">
    <skipped/>
  </testcase> <!-- tcMinimizeBatchWiseStudentMapping -->
  <testcase name="tcSelectRadioButtonTo_CreateNewBatch_AfterClear" time="0.000" classname="com.test.automation.uiAutomation.admission.masters.TC_Masters_BatchWise_Student_Mapping">
    <skipped/>
  </testcase> <!-- tcSelectRadioButtonTo_CreateNewBatch_AfterClear -->
  <testcase name="tcVerifyMasters_BatchWiseStudentMapp_BGHSPage" time="0.000" classname="com.test.automation.uiAutomation.admission.masters.TC_Masters_BatchWise_Student_Mapping">
    <skipped/>
  </testcase> <!-- tcVerifyMasters_BatchWiseStudentMapp_BGHSPage -->
  <testcase name="tcSortStudentMappListByStudentName" time="0.000" classname="com.test.automation.uiAutomation.admission.masters.TC_Masters_BatchWise_Student_Mapping">
    <skipped/>
  </testcase> <!-- tcSortStudentMappListByStudentName -->
  <testcase name="loginToappWithrequiredCredentials" time="20.142" classname="com.test.automation.uiAutomation.admission.masters.TC_Masters_BatchWise_Student_Mapping"/>
  <testcase name="tcSelectStudentToMappWithBatchFromStudentList" time="0.000" classname="com.test.automation.uiAutomation.admission.masters.TC_Masters_BatchWise_Student_Mapping">
    <skipped/>
  </testcase> <!-- tcSelectStudentToMappWithBatchFromStudentList -->
  <testcase name="tcSearchWithRegNoAcademicYearTo_SelectStudent_ToUpdate" time="0.000" classname="com.test.automation.uiAutomation.admission.masters.TC_Masters_BatchWise_Student_Mapping">
    <skipped/>
  </testcase> <!-- tcSearchWithRegNoAcademicYearTo_SelectStudent_ToUpdate -->
  <testcase name="tcFillBatchwiseStudentMappFormTo_UpdateBatch" time="0.000" classname="com.test.automation.uiAutomation.admission.masters.TC_Masters_BatchWise_Student_Mapping">
    <skipped/>
  </testcase> <!-- tcFillBatchwiseStudentMappFormTo_UpdateBatch -->
  <testcase name="tcSelectRadioButtonTo_UpdateCreatedBatch" time="0.000" classname="com.test.automation.uiAutomation.admission.masters.TC_Masters_BatchWise_Student_Mapping">
    <skipped/>
  </testcase> <!-- tcSelectRadioButtonTo_UpdateCreatedBatch -->
  <testcase name="tcSearchWithBatchNameIntheGrid" time="0.000" classname="com.test.automation.uiAutomation.admission.masters.TC_Masters_BatchWise_Student_Mapping">
    <skipped/>
  </testcase> <!-- tcSearchWithBatchNameIntheGrid -->
  <testcase name="tcSortStudentListByStudentName" time="0.000" classname="com.test.automation.uiAutomation.admission.masters.TC_Masters_BatchWise_Student_Mapping">
    <skipped/>
  </testcase> <!-- tcSortStudentListByStudentName -->
  <testcase name="tcClickOnOkSuccessButton" time="0.000" classname="com.test.automation.uiAutomation.admission.masters.TC_Masters_BatchWise_Student_Mapping">
    <skipped/>
  </testcase> <!-- tcClickOnOkSuccessButton -->
  <testcase name="loginToappWithrequiredCredentials" time="0.001" classname="com.test.automation.uiAutomation.admission.masters.TC_Masters_BatchWise_Student_Mapping">
    <skipped/>
  </testcase> <!-- loginToappWithrequiredCredentials -->
  <testcase name="loginToappWithrequiredCredentials" time="0.000" classname="com.test.automation.uiAutomation.admission.masters.TC_Masters_BatchWise_Student_Mapping">
    <skipped/>
  </testcase> <!-- loginToappWithrequiredCredentials -->
  <testcase name="tcHomeButtonValidation" time="0.000" classname="com.test.automation.uiAutomation.admission.masters.TC_Masters_BatchWise_Student_Mapping">
    <skipped/>
  </testcase> <!-- tcHomeButtonValidation -->
  <testcase name="tcSaveBatchWiseStudentMappInfoData" time="0.000" classname="com.test.automation.uiAutomation.admission.masters.TC_Masters_BatchWise_Student_Mapping">
    <skipped/>
  </testcase> <!-- tcSaveBatchWiseStudentMappInfoData -->
  <testcase name="tcMaximizeStudentList" time="0.000" classname="com.test.automation.uiAutomation.admission.masters.TC_Masters_BatchWise_Student_Mapping">
    <skipped/>
  </testcase> <!-- tcMaximizeStudentList -->
  <testcase name="tcFillBatchwiseStudentMappFormTo_CreateNewBatch" time="0.000" classname="com.test.automation.uiAutomation.admission.masters.TC_Masters_BatchWise_Student_Mapping">
    <skipped/>
  </testcase> <!-- tcFillBatchwiseStudentMappFormTo_CreateNewBatch -->
</testsuite> <!-- com.test.automation.uiAutomation.admission.masters.TC_Masters_BatchWise_Student_Mapping -->
