<?xml version="1.0" encoding="UTF-8"?>
<!-- Generated by org.testng.reporters.JUnitReportReporter -->
<testsuite name="com.test.automation.uiAutomation.admission.TC_Reports.TC_Student_Yearly_Attendance_Report" tests="25" time="113.212" ignored="0" failures="0" timestamp="03 May 2018 10:02:44 GMT" skipped="0" hostname="Arvind-Susdiny" errors="0">
  <testcase name="tcExportReport_ToDownloadExcelReport__Individual" time="7.344" classname="com.test.automation.uiAutomation.admission.TC_Reports.TC_Student_Yearly_Attendance_Report"/>
  <testcase name="tcSelectStudentFor_StudentYearly_AttendanceReport" time="1.366" classname="com.test.automation.uiAutomation.admission.TC_Reports.TC_Student_Yearly_Attendance_Report"/>
  <testcase name="tcClickOnReport_TogetRecords_All" time="7.383" classname="com.test.automation.uiAutomation.admission.TC_Reports.TC_Student_Yearly_Attendance_Report"/>
  <testcase name="tcNavigateToAdmission_Reports_StudentYearly_AttendanceReport_BGHS" time="3.859" classname="com.test.automation.uiAutomation.admission.TC_Reports.TC_Student_Yearly_Attendance_Report"/>
  <testcase name="tcMaximize_StudentYearly_AttendanceReportStudentList" time="1.316" classname="com.test.automation.uiAutomation.admission.TC_Reports.TC_Student_Yearly_Attendance_Report"/>
  <testcase name="tcClickOn_CancelButton_ToClearFilledData_All" time="7.378" classname="com.test.automation.uiAutomation.admission.TC_Reports.TC_Student_Yearly_Attendance_Report"/>
  <testcase name="tcClickOnReport_TogetRecords_Individual" time="7.385" classname="com.test.automation.uiAutomation.admission.TC_Reports.TC_Student_Yearly_Attendance_Report"/>
  <testcase name="tcVerifyStudent_ForStudentYearly_AttendanceReportInGrid" time="0.311" classname="com.test.automation.uiAutomation.admission.TC_Reports.TC_Student_Yearly_Attendance_Report"/>
  <testcase name="tcClickOnPrint_ToPrintPreviewReport_WithoutSelectingRecords" time="5.386" classname="com.test.automation.uiAutomation.admission.TC_Reports.TC_Student_Yearly_Attendance_Report"/>
  <testcase name="tcMinimize_StudentYearly_AttendanceReport" time="1.364" classname="com.test.automation.uiAutomation.admission.TC_Reports.TC_Student_Yearly_Attendance_Report"/>
  <testcase name="tcMaximize_StudentYearly_AttendanceReport" time="1.335" classname="com.test.automation.uiAutomation.admission.TC_Reports.TC_Student_Yearly_Attendance_Report"/>
  <testcase name="tcFillStudentYearly_AttendanceReportForm_AfterCancel" time="5.956" classname="com.test.automation.uiAutomation.admission.TC_Reports.TC_Student_Yearly_Attendance_Report"/>
  <testcase name="tcSelectStudentFor_StudentYearly_AttendanceReport_Individual" time="1.359" classname="com.test.automation.uiAutomation.admission.TC_Reports.TC_Student_Yearly_Attendance_Report"/>
  <testcase name="tcHomeButtonValidation" time="5.319" classname="com.test.automation.uiAutomation.admission.TC_Reports.TC_Student_Yearly_Attendance_Report"/>
  <testcase name="tcMinimize_StudentYearly_AttendanceReportStudentList" time="1.354" classname="com.test.automation.uiAutomation.admission.TC_Reports.TC_Student_Yearly_Attendance_Report"/>
  <testcase name="tcFillStudentYearly_AttendanceReportForm" time="5.976" classname="com.test.automation.uiAutomation.admission.TC_Reports.TC_Student_Yearly_Attendance_Report"/>
  <testcase name="tcSearchStudentToGenerateReport_FromStudentYearly_AttendanceReportGrid" time="1.441" classname="com.test.automation.uiAutomation.admission.TC_Reports.TC_Student_Yearly_Attendance_Report"/>
  <testcase name="tcVerifyStudent_ForStudentYearly_AttendanceReportInGrid_Individual" time="0.297" classname="com.test.automation.uiAutomation.admission.TC_Reports.TC_Student_Yearly_Attendance_Report"/>
  <testcase name="loginToappWithrequiredCredentials" time="20.071" classname="com.test.automation.uiAutomation.admission.TC_Reports.TC_Student_Yearly_Attendance_Report"/>
  <testcase name="tcClickOnOkSuccessButton_ToPrintPreviewReportErrorPopUp" time="3.337" classname="com.test.automation.uiAutomation.admission.TC_Reports.TC_Student_Yearly_Attendance_Report"/>
  <testcase name="tcSearchStudentToGenerateReport_FromStudentYearly_AttendanceReportGrid_Individual" time="1.394" classname="com.test.automation.uiAutomation.admission.TC_Reports.TC_Student_Yearly_Attendance_Report"/>
  <testcase name="tcVerifyAdmission_Reports_StudentYearly_AttendanceReport_BGHSPage" time="1.315" classname="com.test.automation.uiAutomation.admission.TC_Reports.TC_Student_Yearly_Attendance_Report"/>
  <testcase name="tcExportReport_ToDownloadExcelReport_All_WithoutSelectingRecords" time="7.409" classname="com.test.automation.uiAutomation.admission.TC_Reports.TC_Student_Yearly_Attendance_Report"/>
  <testcase name="tcClickOnPrint_Individual" time="10.183" classname="com.test.automation.uiAutomation.admission.TC_Reports.TC_Student_Yearly_Attendance_Report"/>
  <testcase name="tcClickOnOkSuccessButton_ToDownloadExcelReportPopUp_WithoutSelectingRecords" time="3.374" classname="com.test.automation.uiAutomation.admission.TC_Reports.TC_Student_Yearly_Attendance_Report"/>
</testsuite> <!-- com.test.automation.uiAutomation.admission.TC_Reports.TC_Student_Yearly_Attendance_Report -->
