<?xml version="1.0" encoding="UTF-8"?>
<!-- Generated by org.testng.reporters.JUnitReportReporter -->
<testsuite name="com.test.automation.uiAutomation.admission.masters.TC_Masters_Master_Activities" tests="34" time="171.694" ignored="0" failures="0" timestamp="01 Mar 2018 07:09:36 GMT" skipped="4" hostname="DESKTOP-DISLHD4" errors="0">
  <testcase name="tcSearchWithMasterActivitiesNameInTheGrid_delete" time="0.600" classname="com.test.automation.uiAutomation.admission.masters.TC_Masters_Master_Activities"/>
  <testcase name="tcSaveMasterActivitiesInfoData_AfterDelete" time="15.393" classname="com.test.automation.uiAutomation.admission.masters.TC_Masters_Master_Activities"/>
  <testcase name="tcNavigateToAdmission_Masters_MasterActivities_BGHS" time="1.620" classname="com.test.automation.uiAutomation.admission.masters.TC_Masters_Master_Activities"/>
  <testcase name="tcVerifyMasters_MasterActivities_BGHSPage" time="1.325" classname="com.test.automation.uiAutomation.admission.masters.TC_Masters_Master_Activities"/>
  <testcase name="tcHomeButtonValidation" time="7.321" classname="com.test.automation.uiAutomation.admission.masters.TC_Masters_Master_Activities"/>
  <testcase name="tcSaveMasterActivitiesInfoData_Edit" time="15.385" classname="com.test.automation.uiAutomation.admission.masters.TC_Masters_Master_Activities"/>
  <testcase name="loginToappWithrequiredCredentials" time="0.001" classname="com.test.automation.uiAutomation.admission.masters.TC_Masters_Master_Activities">
    <skipped/>
  </testcase> <!-- loginToappWithrequiredCredentials -->
  <testcase name="tcClickOnCancelButton" time="15.389" classname="com.test.automation.uiAutomation.admission.masters.TC_Masters_Master_Activities"/>
  <testcase name="loginToappWithrequiredCredentials" time="0.000" classname="com.test.automation.uiAutomation.admission.masters.TC_Masters_Master_Activities">
    <skipped/>
  </testcase> <!-- loginToappWithrequiredCredentials -->
  <testcase name="loginToappWithrequiredCredentials" time="0.001" classname="com.test.automation.uiAutomation.admission.masters.TC_Masters_Master_Activities">
    <skipped/>
  </testcase> <!-- loginToappWithrequiredCredentials -->
  <testcase name="tcMaximizeMasterActivitiesList" time="2.332" classname="com.test.automation.uiAutomation.admission.masters.TC_Masters_Master_Activities"/>
  <testcase name="tcSearchWithMasterActivitiesNameInTheGrid" time="0.622" classname="com.test.automation.uiAutomation.admission.masters.TC_Masters_Master_Activities"/>
  <testcase name="tcSaveMasterActivitiesInfoData" time="15.389" classname="com.test.automation.uiAutomation.admission.masters.TC_Masters_Master_Activities"/>
  <testcase name="loginToappWithrequiredCredentials" time="0.003" classname="com.test.automation.uiAutomation.admission.masters.TC_Masters_Master_Activities">
    <skipped/>
  </testcase> <!-- loginToappWithrequiredCredentials -->
  <testcase name="tcMaximizeMasterActivities" time="2.355" classname="com.test.automation.uiAutomation.admission.masters.TC_Masters_Master_Activities"/>
  <testcase name="tcDeleteMasterActivities_AfterCancel" time="5.429" classname="com.test.automation.uiAutomation.admission.masters.TC_Masters_Master_Activities"/>
  <testcase name="tcEnterMasterActivitiesDetailsData_AfterClear" time="0.981" classname="com.test.automation.uiAutomation.admission.masters.TC_Masters_Master_Activities"/>
  <testcase name="tcClickOnOkSuccessButton" time="2.385" classname="com.test.automation.uiAutomation.admission.masters.TC_Masters_Master_Activities"/>
  <testcase name="tcClickOnOkSuccessButton_Edit" time="2.346" classname="com.test.automation.uiAutomation.admission.masters.TC_Masters_Master_Activities"/>
  <testcase name="tcEnterMasterActivitiesDetailsData" time="1.223" classname="com.test.automation.uiAutomation.admission.masters.TC_Masters_Master_Activities"/>
  <testcase name="tcEditMasterActivities" time="5.387" classname="com.test.automation.uiAutomation.admission.masters.TC_Masters_Master_Activities"/>
  <testcase name="tcClickOnOkSuccessButton_AfterDelete" time="2.329" classname="com.test.automation.uiAutomation.admission.masters.TC_Masters_Master_Activities"/>
  <testcase name="tcMinimizeMasterActivitiesList" time="2.352" classname="com.test.automation.uiAutomation.admission.masters.TC_Masters_Master_Activities"/>
  <testcase name="tcClickOnOkSuccessButton_cancel" time="2.339" classname="com.test.automation.uiAutomation.admission.masters.TC_Masters_Master_Activities"/>
  <testcase name="tcClickOnOkSuccessButton_delete" time="2.322" classname="com.test.automation.uiAutomation.admission.masters.TC_Masters_Master_Activities"/>
  <testcase name="tcEnterMasterActivitiesDetailsData_AfterDelete" time="0.920" classname="com.test.automation.uiAutomation.admission.masters.TC_Masters_Master_Activities"/>
  <testcase name="tcSortByActivityName" time="3.648" classname="com.test.automation.uiAutomation.admission.masters.TC_Masters_Master_Activities"/>
  <testcase name="tcMinimizeMasterActivities" time="2.367" classname="com.test.automation.uiAutomation.admission.masters.TC_Masters_Master_Activities"/>
  <testcase name="tcYesDeleteOrDeactivateOrActivateIt" time="15.340" classname="com.test.automation.uiAutomation.admission.masters.TC_Masters_Master_Activities"/>
  <testcase name="tcVerifyMasterActivitiesInTheGrid" time="0.302" classname="com.test.automation.uiAutomation.admission.masters.TC_Masters_Master_Activities"/>
  <testcase name="tcSubmitBlankMasterActivitiesForm" time="3.384" classname="com.test.automation.uiAutomation.admission.masters.TC_Masters_Master_Activities"/>
  <testcase name="tcDeleteMasterActivities" time="5.413" classname="com.test.automation.uiAutomation.admission.masters.TC_Masters_Master_Activities"/>
  <testcase name="loginToappWithrequiredCredentials" time="20.063" classname="com.test.automation.uiAutomation.admission.masters.TC_Masters_Master_Activities"/>
  <testcase name="tcClearMasterActivitiesInfoData" time="15.428" classname="com.test.automation.uiAutomation.admission.masters.TC_Masters_Master_Activities"/>
</testsuite> <!-- com.test.automation.uiAutomation.admission.masters.TC_Masters_Master_Activities -->
