<?xml version="1.0" encoding="UTF-8"?>
<!-- Generated by org.testng.reporters.JUnitReportReporter -->
<testsuite name="com.test.automation.uiAutomation.admission.TC_Reports.TC_CategoryWise_Attendance_Report" tests="25" time="110.882" ignored="0" failures="0" timestamp="06 Apr 2018 10:42:16 GMT" skipped="0" hostname="DESKTOP-DISLHD4" errors="0">
  <testcase name="tcVerifyCategory_ForCategoryWiseAttendanceReportInGrid" time="0.292" classname="com.test.automation.uiAutomation.admission.TC_Reports.TC_CategoryWise_Attendance_Report"/>
  <testcase name="tcFill_CategoryWise_AttendanceReportForm_AfterCancel" time="4.831" classname="com.test.automation.uiAutomation.admission.TC_Reports.TC_CategoryWise_Attendance_Report"/>
  <testcase name="tcClickOnReport_TogetRecords" time="7.385" classname="com.test.automation.uiAutomation.admission.TC_Reports.TC_CategoryWise_Attendance_Report"/>
  <testcase name="tcMinimize_CategoryWise_AttendanceReportCategoryList" time="1.387" classname="com.test.automation.uiAutomation.admission.TC_Reports.TC_CategoryWise_Attendance_Report"/>
  <testcase name="tcHomeButtonValidation" time="5.313" classname="com.test.automation.uiAutomation.admission.TC_Reports.TC_CategoryWise_Attendance_Report"/>
  <testcase name="tcFill_CategoryWise_AttendanceReportForm" time="4.859" classname="com.test.automation.uiAutomation.admission.TC_Reports.TC_CategoryWise_Attendance_Report"/>
  <testcase name="tcExportReport_ToDownloadExcelReport_WithoutSelectingRecords" time="7.380" classname="com.test.automation.uiAutomation.admission.TC_Reports.TC_CategoryWise_Attendance_Report"/>
  <testcase name="tcSelectCategoryFor_CategoryWiseAttendanceReport_AfterCancel" time="1.368" classname="com.test.automation.uiAutomation.admission.TC_Reports.TC_CategoryWise_Attendance_Report"/>
  <testcase name="tcClickOnOkSuccessButton_ToDownloadExcelReportPopUp_WithoutSelectingRecords" time="3.367" classname="com.test.automation.uiAutomation.admission.TC_Reports.TC_CategoryWise_Attendance_Report"/>
  <testcase name="tcSearchCategoryToGenerateReport_FromCategoryWiseAttendanceReportGrid_AfterCancel" time="1.445" classname="com.test.automation.uiAutomation.admission.TC_Reports.TC_CategoryWise_Attendance_Report"/>
  <testcase name="loginToappWithrequiredCredentials" time="20.153" classname="com.test.automation.uiAutomation.admission.TC_Reports.TC_CategoryWise_Attendance_Report"/>
  <testcase name="tcMinimize_CategoryWise_AttendanceReport" time="1.340" classname="com.test.automation.uiAutomation.admission.TC_Reports.TC_CategoryWise_Attendance_Report"/>
  <testcase name="tcClickOnPrint_ToPrintPreviewReport_WithoutSelectingRecords" time="5.393" classname="com.test.automation.uiAutomation.admission.TC_Reports.TC_CategoryWise_Attendance_Report"/>
  <testcase name="tcSelectCategoryFor_CategoryWiseAttendanceReport" time="1.342" classname="com.test.automation.uiAutomation.admission.TC_Reports.TC_CategoryWise_Attendance_Report"/>
  <testcase name="tcClickOnPrint_CategoryWiseReport" time="10.115" classname="com.test.automation.uiAutomation.admission.TC_Reports.TC_CategoryWise_Attendance_Report"/>
  <testcase name="tcClickOnReport_TogetRecords_AfterCancel" time="7.372" classname="com.test.automation.uiAutomation.admission.TC_Reports.TC_CategoryWise_Attendance_Report"/>
  <testcase name="tcClickOnOkSuccessButton_ToPrintPreviewReportErrorPopUp" time="3.349" classname="com.test.automation.uiAutomation.admission.TC_Reports.TC_CategoryWise_Attendance_Report"/>
  <testcase name="tcClickOn_CancelButton_ToClearFilledData" time="7.370" classname="com.test.automation.uiAutomation.admission.TC_Reports.TC_CategoryWise_Attendance_Report"/>
  <testcase name="tcSearchCategoryToGenerateReport_FromCategoryWiseAttendanceReportGrid" time="1.420" classname="com.test.automation.uiAutomation.admission.TC_Reports.TC_CategoryWise_Attendance_Report"/>
  <testcase name="tcVerifyAdmission_Reports_CategoryWise_AttendanceReport_BGHSPage" time="1.335" classname="com.test.automation.uiAutomation.admission.TC_Reports.TC_CategoryWise_Attendance_Report"/>
  <testcase name="tcNavigateToAdmission_Reports_CategoryWise_AttendanceReport_BGHS" time="3.721" classname="com.test.automation.uiAutomation.admission.TC_Reports.TC_CategoryWise_Attendance_Report"/>
  <testcase name="tcMaximize_CategoryWise_AttendanceReportCategoryList" time="1.354" classname="com.test.automation.uiAutomation.admission.TC_Reports.TC_CategoryWise_Attendance_Report"/>
  <testcase name="tcExportReport_ToDownloadExcelReport" time="7.331" classname="com.test.automation.uiAutomation.admission.TC_Reports.TC_CategoryWise_Attendance_Report"/>
  <testcase name="tcVerifyCategory_ForCategoryWiseAttendanceReportInGrid_AfterCancel" time="0.311" classname="com.test.automation.uiAutomation.admission.TC_Reports.TC_CategoryWise_Attendance_Report"/>
  <testcase name="tcMaximize_CategoryWise_AttendanceReport" time="1.349" classname="com.test.automation.uiAutomation.admission.TC_Reports.TC_CategoryWise_Attendance_Report"/>
</testsuite> <!-- com.test.automation.uiAutomation.admission.TC_Reports.TC_CategoryWise_Attendance_Report -->
