<?xml version="1.0" encoding="UTF-8"?>
<!-- Generated by org.testng.reporters.JUnitReportReporter -->
<testsuite name="com.test.automation.uiAutomation.admission.TC_Masters_Master_Class_Held" tests="20" time="182.759" ignored="0" failures="0" timestamp="02 Feb 2018 10:49:48 GMT" skipped="4" hostname="DESKTOP-DISLHD4" errors="0">
  <testcase name="tcClearClassHeldInfoData" time="10.502" classname="com.test.automation.uiAutomation.admission.TC_Masters_Master_Class_Held"/>
  <testcase name="tcNavigateToAdmission_Masters_MasterClassHeld_BGHS" time="2.054" classname="com.test.automation.uiAutomation.admission.TC_Masters_Master_Class_Held"/>
  <testcase name="tcUpdateWithMonthwiseClassHeldData" time="53.606" classname="com.test.automation.uiAutomation.admission.TC_Masters_Master_Class_Held"/>
  <testcase name="tcClickOnOkSuccessButton" time="20.388" classname="com.test.automation.uiAutomation.admission.TC_Masters_Master_Class_Held"/>
  <testcase name="tcHomeButtonValidation" time="5.355" classname="com.test.automation.uiAutomation.admission.TC_Masters_Master_Class_Held"/>
  <testcase name="loginToappWithrequiredCredentials" time="0.001" classname="com.test.automation.uiAutomation.admission.TC_Masters_Master_Class_Held">
    <skipped/>
  </testcase> <!-- loginToappWithrequiredCredentials -->
  <testcase name="loginToappWithrequiredCredentials" time="25.648" classname="com.test.automation.uiAutomation.admission.TC_Masters_Master_Class_Held"/>
  <testcase name="tcMinimizeMasterClassHeld" time="2.339" classname="com.test.automation.uiAutomation.admission.TC_Masters_Master_Class_Held"/>
  <testcase name="tcMaximizeMasterClassHeldTable" time="2.329" classname="com.test.automation.uiAutomation.admission.TC_Masters_Master_Class_Held"/>
  <testcase name="tcMaximizeMasterClassHeld" time="2.342" classname="com.test.automation.uiAutomation.admission.TC_Masters_Master_Class_Held"/>
  <testcase name="loginToappWithrequiredCredentials" time="0.001" classname="com.test.automation.uiAutomation.admission.TC_Masters_Master_Class_Held">
    <skipped/>
  </testcase> <!-- loginToappWithrequiredCredentials -->
  <testcase name="tcUpdateWithMonthwiseClassHeldData_AfterClear" time="25.713" classname="com.test.automation.uiAutomation.admission.TC_Masters_Master_Class_Held"/>
  <testcase name="tcEnterMasterClassHeldData_AfterClear" time="6.420" classname="com.test.automation.uiAutomation.admission.TC_Masters_Master_Class_Held"/>
  <testcase name="tcSubmitBlankMasterClassHeldForm" time="15.424" classname="com.test.automation.uiAutomation.admission.TC_Masters_Master_Class_Held"/>
  <testcase name="loginToappWithrequiredCredentials" time="0.000" classname="com.test.automation.uiAutomation.admission.TC_Masters_Master_Class_Held">
    <skipped/>
  </testcase> <!-- loginToappWithrequiredCredentials -->
  <testcase name="tcSubmitFilledMasterClassHeldForm" time="0.357" classname="com.test.automation.uiAutomation.admission.TC_Masters_Master_Class_Held"/>
  <testcase name="loginToappWithrequiredCredentials" time="0.000" classname="com.test.automation.uiAutomation.admission.TC_Masters_Master_Class_Held">
    <skipped/>
  </testcase> <!-- loginToappWithrequiredCredentials -->
  <testcase name="tcMinimizeMasterClassHeldTable" time="2.334" classname="com.test.automation.uiAutomation.admission.TC_Masters_Master_Class_Held"/>
  <testcase name="tcVerifyMasters_MasterClassHeld_BGHSPage" time="1.352" classname="com.test.automation.uiAutomation.admission.TC_Masters_Master_Class_Held"/>
  <testcase name="tcEnterMasterClassHeldData" time="6.594" classname="com.test.automation.uiAutomation.admission.TC_Masters_Master_Class_Held"/>
</testsuite> <!-- com.test.automation.uiAutomation.admission.TC_Masters_Master_Class_Held -->
