<?xml version="1.0" encoding="UTF-8"?>
<!-- Generated by org.testng.reporters.JUnitReportReporter -->
<testsuite name="com.test.automation.uiAutomation.tcFee.Tc_Masters_Fee_Installment_MasterInstallment_DueDate" tests="16" time="0.042" ignored="0" failures="0" timestamp="03 Jan 2018 10:58:04 GMT" skipped="15" hostname="vaps-PC" errors="1">
  <testcase name="setUp" time="0.000" classname="com.test.automation.uiAutomation.tcFee.Tc_Masters_Fee_Installment_MasterInstallment_DueDate">
    <error type="org.openqa.selenium.NoSuchSessionException" message="no such session
  (Driver info: chromedriver=2.33.506120 (e3e53437346286c0bc2d2dc9aa4915ba81d9023f),platform=Windows NT 6.1.7601 SP1 x86_64) (WARNING: The server did not provide any stacktrace information)
Command duration or timeout: 110 milliseconds
Build info: version: &#039;3.0.1&#039;, revision: &#039;1969d75&#039;, time: &#039;2016-10-18 09:49:13 -0700&#039;
System info: host: &#039;vaps-PC&#039;, ip: &#039;192.168.1.1&#039;, os.name: &#039;Windows 7&#039;, os.arch: &#039;amd64&#039;, os.version: &#039;6.1&#039;, java.version: &#039;1.8.0_144&#039;
Driver info: org.openqa.selenium.chrome.ChromeDriver
Capabilities [{message=session not created exception
from chrome not reachable
  (Session info: chrome=63.0.3239.108)
  (Driver info: chromedriver=2.33.506120 (e3e53437346286c0bc2d2dc9aa4915ba81d9023f),platform=Windows NT 6.1.7601 SP1 x86_64), platform=ANY}]
Session ID: 724d25e5c31e7830f59076f612872d51">
      <![CDATA[org.openqa.selenium.NoSuchSessionException: no such session
  (Driver info: chromedriver=2.33.506120 (e3e53437346286c0bc2d2dc9aa4915ba81d9023f),platform=Windows NT 6.1.7601 SP1 x86_64) (WARNING: The server did not provide any stacktrace information)
Command duration or timeout: 110 milliseconds
Build info: version: '3.0.1', revision: '1969d75', time: '2016-10-18 09:49:13 -0700'
System info: host: 'vaps-PC', ip: '192.168.1.1', os.name: 'Windows 7', os.arch: 'amd64', os.version: '6.1', java.version: '1.8.0_144'
Driver info: org.openqa.selenium.chrome.ChromeDriver
Capabilities [{message=session not created exception
from chrome not reachable
  (Session info: chrome=63.0.3239.108)
  (Driver info: chromedriver=2.33.506120 (e3e53437346286c0bc2d2dc9aa4915ba81d9023f),platform=Windows NT 6.1.7601 SP1 x86_64), platform=ANY}]
Session ID: 724d25e5c31e7830f59076f612872d51
	at sun.reflect.NativeConstructorAccessorImpl.newInstance0(Native Method)
	at sun.reflect.NativeConstructorAccessorImpl.newInstance(NativeConstructorAccessorImpl.java:62)
	at sun.reflect.DelegatingConstructorAccessorImpl.newInstance(DelegatingConstructorAccessorImpl.java:45)
	at java.lang.reflect.Constructor.newInstance(Constructor.java:423)
	at org.openqa.selenium.remote.ErrorHandler.createThrowable(ErrorHandler.java:216)
	at org.openqa.selenium.remote.ErrorHandler.throwIfResponseFailed(ErrorHandler.java:168)
	at org.openqa.selenium.remote.RemoteWebDriver.execute(RemoteWebDriver.java:635)
	at org.openqa.selenium.remote.RemoteWebDriver.get(RemoteWebDriver.java:322)
	at com.test.automation.uiAutomation.testBase.TestBase.getUrl(TestBase.java:170)
	at com.test.automation.uiAutomation.testBase.TestBase.init(TestBase.java:99)
	at com.test.automation.uiAutomation.tcFee.Tc_Masters_Fee_Installment_MasterInstallment_DueDate.setUp(Tc_Masters_Fee_Installment_MasterInstallment_DueDate.java:49)
	at sun.reflect.NativeMethodAccessorImpl.invoke0(Native Method)
	at sun.reflect.NativeMethodAccessorImpl.invoke(NativeMethodAccessorImpl.java:62)
	at sun.reflect.DelegatingMethodAccessorImpl.invoke(DelegatingMethodAccessorImpl.java:43)
	at java.lang.reflect.Method.invoke(Method.java:498)
	at org.testng.internal.MethodInvocationHelper.invokeMethod(MethodInvocationHelper.java:104)
	at org.testng.internal.Invoker.invokeConfigurationMethod(Invoker.java:515)
	at org.testng.internal.Invoker.invokeConfigurations(Invoker.java:217)
	at org.testng.internal.Invoker.invokeConfigurations(Invoker.java:144)
	at org.testng.internal.TestMethodWorker.invokeBeforeClassMethods(TestMethodWorker.java:169)
	at org.testng.internal.TestMethodWorker.run(TestMethodWorker.java:108)
	at org.testng.TestRunner.privateRun(TestRunner.java:756)
	at org.testng.TestRunner.run(TestRunner.java:610)
	at org.testng.SuiteRunner.runTest(SuiteRunner.java:387)
	at org.testng.SuiteRunner.runSequentially(SuiteRunner.java:382)
	at org.testng.SuiteRunner.privateRun(SuiteRunner.java:340)
	at org.testng.SuiteRunner.run(SuiteRunner.java:289)
	at org.testng.SuiteRunnerWorker.runSuite(SuiteRunnerWorker.java:52)
	at org.testng.SuiteRunnerWorker.run(SuiteRunnerWorker.java:86)
	at org.testng.TestNG.runSuitesSequentially(TestNG.java:1293)
	at org.testng.TestNG.runSuitesLocally(TestNG.java:1218)
	at org.testng.TestNG.runSuites(TestNG.java:1133)
	at org.testng.TestNG.run(TestNG.java:1104)
	at org.testng.remote.AbstractRemoteTestNG.run(AbstractRemoteTestNG.java:132)
	at org.testng.remote.RemoteTestNG.initAndRun(RemoteTestNG.java:230)
	at org.testng.remote.RemoteTestNG.main(RemoteTestNG.java:76)
]]>
    </error>
  </testcase> <!-- setUp -->
  <testcase name="loginToappWithrequiredCredentials" time="0.003" classname="com.test.automation.uiAutomation.tcFee.Tc_Masters_Fee_Installment_MasterInstallment_DueDate">
    <skipped/>
  </testcase> <!-- loginToappWithrequiredCredentials -->
  <testcase name="tcHomeButtonValidation" time="0.003" classname="com.test.automation.uiAutomation.tcFee.Tc_Masters_Fee_Installment_MasterInstallment_DueDate">
    <skipped/>
  </testcase> <!-- tcHomeButtonValidation -->
  <testcase name="tcNevigateToFeeInstallment_MasterInstallmentDueDate" time="0.002" classname="com.test.automation.uiAutomation.tcFee.Tc_Masters_Fee_Installment_MasterInstallment_DueDate">
    <skipped/>
  </testcase> <!-- tcNevigateToFeeInstallment_MasterInstallmentDueDate -->
  <testcase name="tcDueDateCalendarEntry" time="0.002" classname="com.test.automation.uiAutomation.tcFee.Tc_Masters_Fee_Installment_MasterInstallment_DueDate">
    <skipped/>
  </testcase> <!-- tcDueDateCalendarEntry -->
  <testcase name="tcVerifyMasterInstallmentDueDateTab" time="0.002" classname="com.test.automation.uiAutomation.tcFee.Tc_Masters_Fee_Installment_MasterInstallment_DueDate">
    <skipped/>
  </testcase> <!-- tcVerifyMasterInstallmentDueDateTab -->
  <testcase name="tcClickOnSaveButton" time="0.001" classname="com.test.automation.uiAutomation.tcFee.Tc_Masters_Fee_Installment_MasterInstallment_DueDate">
    <skipped/>
  </testcase> <!-- tcClickOnSaveButton -->
  <testcase name="loginToappWithrequiredCredentials" time="0.002" classname="com.test.automation.uiAutomation.tcFee.Tc_Masters_Fee_Installment_MasterInstallment_DueDate">
    <skipped/>
  </testcase> <!-- loginToappWithrequiredCredentials -->
  <testcase name="loginToappWithrequiredCredentials" time="0.003" classname="com.test.automation.uiAutomation.tcFee.Tc_Masters_Fee_Installment_MasterInstallment_DueDate">
    <skipped/>
  </testcase> <!-- loginToappWithrequiredCredentials -->
  <testcase name="tcNavigateToMasterInstallmentDueDateTab" time="0.001" classname="com.test.automation.uiAutomation.tcFee.Tc_Masters_Fee_Installment_MasterInstallment_DueDate">
    <skipped/>
  </testcase> <!-- tcNavigateToMasterInstallmentDueDateTab -->
  <testcase name="tcVerifyFeeInstallmentScreen_DueDate" time="0.002" classname="com.test.automation.uiAutomation.tcFee.Tc_Masters_Fee_Installment_MasterInstallment_DueDate">
    <skipped/>
  </testcase> <!-- tcVerifyFeeInstallmentScreen_DueDate -->
  <testcase name="tcVerifySuccessfulPopUp" time="0.002" classname="com.test.automation.uiAutomation.tcFee.Tc_Masters_Fee_Installment_MasterInstallment_DueDate">
    <skipped/>
  </testcase> <!-- tcVerifySuccessfulPopUp -->
  <testcase name="loginToappWithrequiredCredentials" time="0.004" classname="com.test.automation.uiAutomation.tcFee.Tc_Masters_Fee_Installment_MasterInstallment_DueDate">
    <skipped/>
  </testcase> <!-- loginToappWithrequiredCredentials -->
  <testcase name="tcClickOnSuccessOkBtn" time="0.002" classname="com.test.automation.uiAutomation.tcFee.Tc_Masters_Fee_Installment_MasterInstallment_DueDate">
    <skipped/>
  </testcase> <!-- tcClickOnSuccessOkBtn -->
  <testcase name="loginToappWithrequiredCredentials" time="0.003" classname="com.test.automation.uiAutomation.tcFee.Tc_Masters_Fee_Installment_MasterInstallment_DueDate">
    <skipped/>
  </testcase> <!-- loginToappWithrequiredCredentials -->
  <testcase name="tcSelectAcademicYearAndInstallmentType" time="0.010" classname="com.test.automation.uiAutomation.tcFee.Tc_Masters_Fee_Installment_MasterInstallment_DueDate">
    <skipped/>
  </testcase> <!-- tcSelectAcademicYearAndInstallmentType -->
</testsuite> <!-- com.test.automation.uiAutomation.tcFee.Tc_Masters_Fee_Installment_MasterInstallment_DueDate -->
