<?xml version="1.0" encoding="UTF-8"?>
<!-- Generated by org.testng.reporters.JUnitReportReporter -->
<testsuite name="com.test.automation.uiAutomation.tcFee.Tc_Masters_Fee_UserGroup_LoginPrivilege" tests="13" time="46.150" ignored="0" failures="0" timestamp="13 Mar 2018 11:50:06 GMT" skipped="5" hostname="DESKTOP-DISLHD4" errors="0">
  <testcase name="loginToappWithrequiredCredentials" time="0.003" classname="com.test.automation.uiAutomation.tcFee.Tc_Masters_Fee_UserGroup_LoginPrivilege">
    <skipped/>
  </testcase> <!-- loginToappWithrequiredCredentials -->
  <testcase name="loginToappWithrequiredCredentials" time="0.001" classname="com.test.automation.uiAutomation.tcFee.Tc_Masters_Fee_UserGroup_LoginPrivilege">
    <skipped/>
  </testcase> <!-- loginToappWithrequiredCredentials -->
  <testcase name="loginToappWithrequiredCredentials" time="0.000" classname="com.test.automation.uiAutomation.tcFee.Tc_Masters_Fee_UserGroup_LoginPrivilege">
    <skipped/>
  </testcase> <!-- loginToappWithrequiredCredentials -->
  <testcase name="tcSelectAcademicYear_GroupAndRole" time="0.002" classname="com.test.automation.uiAutomation.tcFee.Tc_Masters_Fee_UserGroup_LoginPrivilege">
    <skipped/>
  </testcase> <!-- tcSelectAcademicYear_GroupAndRole -->
  <testcase name="tcClickOnSaveButton" time="2.410" classname="com.test.automation.uiAutomation.tcFee.Tc_Masters_Fee_UserGroup_LoginPrivilege"/>
  <testcase name="tcVerifySuccessfulPopUp" time="1.309" classname="com.test.automation.uiAutomation.tcFee.Tc_Masters_Fee_UserGroup_LoginPrivilege"/>
  <testcase name="loginToappWithrequiredCredentials" time="20.385" classname="com.test.automation.uiAutomation.tcFee.Tc_Masters_Fee_UserGroup_LoginPrivilege"/>
  <testcase name="loginToappWithrequiredCredentials" time="0.000" classname="com.test.automation.uiAutomation.tcFee.Tc_Masters_Fee_UserGroup_LoginPrivilege">
    <skipped/>
  </testcase> <!-- loginToappWithrequiredCredentials -->
  <testcase name="tcSelectAcademicYear_GroupAndRole" time="6.090" classname="com.test.automation.uiAutomation.tcFee.Tc_Masters_Fee_UserGroup_LoginPrivilege"/>
  <testcase name="tcVerifyFeeUserGrLoginPreviledgePagee" time="1.335" classname="com.test.automation.uiAutomation.tcFee.Tc_Masters_Fee_UserGroup_LoginPrivilege"/>
  <testcase name="tcHomeButtonValidation" time="7.331" classname="com.test.automation.uiAutomation.tcFee.Tc_Masters_Fee_UserGroup_LoginPrivilege"/>
  <testcase name="tcNevigateToFeeUserGr_LoginPreviledge" time="3.945" classname="com.test.automation.uiAutomation.tcFee.Tc_Masters_Fee_UserGroup_LoginPrivilege"/>
  <testcase name="tcClickOnSuccessOkBtn" time="3.339" classname="com.test.automation.uiAutomation.tcFee.Tc_Masters_Fee_UserGroup_LoginPrivilege"/>
</testsuite> <!-- com.test.automation.uiAutomation.tcFee.Tc_Masters_Fee_UserGroup_LoginPrivilege -->
