<?xml version="1.0" encoding="UTF-8"?>
<!-- Generated by org.testng.reporters.JUnitReportReporter -->
<testsuite name="com.test.automation.uiAutomation.admission.TC_Masters_Master_Subject" tests="55" time="287.071" ignored="0" failures="0" timestamp="10 Feb 2018 11:35:45 GMT" skipped="4" hostname="DESKTOP-DISLHD4" errors="0">
  <testcase name="tcSearchWithSubjectNameInTheGrid_ForDeactivate_AfterCancel" time="1.154" classname="com.test.automation.uiAutomation.admission.TC_Masters_Master_Subject"/>
  <testcase name="tcClickOnSetOrder" time="0.388" classname="com.test.automation.uiAutomation.admission.TC_Masters_Master_Subject"/>
  <testcase name="tcSetSubjectOrder" time="0.511" classname="com.test.automation.uiAutomation.admission.TC_Masters_Master_Subject"/>
  <testcase name="tcClickOnSetOrder_AfterClose" time="0.349" classname="com.test.automation.uiAutomation.admission.TC_Masters_Master_Subject"/>
  <testcase name="tcVerifySubjectNameInTheGrid" time="0.335" classname="com.test.automation.uiAutomation.admission.TC_Masters_Master_Subject"/>
  <testcase name="tcEnterMasterSubjectFormDetails_forPreAdmissionFlag_Oral" time="5.713" classname="com.test.automation.uiAutomation.admission.TC_Masters_Master_Subject"/>
  <testcase name="tcSubmitFilledMasterSubjectForm_Written" time="15.490" classname="com.test.automation.uiAutomation.admission.TC_Masters_Master_Subject"/>
  <testcase name="loginToappWithrequiredCredentials" time="0.000" classname="com.test.automation.uiAutomation.admission.TC_Masters_Master_Subject">
    <skipped/>
  </testcase> <!-- loginToappWithrequiredCredentials -->
  <testcase name="tcHomeButtonValidation" time="5.314" classname="com.test.automation.uiAutomation.admission.TC_Masters_Master_Subject"/>
  <testcase name="tcSubmitFilledMasterSubjectForm_Edit" time="15.428" classname="com.test.automation.uiAutomation.admission.TC_Masters_Master_Subject"/>
  <testcase name="tcNavigateToAdmission_Masters_MasterSubject_BGHS" time="1.684" classname="com.test.automation.uiAutomation.admission.TC_Masters_Master_Subject"/>
  <testcase name="tcActivateMasterSubject" time="5.424" classname="com.test.automation.uiAutomation.admission.TC_Masters_Master_Subject"/>
  <testcase name="loginToappWithrequiredCredentials" time="0.000" classname="com.test.automation.uiAutomation.admission.TC_Masters_Master_Subject">
    <skipped/>
  </testcase> <!-- loginToappWithrequiredCredentials -->
  <testcase name="tcSubmitFilledMasterSubjectForm_Without_PreAdmissionFlag" time="15.451" classname="com.test.automation.uiAutomation.admission.TC_Masters_Master_Subject"/>
  <testcase name="tcClickOnOkSuccessButton_activate" time="2.331" classname="com.test.automation.uiAutomation.admission.TC_Masters_Master_Subject"/>
  <testcase name="tcDeactivateMasterSubject_AfterCancel" time="5.465" classname="com.test.automation.uiAutomation.admission.TC_Masters_Master_Subject"/>
  <testcase name="loginToappWithrequiredCredentials" time="0.001" classname="com.test.automation.uiAutomation.admission.TC_Masters_Master_Subject">
    <skipped/>
  </testcase> <!-- loginToappWithrequiredCredentials -->
  <testcase name="tcClickOnOkSuccessButton_deactivateCancel" time="2.354" classname="com.test.automation.uiAutomation.admission.TC_Masters_Master_Subject"/>
  <testcase name="tcMinimizeMasterSubject" time="2.381" classname="com.test.automation.uiAutomation.admission.TC_Masters_Master_Subject"/>
  <testcase name="tcYesDeleteOrDeactivateOrActivateIt_deactivate" time="15.371" classname="com.test.automation.uiAutomation.admission.TC_Masters_Master_Subject"/>
  <testcase name="tcSubmitFilledMasterSubjectForm_Oral" time="15.420" classname="com.test.automation.uiAutomation.admission.TC_Masters_Master_Subject"/>
  <testcase name="tcClickOnOkSuccessButton_Oral" time="2.317" classname="com.test.automation.uiAutomation.admission.TC_Masters_Master_Subject"/>
  <testcase name="tcSearchWithSubjectNameInTheGrid_ForDeactivate" time="1.017" classname="com.test.automation.uiAutomation.admission.TC_Masters_Master_Subject"/>
  <testcase name="tcMaximizeMasterSubjectList" time="2.346" classname="com.test.automation.uiAutomation.admission.TC_Masters_Master_Subject"/>
  <testcase name="tcClickOnOkSuccessButton_deactivate" time="2.340" classname="com.test.automation.uiAutomation.admission.TC_Masters_Master_Subject"/>
  <testcase name="tcEnterMasterSubjectFormDetails_forPreAdmissionFlag_Written_AfterClear" time="5.749" classname="com.test.automation.uiAutomation.admission.TC_Masters_Master_Subject"/>
  <testcase name="tcClickOnOkSuccessButton_Without_PreAdmissionFlag" time="2.328" classname="com.test.automation.uiAutomation.admission.TC_Masters_Master_Subject"/>
  <testcase name="tcClickOnOkSuccessButton_Edit" time="2.329" classname="com.test.automation.uiAutomation.admission.TC_Masters_Master_Subject"/>
  <testcase name="tcYesDeleteOrDeactivateOrActivateIt_Activate" time="15.380" classname="com.test.automation.uiAutomation.admission.TC_Masters_Master_Subject"/>
  <testcase name="tcMinimizeMasterSubjectList" time="2.342" classname="com.test.automation.uiAutomation.admission.TC_Masters_Master_Subject"/>
  <testcase name="tcEnterMasterSubjectFormDetails_Without_PreAdmissionFlag" time="5.764" classname="com.test.automation.uiAutomation.admission.TC_Masters_Master_Subject"/>
  <testcase name="tcSelect_PreAdmissionFlag_WrittenForm_AfterClear" time="4.488" classname="com.test.automation.uiAutomation.admission.TC_Masters_Master_Subject"/>
  <testcase name="tcSearchWithSubjectNameInTheGrid" time="1.057" classname="com.test.automation.uiAutomation.admission.TC_Masters_Master_Subject"/>
  <testcase name="tcSaveSetSubjectOrderPopUpWindow" time="0.291" classname="com.test.automation.uiAutomation.admission.TC_Masters_Master_Subject"/>
  <testcase name="tcClickOnCancelButton_activate" time="15.392" classname="com.test.automation.uiAutomation.admission.TC_Masters_Master_Subject"/>
  <testcase name="tcSortBySubjectName" time="3.717" classname="com.test.automation.uiAutomation.admission.TC_Masters_Master_Subject"/>
  <testcase name="tcClickOnOkSuccessButton_activateCancel" time="2.320" classname="com.test.automation.uiAutomation.admission.TC_Masters_Master_Subject"/>
  <testcase name="tcSelect_PreAdmissionFlag_OralForm" time="4.609" classname="com.test.automation.uiAutomation.admission.TC_Masters_Master_Subject"/>
  <testcase name="tcSubmitBlankMasterSubjectForm" time="15.433" classname="com.test.automation.uiAutomation.admission.TC_Masters_Master_Subject"/>
  <testcase name="tcSearchWithSubjectNameInTheGrid_ForActivate" time="1.033" classname="com.test.automation.uiAutomation.admission.TC_Masters_Master_Subject"/>
  <testcase name="loginToappWithrequiredCredentials" time="0.002" classname="com.test.automation.uiAutomation.admission.TC_Masters_Master_Subject">
    <skipped/>
  </testcase> <!-- loginToappWithrequiredCredentials -->
  <testcase name="tcDeactivateMasterSubject" time="5.428" classname="com.test.automation.uiAutomation.admission.TC_Masters_Master_Subject"/>
  <testcase name="tcClearMasterSubjectInfoData" time="10.431" classname="com.test.automation.uiAutomation.admission.TC_Masters_Master_Subject"/>
  <testcase name="tcSearchWithSubjectNameInTheGrid_ForActivate_AfterCancel" time="1.105" classname="com.test.automation.uiAutomation.admission.TC_Masters_Master_Subject"/>
  <testcase name="tcCloseSetSubjectOrderPopUpWindow" time="0.433" classname="com.test.automation.uiAutomation.admission.TC_Masters_Master_Subject"/>
  <testcase name="tcClickOnOkSuccessButton_Written" time="2.342" classname="com.test.automation.uiAutomation.admission.TC_Masters_Master_Subject"/>
  <testcase name="tcSetSubjectOrder_AfterClose" time="0.560" classname="com.test.automation.uiAutomation.admission.TC_Masters_Master_Subject"/>
  <testcase name="tcVerifyMasters_MasterSubject_BGHSPage" time="1.473" classname="com.test.automation.uiAutomation.admission.TC_Masters_Master_Subject"/>
  <testcase name="tcEnterMasterSubjectFormDetails_forPreAdmissionFlag_Written" time="6.007" classname="com.test.automation.uiAutomation.admission.TC_Masters_Master_Subject"/>
  <testcase name="tcSelect_PreAdmissionFlag_WrittenForm" time="4.649" classname="com.test.automation.uiAutomation.admission.TC_Masters_Master_Subject"/>
  <testcase name="tcActivateMasterSubject_AfterCancel" time="5.436" classname="com.test.automation.uiAutomation.admission.TC_Masters_Master_Subject"/>
  <testcase name="tcClickOnCancelButton_deactivate" time="15.352" classname="com.test.automation.uiAutomation.admission.TC_Masters_Master_Subject"/>
  <testcase name="tcMaximizeMasterSubject" time="2.368" classname="com.test.automation.uiAutomation.admission.TC_Masters_Master_Subject"/>
  <testcase name="loginToappWithrequiredCredentials" time="25.224" classname="com.test.automation.uiAutomation.admission.TC_Masters_Master_Subject"/>
  <testcase name="tcEditMasterSubject" time="5.445" classname="com.test.automation.uiAutomation.admission.TC_Masters_Master_Subject"/>
</testsuite> <!-- com.test.automation.uiAutomation.admission.TC_Masters_Master_Subject -->
