<?xml version="1.0" encoding="UTF-8"?>
<!-- Generated by org.testng.reporters.JUnitReportReporter -->
<testsuite name="com.test.automation.uiAutomation.TC_BGHS_Admission.TC_Masters_Academic_Year" tests="46" time="313.093" ignored="0" failures="0" timestamp="18 Jan 2018 08:32:50 GMT" skipped="7" hostname="vaps-PC" errors="0">
  <testcase name="tcEnterMastersAcademicYearDetails_AfterClear" time="17.029" classname="com.test.automation.uiAutomation.TC_BGHS_Admission.TC_Masters_Academic_Year"/>
  <testcase name="tcEnterMastersAcademicYearDetails" time="17.694" classname="com.test.automation.uiAutomation.TC_BGHS_Admission.TC_Masters_Academic_Year"/>
  <testcase name="tcClickOnOkSuccessButton_activateCancel" time="2.731" classname="com.test.automation.uiAutomation.TC_BGHS_Admission.TC_Masters_Academic_Year"/>
  <testcase name="tcYesDeleteOrDeactivateOrActivateIt_deactivate" time="15.817" classname="com.test.automation.uiAutomation.TC_BGHS_Admission.TC_Masters_Academic_Year"/>
  <testcase name="loginToappWithrequiredCredentials" time="0.005" classname="com.test.automation.uiAutomation.TC_BGHS_Admission.TC_Masters_Academic_Year">
    <skipped/>
  </testcase> <!-- loginToappWithrequiredCredentials -->
  <testcase name="tcEnterMastersAcademicYearDetails" time="0.004" classname="com.test.automation.uiAutomation.TC_BGHS_Admission.TC_Masters_Academic_Year">
    <skipped/>
  </testcase> <!-- tcEnterMastersAcademicYearDetails -->
  <testcase name="tcSearchWithAcademicYear_ForDeactivate" time="1.359" classname="com.test.automation.uiAutomation.TC_BGHS_Admission.TC_Masters_Academic_Year"/>
  <testcase name="tcYesDeleteOrDeactivateOrActivateIt_Delete" time="16.308" classname="com.test.automation.uiAutomation.TC_BGHS_Admission.TC_Masters_Academic_Year"/>
  <testcase name="tcNavigateToAdmission_Masters_AcademicYear_BGHS" time="3.570" classname="com.test.automation.uiAutomation.TC_BGHS_Admission.TC_Masters_Academic_Year"/>
  <testcase name="tcClickOnSaveButton_edit" time="16.571" classname="com.test.automation.uiAutomation.TC_BGHS_Admission.TC_Masters_Academic_Year"/>
  <testcase name="tcClickOnOkSuccessButton_AfterDelete" time="0.610" classname="com.test.automation.uiAutomation.TC_BGHS_Admission.TC_Masters_Academic_Year"/>
  <testcase name="tcDeactivateAcademicYears" time="6.064" classname="com.test.automation.uiAutomation.TC_BGHS_Admission.TC_Masters_Academic_Year"/>
  <testcase name="tcClickOnCancelButton_delete" time="16.296" classname="com.test.automation.uiAutomation.TC_BGHS_Admission.TC_Masters_Academic_Year"/>
  <testcase name="tcDeleteteAcademicYears" time="5.990" classname="com.test.automation.uiAutomation.TC_BGHS_Admission.TC_Masters_Academic_Year"/>
  <testcase name="tcClickOnOkSuccessButton" time="2.814" classname="com.test.automation.uiAutomation.TC_BGHS_Admission.TC_Masters_Academic_Year"/>
  <testcase name="tcEnterMastersAcademicYearDetails_AfterDelete" time="0.003" classname="com.test.automation.uiAutomation.TC_BGHS_Admission.TC_Masters_Academic_Year">
    <skipped/>
  </testcase> <!-- tcEnterMastersAcademicYearDetails_AfterDelete -->
  <testcase name="loginToappWithrequiredCredentials" time="0.005" classname="com.test.automation.uiAutomation.TC_BGHS_Admission.TC_Masters_Academic_Year">
    <skipped/>
  </testcase> <!-- loginToappWithrequiredCredentials -->
  <testcase name="tcClickOnOkSuccessButton_deactivate" time="2.767" classname="com.test.automation.uiAutomation.TC_BGHS_Admission.TC_Masters_Academic_Year"/>
  <testcase name="tcClickOnCancelButton_activate" time="16.223" classname="com.test.automation.uiAutomation.TC_BGHS_Admission.TC_Masters_Academic_Year"/>
  <testcase name="loginToappWithrequiredCredentials" time="0.014" classname="com.test.automation.uiAutomation.TC_BGHS_Admission.TC_Masters_Academic_Year">
    <skipped/>
  </testcase> <!-- loginToappWithrequiredCredentials -->
  <testcase name="tcClickOnOkSuccessButton_edit" time="2.749" classname="com.test.automation.uiAutomation.TC_BGHS_Admission.TC_Masters_Academic_Year"/>
  <testcase name="tcClickOnOkSuccessButton_deleteCancel" time="2.714" classname="com.test.automation.uiAutomation.TC_BGHS_Admission.TC_Masters_Academic_Year"/>
  <testcase name="tcActivateAcademicYears_AfterCancel" time="5.935" classname="com.test.automation.uiAutomation.TC_BGHS_Admission.TC_Masters_Academic_Year"/>
  <testcase name="tcClickOnOkSuccessButton_delete" time="2.749" classname="com.test.automation.uiAutomation.TC_BGHS_Admission.TC_Masters_Academic_Year"/>
  <testcase name="tcClickOnSaveButton" time="16.539" classname="com.test.automation.uiAutomation.TC_BGHS_Admission.TC_Masters_Academic_Year"/>
  <testcase name="tcMaximizeAcademicYear" time="1.883" classname="com.test.automation.uiAutomation.TC_BGHS_Admission.TC_Masters_Academic_Year"/>
  <testcase name="tcDeleteteAcademicYears_AfterCancel" time="5.917" classname="com.test.automation.uiAutomation.TC_BGHS_Admission.TC_Masters_Academic_Year"/>
  <testcase name="loginToappWithrequiredCredentials" time="0.007" classname="com.test.automation.uiAutomation.TC_BGHS_Admission.TC_Masters_Academic_Year">
    <skipped/>
  </testcase> <!-- loginToappWithrequiredCredentials -->
  <testcase name="loginToappWithrequiredCredentials" time="25.952" classname="com.test.automation.uiAutomation.TC_BGHS_Admission.TC_Masters_Academic_Year"/>
  <testcase name="tcHomeButtonValidation" time="2.760" classname="com.test.automation.uiAutomation.TC_BGHS_Admission.TC_Masters_Academic_Year"/>
  <testcase name="tcClickOnCancelButton_deactivate" time="16.331" classname="com.test.automation.uiAutomation.TC_BGHS_Admission.TC_Masters_Academic_Year"/>
  <testcase name="tcDeactivateAcademicYears_AfterCancel" time="6.013" classname="com.test.automation.uiAutomation.TC_BGHS_Admission.TC_Masters_Academic_Year"/>
  <testcase name="tcYesDeleteOrDeactivateOrActivateIt_Activate" time="15.778" classname="com.test.automation.uiAutomation.TC_BGHS_Admission.TC_Masters_Academic_Year"/>
  <testcase name="tcMinimizeAcademicYear" time="1.865" classname="com.test.automation.uiAutomation.TC_BGHS_Admission.TC_Masters_Academic_Year"/>
  <testcase name="tcEditAcademicYears" time="6.029" classname="com.test.automation.uiAutomation.TC_BGHS_Admission.TC_Masters_Academic_Year"/>
  <testcase name="tcActivateAcademicYears" time="5.956" classname="com.test.automation.uiAutomation.TC_BGHS_Admission.TC_Masters_Academic_Year"/>
  <testcase name="tcEnterMastersAcademicYearDetails_AfterDelete" time="16.975" classname="com.test.automation.uiAutomation.TC_BGHS_Admission.TC_Masters_Academic_Year"/>
  <testcase name="tcEnterMastersAcademicYearDetails_AfterClear" time="0.002" classname="com.test.automation.uiAutomation.TC_BGHS_Admission.TC_Masters_Academic_Year">
    <skipped/>
  </testcase> <!-- tcEnterMastersAcademicYearDetails_AfterClear -->
  <testcase name="tcClickOnClearButton" time="7.661" classname="com.test.automation.uiAutomation.TC_BGHS_Admission.TC_Masters_Academic_Year"/>
  <testcase name="tcMaximizeAcademicYearGrid" time="1.140" classname="com.test.automation.uiAutomation.TC_BGHS_Admission.TC_Masters_Academic_Year"/>
  <testcase name="tcClickOnOkSuccessButton_activate" time="2.750" classname="com.test.automation.uiAutomation.TC_BGHS_Admission.TC_Masters_Academic_Year"/>
  <testcase name="tcSearchWithAcademicYear" time="1.369" classname="com.test.automation.uiAutomation.TC_BGHS_Admission.TC_Masters_Academic_Year"/>
  <testcase name="tcClickOnSaveButton_AfterDelete" time="16.647" classname="com.test.automation.uiAutomation.TC_BGHS_Admission.TC_Masters_Academic_Year"/>
  <testcase name="tcVerifyMasters_AcademicYear_BGHSPage" time="1.770" classname="com.test.automation.uiAutomation.TC_BGHS_Admission.TC_Masters_Academic_Year"/>
  <testcase name="tcMinimizeAcademicYearGrid" time="0.998" classname="com.test.automation.uiAutomation.TC_BGHS_Admission.TC_Masters_Academic_Year"/>
  <testcase name="tcClickOnOkSuccessButton_deactivateCancel" time="2.730" classname="com.test.automation.uiAutomation.TC_BGHS_Admission.TC_Masters_Academic_Year"/>
</testsuite> <!-- com.test.automation.uiAutomation.TC_BGHS_Admission.TC_Masters_Academic_Year -->
