<?xml version="1.0" encoding="UTF-8"?>
<!-- Generated by org.testng.reporters.JUnitReportReporter -->
<testsuite name="com.test.automation.uiAutomation.TC_BGHS_PreAdmission.Tc_Admission_Form_BGHS_HealthCertificateForm" tests="31" time="163.818" ignored="0" failures="0" timestamp="16 Jan 2018 06:35:41 GMT" skipped="4" hostname="vaps-PC" errors="0">
  <testcase name="tcClickOnOkSuccessButton" time="0.635" classname="com.test.automation.uiAutomation.TC_BGHS_PreAdmission.Tc_Admission_Form_BGHS_HealthCertificateForm"/>
  <testcase name="tcClickOnOkSuccessButton_Edit" time="2.860" classname="com.test.automation.uiAutomation.TC_BGHS_PreAdmission.Tc_Admission_Form_BGHS_HealthCertificateForm"/>
  <testcase name="loginToappWithrequiredCredentials" time="0.006" classname="com.test.automation.uiAutomation.TC_BGHS_PreAdmission.Tc_Admission_Form_BGHS_HealthCertificateForm">
    <skipped/>
  </testcase> <!-- loginToappWithrequiredCredentials -->
  <testcase name="tcVerifyAdmission_ApplicationForm_BGHSPage" time="1.699" classname="com.test.automation.uiAutomation.TC_BGHS_PreAdmission.Tc_Admission_Form_BGHS_HealthCertificateForm"/>
  <testcase name="tcSearchWithStudentName" time="3.805" classname="com.test.automation.uiAutomation.TC_BGHS_PreAdmission.Tc_Admission_Form_BGHS_HealthCertificateForm"/>
  <testcase name="loginToappWithrequiredCredentials" time="0.039" classname="com.test.automation.uiAutomation.TC_BGHS_PreAdmission.Tc_Admission_Form_BGHS_HealthCertificateForm">
    <skipped/>
  </testcase> <!-- loginToappWithrequiredCredentials -->
  <testcase name="loginToappWithrequiredCredentials" time="0.007" classname="com.test.automation.uiAutomation.TC_BGHS_PreAdmission.Tc_Admission_Form_BGHS_HealthCertificateForm">
    <skipped/>
  </testcase> <!-- loginToappWithrequiredCredentials -->
  <testcase name="tcViewHealthCertificateForm_BGHSPrint" time="8.022" classname="com.test.automation.uiAutomation.TC_BGHS_PreAdmission.Tc_Admission_Form_BGHS_HealthCertificateForm"/>
  <testcase name="tcSubmitHealthCertificateForm" time="6.363" classname="com.test.automation.uiAutomation.TC_BGHS_PreAdmission.Tc_Admission_Form_BGHS_HealthCertificateForm"/>
  <testcase name="loginToappWithrequiredCredentials" time="0.011" classname="com.test.automation.uiAutomation.TC_BGHS_PreAdmission.Tc_Admission_Form_BGHS_HealthCertificateForm">
    <skipped/>
  </testcase> <!-- loginToappWithrequiredCredentials -->
  <testcase name="tcMaximizeHealthCertificate" time="3.018" classname="com.test.automation.uiAutomation.TC_BGHS_PreAdmission.Tc_Admission_Form_BGHS_HealthCertificateForm"/>
  <testcase name="tcHomeButtonValidation" time="2.786" classname="com.test.automation.uiAutomation.TC_BGHS_PreAdmission.Tc_Admission_Form_BGHS_HealthCertificateForm"/>
  <testcase name="tcMinimizeHealthCertificate" time="3.094" classname="com.test.automation.uiAutomation.TC_BGHS_PreAdmission.Tc_Admission_Form_BGHS_HealthCertificateForm"/>
  <testcase name="tcViewAdmissionForm_BGHS" time="8.385" classname="com.test.automation.uiAutomation.TC_BGHS_PreAdmission.Tc_Admission_Form_BGHS_HealthCertificateForm"/>
  <testcase name="loginToappWithrequiredCredentials" time="29.247" classname="com.test.automation.uiAutomation.TC_BGHS_PreAdmission.Tc_Admission_Form_BGHS_HealthCertificateForm"/>
  <testcase name="tcNavigateToAdmission_ApplicationForm_BGHS" time="8.337" classname="com.test.automation.uiAutomation.TC_BGHS_PreAdmission.Tc_Admission_Form_BGHS_HealthCertificateForm"/>
  <testcase name="tcCloseOpenHealthCertficateForm" time="2.848" classname="com.test.automation.uiAutomation.TC_BGHS_PreAdmission.Tc_Admission_Form_BGHS_HealthCertificateForm"/>
  <testcase name="tcSearchWithStudentNameForViewDownload" time="3.626" classname="com.test.automation.uiAutomation.TC_BGHS_PreAdmission.Tc_Admission_Form_BGHS_HealthCertificateForm"/>
  <testcase name="tcEditSubmittedHealthCertificate" time="12.045" classname="com.test.automation.uiAutomation.TC_BGHS_PreAdmission.Tc_Admission_Form_BGHS_HealthCertificateForm"/>
  <testcase name="tcEdit_SubmitHealthCertificateForm_" time="6.155" classname="com.test.automation.uiAutomation.TC_BGHS_PreAdmission.Tc_Admission_Form_BGHS_HealthCertificateForm"/>
  <testcase name="tcdownloadProspectus_BGHS" time="8.801" classname="com.test.automation.uiAutomation.TC_BGHS_PreAdmission.Tc_Admission_Form_BGHS_HealthCertificateForm"/>
  <testcase name="tcHealthCertificateInformationForBGHS" time="0.850" classname="com.test.automation.uiAutomation.TC_BGHS_PreAdmission.Tc_Admission_Form_BGHS_HealthCertificateForm"/>
  <testcase name="tcCloseOpenAdmissionForm" time="2.876" classname="com.test.automation.uiAutomation.TC_BGHS_PreAdmission.Tc_Admission_Form_BGHS_HealthCertificateForm"/>
  <testcase name="tcPrintOpenHealthCertficateForm" time="7.058" classname="com.test.automation.uiAutomation.TC_BGHS_PreAdmission.Tc_Admission_Form_BGHS_HealthCertificateForm"/>
  <testcase name="tcSwitchWindowsForProspectusDownload" time="5.956" classname="com.test.automation.uiAutomation.TC_BGHS_PreAdmission.Tc_Admission_Form_BGHS_HealthCertificateForm"/>
  <testcase name="tcSwitchedToHealthCertificateForm" time="5.060" classname="com.test.automation.uiAutomation.TC_BGHS_PreAdmission.Tc_Admission_Form_BGHS_HealthCertificateForm"/>
  <testcase name="tcViewHealthCertificateForm_BGHS" time="8.260" classname="com.test.automation.uiAutomation.TC_BGHS_PreAdmission.Tc_Admission_Form_BGHS_HealthCertificateForm"/>
  <testcase name="tcClearFilledHealthCertificateForm" time="5.051" classname="com.test.automation.uiAutomation.TC_BGHS_PreAdmission.Tc_Admission_Form_BGHS_HealthCertificateForm"/>
  <testcase name="tcVerifyStudentNameInGrid" time="7.914" classname="com.test.automation.uiAutomation.TC_BGHS_PreAdmission.Tc_Admission_Form_BGHS_HealthCertificateForm"/>
  <testcase name="tcSwitchToWindowUsingTabHealthCertificate" time="8.301" classname="com.test.automation.uiAutomation.TC_BGHS_PreAdmission.Tc_Admission_Form_BGHS_HealthCertificateForm"/>
  <testcase name="tcHealthCertificateInformationForBGHS_AfterClear" time="0.703" classname="com.test.automation.uiAutomation.TC_BGHS_PreAdmission.Tc_Admission_Form_BGHS_HealthCertificateForm"/>
</testsuite> <!-- com.test.automation.uiAutomation.TC_BGHS_PreAdmission.Tc_Admission_Form_BGHS_HealthCertificateForm -->
