<?xml version="1.0" encoding="UTF-8"?>
<!-- Generated by org.testng.reporters.JUnitReportReporter -->
<testsuite name="com.test.automation.uiAutomation.admission.masters.TC_Masters_Master_Section" tests="46" time="200.571" ignored="0" failures="0" timestamp="12 Mar 2018 10:16:40 GMT" skipped="4" hostname="DESKTOP-DISLHD4" errors="0">
  <testcase name="tcDeactivateMasterSection" time="5.402" classname="com.test.automation.uiAutomation.admission.masters.TC_Masters_Master_Section"/>
  <testcase name="tcClickOnCancelButton_deactivate" time="15.362" classname="com.test.automation.uiAutomation.admission.masters.TC_Masters_Master_Section"/>
  <testcase name="tcNavigateToAdmission_Masters_MasterSection_BGHS" time="1.640" classname="com.test.automation.uiAutomation.admission.masters.TC_Masters_Master_Section"/>
  <testcase name="tcClickOnOkSuccessButton_deactivate" time="2.323" classname="com.test.automation.uiAutomation.admission.masters.TC_Masters_Master_Section"/>
  <testcase name="tcSaveSetSectionOrderPopUpWindow" time="10.376" classname="com.test.automation.uiAutomation.admission.masters.TC_Masters_Master_Section"/>
  <testcase name="tcClearSectionInfoData" time="10.469" classname="com.test.automation.uiAutomation.admission.masters.TC_Masters_Master_Section"/>
  <testcase name="tcMinimizeMasterSectionList" time="2.347" classname="com.test.automation.uiAutomation.admission.masters.TC_Masters_Master_Section"/>
  <testcase name="tcDeactivateMasterSection_AfterCancel" time="5.412" classname="com.test.automation.uiAutomation.admission.masters.TC_Masters_Master_Section"/>
  <testcase name="tcVerifySectionNameInTheGrid" time="0.284" classname="com.test.automation.uiAutomation.admission.masters.TC_Masters_Master_Section"/>
  <testcase name="tcEditMasterSection" time="5.383" classname="com.test.automation.uiAutomation.admission.masters.TC_Masters_Master_Section"/>
  <testcase name="tcClickOnSetOrder" time="0.413" classname="com.test.automation.uiAutomation.admission.masters.TC_Masters_Master_Section"/>
  <testcase name="tcSetSectionOrder" time="2.579" classname="com.test.automation.uiAutomation.admission.masters.TC_Masters_Master_Section"/>
  <testcase name="loginToappWithrequiredCredentials" time="21.330" classname="com.test.automation.uiAutomation.admission.masters.TC_Masters_Master_Section"/>
  <testcase name="tcClickOnOkSuccessButton_activate" time="2.335" classname="com.test.automation.uiAutomation.admission.masters.TC_Masters_Master_Section"/>
  <testcase name="tcSearchWithSectionNameInTheGrid_ForActivate" time="0.604" classname="com.test.automation.uiAutomation.admission.masters.TC_Masters_Master_Section"/>
  <testcase name="tcClickOnOkSuccessButton_activateCancel" time="2.344" classname="com.test.automation.uiAutomation.admission.masters.TC_Masters_Master_Section"/>
  <testcase name="tcSearchWithSectionNameInTheGrid" time="0.643" classname="com.test.automation.uiAutomation.admission.masters.TC_Masters_Master_Section"/>
  <testcase name="tcMinimizeMasterSection" time="2.395" classname="com.test.automation.uiAutomation.admission.masters.TC_Masters_Master_Section"/>
  <testcase name="tcYesDeleteOrDeactivateOrActivateIt_deactivate" time="15.340" classname="com.test.automation.uiAutomation.admission.masters.TC_Masters_Master_Section"/>
  <testcase name="tcActivateMasterSection_AfterCancel" time="5.413" classname="com.test.automation.uiAutomation.admission.masters.TC_Masters_Master_Section"/>
  <testcase name="tcSearchWithSectionNameInTheGrid_ForDeactivate" time="0.613" classname="com.test.automation.uiAutomation.admission.masters.TC_Masters_Master_Section"/>
  <testcase name="tcEnterMasterSectionFormData_AfterClear" time="0.853" classname="com.test.automation.uiAutomation.admission.masters.TC_Masters_Master_Section"/>
  <testcase name="tcSubmitBlankMasterSectionForm" time="2.374" classname="com.test.automation.uiAutomation.admission.masters.TC_Masters_Master_Section"/>
  <testcase name="tcMaximizeMasterSectionList" time="2.326" classname="com.test.automation.uiAutomation.admission.masters.TC_Masters_Master_Section"/>
  <testcase name="tcClickOnOkSuccessButton_Edit" time="2.329" classname="com.test.automation.uiAutomation.admission.masters.TC_Masters_Master_Section"/>
  <testcase name="tcClickOnCancelButton_activate" time="15.333" classname="com.test.automation.uiAutomation.admission.masters.TC_Masters_Master_Section"/>
  <testcase name="loginToappWithrequiredCredentials" time="0.001" classname="com.test.automation.uiAutomation.admission.masters.TC_Masters_Master_Section">
    <skipped/>
  </testcase> <!-- loginToappWithrequiredCredentials -->
  <testcase name="tcClickOnSetOrder_AfterClose" time="0.377" classname="com.test.automation.uiAutomation.admission.masters.TC_Masters_Master_Section"/>
  <testcase name="tcClickOnOkSuccessButton" time="2.339" classname="com.test.automation.uiAutomation.admission.masters.TC_Masters_Master_Section"/>
  <testcase name="loginToappWithrequiredCredentials" time="0.000" classname="com.test.automation.uiAutomation.admission.masters.TC_Masters_Master_Section">
    <skipped/>
  </testcase> <!-- loginToappWithrequiredCredentials -->
  <testcase name="tcSearchWithSectionNameInTheGrid_ForActivate_AfterCancel" time="0.666" classname="com.test.automation.uiAutomation.admission.masters.TC_Masters_Master_Section"/>
  <testcase name="tcCloseSetSectionOrderPopUpWindow" time="0.374" classname="com.test.automation.uiAutomation.admission.masters.TC_Masters_Master_Section"/>
  <testcase name="tcVerifyMasters_MasterSection_BGHSPage" time="1.325" classname="com.test.automation.uiAutomation.admission.masters.TC_Masters_Master_Section"/>
  <testcase name="tcSubmitFilledMasterSectionForm_Edit" time="10.373" classname="com.test.automation.uiAutomation.admission.masters.TC_Masters_Master_Section"/>
  <testcase name="tcActivateMasterSection" time="5.406" classname="com.test.automation.uiAutomation.admission.masters.TC_Masters_Master_Section"/>
  <testcase name="loginToappWithrequiredCredentials" time="0.001" classname="com.test.automation.uiAutomation.admission.masters.TC_Masters_Master_Section">
    <skipped/>
  </testcase> <!-- loginToappWithrequiredCredentials -->
  <testcase name="loginToappWithrequiredCredentials" time="0.000" classname="com.test.automation.uiAutomation.admission.masters.TC_Masters_Master_Section">
    <skipped/>
  </testcase> <!-- loginToappWithrequiredCredentials -->
  <testcase name="tcEnterMasterSectionFormData" time="1.024" classname="com.test.automation.uiAutomation.admission.masters.TC_Masters_Master_Section"/>
  <testcase name="tcSearchWithSectionNameInTheGrid_ForDeactivate_AfterCancel" time="0.659" classname="com.test.automation.uiAutomation.admission.masters.TC_Masters_Master_Section"/>
  <testcase name="tcMaximizeMasterSection" time="2.338" classname="com.test.automation.uiAutomation.admission.masters.TC_Masters_Master_Section"/>
  <testcase name="tcSubmitFilledMasterSectionForm" time="10.403" classname="com.test.automation.uiAutomation.admission.masters.TC_Masters_Master_Section"/>
  <testcase name="tcSortBySectionName" time="3.622" classname="com.test.automation.uiAutomation.admission.masters.TC_Masters_Master_Section"/>
  <testcase name="tcYesDeleteOrDeactivateOrActivateIt_Activate" time="15.342" classname="com.test.automation.uiAutomation.admission.masters.TC_Masters_Master_Section"/>
  <testcase name="tcSetSectionOrder_AfterClose" time="0.433" classname="com.test.automation.uiAutomation.admission.masters.TC_Masters_Master_Section"/>
  <testcase name="tcHomeButtonValidation" time="7.318" classname="com.test.automation.uiAutomation.admission.masters.TC_Masters_Master_Section"/>
  <testcase name="tcClickOnOkSuccessButton_deactivateCancel" time="2.348" classname="com.test.automation.uiAutomation.admission.masters.TC_Masters_Master_Section"/>
</testsuite> <!-- com.test.automation.uiAutomation.admission.masters.TC_Masters_Master_Section -->
