<?xml version="1.0" encoding="UTF-8"?>
<!-- Generated by org.testng.reporters.JUnitReportReporter -->
<testsuite name="com.test.automation.uiAutomation.admission.TC_Masters_Caste_Category" tests="34" time="177.061" ignored="0" failures="0" timestamp="31 Jan 2018 11:48:22 GMT" skipped="4" hostname="DESKTOP-DISLHD4" errors="0">
  <testcase name="tcEditMasterCasteCategory" time="5.410" classname="com.test.automation.uiAutomation.admission.TC_Masters_Caste_Category"/>
  <testcase name="loginToappWithrequiredCredentials" time="0.001" classname="com.test.automation.uiAutomation.admission.TC_Masters_Caste_Category">
    <skipped/>
  </testcase> <!-- loginToappWithrequiredCredentials -->
  <testcase name="tcEnterMasterCasteCategoryDetailsData" time="2.488" classname="com.test.automation.uiAutomation.admission.TC_Masters_Caste_Category"/>
  <testcase name="tcEnterMasterCasteCategoryDetailsData_AfterDelete" time="1.249" classname="com.test.automation.uiAutomation.admission.TC_Masters_Caste_Category"/>
  <testcase name="tcSaveCasteCategoryInfoData" time="18.683" classname="com.test.automation.uiAutomation.admission.TC_Masters_Caste_Category"/>
  <testcase name="tcClickOnOkSuccessButton_AfterDelete" time="2.339" classname="com.test.automation.uiAutomation.admission.TC_Masters_Caste_Category"/>
  <testcase name="tcNavigateToAdmission_Masters_CasteCategory_BGHS" time="1.763" classname="com.test.automation.uiAutomation.admission.TC_Masters_Caste_Category"/>
  <testcase name="tcVerifyMasters_CasteCategory_BGHSPage" time="1.333" classname="com.test.automation.uiAutomation.admission.TC_Masters_Caste_Category"/>
  <testcase name="tcYesDeleteOrDeactivateOrActivateIt" time="15.387" classname="com.test.automation.uiAutomation.admission.TC_Masters_Caste_Category"/>
  <testcase name="tcMinimizeCasteCategoryList" time="2.351" classname="com.test.automation.uiAutomation.admission.TC_Masters_Caste_Category"/>
  <testcase name="tcDeleteMasterCasteCategory" time="5.444" classname="com.test.automation.uiAutomation.admission.TC_Masters_Caste_Category"/>
  <testcase name="tcClearCasteCategoryInfoData" time="15.461" classname="com.test.automation.uiAutomation.admission.TC_Masters_Caste_Category"/>
  <testcase name="loginToappWithrequiredCredentials" time="0.001" classname="com.test.automation.uiAutomation.admission.TC_Masters_Caste_Category">
    <skipped/>
  </testcase> <!-- loginToappWithrequiredCredentials -->
  <testcase name="loginToappWithrequiredCredentials" time="0.001" classname="com.test.automation.uiAutomation.admission.TC_Masters_Caste_Category">
    <skipped/>
  </testcase> <!-- loginToappWithrequiredCredentials -->
  <testcase name="tcHomeButtonValidation" time="3.164" classname="com.test.automation.uiAutomation.admission.TC_Masters_Caste_Category"/>
  <testcase name="tcClickOnCancelButton" time="15.355" classname="com.test.automation.uiAutomation.admission.TC_Masters_Caste_Category"/>
  <testcase name="tcClickOnOkSuccessButton" time="2.360" classname="com.test.automation.uiAutomation.admission.TC_Masters_Caste_Category"/>
  <testcase name="tcEnterMasterCasteCategoryDetailsData_AfterClear" time="1.677" classname="com.test.automation.uiAutomation.admission.TC_Masters_Caste_Category"/>
  <testcase name="tcSaveCasteCategoryInfoData_Edit" time="15.413" classname="com.test.automation.uiAutomation.admission.TC_Masters_Caste_Category"/>
  <testcase name="tcMaximizeMasterCasteCategory" time="2.331" classname="com.test.automation.uiAutomation.admission.TC_Masters_Caste_Category"/>
  <testcase name="tcSaveCasteCategoryInfoData_AfterDelete" time="15.429" classname="com.test.automation.uiAutomation.admission.TC_Masters_Caste_Category"/>
  <testcase name="tcClickOnOkSuccessButton_Edit" time="2.347" classname="com.test.automation.uiAutomation.admission.TC_Masters_Caste_Category"/>
  <testcase name="tcClickOnOkSuccessButton_delete" time="2.337" classname="com.test.automation.uiAutomation.admission.TC_Masters_Caste_Category"/>
  <testcase name="tcMaximizeCasteCategoryList" time="2.316" classname="com.test.automation.uiAutomation.admission.TC_Masters_Caste_Category"/>
  <testcase name="tcSubmitBlankMasterCasteCategoryForm" time="3.409" classname="com.test.automation.uiAutomation.admission.TC_Masters_Caste_Category"/>
  <testcase name="tcSortByCasteCategoryName" time="3.660" classname="com.test.automation.uiAutomation.admission.TC_Masters_Caste_Category"/>
  <testcase name="tcDeleteMasterCasteCategory_AfterCancel" time="5.450" classname="com.test.automation.uiAutomation.admission.TC_Masters_Caste_Category"/>
  <testcase name="tcSearchWithCasteCategoryNameInTheGrid_delete" time="0.885" classname="com.test.automation.uiAutomation.admission.TC_Masters_Caste_Category"/>
  <testcase name="tcClickOnOkSuccessButton_cancel" time="2.347" classname="com.test.automation.uiAutomation.admission.TC_Masters_Caste_Category"/>
  <testcase name="tcVerifyCasteCategoryNameInTheGrid" time="0.320" classname="com.test.automation.uiAutomation.admission.TC_Masters_Caste_Category"/>
  <testcase name="tcSearchWithCasteCategoryNameInTheGrid" time="0.923" classname="com.test.automation.uiAutomation.admission.TC_Masters_Caste_Category"/>
  <testcase name="loginToappWithrequiredCredentials" time="0.001" classname="com.test.automation.uiAutomation.admission.TC_Masters_Caste_Category">
    <skipped/>
  </testcase> <!-- loginToappWithrequiredCredentials -->
  <testcase name="loginToappWithrequiredCredentials" time="23.074" classname="com.test.automation.uiAutomation.admission.TC_Masters_Caste_Category"/>
  <testcase name="tcMinimizeMasterCasteCategory" time="2.352" classname="com.test.automation.uiAutomation.admission.TC_Masters_Caste_Category"/>
</testsuite> <!-- com.test.automation.uiAutomation.admission.TC_Masters_Caste_Category -->
