<?xml version="1.0" encoding="UTF-8"?>
<!-- Generated by org.testng.reporters.JUnitReportReporter -->
<testsuite name="com.test.automation.uiAutomation.Fee.TC_Masters.Tc_Masters_Fee_Installment_MasterInstallment" tests="61" time="152.193" ignored="0" failures="2" timestamp="31 May 2018 07:48:09 GMT" skipped="19" hostname="Arvind-Susdiny" errors="0">
  <testcase name="tcVerifyMasterFeeInstallment_UpdatedInGrid" time="0.002" classname="com.test.automation.uiAutomation.Fee.TC_Masters.Tc_Masters_Fee_Installment_MasterInstallment">
    <skipped/>
  </testcase> <!-- tcVerifyMasterFeeInstallment_UpdatedInGrid -->
  <testcase name="tcMaximize_MasterInstallment" time="1.320" classname="com.test.automation.uiAutomation.Fee.TC_Masters.Tc_Masters_Fee_Installment_MasterInstallment"/>
  <testcase name="tcSearchBy_InstallmentName_InFeeMasterInstallmentGridView_ForActivate" time="0.001" classname="com.test.automation.uiAutomation.Fee.TC_Masters.Tc_Masters_Fee_Installment_MasterInstallment">
    <skipped/>
  </testcase> <!-- tcSearchBy_InstallmentName_InFeeMasterInstallmentGridView_ForActivate -->
  <testcase name="loginToappWithrequiredCredentials" time="0.001" classname="com.test.automation.uiAutomation.Fee.TC_Masters.Tc_Masters_Fee_Installment_MasterInstallment">
    <skipped/>
  </testcase> <!-- loginToappWithrequiredCredentials -->
  <testcase name="tcSearchBy_InstallmentName_InFeeMasterInstallmentGridView" time="0.001" classname="com.test.automation.uiAutomation.Fee.TC_Masters.Tc_Masters_Fee_Installment_MasterInstallment">
    <skipped/>
  </testcase> <!-- tcSearchBy_InstallmentName_InFeeMasterInstallmentGridView -->
  <testcase name="tcClickOnCancelButton_PopUp_deactivate" time="3.370" classname="com.test.automation.uiAutomation.Fee.TC_Masters.Tc_Masters_Fee_Installment_MasterInstallment"/>
  <testcase name="tcMinimize_FeeMasterInstallmentGridView" time="1.355" classname="com.test.automation.uiAutomation.Fee.TC_Masters.Tc_Masters_Fee_Installment_MasterInstallment"/>
  <testcase name="tcNevigateToFeeInstallment_MasterInstallment" time="8.240" classname="com.test.automation.uiAutomation.Fee.TC_Masters.Tc_Masters_Fee_Installment_MasterInstallment"/>
  <testcase name="tcActivationOfCreatedFeeInstallment_MasterInstallment" time="0.000" classname="com.test.automation.uiAutomation.Fee.TC_Masters.Tc_Masters_Fee_Installment_MasterInstallment">
    <skipped/>
  </testcase> <!-- tcActivationOfCreatedFeeInstallment_MasterInstallment -->
  <testcase name="tcVerifyFeeInstallmentScreen" time="1.335" classname="com.test.automation.uiAutomation.Fee.TC_Masters.Tc_Masters_Fee_Installment_MasterInstallment"/>
  <testcase name="tcDeactivationOfCreated_MasterFeeInstallment_AfterCancel" time="0.001" classname="com.test.automation.uiAutomation.Fee.TC_Masters.Tc_Masters_Fee_Installment_MasterInstallment">
    <skipped/>
  </testcase> <!-- tcDeactivationOfCreated_MasterFeeInstallment_AfterCancel -->
  <testcase name="tcEdit_MasterFeeInstallment" time="0.001" classname="com.test.automation.uiAutomation.Fee.TC_Masters.Tc_Masters_Fee_Installment_MasterInstallment">
    <skipped/>
  </testcase> <!-- tcEdit_MasterFeeInstallment -->
  <testcase name="tcVerifyMasterFeeInstallment_UpdatedInGrid" time="5.318" classname="com.test.automation.uiAutomation.Fee.TC_Masters.Tc_Masters_Fee_Installment_MasterInstallment"/>
  <testcase name="tcMaximize_FeeMasterInstallmentGridView" time="1.349" classname="com.test.automation.uiAutomation.Fee.TC_Masters.Tc_Masters_Fee_Installment_MasterInstallment"/>
  <testcase name="tcMinimize_MasterInstallment" time="1.375" classname="com.test.automation.uiAutomation.Fee.TC_Masters.Tc_Masters_Fee_Installment_MasterInstallment"/>
  <testcase name="tcSearchBy_InstallmentName_InFeeMasterInstallmentGridView_AfterCancel" time="0.002" classname="com.test.automation.uiAutomation.Fee.TC_Masters.Tc_Masters_Fee_Installment_MasterInstallment">
    <skipped/>
  </testcase> <!-- tcSearchBy_InstallmentName_InFeeMasterInstallmentGridView_AfterCancel -->
  <testcase name="tcVerifySuccessfulPopUp" time="1.320" classname="com.test.automation.uiAutomation.Fee.TC_Masters.Tc_Masters_Fee_Installment_MasterInstallment"/>
  <testcase name="loginToappWithrequiredCredentials" time="0.001" classname="com.test.automation.uiAutomation.Fee.TC_Masters.Tc_Masters_Fee_Installment_MasterInstallment">
    <skipped/>
  </testcase> <!-- loginToappWithrequiredCredentials -->
  <testcase name="tcSearchBy_InstallmentName_InFeeMasterInstallmentGridView_ForDeactivate_AfterCancel" time="0.000" classname="com.test.automation.uiAutomation.Fee.TC_Masters.Tc_Masters_Fee_Installment_MasterInstallment">
    <skipped/>
  </testcase> <!-- tcSearchBy_InstallmentName_InFeeMasterInstallmentGridView_ForDeactivate_AfterCancel -->
  <testcase name="tcFillMasterInstallmentForm_AfterClearingData" time="4.836" classname="com.test.automation.uiAutomation.Fee.TC_Masters.Tc_Masters_Fee_Installment_MasterInstallment"/>
  <testcase name="tcMinimize_MasterFeeInstallmentGridView" time="1.636" classname="com.test.automation.uiAutomation.Fee.TC_Masters.Tc_Masters_Fee_Installment_MasterInstallment"/>
  <testcase name="tcFillMasterInstallmentForm" time="5.326" classname="com.test.automation.uiAutomation.Fee.TC_Masters.Tc_Masters_Fee_Installment_MasterInstallment"/>
  <testcase name="tcClickOnSaveButton" time="7.396" classname="com.test.automation.uiAutomation.Fee.TC_Masters.Tc_Masters_Fee_Installment_MasterInstallment"/>
  <testcase name="tcYesDeleteOrDeactivateOrActivateIt_Activate" time="0.776" classname="com.test.automation.uiAutomation.Fee.TC_Masters.Tc_Masters_Fee_Installment_MasterInstallment"/>
  <testcase name="tcClickOnSaveButton_MasterFeeInstallmentForm_Edit" time="7.365" classname="com.test.automation.uiAutomation.Fee.TC_Masters.Tc_Masters_Fee_Installment_MasterInstallment"/>
  <testcase name="tcClickOnOkSuccessButton_Edit" time="3.347" classname="com.test.automation.uiAutomation.Fee.TC_Masters.Tc_Masters_Fee_Installment_MasterInstallment"/>
  <testcase name="tcClickOnCancelButton_PopUp_activate" time="0.781" classname="com.test.automation.uiAutomation.Fee.TC_Masters.Tc_Masters_Fee_Installment_MasterInstallment"/>
  <testcase name="tcHomeButtonValidation" time="5.323" classname="com.test.automation.uiAutomation.Fee.TC_Masters.Tc_Masters_Fee_Installment_MasterInstallment"/>
  <testcase name="tcClickOnCancelButton_ToClearedFilledForm" time="2.509" classname="com.test.automation.uiAutomation.Fee.TC_Masters.Tc_Masters_Fee_Installment_MasterInstallment"/>
  <testcase name="tcEnterNameForSelectedNoOfInstallment_AfterClearingData" time="5.873" classname="com.test.automation.uiAutomation.Fee.TC_Masters.Tc_Masters_Fee_Installment_MasterInstallment"/>
  <testcase name="tcActivationOfCreatedFeeInstallment_MasterInstallment" time="4.099" classname="com.test.automation.uiAutomation.Fee.TC_Masters.Tc_Masters_Fee_Installment_MasterInstallment">
    <failure type="java.lang.AssertionError" message="expected [Deactivate] but found [Activate]">
      <![CDATA[java.lang.AssertionError: expected [Deactivate] but found [Activate]
	at org.testng.Assert.fail(Assert.java:94)
	at org.testng.Assert.failNotEquals(Assert.java:513)
	at org.testng.Assert.assertEqualsImpl(Assert.java:135)
	at org.testng.Assert.assertEquals(Assert.java:116)
	at org.testng.Assert.assertEquals(Assert.java:190)
	at org.testng.Assert.assertEquals(Assert.java:200)
	at com.test.automation.uiAutomation.Fee.Masters.Masters_Fee_Installment_MasterInstallment.activationOfCreatedFeeInstallment_MasterInstallment(Masters_Fee_Installment_MasterInstallment.java:462)
	at com.test.automation.uiAutomation.Fee.TC_Masters.Tc_Masters_Fee_Installment_MasterInstallment.tcActivationOfCreatedFeeInstallment_MasterInstallment(Tc_Masters_Fee_Installment_MasterInstallment.java:655)
	at sun.reflect.NativeMethodAccessorImpl.invoke0(Native Method)
	at sun.reflect.NativeMethodAccessorImpl.invoke(Unknown Source)
	at sun.reflect.DelegatingMethodAccessorImpl.invoke(Unknown Source)
	at java.lang.reflect.Method.invoke(Unknown Source)
	at org.testng.internal.MethodInvocationHelper.invokeMethod(MethodInvocationHelper.java:104)
	at org.testng.internal.Invoker.invokeMethod(Invoker.java:645)
	at org.testng.internal.Invoker.invokeTestMethod(Invoker.java:851)
	at org.testng.internal.Invoker.invokeTestMethods(Invoker.java:1177)
	at org.testng.internal.TestMethodWorker.invokeTestMethods(TestMethodWorker.java:129)
	at org.testng.internal.TestMethodWorker.run(TestMethodWorker.java:112)
	at org.testng.TestRunner.privateRun(TestRunner.java:756)
	at org.testng.TestRunner.run(TestRunner.java:610)
	at org.testng.SuiteRunner.runTest(SuiteRunner.java:387)
	at org.testng.SuiteRunner.runSequentially(SuiteRunner.java:382)
	at org.testng.SuiteRunner.privateRun(SuiteRunner.java:340)
	at org.testng.SuiteRunner.run(SuiteRunner.java:289)
	at org.testng.SuiteRunnerWorker.runSuite(SuiteRunnerWorker.java:52)
	at org.testng.SuiteRunnerWorker.run(SuiteRunnerWorker.java:86)
	at org.testng.TestNG.runSuitesSequentially(TestNG.java:1293)
	at org.testng.TestNG.runSuitesLocally(TestNG.java:1218)
	at org.testng.TestNG.runSuites(TestNG.java:1133)
	at org.testng.TestNG.run(TestNG.java:1104)
	at org.testng.remote.AbstractRemoteTestNG.run(AbstractRemoteTestNG.java:132)
	at org.testng.remote.RemoteTestNG.initAndRun(RemoteTestNG.java:230)
	at org.testng.remote.RemoteTestNG.main(RemoteTestNG.java:76)
]]>
    </failure>
  </testcase> <!-- tcActivationOfCreatedFeeInstallment_MasterInstallment -->
  <testcase name="tcVerifyFeeInstallmentGridIsPresent_AfterClearingData" time="1.317" classname="com.test.automation.uiAutomation.Fee.TC_Masters.Tc_Masters_Fee_Installment_MasterInstallment"/>
  <testcase name="tcSortByMasterInstallmentName" time="2.655" classname="com.test.automation.uiAutomation.Fee.TC_Masters.Tc_Masters_Fee_Installment_MasterInstallment"/>
  <testcase name="loginToappWithrequiredCredentials" time="0.003" classname="com.test.automation.uiAutomation.Fee.TC_Masters.Tc_Masters_Fee_Installment_MasterInstallment">
    <skipped/>
  </testcase> <!-- loginToappWithrequiredCredentials -->
  <testcase name="tcSearchBy_InstallmentName_InFeeMasterInstallmentGridView_AfterCancel" time="1.462" classname="com.test.automation.uiAutomation.Fee.TC_Masters.Tc_Masters_Fee_Installment_MasterInstallment"/>
  <testcase name="tcEnterNameForSelectedNoOfInstallment" time="0.002" classname="com.test.automation.uiAutomation.Fee.TC_Masters.Tc_Masters_Fee_Installment_MasterInstallment">
    <skipped/>
  </testcase> <!-- tcEnterNameForSelectedNoOfInstallment -->
  <testcase name="tcActivationOfCreatedFeeInstallment_MasterInstallment_AfterCancel" time="0.000" classname="com.test.automation.uiAutomation.Fee.TC_Masters.Tc_Masters_Fee_Installment_MasterInstallment">
    <skipped/>
  </testcase> <!-- tcActivationOfCreatedFeeInstallment_MasterInstallment_AfterCancel -->
  <testcase name="tcDeactivationOfCreated_MasterFeeInstallment" time="5.469" classname="com.test.automation.uiAutomation.Fee.TC_Masters.Tc_Masters_Fee_Installment_MasterInstallment"/>
  <testcase name="tcClickOnOkSuccessButton_deactivateCancel" time="3.321" classname="com.test.automation.uiAutomation.Fee.TC_Masters.Tc_Masters_Fee_Installment_MasterInstallment"/>
  <testcase name="tcClickOnOkSuccessButton_activateCancel" time="0.781" classname="com.test.automation.uiAutomation.Fee.TC_Masters.Tc_Masters_Fee_Installment_MasterInstallment"/>
  <testcase name="tcFillMasterInstallmentForm" time="0.001" classname="com.test.automation.uiAutomation.Fee.TC_Masters.Tc_Masters_Fee_Installment_MasterInstallment">
    <skipped/>
  </testcase> <!-- tcFillMasterInstallmentForm -->
  <testcase name="tcSearchBy_InstallmentName_InFeeMasterInstallmentGridView_ForDeactivate" time="1.457" classname="com.test.automation.uiAutomation.Fee.TC_Masters.Tc_Masters_Fee_Installment_MasterInstallment"/>
  <testcase name="tcSearchBy_InstallmentName_InFeeMasterInstallmentGridView_ForDeactivate" time="0.000" classname="com.test.automation.uiAutomation.Fee.TC_Masters.Tc_Masters_Fee_Installment_MasterInstallment">
    <skipped/>
  </testcase> <!-- tcSearchBy_InstallmentName_InFeeMasterInstallmentGridView_ForDeactivate -->
  <testcase name="tcEnterNameForSelectedNoOfInstallment" time="6.375" classname="com.test.automation.uiAutomation.Fee.TC_Masters.Tc_Masters_Fee_Installment_MasterInstallment"/>
  <testcase name="tcDeactivationOfCreated_MasterFeeInstallment" time="0.001" classname="com.test.automation.uiAutomation.Fee.TC_Masters.Tc_Masters_Fee_Installment_MasterInstallment">
    <skipped/>
  </testcase> <!-- tcDeactivationOfCreated_MasterFeeInstallment -->
  <testcase name="tcClickOnSuccessOkBtn" time="3.345" classname="com.test.automation.uiAutomation.Fee.TC_Masters.Tc_Masters_Fee_Installment_MasterInstallment"/>
  <testcase name="tcClickOnOkSuccessButton_activate" time="0.782" classname="com.test.automation.uiAutomation.Fee.TC_Masters.Tc_Masters_Fee_Installment_MasterInstallment"/>
  <testcase name="tcClickOnOkSuccessButton_deactivate" time="3.369" classname="com.test.automation.uiAutomation.Fee.TC_Masters.Tc_Masters_Fee_Installment_MasterInstallment"/>
  <testcase name="tcSearchBy_InstallmentName_InFeeMasterInstallmentGridView" time="1.471" classname="com.test.automation.uiAutomation.Fee.TC_Masters.Tc_Masters_Fee_Installment_MasterInstallment"/>
  <testcase name="tcDeactivationOfCreated_MasterFeeInstallment_AfterCancel" time="5.409" classname="com.test.automation.uiAutomation.Fee.TC_Masters.Tc_Masters_Fee_Installment_MasterInstallment"/>
  <testcase name="tcEnterNameForSelectedNoOfInstallment_AfterClearingData" time="0.261" classname="com.test.automation.uiAutomation.Fee.TC_Masters.Tc_Masters_Fee_Installment_MasterInstallment">
    <skipped/>
  </testcase> <!-- tcEnterNameForSelectedNoOfInstallment_AfterClearingData -->
  <testcase name="tcEdit_MasterFeeInstallment" time="5.400" classname="com.test.automation.uiAutomation.Fee.TC_Masters.Tc_Masters_Fee_Installment_MasterInstallment"/>
  <testcase name="tcSearchBy_InstallmentName_InFeeMasterInstallmentGridView_ForDeactivate_AfterCancel" time="1.457" classname="com.test.automation.uiAutomation.Fee.TC_Masters.Tc_Masters_Fee_Installment_MasterInstallment"/>
  <testcase name="loginToappWithrequiredCredentials" time="0.001" classname="com.test.automation.uiAutomation.Fee.TC_Masters.Tc_Masters_Fee_Installment_MasterInstallment">
    <skipped/>
  </testcase> <!-- loginToappWithrequiredCredentials -->
  <testcase name="tcActivationOfCreatedFeeInstallment_MasterInstallment_AfterCancel" time="4.058" classname="com.test.automation.uiAutomation.Fee.TC_Masters.Tc_Masters_Fee_Installment_MasterInstallment">
    <failure type="java.lang.AssertionError" message="expected [Deactivate] but found [Activate]">
      <![CDATA[java.lang.AssertionError: expected [Deactivate] but found [Activate]
	at org.testng.Assert.fail(Assert.java:94)
	at org.testng.Assert.failNotEquals(Assert.java:513)
	at org.testng.Assert.assertEqualsImpl(Assert.java:135)
	at org.testng.Assert.assertEquals(Assert.java:116)
	at org.testng.Assert.assertEquals(Assert.java:190)
	at org.testng.Assert.assertEquals(Assert.java:200)
	at com.test.automation.uiAutomation.Fee.Masters.Masters_Fee_Installment_MasterInstallment.activationOfCreatedFeeInstallment_MasterInstallment(Masters_Fee_Installment_MasterInstallment.java:462)
	at com.test.automation.uiAutomation.Fee.TC_Masters.Tc_Masters_Fee_Installment_MasterInstallment.tcActivationOfCreatedFeeInstallment_MasterInstallment_AfterCancel(Tc_Masters_Fee_Installment_MasterInstallment.java:726)
	at sun.reflect.NativeMethodAccessorImpl.invoke0(Native Method)
	at sun.reflect.NativeMethodAccessorImpl.invoke(Unknown Source)
	at sun.reflect.DelegatingMethodAccessorImpl.invoke(Unknown Source)
	at java.lang.reflect.Method.invoke(Unknown Source)
	at org.testng.internal.MethodInvocationHelper.invokeMethod(MethodInvocationHelper.java:104)
	at org.testng.internal.Invoker.invokeMethod(Invoker.java:645)
	at org.testng.internal.Invoker.invokeTestMethod(Invoker.java:851)
	at org.testng.internal.Invoker.invokeTestMethods(Invoker.java:1177)
	at org.testng.internal.TestMethodWorker.invokeTestMethods(TestMethodWorker.java:129)
	at org.testng.internal.TestMethodWorker.run(TestMethodWorker.java:112)
	at org.testng.TestRunner.privateRun(TestRunner.java:756)
	at org.testng.TestRunner.run(TestRunner.java:610)
	at org.testng.SuiteRunner.runTest(SuiteRunner.java:387)
	at org.testng.SuiteRunner.runSequentially(SuiteRunner.java:382)
	at org.testng.SuiteRunner.privateRun(SuiteRunner.java:340)
	at org.testng.SuiteRunner.run(SuiteRunner.java:289)
	at org.testng.SuiteRunnerWorker.runSuite(SuiteRunnerWorker.java:52)
	at org.testng.SuiteRunnerWorker.run(SuiteRunnerWorker.java:86)
	at org.testng.TestNG.runSuitesSequentially(TestNG.java:1293)
	at org.testng.TestNG.runSuitesLocally(TestNG.java:1218)
	at org.testng.TestNG.runSuites(TestNG.java:1133)
	at org.testng.TestNG.run(TestNG.java:1104)
	at org.testng.remote.AbstractRemoteTestNG.run(AbstractRemoteTestNG.java:132)
	at org.testng.remote.RemoteTestNG.initAndRun(RemoteTestNG.java:230)
	at org.testng.remote.RemoteTestNG.main(RemoteTestNG.java:76)
]]>
    </failure>
  </testcase> <!-- tcActivationOfCreatedFeeInstallment_MasterInstallment_AfterCancel -->
  <testcase name="tcSearchBy_InstallmentName_InFeeMasterInstallmentGridView_ForActivate" time="1.475" classname="com.test.automation.uiAutomation.Fee.TC_Masters.Tc_Masters_Fee_Installment_MasterInstallment"/>
  <testcase name="tcVerifyFeeInstallmentGridIsPresent" time="1.319" classname="com.test.automation.uiAutomation.Fee.TC_Masters.Tc_Masters_Fee_Installment_MasterInstallment"/>
  <testcase name="tcYesDeleteOrDeactivateOrActivateIt_deactivate" time="5.392" classname="com.test.automation.uiAutomation.Fee.TC_Masters.Tc_Masters_Fee_Installment_MasterInstallment"/>
  <testcase name="tcFillMasterInstallmentForm_AfterClearingData" time="0.001" classname="com.test.automation.uiAutomation.Fee.TC_Masters.Tc_Masters_Fee_Installment_MasterInstallment">
    <skipped/>
  </testcase> <!-- tcFillMasterInstallmentForm_AfterClearingData -->
  <testcase name="loginToappWithrequiredCredentials" time="20.017" classname="com.test.automation.uiAutomation.Fee.TC_Masters.Tc_Masters_Fee_Installment_MasterInstallment"/>
  <testcase name="tcMaximize_MasterFeeInstallmentGridView" time="1.333" classname="com.test.automation.uiAutomation.Fee.TC_Masters.Tc_Masters_Fee_Installment_MasterInstallment"/>
</testsuite> <!-- com.test.automation.uiAutomation.Fee.TC_Masters.Tc_Masters_Fee_Installment_MasterInstallment -->
