<?xml version="1.0" encoding="UTF-8"?>
<!-- Generated by org.testng.reporters.JUnitReportReporter -->
<testsuite name="com.test.automation.uiAutomation.admission.masters.TC_Masters_Master_Class_Held" tests="20" time="207.113" ignored="0" failures="0" timestamp="01 Mar 2018 10:33:28 GMT" skipped="4" hostname="DESKTOP-DISLHD4" errors="0">
  <testcase name="tcUpdateWithMonthwiseClassHeldData_AfterClear" time="52.129" classname="com.test.automation.uiAutomation.admission.masters.TC_Masters_Master_Class_Held"/>
  <testcase name="loginToappWithrequiredCredentials" time="0.000" classname="com.test.automation.uiAutomation.admission.masters.TC_Masters_Master_Class_Held">
    <skipped/>
  </testcase> <!-- loginToappWithrequiredCredentials -->
  <testcase name="tcMaximizeMasterClassHeldTable" time="2.339" classname="com.test.automation.uiAutomation.admission.masters.TC_Masters_Master_Class_Held"/>
  <testcase name="tcClearClassHeldInfoData" time="10.465" classname="com.test.automation.uiAutomation.admission.masters.TC_Masters_Master_Class_Held"/>
  <testcase name="tcUpdateWithMonthwiseClassHeldData" time="52.180" classname="com.test.automation.uiAutomation.admission.masters.TC_Masters_Master_Class_Held"/>
  <testcase name="tcNavigateToAdmission_Masters_MasterClassHeld_BGHS" time="1.537" classname="com.test.automation.uiAutomation.admission.masters.TC_Masters_Master_Class_Held"/>
  <testcase name="tcVerifyMasters_MasterClassHeld_BGHSPage" time="1.330" classname="com.test.automation.uiAutomation.admission.masters.TC_Masters_Master_Class_Held"/>
  <testcase name="tcMinimizeMasterClassHeld" time="4.406" classname="com.test.automation.uiAutomation.admission.masters.TC_Masters_Master_Class_Held"/>
  <testcase name="tcSubmitFilledMasterClassHeldForm" time="15.424" classname="com.test.automation.uiAutomation.admission.masters.TC_Masters_Master_Class_Held"/>
  <testcase name="tcEnterMasterClassHeldData_AfterClear" time="8.443" classname="com.test.automation.uiAutomation.admission.masters.TC_Masters_Master_Class_Held"/>
  <testcase name="tcSubmitBlankMasterClassHeldForm" time="15.379" classname="com.test.automation.uiAutomation.admission.masters.TC_Masters_Master_Class_Held"/>
  <testcase name="tcClickOnOkSuccessButton" time="2.345" classname="com.test.automation.uiAutomation.admission.masters.TC_Masters_Master_Class_Held"/>
  <testcase name="loginToappWithrequiredCredentials" time="0.002" classname="com.test.automation.uiAutomation.admission.masters.TC_Masters_Master_Class_Held">
    <skipped/>
  </testcase> <!-- loginToappWithrequiredCredentials -->
  <testcase name="loginToappWithrequiredCredentials" time="0.001" classname="com.test.automation.uiAutomation.admission.masters.TC_Masters_Master_Class_Held">
    <skipped/>
  </testcase> <!-- loginToappWithrequiredCredentials -->
  <testcase name="tcMaximizeMasterClassHeld" time="2.340" classname="com.test.automation.uiAutomation.admission.masters.TC_Masters_Master_Class_Held"/>
  <testcase name="loginToappWithrequiredCredentials" time="0.002" classname="com.test.automation.uiAutomation.admission.masters.TC_Masters_Master_Class_Held">
    <skipped/>
  </testcase> <!-- loginToappWithrequiredCredentials -->
  <testcase name="loginToappWithrequiredCredentials" time="20.549" classname="com.test.automation.uiAutomation.admission.masters.TC_Masters_Master_Class_Held"/>
  <testcase name="tcHomeButtonValidation" time="7.335" classname="com.test.automation.uiAutomation.admission.masters.TC_Masters_Master_Class_Held"/>
  <testcase name="tcMinimizeMasterClassHeldTable" time="2.344" classname="com.test.automation.uiAutomation.admission.masters.TC_Masters_Master_Class_Held"/>
  <testcase name="tcEnterMasterClassHeldData" time="8.563" classname="com.test.automation.uiAutomation.admission.masters.TC_Masters_Master_Class_Held"/>
</testsuite> <!-- com.test.automation.uiAutomation.admission.masters.TC_Masters_Master_Class_Held -->
