<?xml version="1.0" encoding="UTF-8"?>
<!-- Generated by org.testng.reporters.JUnitReportReporter -->
<testsuite name="com.test.automation.uiAutomation.admission.masters.TC_Masters_Master_Reference" tests="35" time="171.261" ignored="0" failures="0" timestamp="12 Mar 2018 11:01:01 GMT" skipped="4" hostname="DESKTOP-DISLHD4" errors="0">
  <testcase name="tcClickOnOkSuccessButton_cancel" time="2.337" classname="com.test.automation.uiAutomation.admission.masters.TC_Masters_Master_Reference"/>
  <testcase name="tcSortByReferenceName" time="3.635" classname="com.test.automation.uiAutomation.admission.masters.TC_Masters_Master_Reference"/>
  <testcase name="tcClickOnOkSuccessButton_delete" time="2.331" classname="com.test.automation.uiAutomation.admission.masters.TC_Masters_Master_Reference"/>
  <testcase name="tcSaveReferenceInfoData_Edit" time="15.406" classname="com.test.automation.uiAutomation.admission.masters.TC_Masters_Master_Reference"/>
  <testcase name="tcEnterMasterReferenceDetailsData_AfterDelete" time="0.812" classname="com.test.automation.uiAutomation.admission.masters.TC_Masters_Master_Reference"/>
  <testcase name="tcHomeButtonValidation" time="7.343" classname="com.test.automation.uiAutomation.admission.masters.TC_Masters_Master_Reference"/>
  <testcase name="tcMinimizeMasterReferenceList" time="2.413" classname="com.test.automation.uiAutomation.admission.masters.TC_Masters_Master_Reference"/>
  <testcase name="tcEnterMasterReferenceDetailsData_AfterClear" time="0.869" classname="com.test.automation.uiAutomation.admission.masters.TC_Masters_Master_Reference"/>
  <testcase name="tcClickOnOkSuccessButton" time="2.346" classname="com.test.automation.uiAutomation.admission.masters.TC_Masters_Master_Reference"/>
  <testcase name="tcSearchWithReferenceNameInTheGrid" time="0.668" classname="com.test.automation.uiAutomation.admission.masters.TC_Masters_Master_Reference"/>
  <testcase name="tcSearchWithReferenceNameInTheGrid_AfterDeleteCancel" time="0.687" classname="com.test.automation.uiAutomation.admission.masters.TC_Masters_Master_Reference"/>
  <testcase name="tcMinimizeMasterReference" time="2.357" classname="com.test.automation.uiAutomation.admission.masters.TC_Masters_Master_Reference"/>
  <testcase name="tcDeleteMasterReference" time="5.411" classname="com.test.automation.uiAutomation.admission.masters.TC_Masters_Master_Reference"/>
  <testcase name="tcNavigateToAdmission_Masters_MasterReference_BGHS" time="1.577" classname="com.test.automation.uiAutomation.admission.masters.TC_Masters_Master_Reference"/>
  <testcase name="tcDeleteMasterReference_AfterCancel" time="5.408" classname="com.test.automation.uiAutomation.admission.masters.TC_Masters_Master_Reference"/>
  <testcase name="loginToappWithrequiredCredentials" time="0.001" classname="com.test.automation.uiAutomation.admission.masters.TC_Masters_Master_Reference">
    <skipped/>
  </testcase> <!-- loginToappWithrequiredCredentials -->
  <testcase name="tcEnterMasterReferenceDetailsData" time="0.930" classname="com.test.automation.uiAutomation.admission.masters.TC_Masters_Master_Reference"/>
  <testcase name="tcMaximizeMasterReference" time="2.331" classname="com.test.automation.uiAutomation.admission.masters.TC_Masters_Master_Reference"/>
  <testcase name="tcSubmitBlankMasterReferenceForm" time="2.381" classname="com.test.automation.uiAutomation.admission.masters.TC_Masters_Master_Reference"/>
  <testcase name="loginToappWithrequiredCredentials" time="0.001" classname="com.test.automation.uiAutomation.admission.masters.TC_Masters_Master_Reference">
    <skipped/>
  </testcase> <!-- loginToappWithrequiredCredentials -->
  <testcase name="loginToappWithrequiredCredentials" time="0.000" classname="com.test.automation.uiAutomation.admission.masters.TC_Masters_Master_Reference">
    <skipped/>
  </testcase> <!-- loginToappWithrequiredCredentials -->
  <testcase name="tcSearchWithReferenceNameInTheGrid_delete" time="0.665" classname="com.test.automation.uiAutomation.admission.masters.TC_Masters_Master_Reference"/>
  <testcase name="tcClickOnCancelButton" time="15.341" classname="com.test.automation.uiAutomation.admission.masters.TC_Masters_Master_Reference"/>
  <testcase name="tcSaveReferenceInfoData_AfterDelete" time="15.427" classname="com.test.automation.uiAutomation.admission.masters.TC_Masters_Master_Reference"/>
  <testcase name="loginToappWithrequiredCredentials" time="0.001" classname="com.test.automation.uiAutomation.admission.masters.TC_Masters_Master_Reference">
    <skipped/>
  </testcase> <!-- loginToappWithrequiredCredentials -->
  <testcase name="tcClickOnOkSuccessButton_AfterDelete" time="2.323" classname="com.test.automation.uiAutomation.admission.masters.TC_Masters_Master_Reference"/>
  <testcase name="tcClickOnOkSuccessButton_Edit" time="2.326" classname="com.test.automation.uiAutomation.admission.masters.TC_Masters_Master_Reference"/>
  <testcase name="tcMaximizeMasterReferenceList" time="2.329" classname="com.test.automation.uiAutomation.admission.masters.TC_Masters_Master_Reference"/>
  <testcase name="tcEditMasterReference" time="5.393" classname="com.test.automation.uiAutomation.admission.masters.TC_Masters_Master_Reference"/>
  <testcase name="tcSaveReferenceInfoData" time="15.382" classname="com.test.automation.uiAutomation.admission.masters.TC_Masters_Master_Reference"/>
  <testcase name="tcVerifyMasters_MasterReference_BGHSPage" time="1.335" classname="com.test.automation.uiAutomation.admission.masters.TC_Masters_Master_Reference"/>
  <testcase name="tcYesDeleteOrDeactivateOrActivateIt" time="15.339" classname="com.test.automation.uiAutomation.admission.masters.TC_Masters_Master_Reference"/>
  <testcase name="tcClearReferenceInfoData" time="15.491" classname="com.test.automation.uiAutomation.admission.masters.TC_Masters_Master_Reference"/>
  <testcase name="loginToappWithrequiredCredentials" time="20.390" classname="com.test.automation.uiAutomation.admission.masters.TC_Masters_Master_Reference"/>
  <testcase name="tcVerifyReferenceNameInTheGrid" time="0.275" classname="com.test.automation.uiAutomation.admission.masters.TC_Masters_Master_Reference"/>
</testsuite> <!-- com.test.automation.uiAutomation.admission.masters.TC_Masters_Master_Reference -->
