<?xml version="1.0" encoding="UTF-8"?>
<!-- Generated by org.testng.reporters.JUnitReportReporter -->
<testsuite name="com.test.automation.uiAutomation.tcFee.Tc_Masters_Fee_Term_MasterTerm_FeeHead" tests="21" time="112.945" ignored="0" failures="0" timestamp="12 Dec 2017 09:30:55 GMT" skipped="5" hostname="vaps-PC" errors="0">
  <testcase name="tcVerifyTermNameUpdatedInGrid" time="6.742" classname="com.test.automation.uiAutomation.tcFee.Tc_Masters_Fee_Term_MasterTerm_FeeHead"/>
  <testcase name="tcSearchTermByTermName" time="9.149" classname="com.test.automation.uiAutomation.tcFee.Tc_Masters_Fee_Term_MasterTerm_FeeHead"/>
  <testcase name="tcClickOnSuccessOkBtn" time="3.891" classname="com.test.automation.uiAutomation.tcFee.Tc_Masters_Fee_Term_MasterTerm_FeeHead"/>
  <testcase name="tcSelectTermFeeHeadAndInstallmentName" time="9.205" classname="com.test.automation.uiAutomation.tcFee.Tc_Masters_Fee_Term_MasterTerm_FeeHead"/>
  <testcase name="tcVerifySuccessfulPopUpEdit" time="1.701" classname="com.test.automation.uiAutomation.tcFee.Tc_Masters_Fee_Term_MasterTerm_FeeHead"/>
  <testcase name="loginToappWithrequiredCredentials" time="0.026" classname="com.test.automation.uiAutomation.tcFee.Tc_Masters_Fee_Term_MasterTerm_FeeHead">
    <skipped/>
  </testcase> <!-- loginToappWithrequiredCredentials -->
  <testcase name="tcHomeButtonValidation" time="2.702" classname="com.test.automation.uiAutomation.tcFee.Tc_Masters_Fee_Term_MasterTerm_FeeHead"/>
  <testcase name="tcNevigateToMasters_FeeTermMasterTerm_FeeHead" time="4.429" classname="com.test.automation.uiAutomation.tcFee.Tc_Masters_Fee_Term_MasterTerm_FeeHead"/>
  <testcase name="tcVerifySuccessfulPopUp" time="1.903" classname="com.test.automation.uiAutomation.tcFee.Tc_Masters_Fee_Term_MasterTerm_FeeHead"/>
  <testcase name="tcEditFeeTerm_MasterTerm_FeeHead" time="0.004" classname="com.test.automation.uiAutomation.tcFee.Tc_Masters_Fee_Term_MasterTerm_FeeHead">
    <skipped/>
  </testcase> <!-- tcEditFeeTerm_MasterTerm_FeeHead -->
  <testcase name="tcClickOnSaveButtonEdit" time="3.947" classname="com.test.automation.uiAutomation.tcFee.Tc_Masters_Fee_Term_MasterTerm_FeeHead"/>
  <testcase name="tcVerifyFeeHeadUpdatedInGrid" time="6.750" classname="com.test.automation.uiAutomation.tcFee.Tc_Masters_Fee_Term_MasterTerm_FeeHead"/>
  <testcase name="tcEditFeeTerm_MasterTerm_FeeHead" time="7.192" classname="com.test.automation.uiAutomation.tcFee.Tc_Masters_Fee_Term_MasterTerm_FeeHead"/>
  <testcase name="tcVerifyFeeTermPage" time="1.796" classname="com.test.automation.uiAutomation.tcFee.Tc_Masters_Fee_Term_MasterTerm_FeeHead"/>
  <testcase name="loginToappWithrequiredCredentials" time="40.875" classname="com.test.automation.uiAutomation.tcFee.Tc_Masters_Fee_Term_MasterTerm_FeeHead"/>
  <testcase name="tcClickOnSaveButton" time="3.792" classname="com.test.automation.uiAutomation.tcFee.Tc_Masters_Fee_Term_MasterTerm_FeeHead"/>
  <testcase name="tcClickOnSuccessOkBtnEdit" time="3.922" classname="com.test.automation.uiAutomation.tcFee.Tc_Masters_Fee_Term_MasterTerm_FeeHead"/>
  <testcase name="loginToappWithrequiredCredentials" time="0.007" classname="com.test.automation.uiAutomation.tcFee.Tc_Masters_Fee_Term_MasterTerm_FeeHead">
    <skipped/>
  </testcase> <!-- loginToappWithrequiredCredentials -->
  <testcase name="tcClickOnMasterTerm_FeeHeadTab" time="4.886" classname="com.test.automation.uiAutomation.tcFee.Tc_Masters_Fee_Term_MasterTerm_FeeHead"/>
  <testcase name="tcVerifyTermNameUpdatedInGrid" time="0.020" classname="com.test.automation.uiAutomation.tcFee.Tc_Masters_Fee_Term_MasterTerm_FeeHead">
    <skipped/>
  </testcase> <!-- tcVerifyTermNameUpdatedInGrid -->
  <testcase name="tcSearchTermByTermName" time="0.006" classname="com.test.automation.uiAutomation.tcFee.Tc_Masters_Fee_Term_MasterTerm_FeeHead">
    <skipped/>
  </testcase> <!-- tcSearchTermByTermName -->
</testsuite> <!-- com.test.automation.uiAutomation.tcFee.Tc_Masters_Fee_Term_MasterTerm_FeeHead -->
