<?xml version="1.0" encoding="UTF-8"?>
<!-- Generated by org.testng.reporters.JUnitReportReporter -->
<testsuite name="testPackageforNonworkingFuc.TestRunnerClass1" tests="10" time="34.129" ignored="0" failures="0" timestamp="20 Nov 2018 06:51:12 GMT" skipped="4" hostname="Arvind-Susdiny" errors="0">
  <testcase name="loginToappWithrequiredCredentials" time="0.001" classname="testPackageforNonworkingFuc.TestRunnerClass1">
    <skipped/>
  </testcase> <!-- loginToappWithrequiredCredentials -->
  <testcase name="tcSearchWithCasteCategoryNameInTheGrid" time="1.674" classname="testPackageforNonworkingFuc.TestRunnerClass1"/>
  <testcase name="tcNavigateToAdmission_Masters_CasteCategory_BGHS" time="4.557" classname="testPackageforNonworkingFuc.TestRunnerClass1"/>
  <testcase name="loginToappWithrequiredCredentials" time="0.001" classname="testPackageforNonworkingFuc.TestRunnerClass1">
    <skipped/>
  </testcase> <!-- loginToappWithrequiredCredentials -->
  <testcase name="tcSortingOfElement" time="2.765" classname="testPackageforNonworkingFuc.TestRunnerClass1"/>
  <testcase name="loginToappWithrequiredCredentials" time="0.004" classname="testPackageforNonworkingFuc.TestRunnerClass1">
    <skipped/>
  </testcase> <!-- loginToappWithrequiredCredentials -->
  <testcase name="loginToappWithrequiredCredentials" time="0.002" classname="testPackageforNonworkingFuc.TestRunnerClass1">
    <skipped/>
  </testcase> <!-- loginToappWithrequiredCredentials -->
  <testcase name="tcGetHeaderData_ExcelValueCompare" time="0.418" classname="testPackageforNonworkingFuc.TestRunnerClass1"/>
  <testcase name="tcGetRowData_ExcelValueCompare" time="0.411" classname="testPackageforNonworkingFuc.TestRunnerClass1"/>
  <testcase name="loginToappWithrequiredCredentials" time="24.296" classname="testPackageforNonworkingFuc.TestRunnerClass1"/>
</testsuite> <!-- testPackageforNonworkingFuc.TestRunnerClass1 -->
