<?xml version="1.0" encoding="UTF-8"?>
<!-- Generated by org.testng.reporters.JUnitReportReporter -->
<testsuite name="com.test.automation.uiAutomation.admission.TC_Masters_Academic_Year_Staging" tests="48" time="270.997" ignored="0" failures="0" timestamp="31 Jan 2018 09:25:39 GMT" skipped="7" hostname="DESKTOP-DISLHD4" errors="0">
  <testcase name="tcSearchWithAcademicYear_ForDeactivate" time="0.722" classname="com.test.automation.uiAutomation.admission.TC_Masters_Academic_Year_Staging"/>
  <testcase name="tcMaximizeAcademicYearGrid" time="1.643" classname="com.test.automation.uiAutomation.admission.TC_Masters_Academic_Year_Staging"/>
  <testcase name="tcDeactivateAcademicYears" time="5.435" classname="com.test.automation.uiAutomation.admission.TC_Masters_Academic_Year_Staging"/>
  <testcase name="loginToappWithrequiredCredentials" time="0.002" classname="com.test.automation.uiAutomation.admission.TC_Masters_Academic_Year_Staging">
    <skipped/>
  </testcase> <!-- loginToappWithrequiredCredentials -->
  <testcase name="tcEnterMastersAcademicYearDetails_AfterDelete" time="0.002" classname="com.test.automation.uiAutomation.admission.TC_Masters_Academic_Year_Staging">
    <skipped/>
  </testcase> <!-- tcEnterMastersAcademicYearDetails_AfterDelete -->
  <testcase name="tcClickOnOkSuccessButton_AfterDelete" time="0.311" classname="com.test.automation.uiAutomation.admission.TC_Masters_Academic_Year_Staging"/>
  <testcase name="tcMinimizeMasterAcademicYear" time="1.375" classname="com.test.automation.uiAutomation.admission.TC_Masters_Academic_Year_Staging"/>
  <testcase name="tcNavigateToAdmission_Masters_AcademicYear_BGHS" time="1.087" classname="com.test.automation.uiAutomation.admission.TC_Masters_Academic_Year_Staging"/>
  <testcase name="tcClickOnOkSuccessButton_activateCancel" time="2.347" classname="com.test.automation.uiAutomation.admission.TC_Masters_Academic_Year_Staging"/>
  <testcase name="tcYesDeleteOrDeactivateOrActivateIt_deactivate" time="15.389" classname="com.test.automation.uiAutomation.admission.TC_Masters_Academic_Year_Staging"/>
  <testcase name="tcClickOnOkSuccessButton_deactivateCancel" time="2.332" classname="com.test.automation.uiAutomation.admission.TC_Masters_Academic_Year_Staging"/>
  <testcase name="tcClickOnOkSuccessButton_edit" time="2.350" classname="com.test.automation.uiAutomation.admission.TC_Masters_Academic_Year_Staging"/>
  <testcase name="tcClickOnSaveButton_AfterDelete" time="0.318" classname="com.test.automation.uiAutomation.admission.TC_Masters_Academic_Year_Staging"/>
  <testcase name="tcSubmitBlankMasterAcademicYearForm" time="8.815" classname="com.test.automation.uiAutomation.admission.TC_Masters_Academic_Year_Staging"/>
  <testcase name="tcClickOnCancelButton_deactivate" time="16.809" classname="com.test.automation.uiAutomation.admission.TC_Masters_Academic_Year_Staging"/>
  <testcase name="tcYesDeleteOrDeactivateOrActivateIt_Delete" time="15.440" classname="com.test.automation.uiAutomation.admission.TC_Masters_Academic_Year_Staging"/>
  <testcase name="loginToappWithrequiredCredentials" time="0.001" classname="com.test.automation.uiAutomation.admission.TC_Masters_Academic_Year_Staging">
    <skipped/>
  </testcase> <!-- loginToappWithrequiredCredentials -->
  <testcase name="loginToappWithrequiredCredentials" time="0.000" classname="com.test.automation.uiAutomation.admission.TC_Masters_Academic_Year_Staging">
    <skipped/>
  </testcase> <!-- loginToappWithrequiredCredentials -->
  <testcase name="tcActivateAcademicYears" time="5.429" classname="com.test.automation.uiAutomation.admission.TC_Masters_Academic_Year_Staging"/>
  <testcase name="tcActivateAcademicYears_AfterCancel" time="5.434" classname="com.test.automation.uiAutomation.admission.TC_Masters_Academic_Year_Staging"/>
  <testcase name="tcMinimizeAcademicYearGrid" time="1.396" classname="com.test.automation.uiAutomation.admission.TC_Masters_Academic_Year_Staging"/>
  <testcase name="tcClickOnSaveButton_edit" time="15.531" classname="com.test.automation.uiAutomation.admission.TC_Masters_Academic_Year_Staging"/>
  <testcase name="tcClickOnOkSuccessButton_activate" time="2.324" classname="com.test.automation.uiAutomation.admission.TC_Masters_Academic_Year_Staging"/>
  <testcase name="tcYesDeleteOrDeactivateOrActivateIt_Activate" time="15.399" classname="com.test.automation.uiAutomation.admission.TC_Masters_Academic_Year_Staging"/>
  <testcase name="tcHomeButtonValidation" time="2.613" classname="com.test.automation.uiAutomation.admission.TC_Masters_Academic_Year_Staging"/>
  <testcase name="tcDeactivateAcademicYears_AfterCancel" time="5.423" classname="com.test.automation.uiAutomation.admission.TC_Masters_Academic_Year_Staging"/>
  <testcase name="tcClickOnClearButton" time="10.947" classname="com.test.automation.uiAutomation.admission.TC_Masters_Academic_Year_Staging"/>
  <testcase name="tcEditAcademicYears" time="5.443" classname="com.test.automation.uiAutomation.admission.TC_Masters_Academic_Year_Staging"/>
  <testcase name="tcClickOnOkSuccessButton" time="2.374" classname="com.test.automation.uiAutomation.admission.TC_Masters_Academic_Year_Staging"/>
  <testcase name="tcVerifyMasters_AcademicYear_BGHSPage" time="1.325" classname="com.test.automation.uiAutomation.admission.TC_Masters_Academic_Year_Staging"/>
  <testcase name="tcClickOnCancelButton_activate" time="15.476" classname="com.test.automation.uiAutomation.admission.TC_Masters_Academic_Year_Staging"/>
  <testcase name="tcEnterMastersAcademicYearDetails_AfterClear" time="0.002" classname="com.test.automation.uiAutomation.admission.TC_Masters_Academic_Year_Staging">
    <skipped/>
  </testcase> <!-- tcEnterMastersAcademicYearDetails_AfterClear -->
  <testcase name="tcEnterMastersAcademicYearDetails" time="0.002" classname="com.test.automation.uiAutomation.admission.TC_Masters_Academic_Year_Staging">
    <skipped/>
  </testcase> <!-- tcEnterMastersAcademicYearDetails -->
  <testcase name="tcDeleteteAcademicYears" time="5.420" classname="com.test.automation.uiAutomation.admission.TC_Masters_Academic_Year_Staging"/>
  <testcase name="tcEnterMastersAcademicYearDetails" time="14.368" classname="com.test.automation.uiAutomation.admission.TC_Masters_Academic_Year_Staging"/>
  <testcase name="tcEnterMastersAcademicYearDetails_AfterClear" time="14.568" classname="com.test.automation.uiAutomation.admission.TC_Masters_Academic_Year_Staging"/>
  <testcase name="tcClickOnOkSuccessButton_deactivate" time="2.364" classname="com.test.automation.uiAutomation.admission.TC_Masters_Academic_Year_Staging"/>
  <testcase name="tcClickOnCancelButton_delete" time="15.467" classname="com.test.automation.uiAutomation.admission.TC_Masters_Academic_Year_Staging"/>
  <testcase name="tcClickOnSaveButton" time="15.529" classname="com.test.automation.uiAutomation.admission.TC_Masters_Academic_Year_Staging"/>
  <testcase name="tcSearchWithAcademicYear" time="0.695" classname="com.test.automation.uiAutomation.admission.TC_Masters_Academic_Year_Staging"/>
  <testcase name="tcClickOnOkSuccessButton_deleteCancel" time="2.328" classname="com.test.automation.uiAutomation.admission.TC_Masters_Academic_Year_Staging"/>
  <testcase name="tcEnterMastersAcademicYearDetails_AfterDelete" time="0.551" classname="com.test.automation.uiAutomation.admission.TC_Masters_Academic_Year_Staging"/>
  <testcase name="tcMaximizeMasterAcademicYear" time="1.365" classname="com.test.automation.uiAutomation.admission.TC_Masters_Academic_Year_Staging"/>
  <testcase name="tcSortByAcademicYear" time="3.652" classname="com.test.automation.uiAutomation.admission.TC_Masters_Academic_Year_Staging"/>
  <testcase name="tcDeleteteAcademicYears_AfterCancel" time="5.444" classname="com.test.automation.uiAutomation.admission.TC_Masters_Academic_Year_Staging"/>
  <testcase name="tcClickOnOkSuccessButton_delete" time="0.332" classname="com.test.automation.uiAutomation.admission.TC_Masters_Academic_Year_Staging"/>
  <testcase name="loginToappWithrequiredCredentials" time="0.001" classname="com.test.automation.uiAutomation.admission.TC_Masters_Academic_Year_Staging">
    <skipped/>
  </testcase> <!-- loginToappWithrequiredCredentials -->
  <testcase name="loginToappWithrequiredCredentials" time="25.417" classname="com.test.automation.uiAutomation.admission.TC_Masters_Academic_Year_Staging"/>
</testsuite> <!-- com.test.automation.uiAutomation.admission.TC_Masters_Academic_Year_Staging -->
