<?xml version="1.0" encoding="UTF-8"?>
<!-- Generated by org.testng.reporters.JUnitReportReporter -->
<testsuite name="com.test.automation.uiAutomation.Admission.StudentTC.TestJava" tests="1" time="36.095" ignored="0" failures="0" timestamp="09 Apr 2018 12:26:27 GMT" skipped="0" hostname="DESKTOP-DISLHD4" errors="0">
  <testcase name="launchBrowser" time="36.095" classname="com.test.automation.uiAutomation.Admission.StudentTC.TestJava"/>
</testsuite> <!-- com.test.automation.uiAutomation.Admission.StudentTC.TestJava -->
