<?xml version="1.0" encoding="UTF-8"?>
<!-- Generated by org.testng.reporters.JUnitReportReporter -->
<testsuite name="com.test.automation.uiAutomation.studentRegistrationSelf.TC_StudentRegistrationSelf" tests="8" time="37.316" ignored="0" failures="0" timestamp="04 Jan 2018 05:35:31 GMT" skipped="4" hostname="vaps-PC" errors="0">
  <testcase name="fillRegistrationFormWithDifferentStudent" time="0.006" classname="com.test.automation.uiAutomation.studentRegistrationSelf.TC_StudentRegistrationSelf">
    <skipped/>
  </testcase> <!-- fillRegistrationFormWithDifferentStudent -->
  <testcase name="fillRegistrationFormWithDifferentStudent" time="0.006" classname="com.test.automation.uiAutomation.studentRegistrationSelf.TC_StudentRegistrationSelf">
    <skipped/>
  </testcase> <!-- fillRegistrationFormWithDifferentStudent -->
  <testcase name="fillRegistrationFormWithDifferentStudent" time="0.005" classname="com.test.automation.uiAutomation.studentRegistrationSelf.TC_StudentRegistrationSelf">
    <skipped/>
  </testcase> <!-- fillRegistrationFormWithDifferentStudent -->
  <testcase name="verifyCancelButton" time="4.903" classname="com.test.automation.uiAutomation.studentRegistrationSelf.TC_StudentRegistrationSelf"/>
  <testcase name="verifyRegisterButton" time="2.841" classname="com.test.automation.uiAutomation.studentRegistrationSelf.TC_StudentRegistrationSelf"/>
  <testcase name="fillRegistrationFormWithDifferentStudent" time="0.006" classname="com.test.automation.uiAutomation.studentRegistrationSelf.TC_StudentRegistrationSelf">
    <skipped/>
  </testcase> <!-- fillRegistrationFormWithDifferentStudent -->
  <testcase name="fillRegistrationFormWithDifferentStudent" time="26.636" classname="com.test.automation.uiAutomation.studentRegistrationSelf.TC_StudentRegistrationSelf"/>
  <testcase name="verifySuccessmessageOkButton" time="2.913" classname="com.test.automation.uiAutomation.studentRegistrationSelf.TC_StudentRegistrationSelf"/>
</testsuite> <!-- com.test.automation.uiAutomation.studentRegistrationSelf.TC_StudentRegistrationSelf -->
