<?xml version="1.0" encoding="UTF-8"?>
<!-- Generated by org.testng.reporters.JUnitReportReporter -->
<testsuite name="com.test.automation.uiAutomation.admission.TC_Reports.TC_Admission_Register_Report" tests="62" time="285.684" ignored="0" failures="0" timestamp="02 Apr 2018 10:03:55 GMT" skipped="4" hostname="DESKTOP-DISLHD4" errors="0">
  <testcase name="tcSelect_Present_RadioButton" time="1.410" classname="com.test.automation.uiAutomation.admission.TC_Reports.TC_Admission_Register_Report"/>
  <testcase name="tcSelectStudentDetailsData_DeactiveStudent" time="6.290" classname="com.test.automation.uiAutomation.admission.TC_Reports.TC_Admission_Register_Report"/>
  <testcase name="tcClickOnExportToExcel_DeactiveStudent" time="10.373" classname="com.test.automation.uiAutomation.admission.TC_Reports.TC_Admission_Register_Report"/>
  <testcase name="loginToappWithrequiredCredentials" time="0.000" classname="com.test.automation.uiAutomation.admission.TC_Reports.TC_Admission_Register_Report">
    <skipped/>
  </testcase> <!-- loginToappWithrequiredCredentials -->
  <testcase name="tcSearchWithAdmissionNumber_AdmissionRegisterReportStudentList_DeactiveStudent" time="1.976" classname="com.test.automation.uiAutomation.admission.TC_Reports.TC_Admission_Register_Report"/>
  <testcase name="tcVerifyStudent_ForAdmissionRegisterReportInGrid_DeactiveStudent" time="0.288" classname="com.test.automation.uiAutomation.admission.TC_Reports.TC_Admission_Register_Report"/>
  <testcase name="tcClickOnExportToExcel_LeftStudent" time="10.383" classname="com.test.automation.uiAutomation.admission.TC_Reports.TC_Admission_Register_Report"/>
  <testcase name="tcClickOnReport_DeactiveStudent" time="10.409" classname="com.test.automation.uiAutomation.admission.TC_Reports.TC_Admission_Register_Report"/>
  <testcase name="tcNavigateToAdmission_Reports_AdmissionRegisterReport_BGHS" time="4.666" classname="com.test.automation.uiAutomation.admission.TC_Reports.TC_Admission_Register_Report"/>
  <testcase name="tcSelect_All_RadioButton" time="1.415" classname="com.test.automation.uiAutomation.admission.TC_Reports.TC_Admission_Register_Report"/>
  <testcase name="tcClickOnCancel_ForNewAdmission" time="10.431" classname="com.test.automation.uiAutomation.admission.TC_Reports.TC_Admission_Register_Report"/>
  <testcase name="tcVerifyAdmissionReports_AdmissionRegisterReport_BGHSPage" time="1.299" classname="com.test.automation.uiAutomation.admission.TC_Reports.TC_Admission_Register_Report"/>
  <testcase name="tcSelect_Left_RadioButton" time="1.418" classname="com.test.automation.uiAutomation.admission.TC_Reports.TC_Admission_Register_Report"/>
  <testcase name="tcSelectClass_ForAdmissionRegisterReport" time="1.456" classname="com.test.automation.uiAutomation.admission.TC_Reports.TC_Admission_Register_Report"/>
  <testcase name="tcClickOnPrint_NewAdmission" time="10.236" classname="com.test.automation.uiAutomation.admission.TC_Reports.TC_Admission_Register_Report"/>
  <testcase name="tcSelectStudentDetailsData_LeftStudent" time="6.336" classname="com.test.automation.uiAutomation.admission.TC_Reports.TC_Admission_Register_Report"/>
  <testcase name="tcSelectAcademicYearForAdmissionRegister_NewAdmission" time="1.446" classname="com.test.automation.uiAutomation.admission.TC_Reports.TC_Admission_Register_Report"/>
  <testcase name="tcClickOnExportToExcel_NewAdmission" time="10.365" classname="com.test.automation.uiAutomation.admission.TC_Reports.TC_Admission_Register_Report"/>
  <testcase name="tcClickOnPrint_LeftStudent" time="10.211" classname="com.test.automation.uiAutomation.admission.TC_Reports.TC_Admission_Register_Report"/>
  <testcase name="tcClickOnExportToExcel_ForPresent" time="10.371" classname="com.test.automation.uiAutomation.admission.TC_Reports.TC_Admission_Register_Report"/>
  <testcase name="tcVerifyStudent_ForAdmissionRegisterReportInGrid_NewAdmission" time="0.312" classname="com.test.automation.uiAutomation.admission.TC_Reports.TC_Admission_Register_Report"/>
  <testcase name="loginToappWithrequiredCredentials" time="0.001" classname="com.test.automation.uiAutomation.admission.TC_Reports.TC_Admission_Register_Report">
    <skipped/>
  </testcase> <!-- loginToappWithrequiredCredentials -->
  <testcase name="tcSearchWithAdmissionNumber_AdmissionRegisterReportStudentList_LeftStudent" time="1.550" classname="com.test.automation.uiAutomation.admission.TC_Reports.TC_Admission_Register_Report"/>
  <testcase name="tcSelectAll_StudentdetailsCheckBox" time="1.463" classname="com.test.automation.uiAutomation.admission.TC_Reports.TC_Admission_Register_Report"/>
  <testcase name="tcSelectAcademicYearForAdmissionRegister_DeactiveStudent" time="1.464" classname="com.test.automation.uiAutomation.admission.TC_Reports.TC_Admission_Register_Report"/>
  <testcase name="tcClickOnPrint_DeactiveStudent" time="10.207" classname="com.test.automation.uiAutomation.admission.TC_Reports.TC_Admission_Register_Report"/>
  <testcase name="tcMinimizeAdmissionRegisterReport" time="1.340" classname="com.test.automation.uiAutomation.admission.TC_Reports.TC_Admission_Register_Report"/>
  <testcase name="tcSelectAll_ClassCheckBox" time="1.437" classname="com.test.automation.uiAutomation.admission.TC_Reports.TC_Admission_Register_Report"/>
  <testcase name="tcSelect__Deactive_RadioButton" time="1.405" classname="com.test.automation.uiAutomation.admission.TC_Reports.TC_Admission_Register_Report"/>
  <testcase name="tcSelectAcademicYearForAdmissionRegister" time="1.459" classname="com.test.automation.uiAutomation.admission.TC_Reports.TC_Admission_Register_Report"/>
  <testcase name="tcClickOnReport_LeftStudent" time="10.430" classname="com.test.automation.uiAutomation.admission.TC_Reports.TC_Admission_Register_Report"/>
  <testcase name="tcSelectClass_ForAdmissionRegisterReport_DeactiveStudent" time="1.420" classname="com.test.automation.uiAutomation.admission.TC_Reports.TC_Admission_Register_Report"/>
  <testcase name="tcHomeButtonValidation" time="10.311" classname="com.test.automation.uiAutomation.admission.TC_Reports.TC_Admission_Register_Report"/>
  <testcase name="tcClickOnPrint_ForPresent" time="10.151" classname="com.test.automation.uiAutomation.admission.TC_Reports.TC_Admission_Register_Report"/>
  <testcase name="tcClickOnReport_ForPresent" time="10.440" classname="com.test.automation.uiAutomation.admission.TC_Reports.TC_Admission_Register_Report"/>
  <testcase name="loginToappWithrequiredCredentials" time="0.001" classname="com.test.automation.uiAutomation.admission.TC_Reports.TC_Admission_Register_Report">
    <skipped/>
  </testcase> <!-- loginToappWithrequiredCredentials -->
  <testcase name="tcSelectStudentForAdmissionRegisterReport_LeftStudent" time="1.398" classname="com.test.automation.uiAutomation.admission.TC_Reports.TC_Admission_Register_Report"/>
  <testcase name="tcSelectStudentDetailsData_NewAdmission" time="6.240" classname="com.test.automation.uiAutomation.admission.TC_Reports.TC_Admission_Register_Report"/>
  <testcase name="tcMaximizeAdmissionRegisterReport" time="1.351" classname="com.test.automation.uiAutomation.admission.TC_Reports.TC_Admission_Register_Report"/>
  <testcase name="tcSearchWithAdmissionNumber_AdmissionRegisterReportStudentList_NewAdmission" time="2.010" classname="com.test.automation.uiAutomation.admission.TC_Reports.TC_Admission_Register_Report"/>
  <testcase name="tcSelectClass_ForAdmissionRegisterReport_LeftStudent" time="1.427" classname="com.test.automation.uiAutomation.admission.TC_Reports.TC_Admission_Register_Report"/>
  <testcase name="tcSelect__NewAdmission_RadioButton" time="1.405" classname="com.test.automation.uiAutomation.admission.TC_Reports.TC_Admission_Register_Report"/>
  <testcase name="tcSelectStudentForAdmissionRegisterReport_NewAdmission" time="1.378" classname="com.test.automation.uiAutomation.admission.TC_Reports.TC_Admission_Register_Report"/>
  <testcase name="tcClickOnCancel_ForLeftStudent" time="10.419" classname="com.test.automation.uiAutomation.admission.TC_Reports.TC_Admission_Register_Report"/>
  <testcase name="tcClickOnReport" time="10.351" classname="com.test.automation.uiAutomation.admission.TC_Reports.TC_Admission_Register_Report"/>
  <testcase name="tcClickOnReport_NewAdmission" time="10.416" classname="com.test.automation.uiAutomation.admission.TC_Reports.TC_Admission_Register_Report"/>
  <testcase name="tcSubmitBlank_AdmissionRegisterReportForm" time="5.419" classname="com.test.automation.uiAutomation.admission.TC_Reports.TC_Admission_Register_Report"/>
  <testcase name="tcMinimizeAdmissionRegisterReportStudentList" time="1.345" classname="com.test.automation.uiAutomation.admission.TC_Reports.TC_Admission_Register_Report"/>
  <testcase name="tcSelectAcademicYearForAdmissionRegister_PresentStudent" time="1.475" classname="com.test.automation.uiAutomation.admission.TC_Reports.TC_Admission_Register_Report"/>
  <testcase name="tcVerifyStudent_ForAdmissionRegisterReportInGrid_LeftStudent" time="0.273" classname="com.test.automation.uiAutomation.admission.TC_Reports.TC_Admission_Register_Report"/>
  <testcase name="loginToappWithrequiredCredentials" time="0.001" classname="com.test.automation.uiAutomation.admission.TC_Reports.TC_Admission_Register_Report">
    <skipped/>
  </testcase> <!-- loginToappWithrequiredCredentials -->
  <testcase name="tcSelectStudentForAdmissionRegisterReport_PresentStudent" time="1.392" classname="com.test.automation.uiAutomation.admission.TC_Reports.TC_Admission_Register_Report"/>
  <testcase name="tcClickOnCancel_ForDeactiveStudent" time="10.470" classname="com.test.automation.uiAutomation.admission.TC_Reports.TC_Admission_Register_Report"/>
  <testcase name="tcClickOnCancel" time="10.508" classname="com.test.automation.uiAutomation.admission.TC_Reports.TC_Admission_Register_Report"/>
  <testcase name="tcSelectAcademicYearForAdmissionRegister_LeftStudent" time="1.446" classname="com.test.automation.uiAutomation.admission.TC_Reports.TC_Admission_Register_Report"/>
  <testcase name="tcVerifyStudent_ForAdmissionRegisterReportInGrid_PresentStudent" time="0.316" classname="com.test.automation.uiAutomation.admission.TC_Reports.TC_Admission_Register_Report"/>
  <testcase name="tcSelectStudentDetailsData" time="6.315" classname="com.test.automation.uiAutomation.admission.TC_Reports.TC_Admission_Register_Report"/>
  <testcase name="tcSelectClass_ForAdmissionRegisterReport_NewAdmission" time="1.426" classname="com.test.automation.uiAutomation.admission.TC_Reports.TC_Admission_Register_Report"/>
  <testcase name="tcMaximizeAdmissionRegisterReportStudentList" time="1.339" classname="com.test.automation.uiAutomation.admission.TC_Reports.TC_Admission_Register_Report"/>
  <testcase name="loginToappWithrequiredCredentials" time="20.057" classname="com.test.automation.uiAutomation.admission.TC_Reports.TC_Admission_Register_Report"/>
  <testcase name="tcSearchWithAdmissionNumber_AdmissionRegisterReportStudentList_PresentStudent" time="1.957" classname="com.test.automation.uiAutomation.admission.TC_Reports.TC_Admission_Register_Report"/>
  <testcase name="tcSelectStudentForAdmissionRegisterReport_DeactiveStudent" time="1.380" classname="com.test.automation.uiAutomation.admission.TC_Reports.TC_Admission_Register_Report"/>
</testsuite> <!-- com.test.automation.uiAutomation.admission.TC_Reports.TC_Admission_Register_Report -->
