<?xml version="1.0" encoding="UTF-8"?>
<!-- Generated by org.testng.reporters.JUnitReportReporter -->
<testsuite name="com.test.automation.uiAutomation.admission.TC_Masters_Master_Class" tests="53" time="256.747" ignored="0" failures="0" timestamp="31 Jan 2018 09:59:29 GMT" skipped="4" hostname="DESKTOP-DISLHD4" errors="0">
  <testcase name="tcEnterMasterClassRequiredFormData_AfterClear" time="1.244" classname="com.test.automation.uiAutomation.admission.TC_Masters_Master_Class"/>
  <testcase name="tcClickOnOkSuccessButton_deactivateCancel" time="2.870" classname="com.test.automation.uiAutomation.admission.TC_Masters_Master_Class"/>
  <testcase name="tcClickOnOkSuccessButton_activateCancel" time="2.343" classname="com.test.automation.uiAutomation.admission.TC_Masters_Master_Class"/>
  <testcase name="tcSortByClasName" time="3.645" classname="com.test.automation.uiAutomation.admission.TC_Masters_Master_Class"/>
  <testcase name="tcNavigateToAdmission_Masters_MasterClass_BGHS" time="1.338" classname="com.test.automation.uiAutomation.admission.TC_Masters_Master_Class"/>
  <testcase name="tcClickOnSetOrder_AfterClose" time="0.393" classname="com.test.automation.uiAutomation.admission.TC_Masters_Master_Class"/>
  <testcase name="tcSearchWithClassName_ForActivate" time="3.768" classname="com.test.automation.uiAutomation.admission.TC_Masters_Master_Class"/>
  <testcase name="tcYesDeleteOrDeactivateOrActivateIt_Activate" time="15.373" classname="com.test.automation.uiAutomation.admission.TC_Masters_Master_Class"/>
  <testcase name="tcHomeButtonValidation" time="4.216" classname="com.test.automation.uiAutomation.admission.TC_Masters_Master_Class"/>
  <testcase name="tcSelectMaximumAgeForClass" time="7.122" classname="com.test.automation.uiAutomation.admission.TC_Masters_Master_Class"/>
  <testcase name="loginToappWithrequiredCredentials" time="0.000" classname="com.test.automation.uiAutomation.admission.TC_Masters_Master_Class">
    <skipped/>
  </testcase> <!-- loginToappWithrequiredCredentials -->
  <testcase name="tcEnterMasterClassRequiredFormData" time="1.549" classname="com.test.automation.uiAutomation.admission.TC_Masters_Master_Class"/>
  <testcase name="tcClickOnSetOrder" time="0.403" classname="com.test.automation.uiAutomation.admission.TC_Masters_Master_Class"/>
  <testcase name="tcMaximizeMasterClass" time="1.362" classname="com.test.automation.uiAutomation.admission.TC_Masters_Master_Class"/>
  <testcase name="tcActivateMasterClass_AfterCancel" time="5.446" classname="com.test.automation.uiAutomation.admission.TC_Masters_Master_Class"/>
  <testcase name="tcSubmitBlankMasterClassForm" time="3.428" classname="com.test.automation.uiAutomation.admission.TC_Masters_Master_Class"/>
  <testcase name="tcSearchWithClassName_ForEdit" time="3.731" classname="com.test.automation.uiAutomation.admission.TC_Masters_Master_Class"/>
  <testcase name="tcSetClassOrder" time="11.110" classname="com.test.automation.uiAutomation.admission.TC_Masters_Master_Class"/>
  <testcase name="tcDeactivateMasterClass_AfterCancel" time="5.432" classname="com.test.automation.uiAutomation.admission.TC_Masters_Master_Class"/>
  <testcase name="loginToappWithrequiredCredentials" time="0.001" classname="com.test.automation.uiAutomation.admission.TC_Masters_Master_Class">
    <skipped/>
  </testcase> <!-- loginToappWithrequiredCredentials -->
  <testcase name="tcMinimizeMasterClassList" time="0.373" classname="com.test.automation.uiAutomation.admission.TC_Masters_Master_Class"/>
  <testcase name="tcYesDeleteOrDeactivateOrActivateIt_deactivate" time="15.419" classname="com.test.automation.uiAutomation.admission.TC_Masters_Master_Class"/>
  <testcase name="tcSelectMinimumAgeForClass_AfterClear" time="7.226" classname="com.test.automation.uiAutomation.admission.TC_Masters_Master_Class"/>
  <testcase name="tcMaximizeMasterClassList" time="0.346" classname="com.test.automation.uiAutomation.admission.TC_Masters_Master_Class"/>
  <testcase name="tcActivateMasterClass" time="5.458" classname="com.test.automation.uiAutomation.admission.TC_Masters_Master_Class"/>
  <testcase name="tcClickOnOkSuccessButton_SearchDeactivate" time="2.341" classname="com.test.automation.uiAutomation.admission.TC_Masters_Master_Class"/>
  <testcase name="tcClickOnCancelButton_activate" time="15.358" classname="com.test.automation.uiAutomation.admission.TC_Masters_Master_Class"/>
  <testcase name="loginToappWithrequiredCredentials" time="22.713" classname="com.test.automation.uiAutomation.admission.TC_Masters_Master_Class"/>
  <testcase name="tcClickOnOkSuccessButton_deactivate" time="2.338" classname="com.test.automation.uiAutomation.admission.TC_Masters_Master_Class"/>
  <testcase name="tcClickOnOkSuccessButton_edit" time="2.354" classname="com.test.automation.uiAutomation.admission.TC_Masters_Master_Class"/>
  <testcase name="tcClickOnCancelButton_deactivate" time="15.363" classname="com.test.automation.uiAutomation.admission.TC_Masters_Master_Class"/>
  <testcase name="tcSearchWithClassName" time="3.801" classname="com.test.automation.uiAutomation.admission.TC_Masters_Master_Class"/>
  <testcase name="tcSelectMinimumAgeForClass" time="7.476" classname="com.test.automation.uiAutomation.admission.TC_Masters_Master_Class"/>
  <testcase name="loginToappWithrequiredCredentials" time="0.000" classname="com.test.automation.uiAutomation.admission.TC_Masters_Master_Class">
    <skipped/>
  </testcase> <!-- loginToappWithrequiredCredentials -->
  <testcase name="tcClickOnOkSuccessButton_search" time="2.334" classname="com.test.automation.uiAutomation.admission.TC_Masters_Master_Class"/>
  <testcase name="tcClickOnOkSuccessButton" time="2.350" classname="com.test.automation.uiAutomation.admission.TC_Masters_Master_Class"/>
  <testcase name="tcSetClassOrder_AfterClose" time="0.449" classname="com.test.automation.uiAutomation.admission.TC_Masters_Master_Class"/>
  <testcase name="loginToappWithrequiredCredentials" time="0.002" classname="com.test.automation.uiAutomation.admission.TC_Masters_Master_Class">
    <skipped/>
  </testcase> <!-- loginToappWithrequiredCredentials -->
  <testcase name="tcClickOnOkSuccessButton_SearchActivate" time="2.321" classname="com.test.automation.uiAutomation.admission.TC_Masters_Master_Class"/>
  <testcase name="tcClickSearchResetButton" time="0.399" classname="com.test.automation.uiAutomation.admission.TC_Masters_Master_Class"/>
  <testcase name="tcSaveSetClassOrderPopUpWindow" time="10.922" classname="com.test.automation.uiAutomation.admission.TC_Masters_Master_Class"/>
  <testcase name="tcClickOnSaveButton_edit" time="10.445" classname="com.test.automation.uiAutomation.admission.TC_Masters_Master_Class"/>
  <testcase name="tcSelectMaximumAgeForClass_AfterClear" time="7.624" classname="com.test.automation.uiAutomation.admission.TC_Masters_Master_Class"/>
  <testcase name="tcClickOnOkSuccessButton_Searchedit" time="2.339" classname="com.test.automation.uiAutomation.admission.TC_Masters_Master_Class"/>
  <testcase name="tcClickOnOkSuccessButton_activate" time="2.342" classname="com.test.automation.uiAutomation.admission.TC_Masters_Master_Class"/>
  <testcase name="tcCloseSetClassOrderPopUpWindow" time="0.413" classname="com.test.automation.uiAutomation.admission.TC_Masters_Master_Class"/>
  <testcase name="tcMinimizeMasterClass" time="1.349" classname="com.test.automation.uiAutomation.admission.TC_Masters_Master_Class"/>
  <testcase name="tcClickOnClearButton" time="10.549" classname="com.test.automation.uiAutomation.admission.TC_Masters_Master_Class"/>
  <testcase name="tcClickOnSaveButton" time="11.599" classname="com.test.automation.uiAutomation.admission.TC_Masters_Master_Class"/>
  <testcase name="tcDeactivateMasterClass" time="5.461" classname="com.test.automation.uiAutomation.admission.TC_Masters_Master_Class"/>
  <testcase name="tcEditMasterClass" time="5.391" classname="com.test.automation.uiAutomation.admission.TC_Masters_Master_Class"/>
  <testcase name="tcSearchWithClassName_ForDeactivate" time="3.784" classname="com.test.automation.uiAutomation.admission.TC_Masters_Master_Class"/>
  <testcase name="tcVerifyMasters_MasterClass_BGHSPage" time="1.334" classname="com.test.automation.uiAutomation.admission.TC_Masters_Master_Class"/>
</testsuite> <!-- com.test.automation.uiAutomation.admission.TC_Masters_Master_Class -->
