<?xml version="1.0" encoding="UTF-8"?>
<!-- Generated by org.testng.reporters.JUnitReportReporter -->
<testsuite name="com.test.automation.uiAutomation.preadmission.TC_PreAdmissionEnquiry" tests="20" time="194.232" ignored="0" failures="0" timestamp="22 Dec 2017 10:01:53 GMT" skipped="5" hostname="vaps-PC" errors="0">
  <testcase name="loginToappWithrequiredCredentials" time="0.006" classname="com.test.automation.uiAutomation.preadmission.TC_PreAdmissionEnquiry">
    <skipped/>
  </testcase> <!-- loginToappWithrequiredCredentials -->
  <testcase name="loginToappWithrequiredCredentials" time="0.064" classname="com.test.automation.uiAutomation.preadmission.TC_PreAdmissionEnquiry">
    <skipped/>
  </testcase> <!-- loginToappWithrequiredCredentials -->
  <testcase name="clickOnSaveForEnquiryFormSubmitAfterEdit" time="5.985" classname="com.test.automation.uiAutomation.preadmission.TC_PreAdmissionEnquiry"/>
  <testcase name="verifySuccessfulMessage" time="5.087" classname="com.test.automation.uiAutomation.preadmission.TC_PreAdmissionEnquiry"/>
  <testcase name="tcSortByNameHeader" time="3.333" classname="com.test.automation.uiAutomation.preadmission.TC_PreAdmissionEnquiry"/>
  <testcase name="tcVerifyStudentNameInEnquiryGrid" time="31.483" classname="com.test.automation.uiAutomation.preadmission.TC_PreAdmissionEnquiry"/>
  <testcase name="loginToappWithrequiredCredentials" time="21.522" classname="com.test.automation.uiAutomation.preadmission.TC_PreAdmissionEnquiry"/>
  <testcase name="clickOnSaveForEnquiryFormSubmit" time="7.677" classname="com.test.automation.uiAutomation.preadmission.TC_PreAdmissionEnquiry"/>
  <testcase name="tcSortByEnquiryNo" time="3.516" classname="com.test.automation.uiAutomation.preadmission.TC_PreAdmissionEnquiry"/>
  <testcase name="verifySuccessfulMessageAfterEdit" time="4.816" classname="com.test.automation.uiAutomation.preadmission.TC_PreAdmissionEnquiry"/>
  <testcase name="enquiryForAdmission" time="28.383" classname="com.test.automation.uiAutomation.preadmission.TC_PreAdmissionEnquiry"/>
  <testcase name="navigateToenquiryForAdmission" time="10.703" classname="com.test.automation.uiAutomation.preadmission.TC_PreAdmissionEnquiry"/>
  <testcase name="tcSearchByStudentNameforStudentEnquiryFromFordelete" time="3.762" classname="com.test.automation.uiAutomation.preadmission.TC_PreAdmissionEnquiry"/>
  <testcase name="enquiryForAdmission" time="0.009" classname="com.test.automation.uiAutomation.preadmission.TC_PreAdmissionEnquiry">
    <skipped/>
  </testcase> <!-- enquiryForAdmission -->
  <testcase name="tcEdit_EnquiryForm" time="33.086" classname="com.test.automation.uiAutomation.preadmission.TC_PreAdmissionEnquiry"/>
  <testcase name="loginToappWithrequiredCredentials" time="0.010" classname="com.test.automation.uiAutomation.preadmission.TC_PreAdmissionEnquiry">
    <skipped/>
  </testcase> <!-- loginToappWithrequiredCredentials -->
  <testcase name="tcDelete_EnquiryForm" time="21.718" classname="com.test.automation.uiAutomation.preadmission.TC_PreAdmissionEnquiry"/>
  <testcase name="tcConfirmationForDeletion" time="9.328" classname="com.test.automation.uiAutomation.preadmission.TC_PreAdmissionEnquiry"/>
  <testcase name="tcSearchByStudentNameforStudentEnquiryFrom" time="3.734" classname="com.test.automation.uiAutomation.preadmission.TC_PreAdmissionEnquiry"/>
  <testcase name="loginToappWithrequiredCredentials" time="0.010" classname="com.test.automation.uiAutomation.preadmission.TC_PreAdmissionEnquiry">
    <skipped/>
  </testcase> <!-- loginToappWithrequiredCredentials -->
</testsuite> <!-- com.test.automation.uiAutomation.preadmission.TC_PreAdmissionEnquiry -->
