<?xml version="1.0" encoding="UTF-8"?>
<!-- Generated by org.testng.reporters.JUnitReportReporter -->
<testsuite name="com.test.automation.uiAutomation.admission.masters.TC_Masters_Section_Allotment" tests="124" time="802.661" ignored="0" failures="2" timestamp="11 Apr 2018 08:03:17 GMT" skipped="4" hostname="DESKTOP-DISLHD4" errors="0">
  <testcase name="tcSubmitBlankUpdateRollNumberForm" time="0.782" classname="com.test.automation.uiAutomation.admission.masters.TC_Masters_Section_Allotment"/>
  <testcase name="tcSelectStudentFor_YearLossStudent_AfterClear" time="0.364" classname="com.test.automation.uiAutomation.admission.masters.TC_Masters_Section_Allotment"/>
  <testcase name="tcFillUpdateRollNumberAllotmentForm_ForOutputGridValidation" time="8.942" classname="com.test.automation.uiAutomation.admission.masters.TC_Masters_Section_Allotment"/>
  <testcase name="tcFillDeleteSectionFormToSelectStudentData_After_Clear" time="6.836" classname="com.test.automation.uiAutomation.admission.masters.TC_Masters_Section_Allotment"/>
  <testcase name="tcVerifyStudentForSectionChange_MovedToSectionChangeTable_AfterClear" time="20.323" classname="com.test.automation.uiAutomation.admission.masters.TC_Masters_Section_Allotment"/>
  <testcase name="tcSaveSectionPromotion_Final" time="10.415" classname="com.test.automation.uiAutomation.admission.masters.TC_Masters_Section_Allotment"/>
  <testcase name="tcFillNewSectionAllotmentForm_AfterDelete" time="11.241" classname="com.test.automation.uiAutomation.admission.masters.TC_Masters_Section_Allotment"/>
  <testcase name="tcSubmitDeleteSectionForm_Final" time="15.611" classname="com.test.automation.uiAutomation.admission.masters.TC_Masters_Section_Allotment"/>
  <testcase name="tcClickOnOkSuccessButton_NewSection" time="2.388" classname="com.test.automation.uiAutomation.admission.masters.TC_Masters_Section_Allotment"/>
  <testcase name="tcFillDeleteSectionFormToSelectStudentData" time="7.060" classname="com.test.automation.uiAutomation.admission.masters.TC_Masters_Section_Allotment"/>
  <testcase name="tcFillNewSectionAllotmentForm" time="12.889" classname="com.test.automation.uiAutomation.admission.masters.TC_Masters_Section_Allotment"/>
  <testcase name="tcMaximizeUpdateRollNumber" time="1.366" classname="com.test.automation.uiAutomation.admission.masters.TC_Masters_Section_Allotment"/>
  <testcase name="tcFillPromotionSectionAllotmentForm_AfterClear" time="17.644" classname="com.test.automation.uiAutomation.admission.masters.TC_Masters_Section_Allotment"/>
  <testcase name="tcMoveSelectedStudentForYearLossSection_AfterClear" time="3.737" classname="com.test.automation.uiAutomation.admission.masters.TC_Masters_Section_Allotment"/>
  <testcase name="tcClickOnOkSuccessButton" time="2.363" classname="com.test.automation.uiAutomation.admission.masters.TC_Masters_Section_Allotment"/>
  <testcase name="tcMinimizeNewSection" time="1.388" classname="com.test.automation.uiAutomation.admission.masters.TC_Masters_Section_Allotment"/>
  <testcase name="tcSelectStudentForSectionAllotment_AfterClear" time="0.323" classname="com.test.automation.uiAutomation.admission.masters.TC_Masters_Section_Allotment"/>
  <testcase name="tcSearchWithStudentNameInThe_ChangeSectionGrid" time="0.557" classname="com.test.automation.uiAutomation.admission.masters.TC_Masters_Section_Allotment"/>
  <testcase name="tcSelectStudentForSection_Change" time="0.364" classname="com.test.automation.uiAutomation.admission.masters.TC_Masters_Section_Allotment"/>
  <testcase name="tcSaveSectionChange_Final" time="10.400" classname="com.test.automation.uiAutomation.admission.masters.TC_Masters_Section_Allotment"/>
  <testcase name="tcClickOnOkSuccessButton_PromotionSection" time="2.386" classname="com.test.automation.uiAutomation.admission.masters.TC_Masters_Section_Allotment"/>
  <testcase name="tcMinimizeUpdateRollNumber" time="1.336" classname="com.test.automation.uiAutomation.admission.masters.TC_Masters_Section_Allotment"/>
  <testcase name="tcFillChangeSectionAllotmentForm_AfterClear" time="15.800" classname="com.test.automation.uiAutomation.admission.masters.TC_Masters_Section_Allotment"/>
  <testcase name="tcSaveSectionPromotion_SubmitBlankForm" time="10.433" classname="com.test.automation.uiAutomation.admission.masters.TC_Masters_Section_Allotment"/>
  <testcase name="tcNevigateToPromotionSection_GridUpdateCheck" time="3.516" classname="com.test.automation.uiAutomation.admission.masters.TC_Masters_Section_Allotment"/>
  <testcase name="loginToappWithrequiredCredentials" time="0.000" classname="com.test.automation.uiAutomation.admission.masters.TC_Masters_Section_Allotment">
    <skipped/>
  </testcase> <!-- loginToappWithrequiredCredentials -->
  <testcase name="tcFillYearLossSectionAllotmentForm__AfterFinalSubmition" time="12.138" classname="com.test.automation.uiAutomation.admission.masters.TC_Masters_Section_Allotment"/>
  <testcase name="tcMoveSelectedStudentForSectionPromotion_AfterClear" time="3.498" classname="com.test.automation.uiAutomation.admission.masters.TC_Masters_Section_Allotment"/>
  <testcase name="tcVerifyStudentIn_DeleteSectionAllotedGrid" time="20.292" classname="com.test.automation.uiAutomation.admission.masters.TC_Masters_Section_Allotment"/>
  <testcase name="tcSearchStudentToValidateUpdatedYearLossStudentInGrid" time="1.481" classname="com.test.automation.uiAutomation.admission.masters.TC_Masters_Section_Allotment"/>
  <testcase name="tcVerifyStudentForSectionAllotment_MovedToSectionAllotmentTable_AfterDelete" time="20.293" classname="com.test.automation.uiAutomation.admission.masters.TC_Masters_Section_Allotment"/>
  <testcase name="tcFillPromotionSectionAllotmentForm_ForSearchUpdatedInfrid" time="17.459" classname="com.test.automation.uiAutomation.admission.masters.TC_Masters_Section_Allotment"/>
  <testcase name="tcFillYearLossSectionAllotmentForm_AfterClear" time="15.756" classname="com.test.automation.uiAutomation.admission.masters.TC_Masters_Section_Allotment"/>
  <testcase name="tcSubmitBlankYearLossSectionForm" time="10.427" classname="com.test.automation.uiAutomation.admission.masters.TC_Masters_Section_Allotment"/>
  <testcase name="tcFillUpdateRollNumberAllotmentForm_AfterClear" time="9.082" classname="com.test.automation.uiAutomation.admission.masters.TC_Masters_Section_Allotment"/>
  <testcase name="tcMaximizeSectionAllotedStudentList" time="1.341" classname="com.test.automation.uiAutomation.admission.masters.TC_Masters_Section_Allotment"/>
  <testcase name="tcNavigateToAdmission_Masters_SectionAllotment_BGHS" time="2.803" classname="com.test.automation.uiAutomation.admission.masters.TC_Masters_Section_Allotment"/>
  <testcase name="tcFillDeleteSectionFormToSelectStudentData_After_WithoutSelectingStudentAction" time="7.055" classname="com.test.automation.uiAutomation.admission.masters.TC_Masters_Section_Allotment"/>
  <testcase name="tcSelectStudentForSection_Promotion_AfterClear" time="2.219" classname="com.test.automation.uiAutomation.admission.masters.TC_Masters_Section_Allotment"/>
  <testcase name="tcVerifyStudentForSectionPromotion_MovedToSectionPromotionTable_AfterClear" time="0.314" classname="com.test.automation.uiAutomation.admission.masters.TC_Masters_Section_Allotment"/>
  <testcase name="tcClickOnOkSuccessButton_DeleteSection" time="0.297" classname="com.test.automation.uiAutomation.admission.masters.TC_Masters_Section_Allotment"/>
  <testcase name="tcMinimizeAllotStudentToSection" time="1.397" classname="com.test.automation.uiAutomation.admission.masters.TC_Masters_Section_Allotment"/>
  <testcase name="tcVerifyStudentAdmissionNumberInTheGrid" time="20.310" classname="com.test.automation.uiAutomation.admission.masters.TC_Masters_Section_Allotment"/>
  <testcase name="tcFillNewSectionAllotmentForm_AfterClear" time="11.413" classname="com.test.automation.uiAutomation.admission.masters.TC_Masters_Section_Allotment"/>
  <testcase name="tcSaveSectionChange_SubmitBlankSectionChangeForm" time="10.381" classname="com.test.automation.uiAutomation.admission.masters.TC_Masters_Section_Allotment"/>
  <testcase name="tcSubmitDeleteSectionForm_Blank" time="15.416" classname="com.test.automation.uiAutomation.admission.masters.TC_Masters_Section_Allotment"/>
  <testcase name="tcFillChangeSectionAllotmentForm_ForSectionChangeGridUpdate" time="15.343" classname="com.test.automation.uiAutomation.admission.masters.TC_Masters_Section_Allotment"/>
  <testcase name="tcSubmitBlankNewSectionAllotmentForm" time="0.326" classname="com.test.automation.uiAutomation.admission.masters.TC_Masters_Section_Allotment"/>
  <testcase name="tcVerifyUpdatedRollNumberForTheStudentInGrid" time="0.362" classname="com.test.automation.uiAutomation.admission.masters.TC_Masters_Section_Allotment"/>
  <testcase name="tcMoveSelectedStudentForSectionChange" time="3.439" classname="com.test.automation.uiAutomation.admission.masters.TC_Masters_Section_Allotment"/>
  <testcase name="tcSearchWithStudentNameInThe_DeleteSectionGrid" time="1.461" classname="com.test.automation.uiAutomation.admission.masters.TC_Masters_Section_Allotment"/>
  <testcase name="tcClickOnOkSuccessButton_NewSection_AfterDelete" time="0.287" classname="com.test.automation.uiAutomation.admission.masters.TC_Masters_Section_Allotment"/>
  <testcase name="tcVerifyStudentForSectionChange_MovedToSectionChangeTable" time="20.286" classname="com.test.automation.uiAutomation.admission.masters.TC_Masters_Section_Allotment"/>
  <testcase name="tcSearchWithStudentNameInNewSectionGrid" time="0.585" classname="com.test.automation.uiAutomation.admission.masters.TC_Masters_Section_Allotment"/>
  <testcase name="tcFillChangeSectionAllotmentForm" time="15.740" classname="com.test.automation.uiAutomation.admission.masters.TC_Masters_Section_Allotment"/>
  <testcase name="tcMaximizeNewSection" time="1.363" classname="com.test.automation.uiAutomation.admission.masters.TC_Masters_Section_Allotment"/>
  <testcase name="tcNavigateToUpdateRollNumber" time="3.452" classname="com.test.automation.uiAutomation.admission.masters.TC_Masters_Section_Allotment"/>
  <testcase name="loginToappWithrequiredCredentials" time="0.002" classname="com.test.automation.uiAutomation.admission.masters.TC_Masters_Section_Allotment">
    <skipped/>
  </testcase> <!-- loginToappWithrequiredCredentials -->
  <testcase name="tcMinimizeSectionAllotedStudentList" time="1.363" classname="com.test.automation.uiAutomation.admission.masters.TC_Masters_Section_Allotment"/>
  <testcase name="tcMoveSelectedStudentForSectionAllotment_AfterDelete" time="1.369" classname="com.test.automation.uiAutomation.admission.masters.TC_Masters_Section_Allotment"/>
  <testcase name="tcSelectStudentForSectionAllotment" time="0.311" classname="com.test.automation.uiAutomation.admission.masters.TC_Masters_Section_Allotment"/>
  <testcase name="tcClearNewSectionAllotmemntForm" time="1.367" classname="com.test.automation.uiAutomation.admission.masters.TC_Masters_Section_Allotment"/>
  <testcase name="tcMoveSelectedStudentForYearLossSection" time="3.432" classname="com.test.automation.uiAutomation.admission.masters.TC_Masters_Section_Allotment"/>
  <testcase name="tcClearUpdateRollNumberData" time="5.402" classname="com.test.automation.uiAutomation.admission.masters.TC_Masters_Section_Allotment"/>
  <testcase name="tcSearchStudentToUpdateRollNumber" time="1.442" classname="com.test.automation.uiAutomation.admission.masters.TC_Masters_Section_Allotment"/>
  <testcase name="tcNevigateToChangeSection" time="3.525" classname="com.test.automation.uiAutomation.admission.masters.TC_Masters_Section_Allotment"/>
  <testcase name="tcClearSectionChangeFilledData" time="5.371" classname="com.test.automation.uiAutomation.admission.masters.TC_Masters_Section_Allotment"/>
  <testcase name="tcSaveNewSectionAllotmemntForm_AfterDelete" time="20.380" classname="com.test.automation.uiAutomation.admission.masters.TC_Masters_Section_Allotment"/>
  <testcase name="loginToappWithrequiredCredentials" time="20.045" classname="com.test.automation.uiAutomation.admission.masters.TC_Masters_Section_Allotment"/>
  <testcase name="tcClearYearLossSectionData" time="5.416" classname="com.test.automation.uiAutomation.admission.masters.TC_Masters_Section_Allotment"/>
  <testcase name="tcClearfilledDeleteSectionForm" time="5.385" classname="com.test.automation.uiAutomation.admission.masters.TC_Masters_Section_Allotment"/>
  <testcase name="tcClickOnOkSuccessButton_ChangeSection" time="0.298" classname="com.test.automation.uiAutomation.admission.masters.TC_Masters_Section_Allotment"/>
  <testcase name="tcVerifyStudentIn_PromotedStudentGrid" time="20.317" classname="com.test.automation.uiAutomation.admission.masters.TC_Masters_Section_Allotment"/>
  <testcase name="tcMaximizeUpdateRollNumberStudentList" time="1.351" classname="com.test.automation.uiAutomation.admission.masters.TC_Masters_Section_Allotment"/>
  <testcase name="tcSubmitDeleteSectionForm_WithoutSelectingStudent" time="15.682" classname="com.test.automation.uiAutomation.admission.masters.TC_Masters_Section_Allotment"/>
  <testcase name="tcSelectStudentFor_YearLossStudent" time="0.374" classname="com.test.automation.uiAutomation.admission.masters.TC_Masters_Section_Allotment"/>
  <testcase name="tcSaveYearLossSection" time="10.380" classname="com.test.automation.uiAutomation.admission.masters.TC_Masters_Section_Allotment"/>
  <testcase name="tcFillDeleteSectionFormToSelectStudentData_ForSearchValidation" time="6.990" classname="com.test.automation.uiAutomation.admission.masters.TC_Masters_Section_Allotment"/>
  <testcase name="tcClickOnOkSuccessButton_updateRoll" time="2.348" classname="com.test.automation.uiAutomation.admission.masters.TC_Masters_Section_Allotment"/>
  <testcase name="tcFillNewSectionAllotmentForm_ForSearch" time="11.214" classname="com.test.automation.uiAutomation.admission.masters.TC_Masters_Section_Allotment"/>
  <testcase name="tcVerifyStudentFor_YearLossStudent_MovedTo_YearLossStudentTable_AfterClear" time="20.261" classname="com.test.automation.uiAutomation.admission.masters.TC_Masters_Section_Allotment"/>
  <testcase name="tcMinimizeUpdateRollNumberStudentList" time="1.377" classname="com.test.automation.uiAutomation.admission.masters.TC_Masters_Section_Allotment"/>
  <testcase name="tcClickOnOkSuccessButton_DeleteSection_WithoutStuSelection" time="0.282" classname="com.test.automation.uiAutomation.admission.masters.TC_Masters_Section_Allotment"/>
  <testcase name="tcSortByStudentNameInGrid" time="1.645" classname="com.test.automation.uiAutomation.admission.masters.TC_Masters_Section_Allotment"/>
  <testcase name="tcNevigateToDeleteSection_After_SectionDelete" time="3.469" classname="com.test.automation.uiAutomation.admission.masters.TC_Masters_Section_Allotment"/>
  <testcase name="tcSortByStudentNameInUpdatedRollNumberGrid" time="1.661" classname="com.test.automation.uiAutomation.admission.masters.TC_Masters_Section_Allotment"/>
  <testcase name="tcVerifyStudentIn_ChangeSectionAllotedGrid" time="0.039" classname="com.test.automation.uiAutomation.admission.masters.TC_Masters_Section_Allotment">
    <failure type="java.lang.AssertionError" message="expected [3213213213] but found []">
      <![CDATA[java.lang.AssertionError: expected [3213213213] but found []
	at org.testng.Assert.fail(Assert.java:94)
	at org.testng.Assert.failNotEquals(Assert.java:513)
	at org.testng.Assert.assertEqualsImpl(Assert.java:135)
	at org.testng.Assert.assertEquals(Assert.java:116)
	at org.testng.Assert.assertEquals(Assert.java:190)
	at org.testng.Assert.assertEquals(Assert.java:200)
	at com.test.automation.uiAutomation.Admission.Masters.Masters_Section_Allotment.verifyStudentIn_ChangeSectionAllotedGrid(Masters_Section_Allotment.java:1053)
	at com.test.automation.uiAutomation.admission.masters.TC_Masters_Section_Allotment.tcVerifyStudentIn_ChangeSectionAllotedGrid(TC_Masters_Section_Allotment.java:1184)
	at sun.reflect.NativeMethodAccessorImpl.invoke0(Native Method)
	at sun.reflect.NativeMethodAccessorImpl.invoke(Unknown Source)
	at sun.reflect.DelegatingMethodAccessorImpl.invoke(Unknown Source)
	at java.lang.reflect.Method.invoke(Unknown Source)
	at org.testng.internal.MethodInvocationHelper.invokeMethod(MethodInvocationHelper.java:104)
	at org.testng.internal.Invoker.invokeMethod(Invoker.java:645)
	at org.testng.internal.Invoker.invokeTestMethod(Invoker.java:851)
	at org.testng.internal.Invoker.invokeTestMethods(Invoker.java:1177)
	at org.testng.internal.TestMethodWorker.invokeTestMethods(TestMethodWorker.java:129)
	at org.testng.internal.TestMethodWorker.run(TestMethodWorker.java:112)
	at org.testng.TestRunner.privateRun(TestRunner.java:756)
	at org.testng.TestRunner.run(TestRunner.java:610)
	at org.testng.SuiteRunner.runTest(SuiteRunner.java:387)
	at org.testng.SuiteRunner.runSequentially(SuiteRunner.java:382)
	at org.testng.SuiteRunner.privateRun(SuiteRunner.java:340)
	at org.testng.SuiteRunner.run(SuiteRunner.java:289)
	at org.testng.SuiteRunnerWorker.runSuite(SuiteRunnerWorker.java:52)
	at org.testng.SuiteRunnerWorker.run(SuiteRunnerWorker.java:86)
	at org.testng.TestNG.runSuitesSequentially(TestNG.java:1293)
	at org.testng.TestNG.runSuitesLocally(TestNG.java:1218)
	at org.testng.TestNG.runSuites(TestNG.java:1133)
	at org.testng.TestNG.run(TestNG.java:1104)
	at org.testng.remote.AbstractRemoteTestNG.run(AbstractRemoteTestNG.java:132)
	at org.testng.remote.RemoteTestNG.initAndRun(RemoteTestNG.java:230)
	at org.testng.remote.RemoteTestNG.main(RemoteTestNG.java:76)
]]>
    </failure>
  </testcase> <!-- tcVerifyStudentIn_ChangeSectionAllotedGrid -->
  <testcase name="tcMaximizeUpdatedRollNumberInGrid" time="1.364" classname="com.test.automation.uiAutomation.admission.masters.TC_Masters_Section_Allotment"/>
  <testcase name="tcSaveUpdateRollNumber" time="10.394" classname="com.test.automation.uiAutomation.admission.masters.TC_Masters_Section_Allotment"/>
  <testcase name="tcSaveNewSectionAllotmemntForm" time="20.441" classname="com.test.automation.uiAutomation.admission.masters.TC_Masters_Section_Allotment"/>
  <testcase name="tcNevigateToDeleteSection_After_WithoutSelectingStudentAction" time="3.396" classname="com.test.automation.uiAutomation.admission.masters.TC_Masters_Section_Allotment"/>
  <testcase name="tcSelectStudentToDeleteSection" time="0.362" classname="com.test.automation.uiAutomation.admission.masters.TC_Masters_Section_Allotment"/>
  <testcase name="tcVerifyStudentFor_YearLossStudent_MovedTo_YearLossStudentTable" time="20.309" classname="com.test.automation.uiAutomation.admission.masters.TC_Masters_Section_Allotment"/>
  <testcase name="tcMoveSelectedStudentForSectionPromotion" time="3.476" classname="com.test.automation.uiAutomation.admission.masters.TC_Masters_Section_Allotment"/>
  <testcase name="tcSearchStudentToUpdateRollNumber_AfterClear" time="1.465" classname="com.test.automation.uiAutomation.admission.masters.TC_Masters_Section_Allotment"/>
  <testcase name="tcNevigateToYearLossSection" time="3.577" classname="com.test.automation.uiAutomation.admission.masters.TC_Masters_Section_Allotment"/>
  <testcase name="tcMoveSelectedStudentForSectionAllotment_AfterClear" time="1.354" classname="com.test.automation.uiAutomation.admission.masters.TC_Masters_Section_Allotment"/>
  <testcase name="tcSearchWithStudentNameInThe_PromoteStudentGrid" time="0.544" classname="com.test.automation.uiAutomation.admission.masters.TC_Masters_Section_Allotment"/>
  <testcase name="tcMinimizeUpdatedRollNumberInGrid" time="1.367" classname="com.test.automation.uiAutomation.admission.masters.TC_Masters_Section_Allotment"/>
  <testcase name="tcNevigateToYearLossSection_AfterFinalSubmition" time="3.384" classname="com.test.automation.uiAutomation.admission.masters.TC_Masters_Section_Allotment"/>
  <testcase name="tcVerifyUpdatedYearLossStudentInGrid" time="0.045" classname="com.test.automation.uiAutomation.admission.masters.TC_Masters_Section_Allotment">
    <failure type="java.lang.AssertionError" message="expected [2017-002] but found []">
      <![CDATA[java.lang.AssertionError: expected [2017-002] but found []
	at org.testng.Assert.fail(Assert.java:94)
	at org.testng.Assert.failNotEquals(Assert.java:513)
	at org.testng.Assert.assertEqualsImpl(Assert.java:135)
	at org.testng.Assert.assertEquals(Assert.java:116)
	at org.testng.Assert.assertEquals(Assert.java:190)
	at org.testng.Assert.assertEquals(Assert.java:200)
	at com.test.automation.uiAutomation.Admission.Masters.Masters_Section_Allotment.verifyUpdatedYearLossStudentInGrid(Masters_Section_Allotment.java:1518)
	at com.test.automation.uiAutomation.admission.masters.TC_Masters_Section_Allotment.tcVerifyUpdatedYearLossStudentInGrid(TC_Masters_Section_Allotment.java:1777)
	at sun.reflect.NativeMethodAccessorImpl.invoke0(Native Method)
	at sun.reflect.NativeMethodAccessorImpl.invoke(Unknown Source)
	at sun.reflect.DelegatingMethodAccessorImpl.invoke(Unknown Source)
	at java.lang.reflect.Method.invoke(Unknown Source)
	at org.testng.internal.MethodInvocationHelper.invokeMethod(MethodInvocationHelper.java:104)
	at org.testng.internal.Invoker.invokeMethod(Invoker.java:645)
	at org.testng.internal.Invoker.invokeTestMethod(Invoker.java:851)
	at org.testng.internal.Invoker.invokeTestMethods(Invoker.java:1177)
	at org.testng.internal.TestMethodWorker.invokeTestMethods(TestMethodWorker.java:129)
	at org.testng.internal.TestMethodWorker.run(TestMethodWorker.java:112)
	at org.testng.TestRunner.privateRun(TestRunner.java:756)
	at org.testng.TestRunner.run(TestRunner.java:610)
	at org.testng.SuiteRunner.runTest(SuiteRunner.java:387)
	at org.testng.SuiteRunner.runSequentially(SuiteRunner.java:382)
	at org.testng.SuiteRunner.privateRun(SuiteRunner.java:340)
	at org.testng.SuiteRunner.run(SuiteRunner.java:289)
	at org.testng.SuiteRunnerWorker.runSuite(SuiteRunnerWorker.java:52)
	at org.testng.SuiteRunnerWorker.run(SuiteRunnerWorker.java:86)
	at org.testng.TestNG.runSuitesSequentially(TestNG.java:1293)
	at org.testng.TestNG.runSuitesLocally(TestNG.java:1218)
	at org.testng.TestNG.runSuites(TestNG.java:1133)
	at org.testng.TestNG.run(TestNG.java:1104)
	at org.testng.remote.AbstractRemoteTestNG.run(AbstractRemoteTestNG.java:132)
	at org.testng.remote.RemoteTestNG.initAndRun(RemoteTestNG.java:230)
	at org.testng.remote.RemoteTestNG.main(RemoteTestNG.java:76)
]]>
    </failure>
  </testcase> <!-- tcVerifyUpdatedYearLossStudentInGrid -->
  <testcase name="tcVerifyStudentForSectionAllotment_MovedToSectionAllotmentTable" time="20.300" classname="com.test.automation.uiAutomation.admission.masters.TC_Masters_Section_Allotment"/>
  <testcase name="tcVerifyStudentForSectionPromotion_MovedToSectionPromotionTable" time="0.311" classname="com.test.automation.uiAutomation.admission.masters.TC_Masters_Section_Allotment"/>
  <testcase name="tcUpdateRollNumberForTheStudent" time="20.258" classname="com.test.automation.uiAutomation.admission.masters.TC_Masters_Section_Allotment"/>
  <testcase name="tcFillPromotionSectionAllotmentForm" time="17.507" classname="com.test.automation.uiAutomation.admission.masters.TC_Masters_Section_Allotment"/>
  <testcase name="tcNavigateToUpdateRollNumber_ForGridValidation" time="3.381" classname="com.test.automation.uiAutomation.admission.masters.TC_Masters_Section_Allotment"/>
  <testcase name="tcMoveSelectedStudentForSectionAllotment" time="1.442" classname="com.test.automation.uiAutomation.admission.masters.TC_Masters_Section_Allotment"/>
  <testcase name="tcSelectStudentForSectionAllotment_AfterDelete" time="0.310" classname="com.test.automation.uiAutomation.admission.masters.TC_Masters_Section_Allotment"/>
  <testcase name="tcMoveSelectedStudentForSectionChange_AfterClear" time="3.456" classname="com.test.automation.uiAutomation.admission.masters.TC_Masters_Section_Allotment"/>
  <testcase name="tcNevigateToPromotionSection" time="3.487" classname="com.test.automation.uiAutomation.admission.masters.TC_Masters_Section_Allotment"/>
  <testcase name="tcSelectStudentForSection_Promotion" time="2.239" classname="com.test.automation.uiAutomation.admission.masters.TC_Masters_Section_Allotment"/>
  <testcase name="loginToappWithrequiredCredentials" time="0.001" classname="com.test.automation.uiAutomation.admission.masters.TC_Masters_Section_Allotment">
    <skipped/>
  </testcase> <!-- loginToappWithrequiredCredentials -->
  <testcase name="tcFillUpdateRollNumberAllotmentForm" time="8.974" classname="com.test.automation.uiAutomation.admission.masters.TC_Masters_Section_Allotment"/>
  <testcase name="tcVerifyMasters_SectionAllotment_BGHSPage" time="1.348" classname="com.test.automation.uiAutomation.admission.masters.TC_Masters_Section_Allotment"/>
  <testcase name="tcMaximizeAllotStudentToSection" time="1.373" classname="com.test.automation.uiAutomation.admission.masters.TC_Masters_Section_Allotment"/>
  <testcase name="loginToappWithrequiredCredentials" time="0.001" classname="com.test.automation.uiAutomation.admission.masters.TC_Masters_Section_Allotment">
    <skipped/>
  </testcase> <!-- loginToappWithrequiredCredentials -->
  <testcase name="tcNevigateToNewSection" time="3.468" classname="com.test.automation.uiAutomation.admission.masters.TC_Masters_Section_Allotment"/>
  <testcase name="tcNevigateToDeleteSection" time="3.485" classname="com.test.automation.uiAutomation.admission.masters.TC_Masters_Section_Allotment"/>
  <testcase name="tcSelectStudentToDeleteSection_AfterClear" time="0.337" classname="com.test.automation.uiAutomation.admission.masters.TC_Masters_Section_Allotment"/>
  <testcase name="tcSelectStudentForSection_Change_AfterClear" time="0.369" classname="com.test.automation.uiAutomation.admission.masters.TC_Masters_Section_Allotment"/>
  <testcase name="tcHomeButtonValidation" time="10.338" classname="com.test.automation.uiAutomation.admission.masters.TC_Masters_Section_Allotment"/>
  <testcase name="tcClearSectionPromotionData" time="5.681" classname="com.test.automation.uiAutomation.admission.masters.TC_Masters_Section_Allotment"/>
  <testcase name="tcUpdateRollNumberForTheStudent_AfterClear" time="20.332" classname="com.test.automation.uiAutomation.admission.masters.TC_Masters_Section_Allotment"/>
  <testcase name="tcFillYearLossSectionAllotmentForm" time="15.807" classname="com.test.automation.uiAutomation.admission.masters.TC_Masters_Section_Allotment"/>
</testsuite> <!-- com.test.automation.uiAutomation.admission.masters.TC_Masters_Section_Allotment -->
