<?xml version="1.0" encoding="UTF-8"?>
<!-- Generated by org.testng.reporters.JUnitReportReporter -->
<testsuite name="com.test.automation.uiAutomation.tcbcehsPreAdmission.Tc_Admission_Form_BCEHS_BaldwinURL" tests="60" time="462.002" ignored="0" failures="0" timestamp="06 Jan 2018 05:21:26 GMT" skipped="15" hostname="vaps-PC" errors="0">
  <testcase name="tcswitchToWindowUsingTab" time="7.497" classname="com.test.automation.uiAutomation.tcbcehsPreAdmission.Tc_Admission_Form_BCEHS_BaldwinURL"/>
  <testcase name="tcClickOnPopupCloseButtonForAddress" time="2.837" classname="com.test.automation.uiAutomation.tcbcehsPreAdmission.Tc_Admission_Form_BCEHS_BaldwinURL"/>
  <testcase name="loginToappWithrequiredCredentials" time="0.027" classname="com.test.automation.uiAutomation.tcbcehsPreAdmission.Tc_Admission_Form_BCEHS_BaldwinURL">
    <skipped/>
  </testcase> <!-- loginToappWithrequiredCredentials -->
  <testcase name="tcVerifyFatherNameInStudentListGrid" time="0.005" classname="com.test.automation.uiAutomation.tcbcehsPreAdmission.Tc_Admission_Form_BCEHS_BaldwinURL">
    <skipped/>
  </testcase> <!-- tcVerifyFatherNameInStudentListGrid -->
  <testcase name="tcSearchByFatherNameInGrid_view" time="0.009" classname="com.test.automation.uiAutomation.tcbcehsPreAdmission.Tc_Admission_Form_BCEHS_BaldwinURL">
    <skipped/>
  </testcase> <!-- tcSearchByFatherNameInGrid_view -->
  <testcase name="tcUploadfatherAndMotherPhotos" time="35.483" classname="com.test.automation.uiAutomation.tcbcehsPreAdmission.Tc_Admission_Form_BCEHS_BaldwinURL"/>
  <testcase name="enterStudentInformationFor_BCEHSPreAdmForm" time="58.119" classname="com.test.automation.uiAutomation.tcbcehsPreAdmission.Tc_Admission_Form_BCEHS_BaldwinURL"/>
  <testcase name="tcConfirmUndertakingYes" time="3.105" classname="com.test.automation.uiAutomation.tcbcehsPreAdmission.Tc_Admission_Form_BCEHS_BaldwinURL"/>
  <testcase name="tcSearchWithFatherNameInStudentListGrid_View_BCEHS_AdmissionForm" time="0.002" classname="com.test.automation.uiAutomation.tcbcehsPreAdmission.Tc_Admission_Form_BCEHS_BaldwinURL">
    <skipped/>
  </testcase> <!-- tcSearchWithFatherNameInStudentListGrid_View_BCEHS_AdmissionForm -->
  <testcase name="tcVerifyFatherNameInStudentListGrid" time="2.589" classname="com.test.automation.uiAutomation.tcbcehsPreAdmission.Tc_Admission_Form_BCEHS_BaldwinURL"/>
  <testcase name="tcPopUpValidationYesEdit" time="10.957" classname="com.test.automation.uiAutomation.tcbcehsPreAdmission.Tc_Admission_Form_BCEHS_BaldwinURL"/>
  <testcase name="loginToappWithrequiredCredentials" time="30.019" classname="com.test.automation.uiAutomation.tcbcehsPreAdmission.Tc_Admission_Form_BCEHS_BaldwinURL"/>
  <testcase name="tcClickOnSubmitButtonForFinalSubmit_AfterEdit" time="3.337" classname="com.test.automation.uiAutomation.tcbcehsPreAdmission.Tc_Admission_Form_BCEHS_BaldwinURL"/>
  <testcase name="tcSearchWithFatherNameInStudentListGrid_Edit_BCEHSForm" time="0.005" classname="com.test.automation.uiAutomation.tcbcehsPreAdmission.Tc_Admission_Form_BCEHS_BaldwinURL">
    <skipped/>
  </testcase> <!-- tcSearchWithFatherNameInStudentListGrid_Edit_BCEHSForm -->
  <testcase name="tcNavigateToAdmission_Form_BCEHS" time="8.798" classname="com.test.automation.uiAutomation.tcbcehsPreAdmission.Tc_Admission_Form_BCEHS_BaldwinURL"/>
  <testcase name="tcMonthlyIncomeDetailsBCEHS" time="10.044" classname="com.test.automation.uiAutomation.tcbcehsPreAdmission.Tc_Admission_Form_BCEHS_BaldwinURL"/>
  <testcase name="loginToappWithrequiredCredentials" time="0.017" classname="com.test.automation.uiAutomation.tcbcehsPreAdmission.Tc_Admission_Form_BCEHS_BaldwinURL">
    <skipped/>
  </testcase> <!-- loginToappWithrequiredCredentials -->
  <testcase name="tcPopUpValidationCancel" time="5.939" classname="com.test.automation.uiAutomation.tcbcehsPreAdmission.Tc_Admission_Form_BCEHS_BaldwinURL"/>
  <testcase name="tcPopUpValidationCancelForPaymentPage" time="13.782" classname="com.test.automation.uiAutomation.tcbcehsPreAdmission.Tc_Admission_Form_BCEHS_BaldwinURL"/>
  <testcase name="tcClickOnSubmitButtonForFinalSubmit" time="3.105" classname="com.test.automation.uiAutomation.tcbcehsPreAdmission.Tc_Admission_Form_BCEHS_BaldwinURL"/>
  <testcase name="tcSearchWithFatherNameInStudentListGrid_View_BCEHS_AdmissionForm_Print" time="0.002" classname="com.test.automation.uiAutomation.tcbcehsPreAdmission.Tc_Admission_Form_BCEHS_BaldwinURL">
    <skipped/>
  </testcase> <!-- tcSearchWithFatherNameInStudentListGrid_View_BCEHS_AdmissionForm_Print -->
  <testcase name="tcResidentialAndPermanentAddress" time="21.108" classname="com.test.automation.uiAutomation.tcbcehsPreAdmission.Tc_Admission_Form_BCEHS_BaldwinURL"/>
  <testcase name="loginToappWithrequiredCredentials" time="0.016" classname="com.test.automation.uiAutomation.tcbcehsPreAdmission.Tc_Admission_Form_BCEHS_BaldwinURL">
    <skipped/>
  </testcase> <!-- loginToappWithrequiredCredentials -->
  <testcase name="tcSearchWithFatherNameInStudentListGrid__PayRegistrationFee_BCEHSForm" time="0.007" classname="com.test.automation.uiAutomation.tcbcehsPreAdmission.Tc_Admission_Form_BCEHS_BaldwinURL">
    <skipped/>
  </testcase> <!-- tcSearchWithFatherNameInStudentListGrid__PayRegistrationFee_BCEHSForm -->
  <testcase name="tcSearchByFatherNameInGrid_ProspectusDownload" time="3.742" classname="com.test.automation.uiAutomation.tcbcehsPreAdmission.Tc_Admission_Form_BCEHS_BaldwinURL"/>
  <testcase name="tcClickOnSubmitButton" time="3.796" classname="com.test.automation.uiAutomation.tcbcehsPreAdmission.Tc_Admission_Form_BCEHS_BaldwinURL"/>
  <testcase name="tcSearchWithFatherNameInStudentListGrid_View_BCEHS_AdmissionForm" time="2.582" classname="com.test.automation.uiAutomation.tcbcehsPreAdmission.Tc_Admission_Form_BCEHS_BaldwinURL"/>
  <testcase name="tcSearchWithFatherNameInStudentListGrid_DownLoadProspectus_BCEHS_AdmissionForm" time="2.608" classname="com.test.automation.uiAutomation.tcbcehsPreAdmission.Tc_Admission_Form_BCEHS_BaldwinURL"/>
  <testcase name="tcVerifyFatherNameInStudentListGrid_PayRegistrationFee_BCEHSForm" time="0.013" classname="com.test.automation.uiAutomation.tcbcehsPreAdmission.Tc_Admission_Form_BCEHS_BaldwinURL">
    <skipped/>
  </testcase> <!-- tcVerifyFatherNameInStudentListGrid_PayRegistrationFee_BCEHSForm -->
  <testcase name="tcSearchWithFatherNameInStudentListGrid_View_BCEHS_AdmissionForm_Print" time="2.675" classname="com.test.automation.uiAutomation.tcbcehsPreAdmission.Tc_Admission_Form_BCEHS_BaldwinURL"/>
  <testcase name="tcSearchByFatherNameInGrid" time="3.721" classname="com.test.automation.uiAutomation.tcbcehsPreAdmission.Tc_Admission_Form_BCEHS_BaldwinURL"/>
  <testcase name="tcCloseOpenAdmissionForm" time="1.142" classname="com.test.automation.uiAutomation.tcbcehsPreAdmission.Tc_Admission_Form_BCEHS_BaldwinURL"/>
  <testcase name="tcUploadRequiredDetails" time="31.474" classname="com.test.automation.uiAutomation.tcbcehsPreAdmission.Tc_Admission_Form_BCEHS_BaldwinURL"/>
  <testcase name="tcVerifyAdmission_Form_BCEHSPage" time="3.877" classname="com.test.automation.uiAutomation.tcbcehsPreAdmission.Tc_Admission_Form_BCEHS_BaldwinURL"/>
  <testcase name="tcSiblingdetailsBCEHSPreAdm" time="14.546" classname="com.test.automation.uiAutomation.tcbcehsPreAdmission.Tc_Admission_Form_BCEHS_BaldwinURL"/>
  <testcase name="tcValidationOfUploadedDOBCertificate" time="4.104" classname="com.test.automation.uiAutomation.tcbcehsPreAdmission.Tc_Admission_Form_BCEHS_BaldwinURL"/>
  <testcase name="tcGurdianDetailsBCEHSPreAdm" time="12.758" classname="com.test.automation.uiAutomation.tcbcehsPreAdmission.Tc_Admission_Form_BCEHS_BaldwinURL"/>
  <testcase name="tcSearchByFatherNameInGrid" time="0.006" classname="com.test.automation.uiAutomation.tcbcehsPreAdmission.Tc_Admission_Form_BCEHS_BaldwinURL">
    <skipped/>
  </testcase> <!-- tcSearchByFatherNameInGrid -->
  <testcase name="tcPopUpValidationYes" time="11.074" classname="com.test.automation.uiAutomation.tcbcehsPreAdmission.Tc_Admission_Form_BCEHS_BaldwinURL"/>
  <testcase name="tcBack_PayRegistrationFee" time="0.631" classname="com.test.automation.uiAutomation.tcbcehsPreAdmission.Tc_Admission_Form_BCEHS_BaldwinURL"/>
  <testcase name="tcSearchWithFatherNameInStudentListGrid_Edit_BCEHSForm" time="2.604" classname="com.test.automation.uiAutomation.tcbcehsPreAdmission.Tc_Admission_Form_BCEHS_BaldwinURL"/>
  <testcase name="tcSelctionOfSubmitActionForEdit" time="0.725" classname="com.test.automation.uiAutomation.tcbcehsPreAdmission.Tc_Admission_Form_BCEHS_BaldwinURL"/>
  <testcase name="tcPrintOpenAdmissionForm" time="0.707" classname="com.test.automation.uiAutomation.tcbcehsPreAdmission.Tc_Admission_Form_BCEHS_BaldwinURL"/>
  <testcase name="tcSearchByFatherNameInGridFor_PayRegistrationFee" time="0.006" classname="com.test.automation.uiAutomation.tcbcehsPreAdmission.Tc_Admission_Form_BCEHS_BaldwinURL">
    <skipped/>
  </testcase> <!-- tcSearchByFatherNameInGridFor_PayRegistrationFee -->
  <testcase name="loginToappWithrequiredCredentials" time="0.025" classname="com.test.automation.uiAutomation.tcbcehsPreAdmission.Tc_Admission_Form_BCEHS_BaldwinURL">
    <skipped/>
  </testcase> <!-- loginToappWithrequiredCredentials -->
  <testcase name="tcHomeButtonValidation" time="2.694" classname="com.test.automation.uiAutomation.tcbcehsPreAdmission.Tc_Admission_Form_BCEHS_BaldwinURL"/>
  <testcase name="tcClickOnPopupCloseButtonForDOBCert" time="2.869" classname="com.test.automation.uiAutomation.tcbcehsPreAdmission.Tc_Admission_Form_BCEHS_BaldwinURL"/>
  <testcase name="tcValidationOfUploadedAddressProofCertificate" time="4.253" classname="com.test.automation.uiAutomation.tcbcehsPreAdmission.Tc_Admission_Form_BCEHS_BaldwinURL"/>
  <testcase name="tcVerifyUndertakingText" time="1.250" classname="com.test.automation.uiAutomation.tcbcehsPreAdmission.Tc_Admission_Form_BCEHS_BaldwinURL"/>
  <testcase name="tcPreviousSchoolDetailsBCEHS" time="13.227" classname="com.test.automation.uiAutomation.tcbcehsPreAdmission.Tc_Admission_Form_BCEHS_BaldwinURL"/>
  <testcase name="tcFathersDetails_BCEHSPreAdmissionForm" time="28.598" classname="com.test.automation.uiAutomation.tcbcehsPreAdmission.Tc_Admission_Form_BCEHS_BaldwinURL"/>
  <testcase name="tcSearchWithFatherNameInStudentListGrid__PayRegistrationFee_BCEHSForm" time="27.877" classname="com.test.automation.uiAutomation.tcbcehsPreAdmission.Tc_Admission_Form_BCEHS_BaldwinURL"/>
  <testcase name="tcSearchByFatherNameInGridFor_PayRegistrationFee" time="4.038" classname="com.test.automation.uiAutomation.tcbcehsPreAdmission.Tc_Admission_Form_BCEHS_BaldwinURL"/>
  <testcase name="tcVerifyFatherNameInStudentListGrid_PayRegistrationFee_BCEHSForm" time="12.857" classname="com.test.automation.uiAutomation.tcbcehsPreAdmission.Tc_Admission_Form_BCEHS_BaldwinURL"/>
  <testcase name="tcSearchByFatherNameInGrid_view" time="3.924" classname="com.test.automation.uiAutomation.tcbcehsPreAdmission.Tc_Admission_Form_BCEHS_BaldwinURL"/>
  <testcase name="tcOthersDetailsForBcehsAdmForm" time="11.081" classname="com.test.automation.uiAutomation.tcbcehsPreAdmission.Tc_Admission_Form_BCEHS_BaldwinURL"/>
  <testcase name="tcSwitchWindowsForProspectusDownload" time="0.525" classname="com.test.automation.uiAutomation.tcbcehsPreAdmission.Tc_Admission_Form_BCEHS_BaldwinURL"/>
  <testcase name="tcSearchWithFatherNameInStudentListGrid_DownLoadProspectus_BCEHS_AdmissionForm" time="0.005" classname="com.test.automation.uiAutomation.tcbcehsPreAdmission.Tc_Admission_Form_BCEHS_BaldwinURL">
    <skipped/>
  </testcase> <!-- tcSearchWithFatherNameInStudentListGrid_DownLoadProspectus_BCEHS_AdmissionForm -->
  <testcase name="tcSearchByFatherNameInGrid_ProspectusDownload" time="0.002" classname="com.test.automation.uiAutomation.tcbcehsPreAdmission.Tc_Admission_Form_BCEHS_BaldwinURL">
    <skipped/>
  </testcase> <!-- tcSearchByFatherNameInGrid_ProspectusDownload -->
  <testcase name="tcMothersDetails_BCEHSPreAdmissionForm" time="29.177" classname="com.test.automation.uiAutomation.tcbcehsPreAdmission.Tc_Admission_Form_BCEHS_BaldwinURL"/>
</testsuite> <!-- com.test.automation.uiAutomation.tcbcehsPreAdmission.Tc_Admission_Form_BCEHS_BaldwinURL -->
