<?xml version="1.0" encoding="UTF-8"?>
<!-- Generated by org.testng.reporters.JUnitReportReporter -->
<testsuite name="com.test.automation.uiAutomation.admission.admissionForm.TC_StudentAdmissionForm" tests="32" time="118.722" ignored="0" failures="0" timestamp="05 Jul 2018 11:12:44 GMT" skipped="26" hostname="Arvind-Susdiny" errors="2">
  <testcase name="loginToappWithrequiredCredentials" time="0.003" classname="com.test.automation.uiAutomation.admission.admissionForm.TC_StudentAdmissionForm">
    <skipped/>
  </testcase> <!-- loginToappWithrequiredCredentials -->
  <testcase name="tcStudentAdmissionFormParentFather" time="0.001" classname="com.test.automation.uiAutomation.admission.admissionForm.TC_StudentAdmissionForm">
    <skipped/>
  </testcase> <!-- tcStudentAdmissionFormParentFather -->
  <testcase name="tcStudentAdmissionFormParentMother" time="0.002" classname="com.test.automation.uiAutomation.admission.admissionForm.TC_StudentAdmissionForm">
    <skipped/>
  </testcase> <!-- tcStudentAdmissionFormParentMother -->
  <testcase name="loginToappWithrequiredCredentials" time="0.002" classname="com.test.automation.uiAutomation.admission.admissionForm.TC_StudentAdmissionForm">
    <skipped/>
  </testcase> <!-- loginToappWithrequiredCredentials -->
  <testcase name="afterMethod" time="0.000" classname="com.test.automation.uiAutomation.admission.admissionForm.TC_StudentAdmissionForm">
    <error type="org.openqa.selenium.NoSuchWindowException" message="no such window: target window already closed
from unknown error: web view not found
  (Session info: chrome=67.0.3396.99)
  (Driver info: chromedriver=2.36.540470 (e522d04694c7ebea4ba8821272dbef4f9b818c91),platform=Windows NT 10.0.17134 x86_64) (WARNING: The server did not provide any stacktrace information)
Command duration or timeout: 3 milliseconds
Build info: version: &#039;3.0.1&#039;, revision: &#039;1969d75&#039;, time: &#039;2016-10-18 09:49:13 -0700&#039;
System info: host: &#039;Arvind-Susdiny&#039;, ip: &#039;192.168.1.34&#039;, os.name: &#039;Windows 10&#039;, os.arch: &#039;amd64&#039;, os.version: &#039;10.0&#039;, java.version: &#039;1.8.0_161&#039;
Driver info: org.openqa.selenium.chrome.ChromeDriver
Capabilities [{applicationCacheEnabled=false, rotatable=false, mobileEmulationEnabled=false, networkConnectionEnabled=false, chrome={chromedriverVersion=2.36.540470 (e522d04694c7ebea4ba8821272dbef4f9b818c91), userDataDir=C:\Users\vaps\AppData\Local\Temp\scoped_dir5136_31203}, takesHeapSnapshot=true, pageLoadStrategy=normal, databaseEnabled=false, handlesAlerts=true, hasTouchScreen=false, version=67.0.3396.99, platform=XP, browserConnectionEnabled=false, nativeEvents=true, acceptSslCerts=false, acceptInsecureCerts=false, locationContextEnabled=true, webStorageEnabled=true, browserName=chrome, takesScreenshot=true, javascriptEnabled=true, cssSelectorsEnabled=true, setWindowRect=true, unexpectedAlertBehaviour=}]
Session ID: f7eb40fd8c0bb0cae301accb80216dc0">
      <![CDATA[org.openqa.selenium.NoSuchWindowException: no such window: target window already closed
from unknown error: web view not found
  (Session info: chrome=67.0.3396.99)
  (Driver info: chromedriver=2.36.540470 (e522d04694c7ebea4ba8821272dbef4f9b818c91),platform=Windows NT 10.0.17134 x86_64) (WARNING: The server did not provide any stacktrace information)
Command duration or timeout: 3 milliseconds
Build info: version: '3.0.1', revision: '1969d75', time: '2016-10-18 09:49:13 -0700'
System info: host: 'Arvind-Susdiny', ip: '192.168.1.34', os.name: 'Windows 10', os.arch: 'amd64', os.version: '10.0', java.version: '1.8.0_161'
Driver info: org.openqa.selenium.chrome.ChromeDriver
Capabilities [{applicationCacheEnabled=false, rotatable=false, mobileEmulationEnabled=false, networkConnectionEnabled=false, chrome={chromedriverVersion=2.36.540470 (e522d04694c7ebea4ba8821272dbef4f9b818c91), userDataDir=C:\Users\vaps\AppData\Local\Temp\scoped_dir5136_31203}, takesHeapSnapshot=true, pageLoadStrategy=normal, databaseEnabled=false, handlesAlerts=true, hasTouchScreen=false, version=67.0.3396.99, platform=XP, browserConnectionEnabled=false, nativeEvents=true, acceptSslCerts=false, acceptInsecureCerts=false, locationContextEnabled=true, webStorageEnabled=true, browserName=chrome, takesScreenshot=true, javascriptEnabled=true, cssSelectorsEnabled=true, setWindowRect=true, unexpectedAlertBehaviour=}]
Session ID: f7eb40fd8c0bb0cae301accb80216dc0
	at sun.reflect.NativeConstructorAccessorImpl.newInstance0(Native Method)
	at sun.reflect.NativeConstructorAccessorImpl.newInstance(Unknown Source)
	at sun.reflect.DelegatingConstructorAccessorImpl.newInstance(Unknown Source)
	at java.lang.reflect.Constructor.newInstance(Unknown Source)
	at org.openqa.selenium.remote.ErrorHandler.createThrowable(ErrorHandler.java:216)
	at org.openqa.selenium.remote.ErrorHandler.throwIfResponseFailed(ErrorHandler.java:168)
	at org.openqa.selenium.remote.RemoteWebDriver.execute(RemoteWebDriver.java:635)
	at org.openqa.selenium.remote.RemoteWebDriver.execute(RemoteWebDriver.java:658)
	at org.openqa.selenium.remote.RemoteWebDriver.getScreenshotAs(RemoteWebDriver.java:340)
	at com.test.automation.uiAutomation.testBase.TestBase.captureScreen(TestBase.java:291)
	at com.test.automation.uiAutomation.testBase.TestBase.getresult(TestBase.java:320)
	at com.test.automation.uiAutomation.testBase.TestBase.afterMethod(TestBase.java:329)
	at sun.reflect.NativeMethodAccessorImpl.invoke0(Native Method)
	at sun.reflect.NativeMethodAccessorImpl.invoke(Unknown Source)
	at sun.reflect.DelegatingMethodAccessorImpl.invoke(Unknown Source)
	at java.lang.reflect.Method.invoke(Unknown Source)
	at org.testng.internal.MethodInvocationHelper.invokeMethod(MethodInvocationHelper.java:104)
	at org.testng.internal.Invoker.invokeConfigurationMethod(Invoker.java:515)
	at org.testng.internal.Invoker.invokeConfigurations(Invoker.java:217)
	at org.testng.internal.Invoker.invokeMethod(Invoker.java:712)
	at org.testng.internal.Invoker.invokeTestMethod(Invoker.java:851)
	at org.testng.internal.Invoker.invokeTestMethods(Invoker.java:1177)
	at org.testng.internal.TestMethodWorker.invokeTestMethods(TestMethodWorker.java:129)
	at org.testng.internal.TestMethodWorker.run(TestMethodWorker.java:112)
	at org.testng.TestRunner.privateRun(TestRunner.java:756)
	at org.testng.TestRunner.run(TestRunner.java:610)
	at org.testng.SuiteRunner.runTest(SuiteRunner.java:387)
	at org.testng.SuiteRunner.runSequentially(SuiteRunner.java:382)
	at org.testng.SuiteRunner.privateRun(SuiteRunner.java:340)
	at org.testng.SuiteRunner.run(SuiteRunner.java:289)
	at org.testng.SuiteRunnerWorker.runSuite(SuiteRunnerWorker.java:52)
	at org.testng.SuiteRunnerWorker.run(SuiteRunnerWorker.java:86)
	at org.testng.TestNG.runSuitesSequentially(TestNG.java:1293)
	at org.testng.TestNG.runSuitesLocally(TestNG.java:1218)
	at org.testng.TestNG.runSuites(TestNG.java:1133)
	at org.testng.TestNG.run(TestNG.java:1104)
	at org.testng.remote.AbstractRemoteTestNG.run(AbstractRemoteTestNG.java:132)
	at org.testng.remote.RemoteTestNG.initAndRun(RemoteTestNG.java:230)
	at org.testng.remote.RemoteTestNG.main(RemoteTestNG.java:76)
]]>
    </error>
  </testcase> <!-- afterMethod -->
  <testcase name="studentAdmissionFormInternalProcess" time="61.493" classname="com.test.automation.uiAutomation.admission.admissionForm.TC_StudentAdmissionForm"/>
  <testcase name="tcGuardianDetails" time="0.000" classname="com.test.automation.uiAutomation.admission.admissionForm.TC_StudentAdmissionForm">
    <skipped/>
  </testcase> <!-- tcGuardianDetails -->
  <testcase name="tcClickOnSubmitButton" time="0.003" classname="com.test.automation.uiAutomation.admission.admissionForm.TC_StudentAdmissionForm">
    <skipped/>
  </testcase> <!-- tcClickOnSubmitButton -->
  <testcase name="tcnavigateToStudentAdmForm" time="25.456" classname="com.test.automation.uiAutomation.admission.admissionForm.TC_StudentAdmissionForm"/>
  <testcase name="tcStudentAdmissionFormParentFather" time="0.002" classname="com.test.automation.uiAutomation.admission.admissionForm.TC_StudentAdmissionForm">
    <skipped/>
  </testcase> <!-- tcStudentAdmissionFormParentFather -->
  <testcase name="tcClickOnAddressPageNextButton" time="0.002" classname="com.test.automation.uiAutomation.admission.admissionForm.TC_StudentAdmissionForm">
    <skipped/>
  </testcase> <!-- tcClickOnAddressPageNextButton -->
  <testcase name="tcStudentAdmissionFormAddressSection" time="0.001" classname="com.test.automation.uiAutomation.admission.admissionForm.TC_StudentAdmissionForm">
    <skipped/>
  </testcase> <!-- tcStudentAdmissionFormAddressSection -->
  <testcase name="bondDetails" time="0.001" classname="com.test.automation.uiAutomation.admission.admissionForm.TC_StudentAdmissionForm">
    <skipped/>
  </testcase> <!-- bondDetails -->
  <testcase name="tcStudentAdmissionFormOthers" time="0.000" classname="com.test.automation.uiAutomation.admission.admissionForm.TC_StudentAdmissionForm">
    <skipped/>
  </testcase> <!-- tcStudentAdmissionFormOthers -->
  <testcase name="loginToappWithrequiredCredentials" time="0.001" classname="com.test.automation.uiAutomation.admission.admissionForm.TC_StudentAdmissionForm">
    <skipped/>
  </testcase> <!-- loginToappWithrequiredCredentials -->
  <testcase name="tcClickOnMotherAlive" time="0.000" classname="com.test.automation.uiAutomation.admission.admissionForm.TC_StudentAdmissionForm">
    <skipped/>
  </testcase> <!-- tcClickOnMotherAlive -->
  <testcase name="tcSiblingDetails" time="0.000" classname="com.test.automation.uiAutomation.admission.admissionForm.TC_StudentAdmissionForm">
    <skipped/>
  </testcase> <!-- tcSiblingDetails -->
  <testcase name="tcStudentAdmissionFormParentMother" time="0.001" classname="com.test.automation.uiAutomation.admission.admissionForm.TC_StudentAdmissionForm">
    <skipped/>
  </testcase> <!-- tcStudentAdmissionFormParentMother -->
  <testcase name="tcClickOnOthersPageNextButton" time="0.000" classname="com.test.automation.uiAutomation.admission.admissionForm.TC_StudentAdmissionForm">
    <skipped/>
  </testcase> <!-- tcClickOnOthersPageNextButton -->
  <testcase name="loginToappWithrequiredCredentials" time="0.001" classname="com.test.automation.uiAutomation.admission.admissionForm.TC_StudentAdmissionForm">
    <skipped/>
  </testcase> <!-- loginToappWithrequiredCredentials -->
  <testcase name="tcRequiredDetails" time="0.001" classname="com.test.automation.uiAutomation.admission.admissionForm.TC_StudentAdmissionForm">
    <skipped/>
  </testcase> <!-- tcRequiredDetails -->
  <testcase name="tcRequiredDocumentsUploladforAdmission" time="0.001" classname="com.test.automation.uiAutomation.admission.admissionForm.TC_StudentAdmissionForm">
    <skipped/>
  </testcase> <!-- tcRequiredDocumentsUploladforAdmission -->
  <testcase name="tcClickOnParentPageNextButton" time="0.001" classname="com.test.automation.uiAutomation.admission.admissionForm.TC_StudentAdmissionForm">
    <skipped/>
  </testcase> <!-- tcClickOnParentPageNextButton -->
  <testcase name="tcPreviousSchoolDetails" time="0.000" classname="com.test.automation.uiAutomation.admission.admissionForm.TC_StudentAdmissionForm">
    <skipped/>
  </testcase> <!-- tcPreviousSchoolDetails -->
  <testcase name="tcClickOnStudentPageNextButton" time="19.342" classname="com.test.automation.uiAutomation.admission.admissionForm.TC_StudentAdmissionForm">
    <error type="org.openqa.selenium.NoSuchWindowException" message="no such window: target window already closed
from unknown error: web view not found
  (Session info: chrome=67.0.3396.99)
  (Driver info: chromedriver=2.36.540470 (e522d04694c7ebea4ba8821272dbef4f9b818c91),platform=Windows NT 10.0.17134 x86_64) (WARNING: The server did not provide any stacktrace information)
Command duration or timeout: 13 milliseconds
Build info: version: &#039;3.0.1&#039;, revision: &#039;1969d75&#039;, time: &#039;2016-10-18 09:49:13 -0700&#039;
System info: host: &#039;Arvind-Susdiny&#039;, ip: &#039;192.168.1.34&#039;, os.name: &#039;Windows 10&#039;, os.arch: &#039;amd64&#039;, os.version: &#039;10.0&#039;, java.version: &#039;1.8.0_161&#039;
Driver info: org.openqa.selenium.chrome.ChromeDriver
Capabilities [{applicationCacheEnabled=false, rotatable=false, mobileEmulationEnabled=false, networkConnectionEnabled=false, chrome={chromedriverVersion=2.36.540470 (e522d04694c7ebea4ba8821272dbef4f9b818c91), userDataDir=C:\Users\vaps\AppData\Local\Temp\scoped_dir5136_31203}, takesHeapSnapshot=true, pageLoadStrategy=normal, databaseEnabled=false, handlesAlerts=true, hasTouchScreen=false, version=67.0.3396.99, platform=XP, browserConnectionEnabled=false, nativeEvents=true, acceptSslCerts=false, acceptInsecureCerts=false, locationContextEnabled=true, webStorageEnabled=true, browserName=chrome, takesScreenshot=true, javascriptEnabled=true, cssSelectorsEnabled=true, setWindowRect=true, unexpectedAlertBehaviour=}]
Session ID: f7eb40fd8c0bb0cae301accb80216dc0">
      <![CDATA[org.openqa.selenium.NoSuchWindowException: no such window: target window already closed
from unknown error: web view not found
  (Session info: chrome=67.0.3396.99)
  (Driver info: chromedriver=2.36.540470 (e522d04694c7ebea4ba8821272dbef4f9b818c91),platform=Windows NT 10.0.17134 x86_64) (WARNING: The server did not provide any stacktrace information)
Command duration or timeout: 13 milliseconds
Build info: version: '3.0.1', revision: '1969d75', time: '2016-10-18 09:49:13 -0700'
System info: host: 'Arvind-Susdiny', ip: '192.168.1.34', os.name: 'Windows 10', os.arch: 'amd64', os.version: '10.0', java.version: '1.8.0_161'
Driver info: org.openqa.selenium.chrome.ChromeDriver
Capabilities [{applicationCacheEnabled=false, rotatable=false, mobileEmulationEnabled=false, networkConnectionEnabled=false, chrome={chromedriverVersion=2.36.540470 (e522d04694c7ebea4ba8821272dbef4f9b818c91), userDataDir=C:\Users\vaps\AppData\Local\Temp\scoped_dir5136_31203}, takesHeapSnapshot=true, pageLoadStrategy=normal, databaseEnabled=false, handlesAlerts=true, hasTouchScreen=false, version=67.0.3396.99, platform=XP, browserConnectionEnabled=false, nativeEvents=true, acceptSslCerts=false, acceptInsecureCerts=false, locationContextEnabled=true, webStorageEnabled=true, browserName=chrome, takesScreenshot=true, javascriptEnabled=true, cssSelectorsEnabled=true, setWindowRect=true, unexpectedAlertBehaviour=}]
Session ID: f7eb40fd8c0bb0cae301accb80216dc0
	at sun.reflect.NativeConstructorAccessorImpl.newInstance0(Native Method)
	at sun.reflect.NativeConstructorAccessorImpl.newInstance(Unknown Source)
	at sun.reflect.DelegatingConstructorAccessorImpl.newInstance(Unknown Source)
	at java.lang.reflect.Constructor.newInstance(Unknown Source)
	at org.openqa.selenium.remote.ErrorHandler.createThrowable(ErrorHandler.java:216)
	at org.openqa.selenium.remote.ErrorHandler.throwIfResponseFailed(ErrorHandler.java:168)
	at org.openqa.selenium.remote.RemoteWebDriver.execute(RemoteWebDriver.java:635)
	at org.openqa.selenium.remote.RemoteWebDriver.execute(RemoteWebDriver.java:658)
	at org.openqa.selenium.remote.RemoteWebDriver.getScreenshotAs(RemoteWebDriver.java:340)
	at com.test.automation.uiAutomation.testBase.TestBase.getScreenShot(TestBase.java:215)
	at com.test.automation.uiAutomation.admission.admissionForm.TC_StudentAdmissionForm.tcClickOnStudentPageNextButton(TC_StudentAdmissionForm.java:175)
	at sun.reflect.NativeMethodAccessorImpl.invoke0(Native Method)
	at sun.reflect.NativeMethodAccessorImpl.invoke(Unknown Source)
	at sun.reflect.DelegatingMethodAccessorImpl.invoke(Unknown Source)
	at java.lang.reflect.Method.invoke(Unknown Source)
	at org.testng.internal.MethodInvocationHelper.invokeMethod(MethodInvocationHelper.java:104)
	at org.testng.internal.Invoker.invokeMethod(Invoker.java:645)
	at org.testng.internal.Invoker.invokeTestMethod(Invoker.java:851)
	at org.testng.internal.Invoker.invokeTestMethods(Invoker.java:1177)
	at org.testng.internal.TestMethodWorker.invokeTestMethods(TestMethodWorker.java:129)
	at org.testng.internal.TestMethodWorker.run(TestMethodWorker.java:112)
	at org.testng.TestRunner.privateRun(TestRunner.java:756)
	at org.testng.TestRunner.run(TestRunner.java:610)
	at org.testng.SuiteRunner.runTest(SuiteRunner.java:387)
	at org.testng.SuiteRunner.runSequentially(SuiteRunner.java:382)
	at org.testng.SuiteRunner.privateRun(SuiteRunner.java:340)
	at org.testng.SuiteRunner.run(SuiteRunner.java:289)
	at org.testng.SuiteRunnerWorker.runSuite(SuiteRunnerWorker.java:52)
	at org.testng.SuiteRunnerWorker.run(SuiteRunnerWorker.java:86)
	at org.testng.TestNG.runSuitesSequentially(TestNG.java:1293)
	at org.testng.TestNG.runSuitesLocally(TestNG.java:1218)
	at org.testng.TestNG.runSuites(TestNG.java:1133)
	at org.testng.TestNG.run(TestNG.java:1104)
	at org.testng.remote.AbstractRemoteTestNG.run(AbstractRemoteTestNG.java:132)
	at org.testng.remote.RemoteTestNG.initAndRun(RemoteTestNG.java:230)
	at org.testng.remote.RemoteTestNG.main(RemoteTestNG.java:76)
]]>
    </error>
  </testcase> <!-- tcClickOnStudentPageNextButton -->
  <testcase name="tcHomeButtonValidation" time="0.314" classname="com.test.automation.uiAutomation.admission.admissionForm.TC_StudentAdmissionForm"/>
  <testcase name="tcUploadMotherPhotoSignAndFinPrint" time="0.001" classname="com.test.automation.uiAutomation.admission.admissionForm.TC_StudentAdmissionForm">
    <skipped/>
  </testcase> <!-- tcUploadMotherPhotoSignAndFinPrint -->
  <testcase name="tcSuccessMessagevalidation" time="0.001" classname="com.test.automation.uiAutomation.admission.admissionForm.TC_StudentAdmissionForm">
    <skipped/>
  </testcase> <!-- tcSuccessMessagevalidation -->
  <testcase name="loginToappWithrequiredCredentials" time="12.089" classname="com.test.automation.uiAutomation.admission.admissionForm.TC_StudentAdmissionForm"/>
  <testcase name="studentAdmissionFormInternalProcess" time="0.003" classname="com.test.automation.uiAutomation.admission.admissionForm.TC_StudentAdmissionForm">
    <skipped/>
  </testcase> <!-- studentAdmissionFormInternalProcess -->
  <testcase name="tcClickOnFatherAlive" time="0.000" classname="com.test.automation.uiAutomation.admission.admissionForm.TC_StudentAdmissionForm">
    <skipped/>
  </testcase> <!-- tcClickOnFatherAlive -->
  <testcase name="tcUploadFatherPhotoSignAndFinPrint" time="0.000" classname="com.test.automation.uiAutomation.admission.admissionForm.TC_StudentAdmissionForm">
    <skipped/>
  </testcase> <!-- tcUploadFatherPhotoSignAndFinPrint -->
</testsuite> <!-- com.test.automation.uiAutomation.admission.admissionForm.TC_StudentAdmissionForm -->
