<?xml version="1.0" encoding="UTF-8"?>
<!-- Generated by org.testng.reporters.JUnitReportReporter -->
<testsuite name="com.test.automation.uiAutomation.admission.TC_Masters_Master_Documents" tests="35" time="174.696" ignored="0" failures="0" timestamp="24 Jan 2018 11:34:52 GMT" skipped="4" hostname="DESKTOP-DISLHD4" errors="0">
  <testcase name="tcSearchWithDocumentNameInTheGrid_AfterDeleteCancel" time="1.056" classname="com.test.automation.uiAutomation.admission.TC_Masters_Master_Documents"/>
  <testcase name="tcVerifyMasters_MasterDocument_BGHSPage" time="1.327" classname="com.test.automation.uiAutomation.admission.TC_Masters_Master_Documents"/>
  <testcase name="loginToappWithrequiredCredentials" time="0.001" classname="com.test.automation.uiAutomation.admission.TC_Masters_Master_Documents">
    <skipped/>
  </testcase> <!-- loginToappWithrequiredCredentials -->
  <testcase name="tcEnterMasterDocumentData_AfterDelete" time="1.712" classname="com.test.automation.uiAutomation.admission.TC_Masters_Master_Documents"/>
  <testcase name="tcSaveDocumentInfoData_Edit" time="15.414" classname="com.test.automation.uiAutomation.admission.TC_Masters_Master_Documents"/>
  <testcase name="tcClickOnCancelButton" time="15.354" classname="com.test.automation.uiAutomation.admission.TC_Masters_Master_Documents"/>
  <testcase name="tcEnterMasterDocumentData_AfterClear" time="1.720" classname="com.test.automation.uiAutomation.admission.TC_Masters_Master_Documents"/>
  <testcase name="tcClickOnOkSuccessButton" time="2.339" classname="com.test.automation.uiAutomation.admission.TC_Masters_Master_Documents"/>
  <testcase name="tcSortByDocumentName" time="3.635" classname="com.test.automation.uiAutomation.admission.TC_Masters_Master_Documents"/>
  <testcase name="tcClearDocumentInfoData" time="15.460" classname="com.test.automation.uiAutomation.admission.TC_Masters_Master_Documents"/>
  <testcase name="tcDeleteMasterDocument" time="5.440" classname="com.test.automation.uiAutomation.admission.TC_Masters_Master_Documents"/>
  <testcase name="tcEditMasterDocument" time="5.426" classname="com.test.automation.uiAutomation.admission.TC_Masters_Master_Documents"/>
  <testcase name="tcEnterMasterDocumentData" time="4.546" classname="com.test.automation.uiAutomation.admission.TC_Masters_Master_Documents"/>
  <testcase name="tcNavigateToAdmission_Masters_MasterDocument_BGHS" time="1.735" classname="com.test.automation.uiAutomation.admission.TC_Masters_Master_Documents"/>
  <testcase name="tcYesDeleteOrDeactivateOrActivateIt" time="15.368" classname="com.test.automation.uiAutomation.admission.TC_Masters_Master_Documents"/>
  <testcase name="tcHomeButtonValidation" time="4.288" classname="com.test.automation.uiAutomation.admission.TC_Masters_Master_Documents"/>
  <testcase name="loginToappWithrequiredCredentials" time="20.071" classname="com.test.automation.uiAutomation.admission.TC_Masters_Master_Documents"/>
  <testcase name="tcMinimizeMasterDocumentList" time="2.351" classname="com.test.automation.uiAutomation.admission.TC_Masters_Master_Documents"/>
  <testcase name="tcSearchWithDocumentNameInTheGrid_delete" time="1.021" classname="com.test.automation.uiAutomation.admission.TC_Masters_Master_Documents"/>
  <testcase name="tcDeleteMasterDocument_AfterCancel" time="5.416" classname="com.test.automation.uiAutomation.admission.TC_Masters_Master_Documents"/>
  <testcase name="tcClickOnOkSuccessButton_delete" time="2.319" classname="com.test.automation.uiAutomation.admission.TC_Masters_Master_Documents"/>
  <testcase name="tcClickOnOkSuccessButton_cancel" time="2.343" classname="com.test.automation.uiAutomation.admission.TC_Masters_Master_Documents"/>
  <testcase name="loginToappWithrequiredCredentials" time="0.000" classname="com.test.automation.uiAutomation.admission.TC_Masters_Master_Documents">
    <skipped/>
  </testcase> <!-- loginToappWithrequiredCredentials -->
  <testcase name="loginToappWithrequiredCredentials" time="0.000" classname="com.test.automation.uiAutomation.admission.TC_Masters_Master_Documents">
    <skipped/>
  </testcase> <!-- loginToappWithrequiredCredentials -->
  <testcase name="loginToappWithrequiredCredentials" time="0.001" classname="com.test.automation.uiAutomation.admission.TC_Masters_Master_Documents">
    <skipped/>
  </testcase> <!-- loginToappWithrequiredCredentials -->
  <testcase name="tcClickOnOkSuccessButton_Edit" time="2.340" classname="com.test.automation.uiAutomation.admission.TC_Masters_Master_Documents"/>
  <testcase name="tcSubmitBlankMasterDocumentForm" time="2.424" classname="com.test.automation.uiAutomation.admission.TC_Masters_Master_Documents"/>
  <testcase name="tcVerifyDocumentNameInTheGrid" time="0.328" classname="com.test.automation.uiAutomation.admission.TC_Masters_Master_Documents"/>
  <testcase name="tcMaximizeMasterDocumentList" time="2.339" classname="com.test.automation.uiAutomation.admission.TC_Masters_Master_Documents"/>
  <testcase name="tcSearchWithDocumentNameInTheGrid" time="1.040" classname="com.test.automation.uiAutomation.admission.TC_Masters_Master_Documents"/>
  <testcase name="tcMaximizeMasterDocument" time="2.341" classname="com.test.automation.uiAutomation.admission.TC_Masters_Master_Documents"/>
  <testcase name="tcClickOnOkSuccessButton_AfterDelete" time="2.311" classname="com.test.automation.uiAutomation.admission.TC_Masters_Master_Documents"/>
  <testcase name="tcSaveDocumentInfoData_AfterDelete" time="15.420" classname="com.test.automation.uiAutomation.admission.TC_Masters_Master_Documents"/>
  <testcase name="tcSaveDocumentInfoData" time="15.458" classname="com.test.automation.uiAutomation.admission.TC_Masters_Master_Documents"/>
  <testcase name="tcMinimizeMasterDocument" time="2.352" classname="com.test.automation.uiAutomation.admission.TC_Masters_Master_Documents"/>
</testsuite> <!-- com.test.automation.uiAutomation.admission.TC_Masters_Master_Documents -->
