<?xml version="1.0" encoding="UTF-8"?>
<!-- Generated by org.testng.reporters.JUnitReportReporter -->
<testsuite name="com.test.automation.uiAutomation.tcFee.Tc_Masters_Custom_Fee_Group" tests="36" time="107.045" ignored="0" failures="0" timestamp="13 Mar 2018 11:56:51 GMT" skipped="12" hostname="DESKTOP-DISLHD4" errors="0">
  <testcase name="tcEdit_CustomFeeGroup" time="0.002" classname="com.test.automation.uiAutomation.tcFee.Tc_Masters_Custom_Fee_Group">
    <skipped/>
  </testcase> <!-- tcEdit_CustomFeeGroup -->
  <testcase name="tcVerifyCustomGroupupdatedInGrid" time="0.004" classname="com.test.automation.uiAutomation.tcFee.Tc_Masters_Custom_Fee_Group">
    <skipped/>
  </testcase> <!-- tcVerifyCustomGroupupdatedInGrid -->
  <testcase name="loginToappWithrequiredCredentials" time="0.001" classname="com.test.automation.uiAutomation.tcFee.Tc_Masters_Custom_Fee_Group">
    <skipped/>
  </testcase> <!-- loginToappWithrequiredCredentials -->
  <testcase name="loginToappWithrequiredCredentials" time="0.001" classname="com.test.automation.uiAutomation.tcFee.Tc_Masters_Custom_Fee_Group">
    <skipped/>
  </testcase> <!-- loginToappWithrequiredCredentials -->
  <testcase name="tcVerifySuccessfulPopUp" time="1.398" classname="com.test.automation.uiAutomation.tcFee.Tc_Masters_Custom_Fee_Group"/>
  <testcase name="tcDeactivationOfCreatedCustomGroup" time="6.484" classname="com.test.automation.uiAutomation.tcFee.Tc_Masters_Custom_Fee_Group"/>
  <testcase name="tcClickOnSaveButtonEdit" time="2.407" classname="com.test.automation.uiAutomation.tcFee.Tc_Masters_Custom_Fee_Group"/>
  <testcase name="tcSearchByGroupNameInGrid" time="0.001" classname="com.test.automation.uiAutomation.tcFee.Tc_Masters_Custom_Fee_Group">
    <skipped/>
  </testcase> <!-- tcSearchByGroupNameInGrid -->
  <testcase name="tcClickOnDeactivationFinalOkBtn" time="3.335" classname="com.test.automation.uiAutomation.tcFee.Tc_Masters_Custom_Fee_Group"/>
  <testcase name="tcEnterCustomFeeGrNameGroupCodeAndSelectFeeGroup" time="4.596" classname="com.test.automation.uiAutomation.tcFee.Tc_Masters_Custom_Fee_Group"/>
  <testcase name="tcNavigateToMasters_Custom_FeeGroup" time="3.667" classname="com.test.automation.uiAutomation.tcFee.Tc_Masters_Custom_Fee_Group"/>
  <testcase name="tcVerifyActivationSuccessfulPopUp" time="1.308" classname="com.test.automation.uiAutomation.tcFee.Tc_Masters_Custom_Fee_Group"/>
  <testcase name="tcSearchByGroupNameInGridForDeactivation" time="2.682" classname="com.test.automation.uiAutomation.tcFee.Tc_Masters_Custom_Fee_Group"/>
  <testcase name="tcVerifyCustomFeeGroupPage" time="1.338" classname="com.test.automation.uiAutomation.tcFee.Tc_Masters_Custom_Fee_Group"/>
  <testcase name="tcVerifySuccessfulPopUpEdit" time="1.313" classname="com.test.automation.uiAutomation.tcFee.Tc_Masters_Custom_Fee_Group"/>
  <testcase name="tcClickOnSaveButton" time="2.384" classname="com.test.automation.uiAutomation.tcFee.Tc_Masters_Custom_Fee_Group"/>
  <testcase name="tcDeactivationOfCreatedCustomGroup" time="0.001" classname="com.test.automation.uiAutomation.tcFee.Tc_Masters_Custom_Fee_Group">
    <skipped/>
  </testcase> <!-- tcDeactivationOfCreatedCustomGroup -->
  <testcase name="loginToappWithrequiredCredentials" time="0.002" classname="com.test.automation.uiAutomation.tcFee.Tc_Masters_Custom_Fee_Group">
    <skipped/>
  </testcase> <!-- loginToappWithrequiredCredentials -->
  <testcase name="tcActivationOfCreatedCustomGroup" time="0.000" classname="com.test.automation.uiAutomation.tcFee.Tc_Masters_Custom_Fee_Group">
    <skipped/>
  </testcase> <!-- tcActivationOfCreatedCustomGroup -->
  <testcase name="tcSearchByGroupNameInGridForActivation" time="2.688" classname="com.test.automation.uiAutomation.tcFee.Tc_Masters_Custom_Fee_Group"/>
  <testcase name="tcSearchByGroupNameInGrid" time="2.702" classname="com.test.automation.uiAutomation.tcFee.Tc_Masters_Custom_Fee_Group"/>
  <testcase name="tcConfirmationForDeactivation" time="5.351" classname="com.test.automation.uiAutomation.tcFee.Tc_Masters_Custom_Fee_Group"/>
  <testcase name="loginToappWithrequiredCredentials" time="0.003" classname="com.test.automation.uiAutomation.tcFee.Tc_Masters_Custom_Fee_Group">
    <skipped/>
  </testcase> <!-- loginToappWithrequiredCredentials -->
  <testcase name="tcConfirmationForActivation" time="5.342" classname="com.test.automation.uiAutomation.tcFee.Tc_Masters_Custom_Fee_Group"/>
  <testcase name="tcClickOnSuccessOkBtnEdit" time="3.331" classname="com.test.automation.uiAutomation.tcFee.Tc_Masters_Custom_Fee_Group"/>
  <testcase name="tcClickOnSuccessOkBtn" time="3.350" classname="com.test.automation.uiAutomation.tcFee.Tc_Masters_Custom_Fee_Group"/>
  <testcase name="tcActivationOfCreatedCustomGroup" time="6.456" classname="com.test.automation.uiAutomation.tcFee.Tc_Masters_Custom_Fee_Group"/>
  <testcase name="tcClickOnActivationFinalOkBtn" time="3.324" classname="com.test.automation.uiAutomation.tcFee.Tc_Masters_Custom_Fee_Group"/>
  <testcase name="tcHomeButtonValidation" time="7.325" classname="com.test.automation.uiAutomation.tcFee.Tc_Masters_Custom_Fee_Group"/>
  <testcase name="tcVerifyCustomGroupupdatedInGrid" time="6.348" classname="com.test.automation.uiAutomation.tcFee.Tc_Masters_Custom_Fee_Group"/>
  <testcase name="tcEdit_CustomFeeGroup" time="6.394" classname="com.test.automation.uiAutomation.tcFee.Tc_Masters_Custom_Fee_Group"/>
  <testcase name="tcVerifyDeactivationSuccessfulPopUp" time="1.345" classname="com.test.automation.uiAutomation.tcFee.Tc_Masters_Custom_Fee_Group"/>
  <testcase name="tcSearchByGroupNameInGridForActivation" time="0.002" classname="com.test.automation.uiAutomation.tcFee.Tc_Masters_Custom_Fee_Group">
    <skipped/>
  </testcase> <!-- tcSearchByGroupNameInGridForActivation -->
  <testcase name="tcSearchByGroupNameInGridForDeactivation" time="0.001" classname="com.test.automation.uiAutomation.tcFee.Tc_Masters_Custom_Fee_Group">
    <skipped/>
  </testcase> <!-- tcSearchByGroupNameInGridForDeactivation -->
  <testcase name="loginToappWithrequiredCredentials" time="22.153" classname="com.test.automation.uiAutomation.tcFee.Tc_Masters_Custom_Fee_Group"/>
  <testcase name="tcEnterCustomFeeGrNameGroupCodeAndSelectFeeGroup" time="0.006" classname="com.test.automation.uiAutomation.tcFee.Tc_Masters_Custom_Fee_Group">
    <skipped/>
  </testcase> <!-- tcEnterCustomFeeGrNameGroupCodeAndSelectFeeGroup -->
</testsuite> <!-- com.test.automation.uiAutomation.tcFee.Tc_Masters_Custom_Fee_Group -->
