<?xml version="1.0" encoding="UTF-8"?>
<!-- Generated by org.testng.reporters.JUnitReportReporter -->
<testsuite name="com.test.automation.uiAutomation.loginToVaps.LoginToIvrmApp" tests="2" time="23.404" ignored="0" failures="0" timestamp="18 Nov 2017 10:01:28 GMT" skipped="1" hostname="vaps-PC" errors="0">
  <testcase name="loginToappWithrequiredCredentials" time="23.390" classname="com.test.automation.uiAutomation.loginToVaps.LoginToIvrmApp"/>
  <testcase name="loginToappWithrequiredCredentials" time="0.014" classname="com.test.automation.uiAutomation.loginToVaps.LoginToIvrmApp">
    <skipped/>
  </testcase> <!-- loginToappWithrequiredCredentials -->
</testsuite> <!-- com.test.automation.uiAutomation.loginToVaps.LoginToIvrmApp -->
