<?xml version="1.0" encoding="UTF-8"?>
<!-- Generated by org.testng.reporters.JUnitReportReporter -->
<testsuite name="com.test.automation.uiAutomation.admission.masters.TC_Masters_Master_Class" tests="53" time="245.756" ignored="0" failures="0" timestamp="12 Mar 2018 10:04:29 GMT" skipped="4" hostname="DESKTOP-DISLHD4" errors="0">
  <testcase name="tcClickSearchResetButton" time="0.380" classname="com.test.automation.uiAutomation.admission.masters.TC_Masters_Master_Class"/>
  <testcase name="tcSelectMaximumAgeForClass" time="7.126" classname="com.test.automation.uiAutomation.admission.masters.TC_Masters_Master_Class"/>
  <testcase name="tcEnterMasterClassRequiredFormData_AfterClear" time="1.051" classname="com.test.automation.uiAutomation.admission.masters.TC_Masters_Master_Class"/>
  <testcase name="tcNavigateToAdmission_Masters_MasterClass_BGHS" time="2.120" classname="com.test.automation.uiAutomation.admission.masters.TC_Masters_Master_Class"/>
  <testcase name="tcClickOnOkSuccessButton" time="2.373" classname="com.test.automation.uiAutomation.admission.masters.TC_Masters_Master_Class"/>
  <testcase name="tcEnterMasterClassRequiredFormData" time="1.115" classname="com.test.automation.uiAutomation.admission.masters.TC_Masters_Master_Class"/>
  <testcase name="tcCloseSetClassOrderPopUpWindow" time="0.407" classname="com.test.automation.uiAutomation.admission.masters.TC_Masters_Master_Class"/>
  <testcase name="tcSubmitBlankMasterClassForm" time="3.382" classname="com.test.automation.uiAutomation.admission.masters.TC_Masters_Master_Class"/>
  <testcase name="loginToappWithrequiredCredentials" time="0.001" classname="com.test.automation.uiAutomation.admission.masters.TC_Masters_Master_Class">
    <skipped/>
  </testcase> <!-- loginToappWithrequiredCredentials -->
  <testcase name="tcClickOnOkSuccessButton_deactivateCancel" time="2.350" classname="com.test.automation.uiAutomation.admission.masters.TC_Masters_Master_Class"/>
  <testcase name="tcSearchWithClassName" time="3.652" classname="com.test.automation.uiAutomation.admission.masters.TC_Masters_Master_Class"/>
  <testcase name="tcSelectMinimumAgeForClass_AfterClear" time="7.319" classname="com.test.automation.uiAutomation.admission.masters.TC_Masters_Master_Class"/>
  <testcase name="tcSearchWithClassName_ForEdit" time="3.562" classname="com.test.automation.uiAutomation.admission.masters.TC_Masters_Master_Class"/>
  <testcase name="loginToappWithrequiredCredentials" time="0.002" classname="com.test.automation.uiAutomation.admission.masters.TC_Masters_Master_Class">
    <skipped/>
  </testcase> <!-- loginToappWithrequiredCredentials -->
  <testcase name="tcSearchWithClassName_ForDeactivate" time="3.627" classname="com.test.automation.uiAutomation.admission.masters.TC_Masters_Master_Class"/>
  <testcase name="tcClickOnSetOrder" time="0.364" classname="com.test.automation.uiAutomation.admission.masters.TC_Masters_Master_Class"/>
  <testcase name="tcClickOnOkSuccessButton_SearchActivate" time="2.334" classname="com.test.automation.uiAutomation.admission.masters.TC_Masters_Master_Class"/>
  <testcase name="tcMaximizeMasterClassList" time="0.350" classname="com.test.automation.uiAutomation.admission.masters.TC_Masters_Master_Class"/>
  <testcase name="tcDeactivateMasterClass_AfterCancel" time="5.393" classname="com.test.automation.uiAutomation.admission.masters.TC_Masters_Master_Class"/>
  <testcase name="tcSelectMinimumAgeForClass" time="7.296" classname="com.test.automation.uiAutomation.admission.masters.TC_Masters_Master_Class"/>
  <testcase name="tcYesDeleteOrDeactivateOrActivateIt_deactivate" time="15.379" classname="com.test.automation.uiAutomation.admission.masters.TC_Masters_Master_Class"/>
  <testcase name="tcClickOnSetOrder_AfterClose" time="0.444" classname="com.test.automation.uiAutomation.admission.masters.TC_Masters_Master_Class"/>
  <testcase name="tcSetClassOrder" time="3.043" classname="com.test.automation.uiAutomation.admission.masters.TC_Masters_Master_Class"/>
  <testcase name="tcHomeButtonValidation" time="7.319" classname="com.test.automation.uiAutomation.admission.masters.TC_Masters_Master_Class"/>
  <testcase name="tcClickOnOkSuccessButton_search" time="2.348" classname="com.test.automation.uiAutomation.admission.masters.TC_Masters_Master_Class"/>
  <testcase name="tcSetClassOrder_AfterClose" time="0.436" classname="com.test.automation.uiAutomation.admission.masters.TC_Masters_Master_Class"/>
  <testcase name="tcClickOnOkSuccessButton_edit" time="2.355" classname="com.test.automation.uiAutomation.admission.masters.TC_Masters_Master_Class"/>
  <testcase name="tcClickOnClearButton" time="10.520" classname="com.test.automation.uiAutomation.admission.masters.TC_Masters_Master_Class"/>
  <testcase name="tcActivateMasterClass" time="5.411" classname="com.test.automation.uiAutomation.admission.masters.TC_Masters_Master_Class"/>
  <testcase name="tcEditMasterClass" time="5.592" classname="com.test.automation.uiAutomation.admission.masters.TC_Masters_Master_Class"/>
  <testcase name="tcClickOnCancelButton_activate" time="15.363" classname="com.test.automation.uiAutomation.admission.masters.TC_Masters_Master_Class"/>
  <testcase name="tcSaveSetClassOrderPopUpWindow" time="10.393" classname="com.test.automation.uiAutomation.admission.masters.TC_Masters_Master_Class"/>
  <testcase name="loginToappWithrequiredCredentials" time="0.001" classname="com.test.automation.uiAutomation.admission.masters.TC_Masters_Master_Class">
    <skipped/>
  </testcase> <!-- loginToappWithrequiredCredentials -->
  <testcase name="tcClickOnOkSuccessButton_SearchDeactivate" time="2.329" classname="com.test.automation.uiAutomation.admission.masters.TC_Masters_Master_Class"/>
  <testcase name="loginToappWithrequiredCredentials" time="0.001" classname="com.test.automation.uiAutomation.admission.masters.TC_Masters_Master_Class">
    <skipped/>
  </testcase> <!-- loginToappWithrequiredCredentials -->
  <testcase name="tcClickOnCancelButton_deactivate" time="15.361" classname="com.test.automation.uiAutomation.admission.masters.TC_Masters_Master_Class"/>
  <testcase name="tcClickOnSaveButton" time="10.388" classname="com.test.automation.uiAutomation.admission.masters.TC_Masters_Master_Class"/>
  <testcase name="tcSelectMaximumAgeForClass_AfterClear" time="7.156" classname="com.test.automation.uiAutomation.admission.masters.TC_Masters_Master_Class"/>
  <testcase name="tcClickOnOkSuccessButton_activate" time="2.333" classname="com.test.automation.uiAutomation.admission.masters.TC_Masters_Master_Class"/>
  <testcase name="tcMaximizeMasterClass" time="1.353" classname="com.test.automation.uiAutomation.admission.masters.TC_Masters_Master_Class"/>
  <testcase name="tcMinimizeMasterClassList" time="0.343" classname="com.test.automation.uiAutomation.admission.masters.TC_Masters_Master_Class"/>
  <testcase name="tcSortByClasName" time="3.634" classname="com.test.automation.uiAutomation.admission.masters.TC_Masters_Master_Class"/>
  <testcase name="tcSearchWithClassName_ForActivate" time="3.618" classname="com.test.automation.uiAutomation.admission.masters.TC_Masters_Master_Class"/>
  <testcase name="tcDeactivateMasterClass" time="5.414" classname="com.test.automation.uiAutomation.admission.masters.TC_Masters_Master_Class"/>
  <testcase name="tcVerifyMasters_MasterClass_BGHSPage" time="1.331" classname="com.test.automation.uiAutomation.admission.masters.TC_Masters_Master_Class"/>
  <testcase name="tcMinimizeMasterClass" time="1.374" classname="com.test.automation.uiAutomation.admission.masters.TC_Masters_Master_Class"/>
  <testcase name="tcClickOnSaveButton_edit" time="10.400" classname="com.test.automation.uiAutomation.admission.masters.TC_Masters_Master_Class"/>
  <testcase name="tcClickOnOkSuccessButton_activateCancel" time="2.352" classname="com.test.automation.uiAutomation.admission.masters.TC_Masters_Master_Class"/>
  <testcase name="tcYesDeleteOrDeactivateOrActivateIt_Activate" time="15.353" classname="com.test.automation.uiAutomation.admission.masters.TC_Masters_Master_Class"/>
  <testcase name="loginToappWithrequiredCredentials" time="20.106" classname="com.test.automation.uiAutomation.admission.masters.TC_Masters_Master_Class"/>
  <testcase name="tcClickOnOkSuccessButton_deactivate" time="2.355" classname="com.test.automation.uiAutomation.admission.masters.TC_Masters_Master_Class"/>
  <testcase name="tcClickOnOkSuccessButton_Searchedit" time="2.339" classname="com.test.automation.uiAutomation.admission.masters.TC_Masters_Master_Class"/>
  <testcase name="tcActivateMasterClass_AfterCancel" time="5.408" classname="com.test.automation.uiAutomation.admission.masters.TC_Masters_Master_Class"/>
</testsuite> <!-- com.test.automation.uiAutomation.admission.masters.TC_Masters_Master_Class -->
