<?xml version="1.0" encoding="UTF-8"?>
<!-- Generated by org.testng.reporters.JUnitReportReporter -->
<testsuite name="com.test.automation.uiAutomation.tcFee.TC_Configuration_Fee_Standard" tests="12" time="52.751" ignored="0" failures="0" timestamp="12 Mar 2018 06:47:04 GMT" skipped="4" hostname="DESKTOP-DISLHD4" errors="0">
  <testcase name="tcSelectConcessionProcess" time="1.397" classname="com.test.automation.uiAutomation.tcFee.TC_Configuration_Fee_Standard"/>
  <testcase name="tcHomeButtonValidation" time="10.344" classname="com.test.automation.uiAutomation.tcFee.TC_Configuration_Fee_Standard"/>
  <testcase name="loginToappWithrequiredCredentials" time="0.000" classname="com.test.automation.uiAutomation.tcFee.TC_Configuration_Fee_Standard">
    <skipped/>
  </testcase> <!-- loginToappWithrequiredCredentials -->
  <testcase name="loginToappWithrequiredCredentials" time="0.004" classname="com.test.automation.uiAutomation.tcFee.TC_Configuration_Fee_Standard">
    <skipped/>
  </testcase> <!-- loginToappWithrequiredCredentials -->
  <testcase name="tcSelectFeeGroupRadioBtn" time="1.407" classname="com.test.automation.uiAutomation.tcFee.TC_Configuration_Fee_Standard"/>
  <testcase name="loginToappWithrequiredCredentials" time="20.123" classname="com.test.automation.uiAutomation.tcFee.TC_Configuration_Fee_Standard"/>
  <testcase name="tcClickedOnSaveButton" time="7.431" classname="com.test.automation.uiAutomation.tcFee.TC_Configuration_Fee_Standard"/>
  <testcase name="loginToappWithrequiredCredentials" time="0.002" classname="com.test.automation.uiAutomation.tcFee.TC_Configuration_Fee_Standard">
    <skipped/>
  </testcase> <!-- loginToappWithrequiredCredentials -->
  <testcase name="tcNevigateTofeeStandard" time="3.834" classname="com.test.automation.uiAutomation.tcFee.TC_Configuration_Fee_Standard"/>
  <testcase name="tcSelectCardTypeAndEnterCharges" time="3.759" classname="com.test.automation.uiAutomation.tcFee.TC_Configuration_Fee_Standard"/>
  <testcase name="loginToappWithrequiredCredentials" time="0.003" classname="com.test.automation.uiAutomation.tcFee.TC_Configuration_Fee_Standard">
    <skipped/>
  </testcase> <!-- loginToappWithrequiredCredentials -->
  <testcase name="tcSuccessMessagevalidationAndConfirmation" time="4.447" classname="com.test.automation.uiAutomation.tcFee.TC_Configuration_Fee_Standard"/>
</testsuite> <!-- com.test.automation.uiAutomation.tcFee.TC_Configuration_Fee_Standard -->
