<?xml version="1.0" encoding="UTF-8"?>
<!-- Generated by org.testng.reporters.JUnitReportReporter -->
<testsuite name="com.test.automation.uiAutomation.admission.TC_Reports.TC_Total_Strength" tests="72" time="381.615" ignored="0" failures="0" timestamp="11 May 2018 05:58:38 GMT" skipped="4" hostname="Arvind-Susdiny" errors="0">
  <testcase name="tcClickOnExportToExcel_ToDownLoadExcelReport_AllWithTC" time="5.416" classname="com.test.automation.uiAutomation.admission.TC_Reports.TC_Total_Strength"/>
  <testcase name="tcClickOnExportToExcel_ToDownLoadExcelReport_Individual_OverAllTotal" time="5.431" classname="com.test.automation.uiAutomation.admission.TC_Reports.TC_Total_Strength"/>
  <testcase name="tcClickReport_ToGenerate_TotalStrengthReport_Individual_Left" time="5.380" classname="com.test.automation.uiAutomation.admission.TC_Reports.TC_Total_Strength"/>
  <testcase name="tcClickOnExportToExcel_ToDownLoadExcelReport_All_Deactive" time="5.369" classname="com.test.automation.uiAutomation.admission.TC_Reports.TC_Total_Strength"/>
  <testcase name="tcMaximizeTotalStrengthReportForm" time="1.338" classname="com.test.automation.uiAutomation.admission.TC_Reports.TC_Total_Strength"/>
  <testcase name="tcClickCancelButton_ToClearFilledForm_ToPerform_AllOverAllTotalAction" time="7.433" classname="com.test.automation.uiAutomation.admission.TC_Reports.TC_Total_Strength"/>
  <testcase name="tcClickCancelButton_ToClearFilledForm_ToPerform_IndividualPresent_WitcTCAction" time="7.527" classname="com.test.automation.uiAutomation.admission.TC_Reports.TC_Total_Strength"/>
  <testcase name="tcClickCancelButton_ToClearFilledForm_ToPerform_IndividualLeftAction" time="7.446" classname="com.test.automation.uiAutomation.admission.TC_Reports.TC_Total_Strength"/>
  <testcase name="tcMinimizeTotalStrengthReportForm" time="1.342" classname="com.test.automation.uiAutomation.admission.TC_Reports.TC_Total_Strength"/>
  <testcase name="tcClickCancelButton_ToClearFilledForm_ToPerform_IndividualPresent_WithTC_AND_DeactiveAction" time="7.428" classname="com.test.automation.uiAutomation.admission.TC_Reports.TC_Total_Strength"/>
  <testcase name="tcClickCancelButton_ToClearFilledForm_ToPerform_IndividualPresent_WithDeactiveAction" time="7.440" classname="com.test.automation.uiAutomation.admission.TC_Reports.TC_Total_Strength"/>
  <testcase name="tcFillTotalStrengthReport_Form_ForALL_OverAllTotal" time="3.186" classname="com.test.automation.uiAutomation.admission.TC_Reports.TC_Total_Strength"/>
  <testcase name="loginToappWithrequiredCredentials" time="0.002" classname="com.test.automation.uiAutomation.admission.TC_Reports.TC_Total_Strength">
    <skipped/>
  </testcase> <!-- loginToappWithrequiredCredentials -->
  <testcase name="tcClickReport_ToGenerate_TotalStrengthReport_AllLeft" time="5.364" classname="com.test.automation.uiAutomation.admission.TC_Reports.TC_Total_Strength"/>
  <testcase name="tcFillTotalStrengthReport_Form_ForALL_Present" time="2.658" classname="com.test.automation.uiAutomation.admission.TC_Reports.TC_Total_Strength"/>
  <testcase name="tcClickReport_ToGenerate_TotalStrengthReport_AllWith_TC_AND_Deactive" time="5.346" classname="com.test.automation.uiAutomation.admission.TC_Reports.TC_Total_Strength"/>
  <testcase name="tcSearchWithClassName_InTotalStrengthReportGrid" time="1.408" classname="com.test.automation.uiAutomation.admission.TC_Reports.TC_Total_Strength"/>
  <testcase name="tcClickCancelButton_ToClearFilledForm_ToPerform_AllDeactiveAction" time="7.470" classname="com.test.automation.uiAutomation.admission.TC_Reports.TC_Total_Strength"/>
  <testcase name="tcFillTotalStrengthReport_Form_ForALL_Left" time="3.229" classname="com.test.automation.uiAutomation.admission.TC_Reports.TC_Total_Strength"/>
  <testcase name="tcMinimizeTotalStrengthReportGrid" time="1.333" classname="com.test.automation.uiAutomation.admission.TC_Reports.TC_Total_Strength"/>
  <testcase name="tcClickCancelButton_ToClearFilledForm_ToPerform_AllWithDeactive" time="7.495" classname="com.test.automation.uiAutomation.admission.TC_Reports.TC_Total_Strength"/>
  <testcase name="tcClickOnExportToExcel_ToDownLoadExcelReport_Individual_PresentWithDeactive" time="5.435" classname="com.test.automation.uiAutomation.admission.TC_Reports.TC_Total_Strength"/>
  <testcase name="tcHomeButtonValidation" time="10.315" classname="com.test.automation.uiAutomation.admission.TC_Reports.TC_Total_Strength"/>
  <testcase name="tcClickCancelButton_ToClearFilledForm_ToPerform_AllWithTCAction" time="7.451" classname="com.test.automation.uiAutomation.admission.TC_Reports.TC_Total_Strength"/>
  <testcase name="tcClickReport_ToGenerate_TotalStrengthReport_Individual_Present" time="5.371" classname="com.test.automation.uiAutomation.admission.TC_Reports.TC_Total_Strength"/>
  <testcase name="tcVerifyAdmissionReports_TotalStrengthReport_BGHSPage" time="1.325" classname="com.test.automation.uiAutomation.admission.TC_Reports.TC_Total_Strength"/>
  <testcase name="tcClickReport_ToGenerate_TotalStrengthReport_Individual_PresentWithDeactive" time="5.372" classname="com.test.automation.uiAutomation.admission.TC_Reports.TC_Total_Strength"/>
  <testcase name="tcFillTotalStrengthReport_Form_ForALL_Present_With_TC_AND_Deactive" time="4.795" classname="com.test.automation.uiAutomation.admission.TC_Reports.TC_Total_Strength"/>
  <testcase name="loginToappWithrequiredCredentials" time="0.001" classname="com.test.automation.uiAutomation.admission.TC_Reports.TC_Total_Strength">
    <skipped/>
  </testcase> <!-- loginToappWithrequiredCredentials -->
  <testcase name="loginToappWithrequiredCredentials" time="20.097" classname="com.test.automation.uiAutomation.admission.TC_Reports.TC_Total_Strength"/>
  <testcase name="tcClickReport_ToGenerate_TotalStrengthReport_AllWithTC" time="5.365" classname="com.test.automation.uiAutomation.admission.TC_Reports.TC_Total_Strength"/>
  <testcase name="tcFillTotalStrengthReport_Form_ForIndividual_Present_WithTC_AND_Deactive" time="7.725" classname="com.test.automation.uiAutomation.admission.TC_Reports.TC_Total_Strength"/>
  <testcase name="tcFillTotalStrengthReport_Form_ForIndividual_Present_WithTC" time="6.881" classname="com.test.automation.uiAutomation.admission.TC_Reports.TC_Total_Strength"/>
  <testcase name="tcClickOnExportToExcel_ToDownLoadExcelReport_Individual_Deactive" time="5.341" classname="com.test.automation.uiAutomation.admission.TC_Reports.TC_Total_Strength"/>
  <testcase name="tcSubmitBlank_TotalStrengthReportForm" time="5.401" classname="com.test.automation.uiAutomation.admission.TC_Reports.TC_Total_Strength"/>
  <testcase name="tcMaximizeTotalStrengthReportGrid" time="1.319" classname="com.test.automation.uiAutomation.admission.TC_Reports.TC_Total_Strength"/>
  <testcase name="tcClickCancelButton_ToClearFilledForm_ToPerform_IndividualPresentAction" time="7.480" classname="com.test.automation.uiAutomation.admission.TC_Reports.TC_Total_Strength"/>
  <testcase name="tcClickOnExportToExcel_ToDownLoadExcelReport_Individual_PresentWithTC_AND_Deactive" time="5.380" classname="com.test.automation.uiAutomation.admission.TC_Reports.TC_Total_Strength"/>
  <testcase name="tcClickReport_ToGenerate_TotalStrengthReport_All_Deactive" time="5.366" classname="com.test.automation.uiAutomation.admission.TC_Reports.TC_Total_Strength"/>
  <testcase name="tcClickOnExportToExcel_ToDownLoadExcelReport_Individual_Left" time="5.357" classname="com.test.automation.uiAutomation.admission.TC_Reports.TC_Total_Strength"/>
  <testcase name="tcClickOnExportToExcel_ToDownLoadExcelReport_Individual_Present" time="5.326" classname="com.test.automation.uiAutomation.admission.TC_Reports.TC_Total_Strength"/>
  <testcase name="tcClickReport_ToGenerate_TotalStrengthReport_Individual_PresentWithTC" time="5.353" classname="com.test.automation.uiAutomation.admission.TC_Reports.TC_Total_Strength"/>
  <testcase name="tcClickCancelButton_ToClearFilledForm_ToPerform_AllWith_TC_AND_Deactive" time="7.431" classname="com.test.automation.uiAutomation.admission.TC_Reports.TC_Total_Strength"/>
  <testcase name="tcClickReport_ToGenerate_TotalStrengthReport_Individual_Deactive" time="5.322" classname="com.test.automation.uiAutomation.admission.TC_Reports.TC_Total_Strength"/>
  <testcase name="tcClickOnExportToExcel_ToDownLoadExcelReport_AllWithDeactive" time="5.454" classname="com.test.automation.uiAutomation.admission.TC_Reports.TC_Total_Strength"/>
  <testcase name="tcFillTotalStrengthReport_Form_ForIndividual_Left" time="6.174" classname="com.test.automation.uiAutomation.admission.TC_Reports.TC_Total_Strength"/>
  <testcase name="tcClickCancelButton_ToClearFilledForm_ToPerform_IndividualOverAllTotalAction" time="7.517" classname="com.test.automation.uiAutomation.admission.TC_Reports.TC_Total_Strength"/>
  <testcase name="tcClickReport_ToGenerate_TotalStrengthReport_AllWithDeactive" time="5.359" classname="com.test.automation.uiAutomation.admission.TC_Reports.TC_Total_Strength"/>
  <testcase name="tcClickCancelButton_ToClearFilledForm_ToPerform_IndividualDeactiveAction" time="7.449" classname="com.test.automation.uiAutomation.admission.TC_Reports.TC_Total_Strength"/>
  <testcase name="tcClickCancelButton_ToClearFilledForm" time="7.478" classname="com.test.automation.uiAutomation.admission.TC_Reports.TC_Total_Strength"/>
  <testcase name="tcFillTotalStrengthReport_Form_ForIndividual_Deactive" time="6.223" classname="com.test.automation.uiAutomation.admission.TC_Reports.TC_Total_Strength"/>
  <testcase name="tcNavigateToAdmission_Reports_TotalStrength" time="4.893" classname="com.test.automation.uiAutomation.admission.TC_Reports.TC_Total_Strength"/>
  <testcase name="tcClickOnExportToExcel_ToDownLoadExcelReport_All_OverAllTotal" time="5.418" classname="com.test.automation.uiAutomation.admission.TC_Reports.TC_Total_Strength"/>
  <testcase name="tcClickCancelButton_ToClearFilledForm_ToPerform_AllLeftAction" time="7.432" classname="com.test.automation.uiAutomation.admission.TC_Reports.TC_Total_Strength"/>
  <testcase name="tcClickReport_ToGenerate_TotalStrengthReport_All_OverAllTotal" time="5.374" classname="com.test.automation.uiAutomation.admission.TC_Reports.TC_Total_Strength"/>
  <testcase name="loginToappWithrequiredCredentials" time="0.001" classname="com.test.automation.uiAutomation.admission.TC_Reports.TC_Total_Strength">
    <skipped/>
  </testcase> <!-- loginToappWithrequiredCredentials -->
  <testcase name="tcFillTotalStrengthReport_Form_ForALL_Present_WithDeactive" time="3.544" classname="com.test.automation.uiAutomation.admission.TC_Reports.TC_Total_Strength"/>
  <testcase name="tcClickReport_ToGenerate_TotalStrengthReport_Individual_PresentWithTC_AND_Deactive" time="5.376" classname="com.test.automation.uiAutomation.admission.TC_Reports.TC_Total_Strength"/>
  <testcase name="loginToappWithrequiredCredentials" time="0.000" classname="com.test.automation.uiAutomation.admission.TC_Reports.TC_Total_Strength">
    <skipped/>
  </testcase> <!-- loginToappWithrequiredCredentials -->
  <testcase name="tcClickReport_ToGenerate_TotalStrengthReport_WithTC" time="5.359" classname="com.test.automation.uiAutomation.admission.TC_Reports.TC_Total_Strength"/>
  <testcase name="tcFillTotalStrengthReport_Form_ForALL_Deactive" time="3.109" classname="com.test.automation.uiAutomation.admission.TC_Reports.TC_Total_Strength"/>
  <testcase name="tcFillTotalStrengthReport_Form_ForIndividual_Present" time="5.634" classname="com.test.automation.uiAutomation.admission.TC_Reports.TC_Total_Strength"/>
  <testcase name="tcFillTotalStrengthReport_Form_ForALL_Present_WithTC" time="3.718" classname="com.test.automation.uiAutomation.admission.TC_Reports.TC_Total_Strength"/>
  <testcase name="tcClickOnExportToExcel_ToDownLoadExcelReport_AllLeft" time="5.373" classname="com.test.automation.uiAutomation.admission.TC_Reports.TC_Total_Strength"/>
  <testcase name="tcClickOnExportToExcel_ToDownLoadExcelReport_Individual_PresentWithTC" time="5.343" classname="com.test.automation.uiAutomation.admission.TC_Reports.TC_Total_Strength"/>
  <testcase name="tcClickOnExportToExcel_ToDownLoadExcelReport_AllPresent" time="5.350" classname="com.test.automation.uiAutomation.admission.TC_Reports.TC_Total_Strength"/>
  <testcase name="tcFillTotalStrengthReport_Form_ForIndividual_OverAllTotal" time="6.212" classname="com.test.automation.uiAutomation.admission.TC_Reports.TC_Total_Strength"/>
  <testcase name="tcClickOnExportToExcel_ToDownLoadExcelReport_AllWith_TC_AND_Deactive" time="5.375" classname="com.test.automation.uiAutomation.admission.TC_Reports.TC_Total_Strength"/>
  <testcase name="tcClickReport_ToGenerate_TotalStrengthReport_Individual_OverAllTotal" time="5.377" classname="com.test.automation.uiAutomation.admission.TC_Reports.TC_Total_Strength"/>
  <testcase name="tcClickReport_ToGenerate_TotalStrengthReport_AllPresent_AfterCancel" time="5.378" classname="com.test.automation.uiAutomation.admission.TC_Reports.TC_Total_Strength"/>
  <testcase name="tcFillTotalStrengthReport_Form_ForALL_Present_AfterCancel" time="2.610" classname="com.test.automation.uiAutomation.admission.TC_Reports.TC_Total_Strength"/>
  <testcase name="tcFillTotalStrengthReport_Form_ForIndividual_Present_WithDeactive" time="6.835" classname="com.test.automation.uiAutomation.admission.TC_Reports.TC_Total_Strength"/>
</testsuite> <!-- com.test.automation.uiAutomation.admission.TC_Reports.TC_Total_Strength -->
