<?xml version="1.0" encoding="UTF-8"?>
<!-- Generated by org.testng.reporters.JUnitReportReporter -->
<testsuite name="testPackageforNonworkingFuc.TestRunnerClass1" tests="10" time="13.686" ignored="0" failures="0" timestamp="15 Oct 2018 08:03:42 GMT" skipped="4" hostname="Arvind-Susdiny" errors="0">
  <testcase name="tcNavigateToAdmission_Masters_CasteCategory_BGHS" time="4.511" classname="testPackageforNonworkingFuc.TestRunnerClass1"/>
  <testcase name="loginToappWithrequiredCredentials" time="0.002" classname="testPackageforNonworkingFuc.TestRunnerClass1">
    <skipped/>
  </testcase> <!-- loginToappWithrequiredCredentials -->
  <testcase name="tcSortingOfElement" time="2.752" classname="testPackageforNonworkingFuc.TestRunnerClass1"/>
  <testcase name="tcGetRowData_ExcelValueCompare" time="0.362" classname="testPackageforNonworkingFuc.TestRunnerClass1"/>
  <testcase name="loginToappWithrequiredCredentials" time="4.116" classname="testPackageforNonworkingFuc.TestRunnerClass1"/>
  <testcase name="tcSearchWithCasteCategoryNameInTheGrid" time="1.564" classname="testPackageforNonworkingFuc.TestRunnerClass1"/>
  <testcase name="tcGetHeaderData_ExcelValueCompare" time="0.373" classname="testPackageforNonworkingFuc.TestRunnerClass1"/>
  <testcase name="loginToappWithrequiredCredentials" time="0.003" classname="testPackageforNonworkingFuc.TestRunnerClass1">
    <skipped/>
  </testcase> <!-- loginToappWithrequiredCredentials -->
  <testcase name="loginToappWithrequiredCredentials" time="0.002" classname="testPackageforNonworkingFuc.TestRunnerClass1">
    <skipped/>
  </testcase> <!-- loginToappWithrequiredCredentials -->
  <testcase name="loginToappWithrequiredCredentials" time="0.001" classname="testPackageforNonworkingFuc.TestRunnerClass1">
    <skipped/>
  </testcase> <!-- loginToappWithrequiredCredentials -->
</testsuite> <!-- testPackageforNonworkingFuc.TestRunnerClass1 -->
