<?xml version="1.0" encoding="UTF-8"?>
<!-- Generated by org.testng.reporters.JUnitReportReporter -->
<testsuite name="com.test.automation.uiAutomation.admission.TC_Reports.TC_ClassWise_Daily_Attendance_Report" tests="18" time="89.788" ignored="0" failures="0" timestamp="03 Apr 2018 04:30:20 GMT" skipped="0" hostname="DESKTOP-DISLHD4" errors="0">
  <testcase name="tcFillClassWiseDailyAttendanceReportForm_AfterCancel" time="9.318" classname="com.test.automation.uiAutomation.admission.TC_Reports.TC_ClassWise_Daily_Attendance_Report"/>
  <testcase name="tcValidateStudentAttendanceStatus_And_SelectStudentToDownloadToExcel" time="1.440" classname="com.test.automation.uiAutomation.admission.TC_Reports.TC_ClassWise_Daily_Attendance_Report"/>
  <testcase name="tcSubmitBlank_ClassWiseDailyAttendanceReportForm" time="0.392" classname="com.test.automation.uiAutomation.admission.TC_Reports.TC_ClassWise_Daily_Attendance_Report"/>
  <testcase name="tcClickOnReportButtonToGenerateReport" time="5.322" classname="com.test.automation.uiAutomation.admission.TC_Reports.TC_ClassWise_Daily_Attendance_Report"/>
  <testcase name="tcMinimizeClassWiseDailyAttendanceListGrid" time="1.384" classname="com.test.automation.uiAutomation.admission.TC_Reports.TC_ClassWise_Daily_Attendance_Report"/>
  <testcase name="tcMaximizeClassWiseDailyAttendanceListGrid" time="1.343" classname="com.test.automation.uiAutomation.admission.TC_Reports.TC_ClassWise_Daily_Attendance_Report"/>
  <testcase name="tcVerifyStudentForAttendanceIn_ClassWiseAttendanceReportListGrid" time="0.300" classname="com.test.automation.uiAutomation.admission.TC_Reports.TC_ClassWise_Daily_Attendance_Report"/>
  <testcase name="tcVerifyReports_ClassWiseDailyAttendanceReport_BGHSPage" time="1.453" classname="com.test.automation.uiAutomation.admission.TC_Reports.TC_ClassWise_Daily_Attendance_Report"/>
  <testcase name="tcClickOnExportButton_ToDownloadExcelReport" time="5.353" classname="com.test.automation.uiAutomation.admission.TC_Reports.TC_ClassWise_Daily_Attendance_Report"/>
  <testcase name="loginToappWithrequiredCredentials" time="20.149" classname="com.test.automation.uiAutomation.admission.TC_Reports.TC_ClassWise_Daily_Attendance_Report"/>
  <testcase name="tcSearchWithAdmissionNumberInThe_ClasswiseAttendanceReportListGrid" time="1.412" classname="com.test.automation.uiAutomation.admission.TC_Reports.TC_ClassWise_Daily_Attendance_Report"/>
  <testcase name="tcMinimizeClassWiseDailyAttendance" time="1.378" classname="com.test.automation.uiAutomation.admission.TC_Reports.TC_ClassWise_Daily_Attendance_Report"/>
  <testcase name="tcHomeButtonValidation" time="10.342" classname="com.test.automation.uiAutomation.admission.TC_Reports.TC_ClassWise_Daily_Attendance_Report"/>
  <testcase name="tcFillClassWiseDailyAttendanceReportForm" time="14.353" classname="com.test.automation.uiAutomation.admission.TC_Reports.TC_ClassWise_Daily_Attendance_Report"/>
  <testcase name="tcClickOnCancelButton" time="5.375" classname="com.test.automation.uiAutomation.admission.TC_Reports.TC_ClassWise_Daily_Attendance_Report"/>
  <testcase name="tcClickOnReportButtonToGenerateReport_AfterCancel" time="5.411" classname="com.test.automation.uiAutomation.admission.TC_Reports.TC_ClassWise_Daily_Attendance_Report"/>
  <testcase name="tcMaximizeClassWiseDailyAttendance" time="1.323" classname="com.test.automation.uiAutomation.admission.TC_Reports.TC_ClassWise_Daily_Attendance_Report"/>
  <testcase name="tcNavigateToAdmission_Reports_ClassWiseDaily_AttendanceReport" time="3.740" classname="com.test.automation.uiAutomation.admission.TC_Reports.TC_ClassWise_Daily_Attendance_Report"/>
</testsuite> <!-- com.test.automation.uiAutomation.admission.TC_Reports.TC_ClassWise_Daily_Attendance_Report -->
