<?xml version="1.0" encoding="UTF-8"?>
<!-- Generated by org.testng.reporters.JUnitReportReporter -->
<testsuite name="com.test.automation.uiAutomation.tcFee.Tc_Masters_Fee_Installment_MasterInstallment" tests="12" time="84.397" ignored="0" failures="0" timestamp="15 Dec 2017 09:00:01 GMT" skipped="2" hostname="vaps-PC" errors="0">
  <testcase name="loginToappWithrequiredCredentials" time="0.013" classname="com.test.automation.uiAutomation.tcFee.Tc_Masters_Fee_Installment_MasterInstallment">
    <skipped/>
  </testcase> <!-- loginToappWithrequiredCredentials -->
  <testcase name="tcEnterNameForSelectedNoOfInstallment" time="20.628" classname="com.test.automation.uiAutomation.tcFee.Tc_Masters_Fee_Installment_MasterInstallment"/>
  <testcase name="tcVerifySuccessfulPopUp" time="1.881" classname="com.test.automation.uiAutomation.tcFee.Tc_Masters_Fee_Installment_MasterInstallment"/>
  <testcase name="tcHomeButtonValidation" time="0.864" classname="com.test.automation.uiAutomation.tcFee.Tc_Masters_Fee_Installment_MasterInstallment"/>
  <testcase name="tcClickOnSuccessOkBtn" time="4.685" classname="com.test.automation.uiAutomation.tcFee.Tc_Masters_Fee_Installment_MasterInstallment"/>
  <testcase name="loginToappWithrequiredCredentials" time="0.009" classname="com.test.automation.uiAutomation.tcFee.Tc_Masters_Fee_Installment_MasterInstallment">
    <skipped/>
  </testcase> <!-- loginToappWithrequiredCredentials -->
  <testcase name="loginToappWithrequiredCredentials" time="32.336" classname="com.test.automation.uiAutomation.tcFee.Tc_Masters_Fee_Installment_MasterInstallment"/>
  <testcase name="tcVerifyFeeInstallmentGridIsPresent" time="1.848" classname="com.test.automation.uiAutomation.tcFee.Tc_Masters_Fee_Installment_MasterInstallment"/>
  <testcase name="tcClickOnSaveButton" time="3.797" classname="com.test.automation.uiAutomation.tcFee.Tc_Masters_Fee_Installment_MasterInstallment"/>
  <testcase name="tcNevigateToFeeInstallment_MasterInstallment" time="7.663" classname="com.test.automation.uiAutomation.tcFee.Tc_Masters_Fee_Installment_MasterInstallment"/>
  <testcase name="tcVerifyFeeInstallmentScreen" time="1.795" classname="com.test.automation.uiAutomation.tcFee.Tc_Masters_Fee_Installment_MasterInstallment"/>
  <testcase name="tcMasterInstallmentNameAndType" time="8.878" classname="com.test.automation.uiAutomation.tcFee.Tc_Masters_Fee_Installment_MasterInstallment"/>
</testsuite> <!-- com.test.automation.uiAutomation.tcFee.Tc_Masters_Fee_Installment_MasterInstallment -->
