<?xml version="1.0" encoding="UTF-8"?>
<!-- Generated by org.testng.reporters.JUnitReportReporter -->
<testsuite name="com.test.automation.uiAutomation.tcFee.Tc_Masters_Yearly_Group_HeadMap" tests="18" time="65.098" ignored="0" failures="0" timestamp="16 Feb 2018 07:22:50 GMT" skipped="6" hostname="DESKTOP-DISLHD4" errors="0">
  <testcase name="loginToappWithrequiredCredentials" time="0.002" classname="com.test.automation.uiAutomation.tcFee.Tc_Masters_Yearly_Group_HeadMap">
    <skipped/>
  </testcase> <!-- loginToappWithrequiredCredentials -->
  <testcase name="tcNevigateToMasters_YearlyGrHeadMap" time="4.094" classname="com.test.automation.uiAutomation.tcFee.Tc_Masters_Yearly_Group_HeadMap"/>
  <testcase name="tcClickOnSaveButton" time="2.444" classname="com.test.automation.uiAutomation.tcFee.Tc_Masters_Yearly_Group_HeadMap"/>
  <testcase name="tcAddNewFeeHead" time="1.467" classname="com.test.automation.uiAutomation.tcFee.Tc_Masters_Yearly_Group_HeadMap"/>
  <testcase name="tcRemoveAddedFeeHeadAndInstallment" time="1.455" classname="com.test.automation.uiAutomation.tcFee.Tc_Masters_Yearly_Group_HeadMap"/>
  <testcase name="tcVerifySuccessfulPopUp" time="1.337" classname="com.test.automation.uiAutomation.tcFee.Tc_Masters_Yearly_Group_HeadMap"/>
  <testcase name="loginToappWithrequiredCredentials" time="20.042" classname="com.test.automation.uiAutomation.tcFee.Tc_Masters_Yearly_Group_HeadMap"/>
  <testcase name="tcHomeButtonValidation" time="13.866" classname="com.test.automation.uiAutomation.tcFee.Tc_Masters_Yearly_Group_HeadMap"/>
  <testcase name="loginToappWithrequiredCredentials" time="0.002" classname="com.test.automation.uiAutomation.tcFee.Tc_Masters_Yearly_Group_HeadMap">
    <skipped/>
  </testcase> <!-- loginToappWithrequiredCredentials -->
  <testcase name="tcVerifyUserAbleToAddNewHead" time="6.507" classname="com.test.automation.uiAutomation.tcFee.Tc_Masters_Yearly_Group_HeadMap"/>
  <testcase name="tcVerifyYearlyFeeHeadGrMapPage" time="1.343" classname="com.test.automation.uiAutomation.tcFee.Tc_Masters_Yearly_Group_HeadMap"/>
  <testcase name="tcVerifyUserAbleToAddNewHead" time="0.003" classname="com.test.automation.uiAutomation.tcFee.Tc_Masters_Yearly_Group_HeadMap">
    <skipped/>
  </testcase> <!-- tcVerifyUserAbleToAddNewHead -->
  <testcase name="tcSelectAcademicYearAndFeeGroup" time="2.982" classname="com.test.automation.uiAutomation.tcFee.Tc_Masters_Yearly_Group_HeadMap"/>
  <testcase name="tcClickOnSuccessOkBtn" time="3.300" classname="com.test.automation.uiAutomation.tcFee.Tc_Masters_Yearly_Group_HeadMap"/>
  <testcase name="loginToappWithrequiredCredentials" time="0.002" classname="com.test.automation.uiAutomation.tcFee.Tc_Masters_Yearly_Group_HeadMap">
    <skipped/>
  </testcase> <!-- loginToappWithrequiredCredentials -->
  <testcase name="tcMapFeeHeadAndInstallment" time="0.002" classname="com.test.automation.uiAutomation.tcFee.Tc_Masters_Yearly_Group_HeadMap">
    <skipped/>
  </testcase> <!-- tcMapFeeHeadAndInstallment -->
  <testcase name="tcMapFeeHeadAndInstallment" time="6.247" classname="com.test.automation.uiAutomation.tcFee.Tc_Masters_Yearly_Group_HeadMap"/>
  <testcase name="loginToappWithrequiredCredentials" time="0.003" classname="com.test.automation.uiAutomation.tcFee.Tc_Masters_Yearly_Group_HeadMap">
    <skipped/>
  </testcase> <!-- loginToappWithrequiredCredentials -->
</testsuite> <!-- com.test.automation.uiAutomation.tcFee.Tc_Masters_Yearly_Group_HeadMap -->
