<?xml version="1.0" encoding="UTF-8"?>
<!-- Generated by org.testng.reporters.JUnitReportReporter -->
<testsuite name="com.test.automation.uiAutomation.admission.TC_Masters_Government_Bond" tests="34" time="148.700" ignored="0" failures="0" timestamp="31 Jan 2018 11:29:24 GMT" skipped="4" hostname="DESKTOP-DISLHD4" errors="0">
  <testcase name="tcEnterMasterGovernmentBondDetailsData_AfterDelete" time="0.534" classname="com.test.automation.uiAutomation.admission.TC_Masters_Government_Bond"/>
  <testcase name="tcEditGovernmentBond" time="5.492" classname="com.test.automation.uiAutomation.admission.TC_Masters_Government_Bond"/>
  <testcase name="loginToappWithrequiredCredentials" time="0.003" classname="com.test.automation.uiAutomation.admission.TC_Masters_Government_Bond">
    <skipped/>
  </testcase> <!-- loginToappWithrequiredCredentials -->
  <testcase name="tcEnterMasterGovernmentBondDetailsData" time="1.970" classname="com.test.automation.uiAutomation.admission.TC_Masters_Government_Bond"/>
  <testcase name="tcSaveGovernmentBondInfoData_AfterDelete" time="0.330" classname="com.test.automation.uiAutomation.admission.TC_Masters_Government_Bond"/>
  <testcase name="tcSaveGovernmentBondInfoData" time="15.455" classname="com.test.automation.uiAutomation.admission.TC_Masters_Government_Bond"/>
  <testcase name="tcNavigateToAdmission_Masters_GovernmentBond_BGHS" time="1.745" classname="com.test.automation.uiAutomation.admission.TC_Masters_Government_Bond"/>
  <testcase name="tcDeleteGovernmentBond_AfterCancel" time="20.599" classname="com.test.automation.uiAutomation.admission.TC_Masters_Government_Bond"/>
  <testcase name="tcVerifyMasters_GovernmentBond_BGHSPage" time="1.328" classname="com.test.automation.uiAutomation.admission.TC_Masters_Government_Bond"/>
  <testcase name="tcMinimizeGovernmentBondList" time="2.345" classname="com.test.automation.uiAutomation.admission.TC_Masters_Government_Bond"/>
  <testcase name="tcYesDeleteOrDeactivateOrActivateIt" time="0.353" classname="com.test.automation.uiAutomation.admission.TC_Masters_Government_Bond"/>
  <testcase name="tcClearGovernmentBondInfoData" time="15.452" classname="com.test.automation.uiAutomation.admission.TC_Masters_Government_Bond"/>
  <testcase name="loginToappWithrequiredCredentials" time="0.002" classname="com.test.automation.uiAutomation.admission.TC_Masters_Government_Bond">
    <skipped/>
  </testcase> <!-- loginToappWithrequiredCredentials -->
  <testcase name="loginToappWithrequiredCredentials" time="0.001" classname="com.test.automation.uiAutomation.admission.TC_Masters_Government_Bond">
    <skipped/>
  </testcase> <!-- loginToappWithrequiredCredentials -->
  <testcase name="tcClickOnOkSuccessButton_Edit" time="0.321" classname="com.test.automation.uiAutomation.admission.TC_Masters_Government_Bond"/>
  <testcase name="tcHomeButtonValidation" time="2.803" classname="com.test.automation.uiAutomation.admission.TC_Masters_Government_Bond"/>
  <testcase name="tcClickOnOkSuccessButton" time="2.350" classname="com.test.automation.uiAutomation.admission.TC_Masters_Government_Bond"/>
  <testcase name="tcEnterMasterGovernmentBondDetailsData_AfterClear" time="1.709" classname="com.test.automation.uiAutomation.admission.TC_Masters_Government_Bond"/>
  <testcase name="tcSearchWithGovernmentBondNameInTheGrid_delete" time="0.406" classname="com.test.automation.uiAutomation.admission.TC_Masters_Government_Bond"/>
  <testcase name="tcSaveGovernmentBondInfoData_Edit" time="15.454" classname="com.test.automation.uiAutomation.admission.TC_Masters_Government_Bond"/>
  <testcase name="tcMaximizeMasterGovernmentBond" time="2.331" classname="com.test.automation.uiAutomation.admission.TC_Masters_Government_Bond"/>
  <testcase name="tcClickOnCancelButton" time="0.320" classname="com.test.automation.uiAutomation.admission.TC_Masters_Government_Bond"/>
  <testcase name="tcClickOnOkSuccessButton_AfterDelete" time="0.304" classname="com.test.automation.uiAutomation.admission.TC_Masters_Government_Bond"/>
  <testcase name="tcClickOnOkSuccessButton_cancel" time="0.316" classname="com.test.automation.uiAutomation.admission.TC_Masters_Government_Bond"/>
  <testcase name="tcMaximizeGovernmentBondList" time="2.649" classname="com.test.automation.uiAutomation.admission.TC_Masters_Government_Bond"/>
  <testcase name="tcSubmitBlankGovernmentBondForm" time="3.417" classname="com.test.automation.uiAutomation.admission.TC_Masters_Government_Bond"/>
  <testcase name="tcSortByBondName" time="3.691" classname="com.test.automation.uiAutomation.admission.TC_Masters_Government_Bond"/>
  <testcase name="tcDeleteGovernmentBond" time="20.323" classname="com.test.automation.uiAutomation.admission.TC_Masters_Government_Bond"/>
  <testcase name="tcVerifyBondNameInTheGrid" time="0.310" classname="com.test.automation.uiAutomation.admission.TC_Masters_Government_Bond"/>
  <testcase name="tcSearchWithGovernmentBondNameInTheGrid" time="0.839" classname="com.test.automation.uiAutomation.admission.TC_Masters_Government_Bond"/>
  <testcase name="loginToappWithrequiredCredentials" time="0.002" classname="com.test.automation.uiAutomation.admission.TC_Masters_Government_Bond">
    <skipped/>
  </testcase> <!-- loginToappWithrequiredCredentials -->
  <testcase name="loginToappWithrequiredCredentials" time="22.890" classname="com.test.automation.uiAutomation.admission.TC_Masters_Government_Bond"/>
  <testcase name="tcMinimizeMasterGovernmentBond" time="2.341" classname="com.test.automation.uiAutomation.admission.TC_Masters_Government_Bond"/>
  <testcase name="tcClickOnOkSuccessButton_delete" time="0.315" classname="com.test.automation.uiAutomation.admission.TC_Masters_Government_Bond"/>
</testsuite> <!-- com.test.automation.uiAutomation.admission.TC_Masters_Government_Bond -->
