<?xml version="1.0" encoding="UTF-8"?>
<!-- Generated by org.testng.reporters.JUnitReportReporter -->
<testsuite name="com.test.automation.uiAutomation.admission.TC_Masters_Master_Period" tests="46" time="218.307" ignored="0" failures="0" timestamp="29 Jan 2018 13:03:43 GMT" skipped="8" hostname="DESKTOP-DISLHD4" errors="0">
  <testcase name="tcEnterMasterPeriodData" time="0.002" classname="com.test.automation.uiAutomation.admission.TC_Masters_Master_Period">
    <skipped/>
  </testcase> <!-- tcEnterMasterPeriodData -->
  <testcase name="tcClickOnOkSuccessButton" time="2.333" classname="com.test.automation.uiAutomation.admission.TC_Masters_Master_Period"/>
  <testcase name="tcSavePeriodInfoData_2ndHalfPeriod" time="15.446" classname="com.test.automation.uiAutomation.admission.TC_Masters_Master_Period"/>
  <testcase name="tcNavigateToAdmission_Masters_MasterPeriod_BGHS" time="1.796" classname="com.test.automation.uiAutomation.admission.TC_Masters_Master_Period"/>
  <testcase name="tcSavePeriodInfoData" time="15.490" classname="com.test.automation.uiAutomation.admission.TC_Masters_Master_Period"/>
  <testcase name="tcClickOnOkSuccessButton_cancel" time="0.283" classname="com.test.automation.uiAutomation.admission.TC_Masters_Master_Period"/>
  <testcase name="tcYesDeleteOrDeactivateOrActivateIt" time="15.430" classname="com.test.automation.uiAutomation.admission.TC_Masters_Master_Period"/>
  <testcase name="tcEnterMasterPeriodData_2ndHalfPeriod" time="0.001" classname="com.test.automation.uiAutomation.admission.TC_Masters_Master_Period">
    <skipped/>
  </testcase> <!-- tcEnterMasterPeriodData_2ndHalfPeriod -->
  <testcase name="tcHomeButtonValidation" time="5.569" classname="com.test.automation.uiAutomation.admission.TC_Masters_Master_Period"/>
  <testcase name="tcVerifyMasters_MasterPeriod_BGHSPage" time="1.331" classname="com.test.automation.uiAutomation.admission.TC_Masters_Master_Period"/>
  <testcase name="tcMinimizeMasterPeriodList" time="2.351" classname="com.test.automation.uiAutomation.admission.TC_Masters_Master_Period"/>
  <testcase name="tcMinimizeMasterPeriod" time="2.373" classname="com.test.automation.uiAutomation.admission.TC_Masters_Master_Period"/>
  <testcase name="loginToappWithrequiredCredentials" time="0.001" classname="com.test.automation.uiAutomation.admission.TC_Masters_Master_Period">
    <skipped/>
  </testcase> <!-- loginToappWithrequiredCredentials -->
  <testcase name="loginToappWithrequiredCredentials" time="0.000" classname="com.test.automation.uiAutomation.admission.TC_Masters_Master_Period">
    <skipped/>
  </testcase> <!-- loginToappWithrequiredCredentials -->
  <testcase name="tcSavePeriodInfoData_AfterDelete" time="15.665" classname="com.test.automation.uiAutomation.admission.TC_Masters_Master_Period"/>
  <testcase name="tcDeleteMasterPeriod" time="5.461" classname="com.test.automation.uiAutomation.admission.TC_Masters_Master_Period"/>
  <testcase name="tcSortByCategoryName" time="3.629" classname="com.test.automation.uiAutomation.admission.TC_Masters_Master_Period"/>
  <testcase name="loginToappWithrequiredCredentials" time="0.001" classname="com.test.automation.uiAutomation.admission.TC_Masters_Master_Period">
    <skipped/>
  </testcase> <!-- loginToappWithrequiredCredentials -->
  <testcase name="tcEditMasterPeriod" time="5.432" classname="com.test.automation.uiAutomation.admission.TC_Masters_Master_Period"/>
  <testcase name="tcEnterMasterPeriodData_AfterDelete" time="4.917" classname="com.test.automation.uiAutomation.admission.TC_Masters_Master_Period"/>
  <testcase name="loginToappWithrequiredCredentials" time="0.002" classname="com.test.automation.uiAutomation.admission.TC_Masters_Master_Period">
    <skipped/>
  </testcase> <!-- loginToappWithrequiredCredentials -->
  <testcase name="tcClickOnOkSuccessButton_2ndHalfPeriod" time="2.353" classname="com.test.automation.uiAutomation.admission.TC_Masters_Master_Period"/>
  <testcase name="tcEnterMasterPeriodData_2ndHalfPeriod" time="4.939" classname="com.test.automation.uiAutomation.admission.TC_Masters_Master_Period"/>
  <testcase name="tcSearchWithCategoryNameInTheGrid_AfterDeleteCancel" time="0.913" classname="com.test.automation.uiAutomation.admission.TC_Masters_Master_Period"/>
  <testcase name="tcSelectIstHalfPeriodRadioButton_AfterClear" time="0.662" classname="com.test.automation.uiAutomation.admission.TC_Masters_Master_Period"/>
  <testcase name="tcClickOnOkSuccessButton_Edit" time="2.339" classname="com.test.automation.uiAutomation.admission.TC_Masters_Master_Period"/>
  <testcase name="tcMaximizeMasterPeriodList" time="2.333" classname="com.test.automation.uiAutomation.admission.TC_Masters_Master_Period"/>
  <testcase name="tcSearchWithCategoryNameInTheGrid" time="0.877" classname="com.test.automation.uiAutomation.admission.TC_Masters_Master_Period"/>
  <testcase name="tcDeleteMasterPeriod_AfterCancel" time="5.403" classname="com.test.automation.uiAutomation.admission.TC_Masters_Master_Period"/>
  <testcase name="tcClickOnOkSuccessButton_AfterDelete" time="2.321" classname="com.test.automation.uiAutomation.admission.TC_Masters_Master_Period"/>
  <testcase name="tcClickOnOkSuccessButton_delete" time="2.336" classname="com.test.automation.uiAutomation.admission.TC_Masters_Master_Period"/>
  <testcase name="tcMaximizeMasterPeriod" time="2.341" classname="com.test.automation.uiAutomation.admission.TC_Masters_Master_Period"/>
  <testcase name="tcEnterMasterPeriodData_AfterClear" time="4.894" classname="com.test.automation.uiAutomation.admission.TC_Masters_Master_Period"/>
  <testcase name="tcVerifyCategoryNameInTheGrid" time="0.333" classname="com.test.automation.uiAutomation.admission.TC_Masters_Master_Period"/>
  <testcase name="tcClickOnCancelButton" time="15.363" classname="com.test.automation.uiAutomation.admission.TC_Masters_Master_Period"/>
  <testcase name="tcEnterMasterPeriodData_AfterClear" time="0.002" classname="com.test.automation.uiAutomation.admission.TC_Masters_Master_Period">
    <skipped/>
  </testcase> <!-- tcEnterMasterPeriodData_AfterClear -->
  <testcase name="tcSavePeriodInfoData_Edit" time="15.421" classname="com.test.automation.uiAutomation.admission.TC_Masters_Master_Period"/>
  <testcase name="tcSelectIIndHalfPeriodRadioButton_2ndHalfPeriod" time="0.412" classname="com.test.automation.uiAutomation.admission.TC_Masters_Master_Period"/>
  <testcase name="tcSubmitBlankMasterPeriodForm" time="15.418" classname="com.test.automation.uiAutomation.admission.TC_Masters_Master_Period"/>
  <testcase name="tcEnterMasterPeriodData" time="5.039" classname="com.test.automation.uiAutomation.admission.TC_Masters_Master_Period"/>
  <testcase name="tcSearchWithCategoryNameInTheGrid_delete" time="0.890" classname="com.test.automation.uiAutomation.admission.TC_Masters_Master_Period"/>
  <testcase name="tcEnterMasterPeriodData_AfterDelete" time="0.001" classname="com.test.automation.uiAutomation.admission.TC_Masters_Master_Period">
    <skipped/>
  </testcase> <!-- tcEnterMasterPeriodData_AfterDelete -->
  <testcase name="tcSelectIstHalfPeriodRadioButton" time="0.426" classname="com.test.automation.uiAutomation.admission.TC_Masters_Master_Period"/>
  <testcase name="tcSelectIIndHalfPeriodRadioButton_2ndHalfPeriod_AfterDelete" time="0.976" classname="com.test.automation.uiAutomation.admission.TC_Masters_Master_Period"/>
  <testcase name="loginToappWithrequiredCredentials" time="24.323" classname="com.test.automation.uiAutomation.admission.TC_Masters_Master_Period"/>
  <testcase name="tcClearPeriodInfoData" time="10.479" classname="com.test.automation.uiAutomation.admission.TC_Masters_Master_Period"/>
</testsuite> <!-- com.test.automation.uiAutomation.admission.TC_Masters_Master_Period -->
