<?xml version="1.0" encoding="UTF-8"?>
<!-- Generated by org.testng.reporters.JUnitReportReporter -->
<testsuite name="com.test.automation.uiAutomation.tcFee.Tc_Masters_Fee_Term_MasterTerm" tests="6" time="47.615" ignored="0" failures="0" timestamp="11 Dec 2017 10:07:51 GMT" skipped="2" hostname="vaps-PC" errors="0">
  <testcase name="tcVerifyFeeGroupPage" time="1.757" classname="com.test.automation.uiAutomation.tcFee.Tc_Masters_Fee_Term_MasterTerm"/>
  <testcase name="loginToappWithrequiredCredentials" time="37.531" classname="com.test.automation.uiAutomation.tcFee.Tc_Masters_Fee_Term_MasterTerm"/>
  <testcase name="tcHomeButtonValidation" time="0.828" classname="com.test.automation.uiAutomation.tcFee.Tc_Masters_Fee_Term_MasterTerm"/>
  <testcase name="loginToappWithrequiredCredentials" time="0.013" classname="com.test.automation.uiAutomation.tcFee.Tc_Masters_Fee_Term_MasterTerm">
    <skipped/>
  </testcase> <!-- loginToappWithrequiredCredentials -->
  <testcase name="loginToappWithrequiredCredentials" time="0.006" classname="com.test.automation.uiAutomation.tcFee.Tc_Masters_Fee_Term_MasterTerm">
    <skipped/>
  </testcase> <!-- loginToappWithrequiredCredentials -->
  <testcase name="tcNevigateToMastersFeeTerm" time="7.480" classname="com.test.automation.uiAutomation.tcFee.Tc_Masters_Fee_Term_MasterTerm"/>
</testsuite> <!-- com.test.automation.uiAutomation.tcFee.Tc_Masters_Fee_Term_MasterTerm -->
