<?xml version="1.0" encoding="UTF-8"?>
<!-- Generated by org.testng.reporters.JUnitReportReporter -->
<testsuite name="com.test.automation.uiAutomation.admission.masters.TC_Masters_Academic_Year_Staging" tests="48" time="0.000" ignored="0" failures="0" timestamp="02 Apr 2018 10:38:08 GMT" skipped="48" hostname="DESKTOP-DISLHD4" errors="0">
  <testcase name="tcEditAcademicYears" time="0.000" classname="com.test.automation.uiAutomation.admission.masters.TC_Masters_Academic_Year_Staging">
    <skipped/>
  </testcase> <!-- tcEditAcademicYears -->
  <testcase name="tcEnterMastersAcademicYearDetails_AfterDelete" time="0.000" classname="com.test.automation.uiAutomation.admission.masters.TC_Masters_Academic_Year_Staging">
    <skipped/>
  </testcase> <!-- tcEnterMastersAcademicYearDetails_AfterDelete -->
  <testcase name="loginToappWithrequiredCredentials" time="0.000" classname="com.test.automation.uiAutomation.admission.masters.TC_Masters_Academic_Year_Staging">
    <skipped/>
  </testcase> <!-- loginToappWithrequiredCredentials -->
  <testcase name="tcYesDeleteOrDeactivateOrActivateIt_Delete" time="0.000" classname="com.test.automation.uiAutomation.admission.masters.TC_Masters_Academic_Year_Staging">
    <skipped/>
  </testcase> <!-- tcYesDeleteOrDeactivateOrActivateIt_Delete -->
  <testcase name="tcSubmitBlankMasterAcademicYearForm" time="0.000" classname="com.test.automation.uiAutomation.admission.masters.TC_Masters_Academic_Year_Staging">
    <skipped/>
  </testcase> <!-- tcSubmitBlankMasterAcademicYearForm -->
  <testcase name="tcClickOnOkSuccessButton" time="0.000" classname="com.test.automation.uiAutomation.admission.masters.TC_Masters_Academic_Year_Staging">
    <skipped/>
  </testcase> <!-- tcClickOnOkSuccessButton -->
  <testcase name="tcDeactivateAcademicYears" time="0.000" classname="com.test.automation.uiAutomation.admission.masters.TC_Masters_Academic_Year_Staging">
    <skipped/>
  </testcase> <!-- tcDeactivateAcademicYears -->
  <testcase name="tcDeactivateAcademicYears_AfterCancel" time="0.000" classname="com.test.automation.uiAutomation.admission.masters.TC_Masters_Academic_Year_Staging">
    <skipped/>
  </testcase> <!-- tcDeactivateAcademicYears_AfterCancel -->
  <testcase name="tcSortByAcademicYear" time="0.000" classname="com.test.automation.uiAutomation.admission.masters.TC_Masters_Academic_Year_Staging">
    <skipped/>
  </testcase> <!-- tcSortByAcademicYear -->
  <testcase name="tcClickOnCancelButton_activate" time="0.000" classname="com.test.automation.uiAutomation.admission.masters.TC_Masters_Academic_Year_Staging">
    <skipped/>
  </testcase> <!-- tcClickOnCancelButton_activate -->
  <testcase name="tcEnterMastersAcademicYearDetails_AfterClear" time="0.000" classname="com.test.automation.uiAutomation.admission.masters.TC_Masters_Academic_Year_Staging">
    <skipped/>
  </testcase> <!-- tcEnterMastersAcademicYearDetails_AfterClear -->
  <testcase name="tcClickOnOkSuccessButton_edit" time="0.000" classname="com.test.automation.uiAutomation.admission.masters.TC_Masters_Academic_Year_Staging">
    <skipped/>
  </testcase> <!-- tcClickOnOkSuccessButton_edit -->
  <testcase name="tcEnterMastersAcademicYearDetails" time="0.000" classname="com.test.automation.uiAutomation.admission.masters.TC_Masters_Academic_Year_Staging">
    <skipped/>
  </testcase> <!-- tcEnterMastersAcademicYearDetails -->
  <testcase name="tcClickOnOkSuccessButton_deactivate" time="0.000" classname="com.test.automation.uiAutomation.admission.masters.TC_Masters_Academic_Year_Staging">
    <skipped/>
  </testcase> <!-- tcClickOnOkSuccessButton_deactivate -->
  <testcase name="tcDeleteteAcademicYears" time="0.000" classname="com.test.automation.uiAutomation.admission.masters.TC_Masters_Academic_Year_Staging">
    <skipped/>
  </testcase> <!-- tcDeleteteAcademicYears -->
  <testcase name="tcEnterMastersAcademicYearDetails" time="0.000" classname="com.test.automation.uiAutomation.admission.masters.TC_Masters_Academic_Year_Staging">
    <skipped/>
  </testcase> <!-- tcEnterMastersAcademicYearDetails -->
  <testcase name="tcHomeButtonValidation" time="0.000" classname="com.test.automation.uiAutomation.admission.masters.TC_Masters_Academic_Year_Staging">
    <skipped/>
  </testcase> <!-- tcHomeButtonValidation -->
  <testcase name="tcClickOnOkSuccessButton_deleteCancel" time="0.000" classname="com.test.automation.uiAutomation.admission.masters.TC_Masters_Academic_Year_Staging">
    <skipped/>
  </testcase> <!-- tcClickOnOkSuccessButton_deleteCancel -->
  <testcase name="loginToappWithrequiredCredentials" time="0.000" classname="com.test.automation.uiAutomation.admission.masters.TC_Masters_Academic_Year_Staging">
    <skipped/>
  </testcase> <!-- loginToappWithrequiredCredentials -->
  <testcase name="tcMaximizeAcademicYearGrid" time="0.000" classname="com.test.automation.uiAutomation.admission.masters.TC_Masters_Academic_Year_Staging">
    <skipped/>
  </testcase> <!-- tcMaximizeAcademicYearGrid -->
  <testcase name="tcMinimizeMasterAcademicYear" time="0.000" classname="com.test.automation.uiAutomation.admission.masters.TC_Masters_Academic_Year_Staging">
    <skipped/>
  </testcase> <!-- tcMinimizeMasterAcademicYear -->
  <testcase name="tcDeleteteAcademicYears_AfterCancel" time="0.000" classname="com.test.automation.uiAutomation.admission.masters.TC_Masters_Academic_Year_Staging">
    <skipped/>
  </testcase> <!-- tcDeleteteAcademicYears_AfterCancel -->
  <testcase name="tcClickOnOkSuccessButton_deactivateCancel" time="0.000" classname="com.test.automation.uiAutomation.admission.masters.TC_Masters_Academic_Year_Staging">
    <skipped/>
  </testcase> <!-- tcClickOnOkSuccessButton_deactivateCancel -->
  <testcase name="tcVerifyMasters_AcademicYear_BGHSPage" time="0.000" classname="com.test.automation.uiAutomation.admission.masters.TC_Masters_Academic_Year_Staging">
    <skipped/>
  </testcase> <!-- tcVerifyMasters_AcademicYear_BGHSPage -->
  <testcase name="tcEnterMastersAcademicYearDetails_AfterClear" time="0.000" classname="com.test.automation.uiAutomation.admission.masters.TC_Masters_Academic_Year_Staging">
    <skipped/>
  </testcase> <!-- tcEnterMastersAcademicYearDetails_AfterClear -->
  <testcase name="tcMinimizeAcademicYearGrid" time="0.000" classname="com.test.automation.uiAutomation.admission.masters.TC_Masters_Academic_Year_Staging">
    <skipped/>
  </testcase> <!-- tcMinimizeAcademicYearGrid -->
  <testcase name="tcYesDeleteOrDeactivateOrActivateIt_Activate" time="0.000" classname="com.test.automation.uiAutomation.admission.masters.TC_Masters_Academic_Year_Staging">
    <skipped/>
  </testcase> <!-- tcYesDeleteOrDeactivateOrActivateIt_Activate -->
  <testcase name="tcClickOnOkSuccessButton_AfterDelete" time="0.000" classname="com.test.automation.uiAutomation.admission.masters.TC_Masters_Academic_Year_Staging">
    <skipped/>
  </testcase> <!-- tcClickOnOkSuccessButton_AfterDelete -->
  <testcase name="tcClickOnCancelButton_deactivate" time="0.000" classname="com.test.automation.uiAutomation.admission.masters.TC_Masters_Academic_Year_Staging">
    <skipped/>
  </testcase> <!-- tcClickOnCancelButton_deactivate -->
  <testcase name="tcActivateAcademicYears_AfterCancel" time="0.000" classname="com.test.automation.uiAutomation.admission.masters.TC_Masters_Academic_Year_Staging">
    <skipped/>
  </testcase> <!-- tcActivateAcademicYears_AfterCancel -->
  <testcase name="tcClickOnSaveButton" time="0.000" classname="com.test.automation.uiAutomation.admission.masters.TC_Masters_Academic_Year_Staging">
    <skipped/>
  </testcase> <!-- tcClickOnSaveButton -->
  <testcase name="tcClickOnClearButton" time="0.000" classname="com.test.automation.uiAutomation.admission.masters.TC_Masters_Academic_Year_Staging">
    <skipped/>
  </testcase> <!-- tcClickOnClearButton -->
  <testcase name="tcClickOnOkSuccessButton_activate" time="0.000" classname="com.test.automation.uiAutomation.admission.masters.TC_Masters_Academic_Year_Staging">
    <skipped/>
  </testcase> <!-- tcClickOnOkSuccessButton_activate -->
  <testcase name="loginToappWithrequiredCredentials" time="0.000" classname="com.test.automation.uiAutomation.admission.masters.TC_Masters_Academic_Year_Staging">
    <skipped/>
  </testcase> <!-- loginToappWithrequiredCredentials -->
  <testcase name="tcClickOnOkSuccessButton_delete" time="0.000" classname="com.test.automation.uiAutomation.admission.masters.TC_Masters_Academic_Year_Staging">
    <skipped/>
  </testcase> <!-- tcClickOnOkSuccessButton_delete -->
  <testcase name="tcYesDeleteOrDeactivateOrActivateIt_deactivate" time="0.000" classname="com.test.automation.uiAutomation.admission.masters.TC_Masters_Academic_Year_Staging">
    <skipped/>
  </testcase> <!-- tcYesDeleteOrDeactivateOrActivateIt_deactivate -->
  <testcase name="loginToappWithrequiredCredentials" time="0.000" classname="com.test.automation.uiAutomation.admission.masters.TC_Masters_Academic_Year_Staging">
    <skipped/>
  </testcase> <!-- loginToappWithrequiredCredentials -->
  <testcase name="tcClickOnOkSuccessButton_activateCancel" time="0.000" classname="com.test.automation.uiAutomation.admission.masters.TC_Masters_Academic_Year_Staging">
    <skipped/>
  </testcase> <!-- tcClickOnOkSuccessButton_activateCancel -->
  <testcase name="loginToappWithrequiredCredentials" time="0.000" classname="com.test.automation.uiAutomation.admission.masters.TC_Masters_Academic_Year_Staging">
    <skipped/>
  </testcase> <!-- loginToappWithrequiredCredentials -->
  <testcase name="tcClickOnSaveButton_AfterDelete" time="0.000" classname="com.test.automation.uiAutomation.admission.masters.TC_Masters_Academic_Year_Staging">
    <skipped/>
  </testcase> <!-- tcClickOnSaveButton_AfterDelete -->
  <testcase name="tcSearchWithAcademicYear" time="0.000" classname="com.test.automation.uiAutomation.admission.masters.TC_Masters_Academic_Year_Staging">
    <skipped/>
  </testcase> <!-- tcSearchWithAcademicYear -->
  <testcase name="tcSearchWithAcademicYear_ForDeactivate" time="0.000" classname="com.test.automation.uiAutomation.admission.masters.TC_Masters_Academic_Year_Staging">
    <skipped/>
  </testcase> <!-- tcSearchWithAcademicYear_ForDeactivate -->
  <testcase name="tcActivateAcademicYears" time="0.000" classname="com.test.automation.uiAutomation.admission.masters.TC_Masters_Academic_Year_Staging">
    <skipped/>
  </testcase> <!-- tcActivateAcademicYears -->
  <testcase name="tcEnterMastersAcademicYearDetails_AfterDelete" time="0.000" classname="com.test.automation.uiAutomation.admission.masters.TC_Masters_Academic_Year_Staging">
    <skipped/>
  </testcase> <!-- tcEnterMastersAcademicYearDetails_AfterDelete -->
  <testcase name="tcMaximizeMasterAcademicYear" time="0.000" classname="com.test.automation.uiAutomation.admission.masters.TC_Masters_Academic_Year_Staging">
    <skipped/>
  </testcase> <!-- tcMaximizeMasterAcademicYear -->
  <testcase name="tcClickOnSaveButton_edit" time="0.000" classname="com.test.automation.uiAutomation.admission.masters.TC_Masters_Academic_Year_Staging">
    <skipped/>
  </testcase> <!-- tcClickOnSaveButton_edit -->
  <testcase name="tcNavigateToAdmission_Masters_AcademicYear_BGHS" time="0.000" classname="com.test.automation.uiAutomation.admission.masters.TC_Masters_Academic_Year_Staging">
    <skipped/>
  </testcase> <!-- tcNavigateToAdmission_Masters_AcademicYear_BGHS -->
  <testcase name="tcClickOnCancelButton_delete" time="0.000" classname="com.test.automation.uiAutomation.admission.masters.TC_Masters_Academic_Year_Staging">
    <skipped/>
  </testcase> <!-- tcClickOnCancelButton_delete -->
</testsuite> <!-- com.test.automation.uiAutomation.admission.masters.TC_Masters_Academic_Year_Staging -->
