<?xml version="1.0" encoding="UTF-8"?>
<!-- Generated by org.testng.reporters.JUnitReportReporter -->
<testsuite name="com.test.automation.uiAutomation.admission.TC_AttendanceEntry.TC_Attendance_Entry_Type" tests="25" time="93.377" ignored="0" failures="0" timestamp="02 Apr 2018 12:26:25 GMT" skipped="4" hostname="DESKTOP-DISLHD4" errors="0">
  <testcase name="tcNavigateToAdmission_AttendanceEntry_AttendanceEntryType_BGHS" time="4.839" classname="com.test.automation.uiAutomation.admission.TC_AttendanceEntry.TC_Attendance_Entry_Type"/>
  <testcase name="tcClearFilledAttendanceEntryTypeForm" time="5.466" classname="com.test.automation.uiAutomation.admission.TC_AttendanceEntry.TC_Attendance_Entry_Type"/>
  <testcase name="tcClickOnOkSuccessButton_Edit" time="0.759" classname="com.test.automation.uiAutomation.admission.TC_AttendanceEntry.TC_Attendance_Entry_Type"/>
  <testcase name="loginToappWithrequiredCredentials" time="20.127" classname="com.test.automation.uiAutomation.admission.TC_AttendanceEntry.TC_Attendance_Entry_Type"/>
  <testcase name="tcVerifyAttendanceEntry_AttendanceEntryType_BGHSPage" time="1.337" classname="com.test.automation.uiAutomation.admission.TC_AttendanceEntry.TC_Attendance_Entry_Type"/>
  <testcase name="tcVerifyAttendanceEntryTypeIn_AttendanceEntryTypeListGrid" time="0.346" classname="com.test.automation.uiAutomation.admission.TC_AttendanceEntry.TC_Attendance_Entry_Type"/>
  <testcase name="tcSaveFilledAttendanceEntryTypeForm_Edit" time="10.354" classname="com.test.automation.uiAutomation.admission.TC_AttendanceEntry.TC_Attendance_Entry_Type"/>
  <testcase name="tcEditAttendanceEntryType" time="2.540" classname="com.test.automation.uiAutomation.admission.TC_AttendanceEntry.TC_Attendance_Entry_Type"/>
  <testcase name="tcMinimizeAttendanceEntryTypeList" time="1.386" classname="com.test.automation.uiAutomation.admission.TC_AttendanceEntry.TC_Attendance_Entry_Type"/>
  <testcase name="tcFillAttendanceEntryTypeForm_AfterClear" time="4.712" classname="com.test.automation.uiAutomation.admission.TC_AttendanceEntry.TC_Attendance_Entry_Type"/>
  <testcase name="tcSaveFilledAttendanceEntryTypeForm" time="10.384" classname="com.test.automation.uiAutomation.admission.TC_AttendanceEntry.TC_Attendance_Entry_Type"/>
  <testcase name="tcSelect_DailyOnce_RadioButton" time="1.408" classname="com.test.automation.uiAutomation.admission.TC_AttendanceEntry.TC_Attendance_Entry_Type"/>
  <testcase name="loginToappWithrequiredCredentials" time="0.001" classname="com.test.automation.uiAutomation.admission.TC_AttendanceEntry.TC_Attendance_Entry_Type">
    <skipped/>
  </testcase> <!-- loginToappWithrequiredCredentials -->
  <testcase name="tcMaximizeAttendanceEntryType" time="1.367" classname="com.test.automation.uiAutomation.admission.TC_AttendanceEntry.TC_Attendance_Entry_Type"/>
  <testcase name="tcFillAttendanceEntryTypeForm" time="4.771" classname="com.test.automation.uiAutomation.admission.TC_AttendanceEntry.TC_Attendance_Entry_Type"/>
  <testcase name="loginToappWithrequiredCredentials" time="0.001" classname="com.test.automation.uiAutomation.admission.TC_AttendanceEntry.TC_Attendance_Entry_Type">
    <skipped/>
  </testcase> <!-- loginToappWithrequiredCredentials -->
  <testcase name="tcSearchWithClassNameInThe_AttendanceEntryTypeListGrid" time="1.396" classname="com.test.automation.uiAutomation.admission.TC_AttendanceEntry.TC_Attendance_Entry_Type"/>
  <testcase name="tcSelect_DailyOnce_RadioButton_AfterClear" time="1.385" classname="com.test.automation.uiAutomation.admission.TC_AttendanceEntry.TC_Attendance_Entry_Type"/>
  <testcase name="loginToappWithrequiredCredentials" time="0.001" classname="com.test.automation.uiAutomation.admission.TC_AttendanceEntry.TC_Attendance_Entry_Type">
    <skipped/>
  </testcase> <!-- loginToappWithrequiredCredentials -->
  <testcase name="loginToappWithrequiredCredentials" time="0.001" classname="com.test.automation.uiAutomation.admission.TC_AttendanceEntry.TC_Attendance_Entry_Type">
    <skipped/>
  </testcase> <!-- loginToappWithrequiredCredentials -->
  <testcase name="tcMinimizeAttendanceEntryType" time="1.354" classname="com.test.automation.uiAutomation.admission.TC_AttendanceEntry.TC_Attendance_Entry_Type"/>
  <testcase name="tcClickOnOkSuccessButton" time="2.370" classname="com.test.automation.uiAutomation.admission.TC_AttendanceEntry.TC_Attendance_Entry_Type"/>
  <testcase name="tcHomeButtonValidation" time="10.308" classname="com.test.automation.uiAutomation.admission.TC_AttendanceEntry.TC_Attendance_Entry_Type"/>
  <testcase name="tcMaximizeAttendanceEntryTypeList" time="1.352" classname="com.test.automation.uiAutomation.admission.TC_AttendanceEntry.TC_Attendance_Entry_Type"/>
  <testcase name="tcSubmitBlankAttendanceEntryTypeForm" time="5.412" classname="com.test.automation.uiAutomation.admission.TC_AttendanceEntry.TC_Attendance_Entry_Type"/>
</testsuite> <!-- com.test.automation.uiAutomation.admission.TC_AttendanceEntry.TC_Attendance_Entry_Type -->
