<?xml version="1.0" encoding="UTF-8"?>
<!-- Generated by org.testng.reporters.JUnitReportReporter -->
<testsuite name="com.test.automation.uiAutomation.tcFee.Tc_Masters_Fee_Group" tests="8" time="57.855" ignored="0" failures="0" timestamp="30 Nov 2017 12:15:18 GMT" skipped="2" hostname="vaps-PC" errors="0">
  <testcase name="tcSelectCompulsorycheckbox" time="1.139" classname="com.test.automation.uiAutomation.tcFee.Tc_Masters_Fee_Group"/>
  <testcase name="tcMastersFeeGroupNameAndRemarks" time="8.083" classname="com.test.automation.uiAutomation.tcFee.Tc_Masters_Fee_Group"/>
  <testcase name="loginToappWithrequiredCredentials" time="39.465" classname="com.test.automation.uiAutomation.tcFee.Tc_Masters_Fee_Group"/>
  <testcase name="tcVerifyFeeGroupPage" time="1.203" classname="com.test.automation.uiAutomation.tcFee.Tc_Masters_Fee_Group"/>
  <testcase name="tcHomeButtonValidation" time="0.776" classname="com.test.automation.uiAutomation.tcFee.Tc_Masters_Fee_Group"/>
  <testcase name="tcNevigateToMastersFeeGroup" time="7.110" classname="com.test.automation.uiAutomation.tcFee.Tc_Masters_Fee_Group"/>
  <testcase name="loginToappWithrequiredCredentials" time="0.038" classname="com.test.automation.uiAutomation.tcFee.Tc_Masters_Fee_Group">
    <skipped/>
  </testcase> <!-- loginToappWithrequiredCredentials -->
  <testcase name="loginToappWithrequiredCredentials" time="0.041" classname="com.test.automation.uiAutomation.tcFee.Tc_Masters_Fee_Group">
    <skipped/>
  </testcase> <!-- loginToappWithrequiredCredentials -->
</testsuite> <!-- com.test.automation.uiAutomation.tcFee.Tc_Masters_Fee_Group -->
