<?xml version="1.0" encoding="UTF-8"?>
<!-- Generated by org.testng.reporters.JUnitReportReporter -->
<testsuite name="com.test.automation.uiAutomation.admission.TC_Masters_Master_Reference" tests="35" time="172.277" ignored="0" failures="0" timestamp="31 Jan 2018 10:40:42 GMT" skipped="4" hostname="DESKTOP-DISLHD4" errors="0">
  <testcase name="tcEditMasterReference" time="5.422" classname="com.test.automation.uiAutomation.admission.TC_Masters_Master_Reference"/>
  <testcase name="loginToappWithrequiredCredentials" time="0.001" classname="com.test.automation.uiAutomation.admission.TC_Masters_Master_Reference">
    <skipped/>
  </testcase> <!-- loginToappWithrequiredCredentials -->
  <testcase name="tcEnterMasterReferenceDetailsData" time="1.484" classname="com.test.automation.uiAutomation.admission.TC_Masters_Master_Reference"/>
  <testcase name="tcClickOnOkSuccessButton_delete" time="2.316" classname="com.test.automation.uiAutomation.admission.TC_Masters_Master_Reference"/>
  <testcase name="tcSaveReferenceInfoData" time="15.451" classname="com.test.automation.uiAutomation.admission.TC_Masters_Master_Reference"/>
  <testcase name="tcNavigateToAdmission_Masters_MasterReference_BGHS" time="1.812" classname="com.test.automation.uiAutomation.admission.TC_Masters_Master_Reference"/>
  <testcase name="tcVerifyMasters_MasterReference_BGHSPage" time="1.345" classname="com.test.automation.uiAutomation.admission.TC_Masters_Master_Reference"/>
  <testcase name="tcDeleteMasterReference_AfterCancel" time="5.912" classname="com.test.automation.uiAutomation.admission.TC_Masters_Master_Reference"/>
  <testcase name="tcMinimizeMasterReferenceList" time="2.329" classname="com.test.automation.uiAutomation.admission.TC_Masters_Master_Reference"/>
  <testcase name="tcDeleteMasterReference" time="5.449" classname="com.test.automation.uiAutomation.admission.TC_Masters_Master_Reference"/>
  <testcase name="tcClearReferenceInfoData" time="15.469" classname="com.test.automation.uiAutomation.admission.TC_Masters_Master_Reference"/>
  <testcase name="loginToappWithrequiredCredentials" time="0.003" classname="com.test.automation.uiAutomation.admission.TC_Masters_Master_Reference">
    <skipped/>
  </testcase> <!-- loginToappWithrequiredCredentials -->
  <testcase name="loginToappWithrequiredCredentials" time="0.001" classname="com.test.automation.uiAutomation.admission.TC_Masters_Master_Reference">
    <skipped/>
  </testcase> <!-- loginToappWithrequiredCredentials -->
  <testcase name="tcYesDeleteOrDeactivateOrActivateIt" time="15.373" classname="com.test.automation.uiAutomation.admission.TC_Masters_Master_Reference"/>
  <testcase name="tcHomeButtonValidation" time="3.812" classname="com.test.automation.uiAutomation.admission.TC_Masters_Master_Reference"/>
  <testcase name="tcClickOnCancelButton" time="15.375" classname="com.test.automation.uiAutomation.admission.TC_Masters_Master_Reference"/>
  <testcase name="tcClickOnOkSuccessButton" time="2.353" classname="com.test.automation.uiAutomation.admission.TC_Masters_Master_Reference"/>
  <testcase name="tcEnterMasterReferenceDetailsData_AfterClear" time="1.664" classname="com.test.automation.uiAutomation.admission.TC_Masters_Master_Reference"/>
  <testcase name="tcSaveReferenceInfoData_Edit" time="15.447" classname="com.test.automation.uiAutomation.admission.TC_Masters_Master_Reference"/>
  <testcase name="tcMaximizeMasterReference" time="2.328" classname="com.test.automation.uiAutomation.admission.TC_Masters_Master_Reference"/>
  <testcase name="tcClickOnOkSuccessButton_Edit" time="2.329" classname="com.test.automation.uiAutomation.admission.TC_Masters_Master_Reference"/>
  <testcase name="tcSearchWithReferenceNameInTheGrid_AfterDeleteCancel" time="1.014" classname="com.test.automation.uiAutomation.admission.TC_Masters_Master_Reference"/>
  <testcase name="tcClickOnOkSuccessButton_AfterDelete" time="2.370" classname="com.test.automation.uiAutomation.admission.TC_Masters_Master_Reference"/>
  <testcase name="tcSaveReferenceInfoData_AfterDelete" time="15.461" classname="com.test.automation.uiAutomation.admission.TC_Masters_Master_Reference"/>
  <testcase name="tcMaximizeMasterReferenceList" time="2.327" classname="com.test.automation.uiAutomation.admission.TC_Masters_Master_Reference"/>
  <testcase name="tcSubmitBlankMasterReferenceForm" time="2.410" classname="com.test.automation.uiAutomation.admission.TC_Masters_Master_Reference"/>
  <testcase name="tcSortByReferenceName" time="3.646" classname="com.test.automation.uiAutomation.admission.TC_Masters_Master_Reference"/>
  <testcase name="tcSearchWithReferenceNameInTheGrid_delete" time="0.889" classname="com.test.automation.uiAutomation.admission.TC_Masters_Master_Reference"/>
  <testcase name="tcClickOnOkSuccessButton_cancel" time="2.337" classname="com.test.automation.uiAutomation.admission.TC_Masters_Master_Reference"/>
  <testcase name="tcVerifyReferenceNameInTheGrid" time="0.316" classname="com.test.automation.uiAutomation.admission.TC_Masters_Master_Reference"/>
  <testcase name="tcSearchWithReferenceNameInTheGrid" time="0.911" classname="com.test.automation.uiAutomation.admission.TC_Masters_Master_Reference"/>
  <testcase name="tcEnterMasterReferenceDetailsData_AfterDelete" time="1.150" classname="com.test.automation.uiAutomation.admission.TC_Masters_Master_Reference"/>
  <testcase name="loginToappWithrequiredCredentials" time="0.000" classname="com.test.automation.uiAutomation.admission.TC_Masters_Master_Reference">
    <skipped/>
  </testcase> <!-- loginToappWithrequiredCredentials -->
  <testcase name="loginToappWithrequiredCredentials" time="21.434" classname="com.test.automation.uiAutomation.admission.TC_Masters_Master_Reference"/>
  <testcase name="tcMinimizeMasterReference" time="2.337" classname="com.test.automation.uiAutomation.admission.TC_Masters_Master_Reference"/>
</testsuite> <!-- com.test.automation.uiAutomation.admission.TC_Masters_Master_Reference -->
