<?xml version="1.0" encoding="UTF-8"?>
<!-- Generated by org.testng.reporters.JUnitReportReporter -->
<testsuite name="com.test.automation.uiAutomation.admission.TC_Reports.TC_Total_Strength" tests="72" time="375.443" ignored="0" failures="0" timestamp="13 Jun 2018 10:10:14 GMT" skipped="4" hostname="Arvind-Susdiny" errors="0">
  <testcase name="tcClickReport_ToGenerate_TotalStrengthReport_All_OverAllTotal" time="7.361" classname="com.test.automation.uiAutomation.admission.TC_Reports.TC_Total_Strength"/>
  <testcase name="tcClickReport_ToGenerate_TotalStrengthReport_WithTC" time="7.386" classname="com.test.automation.uiAutomation.admission.TC_Reports.TC_Total_Strength"/>
  <testcase name="tcFillTotalStrengthReport_Form_ForALL_Deactive" time="3.107" classname="com.test.automation.uiAutomation.admission.TC_Reports.TC_Total_Strength"/>
  <testcase name="tcClickReport_ToGenerate_TotalStrengthReport_AllLeft" time="7.329" classname="com.test.automation.uiAutomation.admission.TC_Reports.TC_Total_Strength"/>
  <testcase name="tcClickCancelButton_ToClearFilledForm_ToPerform_IndividualOverAllTotalAction" time="10.417" classname="com.test.automation.uiAutomation.admission.TC_Reports.TC_Total_Strength"/>
  <testcase name="tcClickOnExportToExcel_ToDownLoadExcelReport_All_Deactive" time="5.367" classname="com.test.automation.uiAutomation.admission.TC_Reports.TC_Total_Strength"/>
  <testcase name="tcClickCancelButton_ToClearFilledForm_ToPerform_AllWith_TC_AND_Deactive" time="10.439" classname="com.test.automation.uiAutomation.admission.TC_Reports.TC_Total_Strength"/>
  <testcase name="tcClickReport_ToGenerate_TotalStrengthReport_Individual_PresentWithTC" time="0.347" classname="com.test.automation.uiAutomation.admission.TC_Reports.TC_Total_Strength"/>
  <testcase name="tcClickOnExportToExcel_ToDownLoadExcelReport_Individual_PresentWithTC" time="0.284" classname="com.test.automation.uiAutomation.admission.TC_Reports.TC_Total_Strength"/>
  <testcase name="loginToappWithrequiredCredentials" time="0.001" classname="com.test.automation.uiAutomation.admission.TC_Reports.TC_Total_Strength">
    <skipped/>
  </testcase> <!-- loginToappWithrequiredCredentials -->
  <testcase name="tcClickCancelButton_ToClearFilledForm_ToPerform_IndividualPresent_WithTC_AND_DeactiveAction" time="10.412" classname="com.test.automation.uiAutomation.admission.TC_Reports.TC_Total_Strength"/>
  <testcase name="tcClickCancelButton_ToClearFilledForm_ToPerform_IndividualDeactiveAction" time="10.408" classname="com.test.automation.uiAutomation.admission.TC_Reports.TC_Total_Strength"/>
  <testcase name="tcClickReport_ToGenerate_TotalStrengthReport_Individual_PresentWithDeactive" time="7.432" classname="com.test.automation.uiAutomation.admission.TC_Reports.TC_Total_Strength"/>
  <testcase name="tcFillTotalStrengthReport_Form_ForALL_Present_AfterCancel" time="2.480" classname="com.test.automation.uiAutomation.admission.TC_Reports.TC_Total_Strength"/>
  <testcase name="tcClickReport_ToGenerate_TotalStrengthReport_AllWith_TC_AND_Deactive" time="7.358" classname="com.test.automation.uiAutomation.admission.TC_Reports.TC_Total_Strength"/>
  <testcase name="tcFillTotalStrengthReport_Form_ForIndividual_Left" time="5.939" classname="com.test.automation.uiAutomation.admission.TC_Reports.TC_Total_Strength"/>
  <testcase name="tcClickOnExportToExcel_ToDownLoadExcelReport_All_OverAllTotal" time="0.338" classname="com.test.automation.uiAutomation.admission.TC_Reports.TC_Total_Strength"/>
  <testcase name="tcClickOnExportToExcel_ToDownLoadExcelReport_AllPresent" time="5.344" classname="com.test.automation.uiAutomation.admission.TC_Reports.TC_Total_Strength"/>
  <testcase name="tcFillTotalStrengthReport_Form_ForIndividual_Present_WithTC" time="0.297" classname="com.test.automation.uiAutomation.admission.TC_Reports.TC_Total_Strength"/>
  <testcase name="tcHomeButtonValidation" time="10.290" classname="com.test.automation.uiAutomation.admission.TC_Reports.TC_Total_Strength"/>
  <testcase name="tcClickReport_ToGenerate_TotalStrengthReport_All_Deactive" time="7.369" classname="com.test.automation.uiAutomation.admission.TC_Reports.TC_Total_Strength"/>
  <testcase name="tcClickReport_ToGenerate_TotalStrengthReport_AllPresent_AfterCancel" time="7.362" classname="com.test.automation.uiAutomation.admission.TC_Reports.TC_Total_Strength"/>
  <testcase name="tcVerifyAdmissionReports_TotalStrengthReport_BGHSPage" time="1.319" classname="com.test.automation.uiAutomation.admission.TC_Reports.TC_Total_Strength"/>
  <testcase name="tcClickOnExportToExcel_ToDownLoadExcelReport_Individual_PresentWithDeactive" time="5.340" classname="com.test.automation.uiAutomation.admission.TC_Reports.TC_Total_Strength"/>
  <testcase name="tcFillTotalStrengthReport_Form_ForALL_Present_With_TC_AND_Deactive" time="4.701" classname="com.test.automation.uiAutomation.admission.TC_Reports.TC_Total_Strength"/>
  <testcase name="tcFillTotalStrengthReport_Form_ForALL_Left" time="3.145" classname="com.test.automation.uiAutomation.admission.TC_Reports.TC_Total_Strength"/>
  <testcase name="loginToappWithrequiredCredentials" time="0.000" classname="com.test.automation.uiAutomation.admission.TC_Reports.TC_Total_Strength">
    <skipped/>
  </testcase> <!-- loginToappWithrequiredCredentials -->
  <testcase name="loginToappWithrequiredCredentials" time="20.050" classname="com.test.automation.uiAutomation.admission.TC_Reports.TC_Total_Strength"/>
  <testcase name="tcClickCancelButton_ToClearFilledForm_ToPerform_IndividualPresent_WitcTCAction" time="0.321" classname="com.test.automation.uiAutomation.admission.TC_Reports.TC_Total_Strength"/>
  <testcase name="tcSubmitBlank_TotalStrengthReportForm" time="5.411" classname="com.test.automation.uiAutomation.admission.TC_Reports.TC_Total_Strength"/>
  <testcase name="tcClickOnExportToExcel_ToDownLoadExcelReport_Individual_PresentWithTC_AND_Deactive" time="5.354" classname="com.test.automation.uiAutomation.admission.TC_Reports.TC_Total_Strength"/>
  <testcase name="tcClickOnExportToExcel_ToDownLoadExcelReport_Individual_Present" time="0.299" classname="com.test.automation.uiAutomation.admission.TC_Reports.TC_Total_Strength"/>
  <testcase name="tcClickReport_ToGenerate_TotalStrengthReport_Individual_Left" time="7.401" classname="com.test.automation.uiAutomation.admission.TC_Reports.TC_Total_Strength"/>
  <testcase name="tcClickOnExportToExcel_ToDownLoadExcelReport_Individual_Deactive" time="5.356" classname="com.test.automation.uiAutomation.admission.TC_Reports.TC_Total_Strength"/>
  <testcase name="tcMinimizeTotalStrengthReportForm" time="1.377" classname="com.test.automation.uiAutomation.admission.TC_Reports.TC_Total_Strength"/>
  <testcase name="tcMaximizeTotalStrengthReportGrid" time="1.342" classname="com.test.automation.uiAutomation.admission.TC_Reports.TC_Total_Strength"/>
  <testcase name="tcClickCancelButton_ToClearFilledForm_ToPerform_IndividualLeftAction" time="10.427" classname="com.test.automation.uiAutomation.admission.TC_Reports.TC_Total_Strength"/>
  <testcase name="tcFillTotalStrengthReport_Form_ForIndividual_Present_WithTC_AND_Deactive" time="7.782" classname="com.test.automation.uiAutomation.admission.TC_Reports.TC_Total_Strength"/>
  <testcase name="tcClickCancelButton_ToClearFilledForm_ToPerform_AllDeactiveAction" time="10.456" classname="com.test.automation.uiAutomation.admission.TC_Reports.TC_Total_Strength"/>
  <testcase name="tcClickCancelButton_ToClearFilledForm_ToPerform_AllWithDeactive" time="10.436" classname="com.test.automation.uiAutomation.admission.TC_Reports.TC_Total_Strength"/>
  <testcase name="tcFillTotalStrengthReport_Form_ForIndividual_Deactive" time="6.090" classname="com.test.automation.uiAutomation.admission.TC_Reports.TC_Total_Strength"/>
  <testcase name="tcClickReport_ToGenerate_TotalStrengthReport_Individual_OverAllTotal" time="7.388" classname="com.test.automation.uiAutomation.admission.TC_Reports.TC_Total_Strength"/>
  <testcase name="tcMaximizeTotalStrengthReportForm" time="1.346" classname="com.test.automation.uiAutomation.admission.TC_Reports.TC_Total_Strength"/>
  <testcase name="tcClickOnExportToExcel_ToDownLoadExcelReport_AllWithTC" time="5.416" classname="com.test.automation.uiAutomation.admission.TC_Reports.TC_Total_Strength"/>
  <testcase name="tcClickReport_ToGenerate_TotalStrengthReport_Individual_PresentWithTC_AND_Deactive" time="7.330" classname="com.test.automation.uiAutomation.admission.TC_Reports.TC_Total_Strength"/>
  <testcase name="tcNavigateToAdmission_Reports_TotalStrength" time="4.272" classname="com.test.automation.uiAutomation.admission.TC_Reports.TC_Total_Strength"/>
  <testcase name="tcMinimizeTotalStrengthReportGrid" time="1.356" classname="com.test.automation.uiAutomation.admission.TC_Reports.TC_Total_Strength"/>
  <testcase name="tcFillTotalStrengthReport_Form_ForALL_Present_WithDeactive" time="3.606" classname="com.test.automation.uiAutomation.admission.TC_Reports.TC_Total_Strength"/>
  <testcase name="tcFillTotalStrengthReport_Form_ForIndividual_OverAllTotal" time="5.930" classname="com.test.automation.uiAutomation.admission.TC_Reports.TC_Total_Strength"/>
  <testcase name="tcClickReport_ToGenerate_TotalStrengthReport_Individual_Present" time="0.321" classname="com.test.automation.uiAutomation.admission.TC_Reports.TC_Total_Strength"/>
  <testcase name="tcClickCancelButton_ToClearFilledForm_ToPerform_AllOverAllTotalAction" time="10.423" classname="com.test.automation.uiAutomation.admission.TC_Reports.TC_Total_Strength"/>
  <testcase name="tcClickCancelButton_ToClearFilledForm_ToPerform_IndividualPresent_WithDeactiveAction" time="0.306" classname="com.test.automation.uiAutomation.admission.TC_Reports.TC_Total_Strength"/>
  <testcase name="loginToappWithrequiredCredentials" time="0.001" classname="com.test.automation.uiAutomation.admission.TC_Reports.TC_Total_Strength">
    <skipped/>
  </testcase> <!-- loginToappWithrequiredCredentials -->
  <testcase name="tcClickReport_ToGenerate_TotalStrengthReport_AllWithTC" time="7.355" classname="com.test.automation.uiAutomation.admission.TC_Reports.TC_Total_Strength"/>
  <testcase name="loginToappWithrequiredCredentials" time="0.002" classname="com.test.automation.uiAutomation.admission.TC_Reports.TC_Total_Strength">
    <skipped/>
  </testcase> <!-- loginToappWithrequiredCredentials -->
  <testcase name="tcClickReport_ToGenerate_TotalStrengthReport_AllWithDeactive" time="7.350" classname="com.test.automation.uiAutomation.admission.TC_Reports.TC_Total_Strength"/>
  <testcase name="tcClickCancelButton_ToClearFilledForm_ToPerform_AllWithTCAction" time="10.414" classname="com.test.automation.uiAutomation.admission.TC_Reports.TC_Total_Strength"/>
  <testcase name="tcClickCancelButton_ToClearFilledForm_ToPerform_AllLeftAction" time="10.427" classname="com.test.automation.uiAutomation.admission.TC_Reports.TC_Total_Strength"/>
  <testcase name="tcClickOnExportToExcel_ToDownLoadExcelReport_AllWithDeactive" time="5.452" classname="com.test.automation.uiAutomation.admission.TC_Reports.TC_Total_Strength"/>
  <testcase name="tcClickOnExportToExcel_ToDownLoadExcelReport_Individual_Left" time="5.363" classname="com.test.automation.uiAutomation.admission.TC_Reports.TC_Total_Strength"/>
  <testcase name="tcClickOnExportToExcel_ToDownLoadExcelReport_Individual_OverAllTotal" time="0.323" classname="com.test.automation.uiAutomation.admission.TC_Reports.TC_Total_Strength"/>
  <testcase name="tcClickOnExportToExcel_ToDownLoadExcelReport_AllLeft" time="5.407" classname="com.test.automation.uiAutomation.admission.TC_Reports.TC_Total_Strength"/>
  <testcase name="tcFillTotalStrengthReport_Form_ForIndividual_Present_WithDeactive" time="7.304" classname="com.test.automation.uiAutomation.admission.TC_Reports.TC_Total_Strength"/>
  <testcase name="tcFillTotalStrengthReport_Form_ForALL_OverAllTotal" time="3.178" classname="com.test.automation.uiAutomation.admission.TC_Reports.TC_Total_Strength"/>
  <testcase name="tcClickReport_ToGenerate_TotalStrengthReport_Individual_Deactive" time="7.377" classname="com.test.automation.uiAutomation.admission.TC_Reports.TC_Total_Strength"/>
  <testcase name="tcFillTotalStrengthReport_Form_ForIndividual_Present" time="0.328" classname="com.test.automation.uiAutomation.admission.TC_Reports.TC_Total_Strength"/>
  <testcase name="tcSearchWithClassName_InTotalStrengthReportGrid" time="1.383" classname="com.test.automation.uiAutomation.admission.TC_Reports.TC_Total_Strength"/>
  <testcase name="tcClickCancelButton_ToClearFilledForm" time="10.440" classname="com.test.automation.uiAutomation.admission.TC_Reports.TC_Total_Strength"/>
  <testcase name="tcClickOnExportToExcel_ToDownLoadExcelReport_AllWith_TC_AND_Deactive" time="5.416" classname="com.test.automation.uiAutomation.admission.TC_Reports.TC_Total_Strength"/>
  <testcase name="tcClickCancelButton_ToClearFilledForm_ToPerform_IndividualPresentAction" time="0.332" classname="com.test.automation.uiAutomation.admission.TC_Reports.TC_Total_Strength"/>
  <testcase name="tcFillTotalStrengthReport_Form_ForALL_Present_WithTC" time="3.639" classname="com.test.automation.uiAutomation.admission.TC_Reports.TC_Total_Strength"/>
  <testcase name="tcFillTotalStrengthReport_Form_ForALL_Present" time="2.584" classname="com.test.automation.uiAutomation.admission.TC_Reports.TC_Total_Strength"/>
</testsuite> <!-- com.test.automation.uiAutomation.admission.TC_Reports.TC_Total_Strength -->
