<?xml version="1.0" encoding="UTF-8"?>
<!-- Generated by org.testng.reporters.JUnitReportReporter -->
<testsuite name="com.test.automation.uiAutomation.tcFeeReports.Tc_Reports_Fee_IT_Receipt_Reports" tests="9" time="58.161" ignored="0" failures="0" timestamp="16 Dec 2017 07:38:21 GMT" skipped="2" hostname="vaps-PC" errors="0">
  <testcase name="loginToappWithrequiredCredentials" time="0.008" classname="com.test.automation.uiAutomation.tcFeeReports.Tc_Reports_Fee_IT_Receipt_Reports">
    <skipped/>
  </testcase> <!-- loginToappWithrequiredCredentials -->
  <testcase name="tcHomeButtonValidation" time="0.807" classname="com.test.automation.uiAutomation.tcFeeReports.Tc_Reports_Fee_IT_Receipt_Reports"/>
  <testcase name="tcVerifyFeeItReceiptReportsPage" time="1.706" classname="com.test.automation.uiAutomation.tcFeeReports.Tc_Reports_Fee_IT_Receipt_Reports"/>
  <testcase name="loginToappWithrequiredCredentials" time="0.012" classname="com.test.automation.uiAutomation.tcFeeReports.Tc_Reports_Fee_IT_Receipt_Reports">
    <skipped/>
  </testcase> <!-- loginToappWithrequiredCredentials -->
  <testcase name="tcSelectAcademicYrClassSectionStuNameAndReceiptNo" time="9.647" classname="com.test.automation.uiAutomation.tcFeeReports.Tc_Reports_Fee_IT_Receipt_Reports"/>
  <testcase name="tcClickOnShowButton" time="2.073" classname="com.test.automation.uiAutomation.tcFeeReports.Tc_Reports_Fee_IT_Receipt_Reports"/>
  <testcase name="tcClickOnPrintbutton" time="4.247" classname="com.test.automation.uiAutomation.tcFeeReports.Tc_Reports_Fee_IT_Receipt_Reports"/>
  <testcase name="tcNevigateToReports_FeeIt_ReceiptReports" time="6.405" classname="com.test.automation.uiAutomation.tcFeeReports.Tc_Reports_Fee_IT_Receipt_Reports"/>
  <testcase name="loginToappWithrequiredCredentials" time="33.256" classname="com.test.automation.uiAutomation.tcFeeReports.Tc_Reports_Fee_IT_Receipt_Reports"/>
</testsuite> <!-- com.test.automation.uiAutomation.tcFeeReports.Tc_Reports_Fee_IT_Receipt_Reports -->
