<?xml version="1.0" encoding="UTF-8"?>
<!-- Generated by org.testng.reporters.JUnitReportReporter -->
<testsuite name="com.test.automation.uiAutomation.Fee.TC_Masters.Tc_Masters_Custom_Fee_Group" tests="36" time="100.340" ignored="0" failures="0" timestamp="23 Apr 2018 09:19:47 GMT" skipped="12" hostname="DESKTOP-DISLHD4" errors="0">
  <testcase name="tcVerifyActivationSuccessfulPopUp" time="1.271" classname="com.test.automation.uiAutomation.Fee.TC_Masters.Tc_Masters_Custom_Fee_Group"/>
  <testcase name="tcSearchByGroupNameInGrid" time="1.854" classname="com.test.automation.uiAutomation.Fee.TC_Masters.Tc_Masters_Custom_Fee_Group"/>
  <testcase name="tcClickOnSaveButton" time="3.412" classname="com.test.automation.uiAutomation.Fee.TC_Masters.Tc_Masters_Custom_Fee_Group"/>
  <testcase name="tcVerifyCustomGroupupdatedInGrid" time="0.000" classname="com.test.automation.uiAutomation.Fee.TC_Masters.Tc_Masters_Custom_Fee_Group">
    <skipped/>
  </testcase> <!-- tcVerifyCustomGroupupdatedInGrid -->
  <testcase name="loginToappWithrequiredCredentials" time="0.002" classname="com.test.automation.uiAutomation.Fee.TC_Masters.Tc_Masters_Custom_Fee_Group">
    <skipped/>
  </testcase> <!-- loginToappWithrequiredCredentials -->
  <testcase name="tcVerifyDeactivationSuccessfulPopUp" time="1.268" classname="com.test.automation.uiAutomation.Fee.TC_Masters.Tc_Masters_Custom_Fee_Group"/>
  <testcase name="tcNavigateToMasters_Custom_FeeGroup" time="4.961" classname="com.test.automation.uiAutomation.Fee.TC_Masters.Tc_Masters_Custom_Fee_Group"/>
  <testcase name="tcDeactivationOfCreatedCustomGroup" time="0.000" classname="com.test.automation.uiAutomation.Fee.TC_Masters.Tc_Masters_Custom_Fee_Group">
    <skipped/>
  </testcase> <!-- tcDeactivationOfCreatedCustomGroup -->
  <testcase name="tcActivationOfCreatedCustomGroup" time="5.375" classname="com.test.automation.uiAutomation.Fee.TC_Masters.Tc_Masters_Custom_Fee_Group"/>
  <testcase name="tcEnterCustomFeeGrNameGroupCodeAndSelectFeeGroup" time="0.004" classname="com.test.automation.uiAutomation.Fee.TC_Masters.Tc_Masters_Custom_Fee_Group">
    <skipped/>
  </testcase> <!-- tcEnterCustomFeeGrNameGroupCodeAndSelectFeeGroup -->
  <testcase name="loginToappWithrequiredCredentials" time="0.000" classname="com.test.automation.uiAutomation.Fee.TC_Masters.Tc_Masters_Custom_Fee_Group">
    <skipped/>
  </testcase> <!-- loginToappWithrequiredCredentials -->
  <testcase name="tcClickOnSuccessOkBtn" time="3.325" classname="com.test.automation.uiAutomation.Fee.TC_Masters.Tc_Masters_Custom_Fee_Group"/>
  <testcase name="tcSearchByGroupNameInGrid" time="0.002" classname="com.test.automation.uiAutomation.Fee.TC_Masters.Tc_Masters_Custom_Fee_Group">
    <skipped/>
  </testcase> <!-- tcSearchByGroupNameInGrid -->
  <testcase name="tcVerifySuccessfulPopUpEdit" time="1.309" classname="com.test.automation.uiAutomation.Fee.TC_Masters.Tc_Masters_Custom_Fee_Group"/>
  <testcase name="tcClickOnSaveButtonEdit" time="3.381" classname="com.test.automation.uiAutomation.Fee.TC_Masters.Tc_Masters_Custom_Fee_Group"/>
  <testcase name="loginToappWithrequiredCredentials" time="0.001" classname="com.test.automation.uiAutomation.Fee.TC_Masters.Tc_Masters_Custom_Fee_Group">
    <skipped/>
  </testcase> <!-- loginToappWithrequiredCredentials -->
  <testcase name="tcHomeButtonValidation" time="7.287" classname="com.test.automation.uiAutomation.Fee.TC_Masters.Tc_Masters_Custom_Fee_Group"/>
  <testcase name="tcActivationOfCreatedCustomGroup" time="0.000" classname="com.test.automation.uiAutomation.Fee.TC_Masters.Tc_Masters_Custom_Fee_Group">
    <skipped/>
  </testcase> <!-- tcActivationOfCreatedCustomGroup -->
  <testcase name="tcClickOnActivationFinalOkBtn" time="3.317" classname="com.test.automation.uiAutomation.Fee.TC_Masters.Tc_Masters_Custom_Fee_Group"/>
  <testcase name="tcEnterCustomFeeGrNameGroupCodeAndSelectFeeGroup" time="4.615" classname="com.test.automation.uiAutomation.Fee.TC_Masters.Tc_Masters_Custom_Fee_Group"/>
  <testcase name="tcSearchByGroupNameInGridForActivation" time="1.594" classname="com.test.automation.uiAutomation.Fee.TC_Masters.Tc_Masters_Custom_Fee_Group"/>
  <testcase name="tcClickOnDeactivationFinalOkBtn" time="3.296" classname="com.test.automation.uiAutomation.Fee.TC_Masters.Tc_Masters_Custom_Fee_Group"/>
  <testcase name="tcEdit_CustomFeeGroup" time="0.001" classname="com.test.automation.uiAutomation.Fee.TC_Masters.Tc_Masters_Custom_Fee_Group">
    <skipped/>
  </testcase> <!-- tcEdit_CustomFeeGroup -->
  <testcase name="tcVerifyCustomFeeGroupPage" time="1.293" classname="com.test.automation.uiAutomation.Fee.TC_Masters.Tc_Masters_Custom_Fee_Group"/>
  <testcase name="tcSearchByGroupNameInGridForActivation" time="0.000" classname="com.test.automation.uiAutomation.Fee.TC_Masters.Tc_Masters_Custom_Fee_Group">
    <skipped/>
  </testcase> <!-- tcSearchByGroupNameInGridForActivation -->
  <testcase name="tcVerifySuccessfulPopUp" time="1.289" classname="com.test.automation.uiAutomation.Fee.TC_Masters.Tc_Masters_Custom_Fee_Group"/>
  <testcase name="tcConfirmationForDeactivation" time="5.319" classname="com.test.automation.uiAutomation.Fee.TC_Masters.Tc_Masters_Custom_Fee_Group"/>
  <testcase name="loginToappWithrequiredCredentials" time="0.002" classname="com.test.automation.uiAutomation.Fee.TC_Masters.Tc_Masters_Custom_Fee_Group">
    <skipped/>
  </testcase> <!-- loginToappWithrequiredCredentials -->
  <testcase name="loginToappWithrequiredCredentials" time="19.936" classname="com.test.automation.uiAutomation.Fee.TC_Masters.Tc_Masters_Custom_Fee_Group"/>
  <testcase name="tcConfirmationForActivation" time="5.320" classname="com.test.automation.uiAutomation.Fee.TC_Masters.Tc_Masters_Custom_Fee_Group"/>
  <testcase name="tcClickOnSuccessOkBtnEdit" time="3.323" classname="com.test.automation.uiAutomation.Fee.TC_Masters.Tc_Masters_Custom_Fee_Group"/>
  <testcase name="tcEdit_CustomFeeGroup" time="5.367" classname="com.test.automation.uiAutomation.Fee.TC_Masters.Tc_Masters_Custom_Fee_Group"/>
  <testcase name="tcSearchByGroupNameInGridForDeactivation" time="1.566" classname="com.test.automation.uiAutomation.Fee.TC_Masters.Tc_Masters_Custom_Fee_Group"/>
  <testcase name="tcDeactivationOfCreatedCustomGroup" time="5.353" classname="com.test.automation.uiAutomation.Fee.TC_Masters.Tc_Masters_Custom_Fee_Group"/>
  <testcase name="tcSearchByGroupNameInGridForDeactivation" time="0.004" classname="com.test.automation.uiAutomation.Fee.TC_Masters.Tc_Masters_Custom_Fee_Group">
    <skipped/>
  </testcase> <!-- tcSearchByGroupNameInGridForDeactivation -->
  <testcase name="tcVerifyCustomGroupupdatedInGrid" time="5.293" classname="com.test.automation.uiAutomation.Fee.TC_Masters.Tc_Masters_Custom_Fee_Group"/>
</testsuite> <!-- com.test.automation.uiAutomation.Fee.TC_Masters.Tc_Masters_Custom_Fee_Group -->
