<?xml version="1.0" encoding="UTF-8"?>
<!-- Generated by org.testng.reporters.JUnitReportReporter -->
<testsuite name="com.test.automation.uiAutomation.admission.TC_Masters_Class_Teacher_Mapping" tests="45" time="268.438" ignored="0" failures="0" timestamp="06 Feb 2018 09:09:13 GMT" skipped="4" hostname="DESKTOP-DISLHD4" errors="0">
  <testcase name="tcClickOnCancelButton_deactivate" time="15.459" classname="com.test.automation.uiAutomation.admission.TC_Masters_Class_Teacher_Mapping"/>
  <testcase name="tcSaveClassTeacherMappInfoData" time="15.479" classname="com.test.automation.uiAutomation.admission.TC_Masters_Class_Teacher_Mapping"/>
  <testcase name="tcActivateClassTeacherMapped" time="5.453" classname="com.test.automation.uiAutomation.admission.TC_Masters_Class_Teacher_Mapping"/>
  <testcase name="tcSortByStaffName" time="3.653" classname="com.test.automation.uiAutomation.admission.TC_Masters_Class_Teacher_Mapping"/>
  <testcase name="loginToappWithrequiredCredentials" time="20.041" classname="com.test.automation.uiAutomation.admission.TC_Masters_Class_Teacher_Mapping"/>
  <testcase name="tcMaximizeClassTeacher" time="2.386" classname="com.test.automation.uiAutomation.admission.TC_Masters_Class_Teacher_Mapping"/>
  <testcase name="tcClickOnOkSuccessButton_deactivateCancel" time="2.324" classname="com.test.automation.uiAutomation.admission.TC_Masters_Class_Teacher_Mapping"/>
  <testcase name="tcClickOnOkSuccessButton_activateCancel" time="2.341" classname="com.test.automation.uiAutomation.admission.TC_Masters_Class_Teacher_Mapping"/>
  <testcase name="tcSelectClassTeacherMappingData" time="10.770" classname="com.test.automation.uiAutomation.admission.TC_Masters_Class_Teacher_Mapping"/>
  <testcase name="tcSearchWithStaffNameInTheGrid_ForActivateAfterCancel" time="2.650" classname="com.test.automation.uiAutomation.admission.TC_Masters_Class_Teacher_Mapping"/>
  <testcase name="tcVerifyStaffNameUpdatedInTheGrid" time="0.335" classname="com.test.automation.uiAutomation.admission.TC_Masters_Class_Teacher_Mapping"/>
  <testcase name="loginToappWithrequiredCredentials" time="0.002" classname="com.test.automation.uiAutomation.admission.TC_Masters_Class_Teacher_Mapping">
    <skipped/>
  </testcase> <!-- loginToappWithrequiredCredentials -->
  <testcase name="tcClickOnOkSuccessButton" time="2.360" classname="com.test.automation.uiAutomation.admission.TC_Masters_Class_Teacher_Mapping"/>
  <testcase name="tcSubmitBlankClassTeacherMappForm" time="3.428" classname="com.test.automation.uiAutomation.admission.TC_Masters_Class_Teacher_Mapping"/>
  <testcase name="tcSelectClassTeacherMappingData_AfterClear" time="10.784" classname="com.test.automation.uiAutomation.admission.TC_Masters_Class_Teacher_Mapping"/>
  <testcase name="tcSaveClassTeacherMappInfoData_2ndStaff" time="15.463" classname="com.test.automation.uiAutomation.admission.TC_Masters_Class_Teacher_Mapping"/>
  <testcase name="tcDeactivateClassTeacherMapped_AfterCancel" time="5.463" classname="com.test.automation.uiAutomation.admission.TC_Masters_Class_Teacher_Mapping"/>
  <testcase name="loginToappWithrequiredCredentials" time="0.002" classname="com.test.automation.uiAutomation.admission.TC_Masters_Class_Teacher_Mapping">
    <skipped/>
  </testcase> <!-- loginToappWithrequiredCredentials -->
  <testcase name="tcSearchWithStaffNameInTheGrid" time="2.646" classname="com.test.automation.uiAutomation.admission.TC_Masters_Class_Teacher_Mapping"/>
  <testcase name="tcClickOnOkSuccessButton_deactivate" time="2.378" classname="com.test.automation.uiAutomation.admission.TC_Masters_Class_Teacher_Mapping"/>
  <testcase name="tcMinimizeClassTeacherMappingTable" time="2.354" classname="com.test.automation.uiAutomation.admission.TC_Masters_Class_Teacher_Mapping"/>
  <testcase name="tcSaveTeacherClassXchangeData" time="10.411" classname="com.test.automation.uiAutomation.admission.TC_Masters_Class_Teacher_Mapping"/>
  <testcase name="tcMaximizeClassTeacherMappingTable" time="2.350" classname="com.test.automation.uiAutomation.admission.TC_Masters_Class_Teacher_Mapping"/>
  <testcase name="tcMinimizeClassTeacher" time="2.376" classname="com.test.automation.uiAutomation.admission.TC_Masters_Class_Teacher_Mapping"/>
  <testcase name="tcNavigateToAdmission_Masters_ClassTeacherMapping_BGHS" time="2.591" classname="com.test.automation.uiAutomation.admission.TC_Masters_Class_Teacher_Mapping"/>
  <testcase name="tcYesDeleteOrDeactivateOrActivateIt_deactivate" time="15.422" classname="com.test.automation.uiAutomation.admission.TC_Masters_Class_Teacher_Mapping"/>
  <testcase name="tcClickOnOkSuccessButton_Xchange" time="2.378" classname="com.test.automation.uiAutomation.admission.TC_Masters_Class_Teacher_Mapping"/>
  <testcase name="tcHomeButtonValidation" time="6.056" classname="com.test.automation.uiAutomation.admission.TC_Masters_Class_Teacher_Mapping"/>
  <testcase name="loginToappWithrequiredCredentials" time="0.001" classname="com.test.automation.uiAutomation.admission.TC_Masters_Class_Teacher_Mapping">
    <skipped/>
  </testcase> <!-- loginToappWithrequiredCredentials -->
  <testcase name="tcSelectClassTeacherMappingData_2ndStaff" time="9.751" classname="com.test.automation.uiAutomation.admission.TC_Masters_Class_Teacher_Mapping"/>
  <testcase name="tcSearchWithStaffNameInTheGrid_ForActivate" time="2.660" classname="com.test.automation.uiAutomation.admission.TC_Masters_Class_Teacher_Mapping"/>
  <testcase name="tcClickOnclassTeacherXchange" time="5.390" classname="com.test.automation.uiAutomation.admission.TC_Masters_Class_Teacher_Mapping"/>
  <testcase name="tcClearClassTeacherMappInfoData" time="15.486" classname="com.test.automation.uiAutomation.admission.TC_Masters_Class_Teacher_Mapping"/>
  <testcase name="tcClickOnclassTeacherXchange_AfterClose" time="5.380" classname="com.test.automation.uiAutomation.admission.TC_Masters_Class_Teacher_Mapping"/>
  <testcase name="tcClickOnCancelButton_activate" time="15.445" classname="com.test.automation.uiAutomation.admission.TC_Masters_Class_Teacher_Mapping"/>
  <testcase name="tcYesDeleteOrDeactivateOrActivateIt_Activate" time="15.788" classname="com.test.automation.uiAutomation.admission.TC_Masters_Class_Teacher_Mapping"/>
  <testcase name="loginToappWithrequiredCredentials" time="0.001" classname="com.test.automation.uiAutomation.admission.TC_Masters_Class_Teacher_Mapping">
    <skipped/>
  </testcase> <!-- loginToappWithrequiredCredentials -->
  <testcase name="tcClickOnOkSuccessButton_2ndStaff" time="2.348" classname="com.test.automation.uiAutomation.admission.TC_Masters_Class_Teacher_Mapping"/>
  <testcase name="tcClickOnOkSuccessButton_activate" time="2.330" classname="com.test.automation.uiAutomation.admission.TC_Masters_Class_Teacher_Mapping"/>
  <testcase name="tcCloseXchangePopUpWindow" time="5.381" classname="com.test.automation.uiAutomation.admission.TC_Masters_Class_Teacher_Mapping"/>
  <testcase name="tcDeactivateClassTeacherMapped" time="5.458" classname="com.test.automation.uiAutomation.admission.TC_Masters_Class_Teacher_Mapping"/>
  <testcase name="tcActivateClassTeacherMapped_AfterCancel" time="5.479" classname="com.test.automation.uiAutomation.admission.TC_Masters_Class_Teacher_Mapping"/>
  <testcase name="tcSelectTeacherClassXchangeData" time="6.122" classname="com.test.automation.uiAutomation.admission.TC_Masters_Class_Teacher_Mapping"/>
  <testcase name="tcVerifyMasters_ClassTeacherMapp_BGHSPage" time="1.407" classname="com.test.automation.uiAutomation.admission.TC_Masters_Class_Teacher_Mapping"/>
  <testcase name="tcSearchWithStaffNameInTheGrid_AfterCancel" time="2.656" classname="com.test.automation.uiAutomation.admission.TC_Masters_Class_Teacher_Mapping"/>
</testsuite> <!-- com.test.automation.uiAutomation.admission.TC_Masters_Class_Teacher_Mapping -->
