<?xml version="1.0" encoding="UTF-8"?>
<!-- Generated by org.testng.reporters.JUnitReportReporter -->
<testsuite name="com.test.automation.uiAutomation.tcFee.Tc_Masters_Fee_Term_MasterTerms" tests="33" time="114.669" ignored="0" failures="0" timestamp="05 Mar 2018 11:23:26 GMT" skipped="10" hostname="DESKTOP-DISLHD4" errors="0">
  <testcase name="tcSearchTermByTermName" time="3.919" classname="com.test.automation.uiAutomation.tcFee.Tc_Masters_Fee_Term_MasterTerms"/>
  <testcase name="tcVerifySuccessfulPopUp" time="2.344" classname="com.test.automation.uiAutomation.tcFee.Tc_Masters_Fee_Term_MasterTerms"/>
  <testcase name="tcVerifyTermNameUpdatedInGrid" time="0.001" classname="com.test.automation.uiAutomation.tcFee.Tc_Masters_Fee_Term_MasterTerms">
    <skipped/>
  </testcase> <!-- tcVerifyTermNameUpdatedInGrid -->
  <testcase name="tcVerifyFeeTermPage" time="1.330" classname="com.test.automation.uiAutomation.tcFee.Tc_Masters_Fee_Term_MasterTerms"/>
  <testcase name="tcClickOnSaveButton" time="5.414" classname="com.test.automation.uiAutomation.tcFee.Tc_Masters_Fee_Term_MasterTerms"/>
  <testcase name="tcVerifySuccessfulPopUpEdit" time="2.277" classname="com.test.automation.uiAutomation.tcFee.Tc_Masters_Fee_Term_MasterTerms"/>
  <testcase name="tcEditFeeTerm_MasterTerm" time="0.000" classname="com.test.automation.uiAutomation.tcFee.Tc_Masters_Fee_Term_MasterTerms">
    <skipped/>
  </testcase> <!-- tcEditFeeTerm_MasterTerm -->
  <testcase name="tcVerifyActivationSuccessfulPopUp" time="5.332" classname="com.test.automation.uiAutomation.tcFee.Tc_Masters_Fee_Term_MasterTerms"/>
  <testcase name="tcEditFeeTerm_MasterTerm" time="6.427" classname="com.test.automation.uiAutomation.tcFee.Tc_Masters_Fee_Term_MasterTerms"/>
  <testcase name="loginToappWithrequiredCredentials" time="0.000" classname="com.test.automation.uiAutomation.tcFee.Tc_Masters_Fee_Term_MasterTerms">
    <skipped/>
  </testcase> <!-- loginToappWithrequiredCredentials -->
  <testcase name="tcActivationOfCreatedTerm" time="0.001" classname="com.test.automation.uiAutomation.tcFee.Tc_Masters_Fee_Term_MasterTerms">
    <skipped/>
  </testcase> <!-- tcActivationOfCreatedTerm -->
  <testcase name="tcVerifyDeactivationSuccessfulPopUp" time="5.321" classname="com.test.automation.uiAutomation.tcFee.Tc_Masters_Fee_Term_MasterTerms"/>
  <testcase name="loginToappWithrequiredCredentials" time="0.002" classname="com.test.automation.uiAutomation.tcFee.Tc_Masters_Fee_Term_MasterTerms">
    <skipped/>
  </testcase> <!-- loginToappWithrequiredCredentials -->
  <testcase name="tcDeactivationOfCreatedTerm" time="0.001" classname="com.test.automation.uiAutomation.tcFee.Tc_Masters_Fee_Term_MasterTerms">
    <skipped/>
  </testcase> <!-- tcDeactivationOfCreatedTerm -->
  <testcase name="tcMastersFeeMasterTerms" time="0.001" classname="com.test.automation.uiAutomation.tcFee.Tc_Masters_Fee_Term_MasterTerms">
    <skipped/>
  </testcase> <!-- tcMastersFeeMasterTerms -->
  <testcase name="tcConfirmationForActivation" time="5.341" classname="com.test.automation.uiAutomation.tcFee.Tc_Masters_Fee_Term_MasterTerms"/>
  <testcase name="tcHomeButtonValidation" time="7.349" classname="com.test.automation.uiAutomation.tcFee.Tc_Masters_Fee_Term_MasterTerms"/>
  <testcase name="tcClickOnSuccessOkBtnEdit" time="0.388" classname="com.test.automation.uiAutomation.tcFee.Tc_Masters_Fee_Term_MasterTerms"/>
  <testcase name="tcActivationOfCreatedTerm" time="6.449" classname="com.test.automation.uiAutomation.tcFee.Tc_Masters_Fee_Term_MasterTerms"/>
  <testcase name="tcMastersFeeMasterTerms" time="1.870" classname="com.test.automation.uiAutomation.tcFee.Tc_Masters_Fee_Term_MasterTerms"/>
  <testcase name="tcConfirmationForDeactivation" time="5.371" classname="com.test.automation.uiAutomation.tcFee.Tc_Masters_Fee_Term_MasterTerms"/>
  <testcase name="tcNevigateToMasters_FeeTermMasterTerm" time="7.746" classname="com.test.automation.uiAutomation.tcFee.Tc_Masters_Fee_Term_MasterTerms"/>
  <testcase name="tcClickOnSuccessOkBtn" time="3.340" classname="com.test.automation.uiAutomation.tcFee.Tc_Masters_Fee_Term_MasterTerms"/>
  <testcase name="tcSearchTermByTermName" time="0.001" classname="com.test.automation.uiAutomation.tcFee.Tc_Masters_Fee_Term_MasterTerms">
    <skipped/>
  </testcase> <!-- tcSearchTermByTermName -->
  <testcase name="loginToappWithrequiredCredentials" time="20.381" classname="com.test.automation.uiAutomation.tcFee.Tc_Masters_Fee_Term_MasterTerms"/>
  <testcase name="tcClickOnActivationFinalOkBtn" time="3.358" classname="com.test.automation.uiAutomation.tcFee.Tc_Masters_Fee_Term_MasterTerms"/>
  <testcase name="tcEditmastersFeeMasterTerms" time="1.855" classname="com.test.automation.uiAutomation.tcFee.Tc_Masters_Fee_Term_MasterTerms"/>
  <testcase name="loginToappWithrequiredCredentials" time="0.003" classname="com.test.automation.uiAutomation.tcFee.Tc_Masters_Fee_Term_MasterTerms">
    <skipped/>
  </testcase> <!-- loginToappWithrequiredCredentials -->
  <testcase name="tcClickOnSaveButtonEdit" time="2.549" classname="com.test.automation.uiAutomation.tcFee.Tc_Masters_Fee_Term_MasterTerms"/>
  <testcase name="tcVerifyTermNameUpdatedInGrid" time="6.432" classname="com.test.automation.uiAutomation.tcFee.Tc_Masters_Fee_Term_MasterTerms"/>
  <testcase name="loginToappWithrequiredCredentials" time="0.002" classname="com.test.automation.uiAutomation.tcFee.Tc_Masters_Fee_Term_MasterTerms">
    <skipped/>
  </testcase> <!-- loginToappWithrequiredCredentials -->
  <testcase name="tcClickOnDeactivationFinalOkBtn" time="3.339" classname="com.test.automation.uiAutomation.tcFee.Tc_Masters_Fee_Term_MasterTerms"/>
  <testcase name="tcDeactivationOfCreatedTerm" time="6.525" classname="com.test.automation.uiAutomation.tcFee.Tc_Masters_Fee_Term_MasterTerms"/>
</testsuite> <!-- com.test.automation.uiAutomation.tcFee.Tc_Masters_Fee_Term_MasterTerms -->
