<?xml version="1.0" encoding="UTF-8"?>
<!-- Generated by org.testng.reporters.JUnitReportReporter -->
<testsuite name="com.test.automation.uiAutomation.admission.TC_Masters_Master_Activities" tests="34" time="173.695" ignored="0" failures="0" timestamp="31 Jan 2018 06:40:16 GMT" skipped="4" hostname="DESKTOP-DISLHD4" errors="0">
  <testcase name="tcEditMasterActivities" time="5.392" classname="com.test.automation.uiAutomation.admission.TC_Masters_Master_Activities"/>
  <testcase name="loginToappWithrequiredCredentials" time="0.002" classname="com.test.automation.uiAutomation.admission.TC_Masters_Master_Activities">
    <skipped/>
  </testcase> <!-- loginToappWithrequiredCredentials -->
  <testcase name="tcEnterMasterActivitiesDetailsData" time="1.457" classname="com.test.automation.uiAutomation.admission.TC_Masters_Master_Activities"/>
  <testcase name="tcEnterMasterActivitiesDetailsData_AfterDelete" time="1.335" classname="com.test.automation.uiAutomation.admission.TC_Masters_Master_Activities"/>
  <testcase name="tcSaveMasterActivitiesInfoData" time="15.446" classname="com.test.automation.uiAutomation.admission.TC_Masters_Master_Activities"/>
  <testcase name="tcClickOnOkSuccessButton_AfterDelete" time="2.339" classname="com.test.automation.uiAutomation.admission.TC_Masters_Master_Activities"/>
  <testcase name="tcNavigateToAdmission_Masters_MasterActivities_BGHS" time="4.268" classname="com.test.automation.uiAutomation.admission.TC_Masters_Master_Activities"/>
  <testcase name="tcVerifyMasters_MasterActivities_BGHSPage" time="1.333" classname="com.test.automation.uiAutomation.admission.TC_Masters_Master_Activities"/>
  <testcase name="tcYesDeleteOrDeactivateOrActivateIt" time="15.358" classname="com.test.automation.uiAutomation.admission.TC_Masters_Master_Activities"/>
  <testcase name="tcMinimizeMasterActivitiesList" time="2.359" classname="com.test.automation.uiAutomation.admission.TC_Masters_Master_Activities"/>
  <testcase name="tcDeleteMasterActivities" time="5.456" classname="com.test.automation.uiAutomation.admission.TC_Masters_Master_Activities"/>
  <testcase name="tcClearMasterActivitiesInfoData" time="15.464" classname="com.test.automation.uiAutomation.admission.TC_Masters_Master_Activities"/>
  <testcase name="loginToappWithrequiredCredentials" time="0.000" classname="com.test.automation.uiAutomation.admission.TC_Masters_Master_Activities">
    <skipped/>
  </testcase> <!-- loginToappWithrequiredCredentials -->
  <testcase name="loginToappWithrequiredCredentials" time="0.002" classname="com.test.automation.uiAutomation.admission.TC_Masters_Master_Activities">
    <skipped/>
  </testcase> <!-- loginToappWithrequiredCredentials -->
  <testcase name="tcHomeButtonValidation" time="4.338" classname="com.test.automation.uiAutomation.admission.TC_Masters_Master_Activities"/>
  <testcase name="tcClickOnCancelButton" time="15.369" classname="com.test.automation.uiAutomation.admission.TC_Masters_Master_Activities"/>
  <testcase name="tcClickOnOkSuccessButton" time="2.346" classname="com.test.automation.uiAutomation.admission.TC_Masters_Master_Activities"/>
  <testcase name="tcEnterMasterActivitiesDetailsData_AfterClear" time="1.895" classname="com.test.automation.uiAutomation.admission.TC_Masters_Master_Activities"/>
  <testcase name="tcSaveMasterActivitiesInfoData_Edit" time="15.440" classname="com.test.automation.uiAutomation.admission.TC_Masters_Master_Activities"/>
  <testcase name="tcMaximizeMasterActivities" time="2.338" classname="com.test.automation.uiAutomation.admission.TC_Masters_Master_Activities"/>
  <testcase name="tcSaveMasterActivitiesInfoData_AfterDelete" time="15.418" classname="com.test.automation.uiAutomation.admission.TC_Masters_Master_Activities"/>
  <testcase name="tcClickOnOkSuccessButton_Edit" time="2.347" classname="com.test.automation.uiAutomation.admission.TC_Masters_Master_Activities"/>
  <testcase name="tcClickOnOkSuccessButton_delete" time="2.330" classname="com.test.automation.uiAutomation.admission.TC_Masters_Master_Activities"/>
  <testcase name="tcMaximizeMasterActivitiesList" time="2.343" classname="com.test.automation.uiAutomation.admission.TC_Masters_Master_Activities"/>
  <testcase name="tcSubmitBlankMasterActivitiesForm" time="3.428" classname="com.test.automation.uiAutomation.admission.TC_Masters_Master_Activities"/>
  <testcase name="tcSortByActivityName" time="3.648" classname="com.test.automation.uiAutomation.admission.TC_Masters_Master_Activities"/>
  <testcase name="tcDeleteMasterActivities_AfterCancel" time="5.437" classname="com.test.automation.uiAutomation.admission.TC_Masters_Master_Activities"/>
  <testcase name="tcSearchWithMasterActivitiesNameInTheGrid_delete" time="0.840" classname="com.test.automation.uiAutomation.admission.TC_Masters_Master_Activities"/>
  <testcase name="tcClickOnOkSuccessButton_cancel" time="2.349" classname="com.test.automation.uiAutomation.admission.TC_Masters_Master_Activities"/>
  <testcase name="tcVerifyMasterActivitiesInTheGrid" time="0.297" classname="com.test.automation.uiAutomation.admission.TC_Masters_Master_Activities"/>
  <testcase name="tcSearchWithMasterActivitiesNameInTheGrid" time="0.855" classname="com.test.automation.uiAutomation.admission.TC_Masters_Master_Activities"/>
  <testcase name="loginToappWithrequiredCredentials" time="0.001" classname="com.test.automation.uiAutomation.admission.TC_Masters_Master_Activities">
    <skipped/>
  </testcase> <!-- loginToappWithrequiredCredentials -->
  <testcase name="loginToappWithrequiredCredentials" time="20.108" classname="com.test.automation.uiAutomation.admission.TC_Masters_Master_Activities"/>
  <testcase name="tcMinimizeMasterActivities" time="2.357" classname="com.test.automation.uiAutomation.admission.TC_Masters_Master_Activities"/>
</testsuite> <!-- com.test.automation.uiAutomation.admission.TC_Masters_Master_Activities -->
