<?xml version="1.0" encoding="UTF-8"?>
<!-- Generated by org.testng.reporters.JUnitReportReporter -->
<testsuite name="com.test.automation.uiAutomation.admission.TC_Maters_Master_Religion" tests="40" time="198.983" ignored="0" failures="0" timestamp="01 Feb 2018 11:06:31 GMT" skipped="4" hostname="DESKTOP-DISLHD4" errors="0">
  <testcase name="tcClickOnOkSuccessButton_activateCancel" time="2.338" classname="com.test.automation.uiAutomation.admission.TC_Maters_Master_Religion"/>
  <testcase name="tcSubmitFilledMasterReligionForm_Edit" time="15.431" classname="com.test.automation.uiAutomation.admission.TC_Maters_Master_Religion"/>
  <testcase name="tcDeactivateMasterReligion_AfterCancel" time="5.449" classname="com.test.automation.uiAutomation.admission.TC_Maters_Master_Religion"/>
  <testcase name="tcNavigateToAdmission_Masters_MasterReligion_BGHS" time="1.738" classname="com.test.automation.uiAutomation.admission.TC_Maters_Master_Religion"/>
  <testcase name="tcSearchWithReligionNameInTheGrid_ForActivate" time="0.668" classname="com.test.automation.uiAutomation.admission.TC_Maters_Master_Religion"/>
  <testcase name="tcMaximizeMasterReligionList" time="2.349" classname="com.test.automation.uiAutomation.admission.TC_Maters_Master_Religion"/>
  <testcase name="tcSearchWithReligionNameInTheGrid" time="0.616" classname="com.test.automation.uiAutomation.admission.TC_Maters_Master_Religion"/>
  <testcase name="tcClickOnOkSuccessButton_deactivate" time="2.321" classname="com.test.automation.uiAutomation.admission.TC_Maters_Master_Religion"/>
  <testcase name="tcEditMasterReligion" time="5.399" classname="com.test.automation.uiAutomation.admission.TC_Maters_Master_Religion"/>
  <testcase name="tcClickOnOkSuccessButton_deactivateCancel" time="2.366" classname="com.test.automation.uiAutomation.admission.TC_Maters_Master_Religion"/>
  <testcase name="tcHomeButtonValidation" time="3.342" classname="com.test.automation.uiAutomation.admission.TC_Maters_Master_Religion"/>
  <testcase name="loginToappWithrequiredCredentials" time="0.001" classname="com.test.automation.uiAutomation.admission.TC_Maters_Master_Religion">
    <skipped/>
  </testcase> <!-- loginToappWithrequiredCredentials -->
  <testcase name="tcYesDeleteOrDeactivateOrActivateIt_deactivate" time="15.355" classname="com.test.automation.uiAutomation.admission.TC_Maters_Master_Religion"/>
  <testcase name="tcClickOnOkSuccessButton_activate" time="2.322" classname="com.test.automation.uiAutomation.admission.TC_Maters_Master_Religion"/>
  <testcase name="tcDeactivateMasterReligion" time="5.463" classname="com.test.automation.uiAutomation.admission.TC_Maters_Master_Religion"/>
  <testcase name="tcEnterMasterReligionFormData" time="0.602" classname="com.test.automation.uiAutomation.admission.TC_Maters_Master_Religion"/>
  <testcase name="tcMinimizeMasterReligionList" time="2.360" classname="com.test.automation.uiAutomation.admission.TC_Maters_Master_Religion"/>
  <testcase name="loginToappWithrequiredCredentials" time="0.001" classname="com.test.automation.uiAutomation.admission.TC_Maters_Master_Religion">
    <skipped/>
  </testcase> <!-- loginToappWithrequiredCredentials -->
  <testcase name="tcVerifyMasters_MasterReligion_BGHSPage" time="1.319" classname="com.test.automation.uiAutomation.admission.TC_Maters_Master_Religion"/>
  <testcase name="tcClearReligionInfoData" time="15.457" classname="com.test.automation.uiAutomation.admission.TC_Maters_Master_Religion"/>
  <testcase name="tcEnterMasterReligionFormData_AfterClear" time="0.958" classname="com.test.automation.uiAutomation.admission.TC_Maters_Master_Religion"/>
  <testcase name="tcClickOnCancelButton_activate" time="15.368" classname="com.test.automation.uiAutomation.admission.TC_Maters_Master_Religion"/>
  <testcase name="tcSortByReligionName" time="3.665" classname="com.test.automation.uiAutomation.admission.TC_Maters_Master_Religion"/>
  <testcase name="tcActivateMasterReligion" time="5.447" classname="com.test.automation.uiAutomation.admission.TC_Maters_Master_Religion"/>
  <testcase name="tcMaximizeMasterReligion" time="2.379" classname="com.test.automation.uiAutomation.admission.TC_Maters_Master_Religion"/>
  <testcase name="tcSubmitFilledMasterReligionForm" time="15.486" classname="com.test.automation.uiAutomation.admission.TC_Maters_Master_Religion"/>
  <testcase name="tcSearchWithReligionNameInTheGrid_ForActivate_AfterCancel" time="0.680" classname="com.test.automation.uiAutomation.admission.TC_Maters_Master_Religion"/>
  <testcase name="loginToappWithrequiredCredentials" time="0.000" classname="com.test.automation.uiAutomation.admission.TC_Maters_Master_Religion">
    <skipped/>
  </testcase> <!-- loginToappWithrequiredCredentials -->
  <testcase name="tcActivateMasterReligion_AfterCancel" time="5.414" classname="com.test.automation.uiAutomation.admission.TC_Maters_Master_Religion"/>
  <testcase name="tcClickOnOkSuccessButton_Edit" time="2.344" classname="com.test.automation.uiAutomation.admission.TC_Maters_Master_Religion"/>
  <testcase name="tcSearchWithReligionNameInTheGrid_ForDeactivate_AfterCancel" time="0.698" classname="com.test.automation.uiAutomation.admission.TC_Maters_Master_Religion"/>
  <testcase name="loginToappWithrequiredCredentials" time="22.802" classname="com.test.automation.uiAutomation.admission.TC_Maters_Master_Religion"/>
  <testcase name="tcClickOnOkSuccessButton" time="2.354" classname="com.test.automation.uiAutomation.admission.TC_Maters_Master_Religion"/>
  <testcase name="tcYesDeleteOrDeactivateOrActivateIt_Activate" time="15.389" classname="com.test.automation.uiAutomation.admission.TC_Maters_Master_Religion"/>
  <testcase name="tcSearchWithReligionNameInTheGrid_ForDeactivate" time="0.628" classname="com.test.automation.uiAutomation.admission.TC_Maters_Master_Religion"/>
  <testcase name="tcMinimizeMasterReligion" time="2.371" classname="com.test.automation.uiAutomation.admission.TC_Maters_Master_Religion"/>
  <testcase name="tcVerifyReligionNameInTheGrid" time="0.317" classname="com.test.automation.uiAutomation.admission.TC_Maters_Master_Religion"/>
  <testcase name="tcClickOnCancelButton_deactivate" time="15.370" classname="com.test.automation.uiAutomation.admission.TC_Maters_Master_Religion"/>
  <testcase name="tcSubmitBlankMasterReligionForm" time="2.415" classname="com.test.automation.uiAutomation.admission.TC_Maters_Master_Religion"/>
  <testcase name="loginToappWithrequiredCredentials" time="0.001" classname="com.test.automation.uiAutomation.admission.TC_Maters_Master_Religion">
    <skipped/>
  </testcase> <!-- loginToappWithrequiredCredentials -->
</testsuite> <!-- com.test.automation.uiAutomation.admission.TC_Maters_Master_Religion -->
