<?xml version="1.0" encoding="UTF-8"?>
<!-- Generated by org.testng.reporters.JUnitReportReporter -->
<testsuite name="com.test.automation.uiAutomation.studentRegistrationSelf.Tc_SelfRegistrationProductionBCEHS" tests="8" time="35.245" ignored="0" failures="0" timestamp="04 Jan 2018 11:54:18 GMT" skipped="4" hostname="vaps-PC" errors="0">
  <testcase name="fillRegistrationFormWithDifferentStudent" time="0.004" classname="com.test.automation.uiAutomation.studentRegistrationSelf.Tc_SelfRegistrationProductionBCEHS">
    <skipped/>
  </testcase> <!-- fillRegistrationFormWithDifferentStudent -->
  <testcase name="fillRegistrationFormWithDifferentStudent" time="0.087" classname="com.test.automation.uiAutomation.studentRegistrationSelf.Tc_SelfRegistrationProductionBCEHS">
    <skipped/>
  </testcase> <!-- fillRegistrationFormWithDifferentStudent -->
  <testcase name="fillRegistrationFormWithDifferentStudent" time="0.004" classname="com.test.automation.uiAutomation.studentRegistrationSelf.Tc_SelfRegistrationProductionBCEHS">
    <skipped/>
  </testcase> <!-- fillRegistrationFormWithDifferentStudent -->
  <testcase name="verifyCancelButton" time="5.333" classname="com.test.automation.uiAutomation.studentRegistrationSelf.Tc_SelfRegistrationProductionBCEHS"/>
  <testcase name="verifyRegisterButton" time="2.774" classname="com.test.automation.uiAutomation.studentRegistrationSelf.Tc_SelfRegistrationProductionBCEHS"/>
  <testcase name="verifySuccessmessageOkButton" time="0.844" classname="com.test.automation.uiAutomation.studentRegistrationSelf.Tc_SelfRegistrationProductionBCEHS"/>
  <testcase name="fillRegistrationFormWithDifferentStudent" time="0.012" classname="com.test.automation.uiAutomation.studentRegistrationSelf.Tc_SelfRegistrationProductionBCEHS">
    <skipped/>
  </testcase> <!-- fillRegistrationFormWithDifferentStudent -->
  <testcase name="fillRegistrationFormWithDifferentStudent" time="26.187" classname="com.test.automation.uiAutomation.studentRegistrationSelf.Tc_SelfRegistrationProductionBCEHS"/>
</testsuite> <!-- com.test.automation.uiAutomation.studentRegistrationSelf.Tc_SelfRegistrationProductionBCEHS -->
