<?xml version="1.0" encoding="UTF-8"?>
<!-- Generated by org.testng.reporters.JUnitReportReporter -->
<testsuite name="com.test.automation.uiAutomation.admission.masters.TC_Masters_Master_Documents" tests="35" time="172.557" ignored="0" failures="0" timestamp="12 Mar 2018 10:57:04 GMT" skipped="4" hostname="DESKTOP-DISLHD4" errors="0">
  <testcase name="tcSaveDocumentInfoData_Edit" time="15.402" classname="com.test.automation.uiAutomation.admission.masters.TC_Masters_Master_Documents"/>
  <testcase name="tcDeleteMasterDocument" time="5.386" classname="com.test.automation.uiAutomation.admission.masters.TC_Masters_Master_Documents"/>
  <testcase name="tcEnterMasterDocumentData_AfterDelete" time="1.139" classname="com.test.automation.uiAutomation.admission.masters.TC_Masters_Master_Documents"/>
  <testcase name="tcSortByDocumentName" time="3.638" classname="com.test.automation.uiAutomation.admission.masters.TC_Masters_Master_Documents"/>
  <testcase name="tcYesDeleteOrDeactivateOrActivateIt" time="15.372" classname="com.test.automation.uiAutomation.admission.masters.TC_Masters_Master_Documents"/>
  <testcase name="tcSaveDocumentInfoData_AfterDelete" time="15.397" classname="com.test.automation.uiAutomation.admission.masters.TC_Masters_Master_Documents"/>
  <testcase name="tcClickOnOkSuccessButton_delete" time="2.338" classname="com.test.automation.uiAutomation.admission.masters.TC_Masters_Master_Documents"/>
  <testcase name="tcHomeButtonValidation" time="7.321" classname="com.test.automation.uiAutomation.admission.masters.TC_Masters_Master_Documents"/>
  <testcase name="tcMinimizeMasterDocumentList" time="2.361" classname="com.test.automation.uiAutomation.admission.masters.TC_Masters_Master_Documents"/>
  <testcase name="tcSearchWithDocumentNameInTheGrid_AfterDeleteCancel" time="0.743" classname="com.test.automation.uiAutomation.admission.masters.TC_Masters_Master_Documents"/>
  <testcase name="tcEnterMasterDocumentData_AfterClear" time="1.182" classname="com.test.automation.uiAutomation.admission.masters.TC_Masters_Master_Documents"/>
  <testcase name="tcClickOnOkSuccessButton" time="2.352" classname="com.test.automation.uiAutomation.admission.masters.TC_Masters_Master_Documents"/>
  <testcase name="tcSearchWithDocumentNameInTheGrid" time="0.705" classname="com.test.automation.uiAutomation.admission.masters.TC_Masters_Master_Documents"/>
  <testcase name="tcMinimizeMasterDocument" time="2.367" classname="com.test.automation.uiAutomation.admission.masters.TC_Masters_Master_Documents"/>
  <testcase name="tcNavigateToAdmission_Masters_MasterDocument_BGHS" time="1.573" classname="com.test.automation.uiAutomation.admission.masters.TC_Masters_Master_Documents"/>
  <testcase name="tcSearchWithDocumentNameInTheGrid_delete" time="0.709" classname="com.test.automation.uiAutomation.admission.masters.TC_Masters_Master_Documents"/>
  <testcase name="loginToappWithrequiredCredentials" time="0.001" classname="com.test.automation.uiAutomation.admission.masters.TC_Masters_Master_Documents">
    <skipped/>
  </testcase> <!-- loginToappWithrequiredCredentials -->
  <testcase name="tcEnterMasterDocumentData" time="1.451" classname="com.test.automation.uiAutomation.admission.masters.TC_Masters_Master_Documents"/>
  <testcase name="tcMaximizeMasterDocument" time="2.372" classname="com.test.automation.uiAutomation.admission.masters.TC_Masters_Master_Documents"/>
  <testcase name="tcSubmitBlankMasterDocumentForm" time="2.369" classname="com.test.automation.uiAutomation.admission.masters.TC_Masters_Master_Documents"/>
  <testcase name="loginToappWithrequiredCredentials" time="0.002" classname="com.test.automation.uiAutomation.admission.masters.TC_Masters_Master_Documents">
    <skipped/>
  </testcase> <!-- loginToappWithrequiredCredentials -->
  <testcase name="tcClickOnOkSuccessButton_cancel" time="2.371" classname="com.test.automation.uiAutomation.admission.masters.TC_Masters_Master_Documents"/>
  <testcase name="loginToappWithrequiredCredentials" time="0.000" classname="com.test.automation.uiAutomation.admission.masters.TC_Masters_Master_Documents">
    <skipped/>
  </testcase> <!-- loginToappWithrequiredCredentials -->
  <testcase name="tcClickOnOkSuccessButton_Edit" time="2.325" classname="com.test.automation.uiAutomation.admission.masters.TC_Masters_Master_Documents"/>
  <testcase name="tcClickOnCancelButton" time="15.387" classname="com.test.automation.uiAutomation.admission.masters.TC_Masters_Master_Documents"/>
  <testcase name="tcClickOnOkSuccessButton_AfterDelete" time="2.334" classname="com.test.automation.uiAutomation.admission.masters.TC_Masters_Master_Documents"/>
  <testcase name="loginToappWithrequiredCredentials" time="0.004" classname="com.test.automation.uiAutomation.admission.masters.TC_Masters_Master_Documents">
    <skipped/>
  </testcase> <!-- loginToappWithrequiredCredentials -->
  <testcase name="tcMaximizeMasterDocumentList" time="2.519" classname="com.test.automation.uiAutomation.admission.masters.TC_Masters_Master_Documents"/>
  <testcase name="tcEditMasterDocument" time="5.413" classname="com.test.automation.uiAutomation.admission.masters.TC_Masters_Master_Documents"/>
  <testcase name="tcDeleteMasterDocument_AfterCancel" time="5.417" classname="com.test.automation.uiAutomation.admission.masters.TC_Masters_Master_Documents"/>
  <testcase name="tcSaveDocumentInfoData" time="15.414" classname="com.test.automation.uiAutomation.admission.masters.TC_Masters_Master_Documents"/>
  <testcase name="tcVerifyMasters_MasterDocument_BGHSPage" time="1.331" classname="com.test.automation.uiAutomation.admission.masters.TC_Masters_Master_Documents"/>
  <testcase name="tcClearDocumentInfoData" time="15.449" classname="com.test.automation.uiAutomation.admission.masters.TC_Masters_Master_Documents"/>
  <testcase name="loginToappWithrequiredCredentials" time="20.117" classname="com.test.automation.uiAutomation.admission.masters.TC_Masters_Master_Documents"/>
  <testcase name="tcVerifyDocumentNameInTheGrid" time="0.296" classname="com.test.automation.uiAutomation.admission.masters.TC_Masters_Master_Documents"/>
</testsuite> <!-- com.test.automation.uiAutomation.admission.masters.TC_Masters_Master_Documents -->
