<?xml version="1.0" encoding="UTF-8"?>
<!-- Generated by org.testng.reporters.JUnitReportReporter -->
<testsuite name="com.test.automation.uiAutomation.Fee.TC_Masters.Tc_Masters_Custom_Fee_Special_Head" tests="65" time="149.427" ignored="0" failures="2" timestamp="28 May 2018 09:11:04 GMT" skipped="28" hostname="Arvind-Susdiny" errors="0">
  <testcase name="tcDeactivationOfCreatedCustomSPLFeeHead" time="6.526" classname="com.test.automation.uiAutomation.Fee.TC_Masters.Tc_Masters_Custom_Fee_Special_Head"/>
  <testcase name="tcSearchBySpLFeeHeadNameInGrid" time="0.001" classname="com.test.automation.uiAutomation.Fee.TC_Masters.Tc_Masters_Custom_Fee_Special_Head">
    <skipped/>
  </testcase> <!-- tcSearchBySpLFeeHeadNameInGrid -->
  <testcase name="tcClickOnOkSuccessButton_deactivateCancel" time="3.348" classname="com.test.automation.uiAutomation.Fee.TC_Masters.Tc_Masters_Custom_Fee_Special_Head"/>
  <testcase name="tcSearchBySpLFeeHeadNameInGrid_ForActivate" time="0.003" classname="com.test.automation.uiAutomation.Fee.TC_Masters.Tc_Masters_Custom_Fee_Special_Head">
    <skipped/>
  </testcase> <!-- tcSearchBySpLFeeHeadNameInGrid_ForActivate -->
  <testcase name="tcClickOnCancelButton_PopUp_deactivate" time="3.364" classname="com.test.automation.uiAutomation.Fee.TC_Masters.Tc_Masters_Custom_Fee_Special_Head"/>
  <testcase name="loginToappWithrequiredCredentials" time="0.001" classname="com.test.automation.uiAutomation.Fee.TC_Masters.Tc_Masters_Custom_Fee_Special_Head">
    <skipped/>
  </testcase> <!-- loginToappWithrequiredCredentials -->
  <testcase name="tcFill_CustomSpecialFeeHeadForm" time="0.001" classname="com.test.automation.uiAutomation.Fee.TC_Masters.Tc_Masters_Custom_Fee_Special_Head">
    <skipped/>
  </testcase> <!-- tcFill_CustomSpecialFeeHeadForm -->
  <testcase name="tcDeactivationOfCreatedCustomSPLFeeHead_AfterCancel" time="0.000" classname="com.test.automation.uiAutomation.Fee.TC_Masters.Tc_Masters_Custom_Fee_Special_Head">
    <skipped/>
  </testcase> <!-- tcDeactivationOfCreatedCustomSPLFeeHead_AfterCancel -->
  <testcase name="tcActivationOfCreatedCustomSPLFeeHead" time="4.074" classname="com.test.automation.uiAutomation.Fee.TC_Masters.Tc_Masters_Custom_Fee_Special_Head">
    <failure type="java.lang.AssertionError" message="expected [Deactivate] but found [Activate]">
      <![CDATA[java.lang.AssertionError: expected [Deactivate] but found [Activate]
	at org.testng.Assert.fail(Assert.java:94)
	at org.testng.Assert.failNotEquals(Assert.java:513)
	at org.testng.Assert.assertEqualsImpl(Assert.java:135)
	at org.testng.Assert.assertEquals(Assert.java:116)
	at org.testng.Assert.assertEquals(Assert.java:190)
	at org.testng.Assert.assertEquals(Assert.java:200)
	at com.test.automation.uiAutomation.Fee.Masters.Masters_Custom_Fee_Special_Head.activationOfCreatedCustomSPLFeeHead(Masters_Custom_Fee_Special_Head.java:433)
	at com.test.automation.uiAutomation.Fee.TC_Masters.Tc_Masters_Custom_Fee_Special_Head.tcActivationOfCreatedCustomSPLFeeHead(Tc_Masters_Custom_Fee_Special_Head.java:569)
	at sun.reflect.NativeMethodAccessorImpl.invoke0(Native Method)
	at sun.reflect.NativeMethodAccessorImpl.invoke(Unknown Source)
	at sun.reflect.DelegatingMethodAccessorImpl.invoke(Unknown Source)
	at java.lang.reflect.Method.invoke(Unknown Source)
	at org.testng.internal.MethodInvocationHelper.invokeMethod(MethodInvocationHelper.java:104)
	at org.testng.internal.Invoker.invokeMethod(Invoker.java:645)
	at org.testng.internal.Invoker.invokeTestMethod(Invoker.java:851)
	at org.testng.internal.Invoker.invokeTestMethods(Invoker.java:1177)
	at org.testng.internal.TestMethodWorker.invokeTestMethods(TestMethodWorker.java:129)
	at org.testng.internal.TestMethodWorker.run(TestMethodWorker.java:112)
	at org.testng.TestRunner.privateRun(TestRunner.java:756)
	at org.testng.TestRunner.run(TestRunner.java:610)
	at org.testng.SuiteRunner.runTest(SuiteRunner.java:387)
	at org.testng.SuiteRunner.runSequentially(SuiteRunner.java:382)
	at org.testng.SuiteRunner.privateRun(SuiteRunner.java:340)
	at org.testng.SuiteRunner.run(SuiteRunner.java:289)
	at org.testng.SuiteRunnerWorker.runSuite(SuiteRunnerWorker.java:52)
	at org.testng.SuiteRunnerWorker.run(SuiteRunnerWorker.java:86)
	at org.testng.TestNG.runSuitesSequentially(TestNG.java:1293)
	at org.testng.TestNG.runSuitesLocally(TestNG.java:1218)
	at org.testng.TestNG.runSuites(TestNG.java:1133)
	at org.testng.TestNG.run(TestNG.java:1104)
	at org.testng.remote.AbstractRemoteTestNG.run(AbstractRemoteTestNG.java:132)
	at org.testng.remote.RemoteTestNG.initAndRun(RemoteTestNG.java:230)
	at org.testng.remote.RemoteTestNG.main(RemoteTestNG.java:76)
]]>
    </failure>
  </testcase> <!-- tcActivationOfCreatedCustomSPLFeeHead -->
  <testcase name="tcClickOnOkSuccessButton_deactivate" time="3.344" classname="com.test.automation.uiAutomation.Fee.TC_Masters.Tc_Masters_Custom_Fee_Special_Head"/>
  <testcase name="tcEdit_CustomSpecialFeeHead" time="0.001" classname="com.test.automation.uiAutomation.Fee.TC_Masters.Tc_Masters_Custom_Fee_Special_Head">
    <skipped/>
  </testcase> <!-- tcEdit_CustomSpecialFeeHead -->
  <testcase name="tcNavigateToMasters_Custom_Special_FeeHead" time="8.192" classname="com.test.automation.uiAutomation.Fee.TC_Masters.Tc_Masters_Custom_Fee_Special_Head"/>
  <testcase name="tcActivationOfCreatedCustomSPLFeeHead_AfterCancel" time="4.076" classname="com.test.automation.uiAutomation.Fee.TC_Masters.Tc_Masters_Custom_Fee_Special_Head">
    <failure type="java.lang.AssertionError" message="expected [Deactivate] but found [Activate]">
      <![CDATA[java.lang.AssertionError: expected [Deactivate] but found [Activate]
	at org.testng.Assert.fail(Assert.java:94)
	at org.testng.Assert.failNotEquals(Assert.java:513)
	at org.testng.Assert.assertEqualsImpl(Assert.java:135)
	at org.testng.Assert.assertEquals(Assert.java:116)
	at org.testng.Assert.assertEquals(Assert.java:190)
	at org.testng.Assert.assertEquals(Assert.java:200)
	at com.test.automation.uiAutomation.Fee.Masters.Masters_Custom_Fee_Special_Head.activationOfCreatedCustomSPLFeeHead(Masters_Custom_Fee_Special_Head.java:433)
	at com.test.automation.uiAutomation.Fee.TC_Masters.Tc_Masters_Custom_Fee_Special_Head.tcActivationOfCreatedCustomSPLFeeHead_AfterCancel(Tc_Masters_Custom_Fee_Special_Head.java:635)
	at sun.reflect.NativeMethodAccessorImpl.invoke0(Native Method)
	at sun.reflect.NativeMethodAccessorImpl.invoke(Unknown Source)
	at sun.reflect.DelegatingMethodAccessorImpl.invoke(Unknown Source)
	at java.lang.reflect.Method.invoke(Unknown Source)
	at org.testng.internal.MethodInvocationHelper.invokeMethod(MethodInvocationHelper.java:104)
	at org.testng.internal.Invoker.invokeMethod(Invoker.java:645)
	at org.testng.internal.Invoker.invokeTestMethod(Invoker.java:851)
	at org.testng.internal.Invoker.invokeTestMethods(Invoker.java:1177)
	at org.testng.internal.TestMethodWorker.invokeTestMethods(TestMethodWorker.java:129)
	at org.testng.internal.TestMethodWorker.run(TestMethodWorker.java:112)
	at org.testng.TestRunner.privateRun(TestRunner.java:756)
	at org.testng.TestRunner.run(TestRunner.java:610)
	at org.testng.SuiteRunner.runTest(SuiteRunner.java:387)
	at org.testng.SuiteRunner.runSequentially(SuiteRunner.java:382)
	at org.testng.SuiteRunner.privateRun(SuiteRunner.java:340)
	at org.testng.SuiteRunner.run(SuiteRunner.java:289)
	at org.testng.SuiteRunnerWorker.runSuite(SuiteRunnerWorker.java:52)
	at org.testng.SuiteRunnerWorker.run(SuiteRunnerWorker.java:86)
	at org.testng.TestNG.runSuitesSequentially(TestNG.java:1293)
	at org.testng.TestNG.runSuitesLocally(TestNG.java:1218)
	at org.testng.TestNG.runSuites(TestNG.java:1133)
	at org.testng.TestNG.run(TestNG.java:1104)
	at org.testng.remote.AbstractRemoteTestNG.run(AbstractRemoteTestNG.java:132)
	at org.testng.remote.RemoteTestNG.initAndRun(RemoteTestNG.java:230)
	at org.testng.remote.RemoteTestNG.main(RemoteTestNG.java:76)
]]>
    </failure>
  </testcase> <!-- tcActivationOfCreatedCustomSPLFeeHead_AfterCancel -->
  <testcase name="tcVerifyCustomSpecialFeeHeadPage" time="1.319" classname="com.test.automation.uiAutomation.Fee.TC_Masters.Tc_Masters_Custom_Fee_Special_Head"/>
  <testcase name="tcActivationOfCreatedCustomSPLFeeHead" time="0.000" classname="com.test.automation.uiAutomation.Fee.TC_Masters.Tc_Masters_Custom_Fee_Special_Head">
    <skipped/>
  </testcase> <!-- tcActivationOfCreatedCustomSPLFeeHead -->
  <testcase name="tcSearchBySpLFeeHeadNameInGrid_ForDeactivate" time="0.000" classname="com.test.automation.uiAutomation.Fee.TC_Masters.Tc_Masters_Custom_Fee_Special_Head">
    <skipped/>
  </testcase> <!-- tcSearchBySpLFeeHeadNameInGrid_ForDeactivate -->
  <testcase name="tcFill_CustomSpecialFeeHeadForm" time="3.194" classname="com.test.automation.uiAutomation.Fee.TC_Masters.Tc_Masters_Custom_Fee_Special_Head"/>
  <testcase name="tcDeactivationOfCreatedCustomSPLFeeHead_AfterCancel" time="0.001" classname="com.test.automation.uiAutomation.Fee.TC_Masters.Tc_Masters_Custom_Fee_Special_Head">
    <skipped/>
  </testcase> <!-- tcDeactivationOfCreatedCustomSPLFeeHead_AfterCancel -->
  <testcase name="tcFill_CustomSpecialFeeHeadForm_AfterClearingFilledData" time="3.083" classname="com.test.automation.uiAutomation.Fee.TC_Masters.Tc_Masters_Custom_Fee_Special_Head"/>
  <testcase name="tcVerifyCustomSPLFeeHeadupdatedInGrid" time="0.000" classname="com.test.automation.uiAutomation.Fee.TC_Masters.Tc_Masters_Custom_Fee_Special_Head">
    <skipped/>
  </testcase> <!-- tcVerifyCustomSPLFeeHeadupdatedInGrid -->
  <testcase name="tcYesDeleteOrDeactivateOrActivateIt_deactivate" time="5.377" classname="com.test.automation.uiAutomation.Fee.TC_Masters.Tc_Masters_Custom_Fee_Special_Head"/>
  <testcase name="loginToappWithrequiredCredentials" time="0.000" classname="com.test.automation.uiAutomation.Fee.TC_Masters.Tc_Masters_Custom_Fee_Special_Head">
    <skipped/>
  </testcase> <!-- loginToappWithrequiredCredentials -->
  <testcase name="tcSearchBySpLFeeHeadNameInGrid_ForDeactivate" time="0.000" classname="com.test.automation.uiAutomation.Fee.TC_Masters.Tc_Masters_Custom_Fee_Special_Head">
    <skipped/>
  </testcase> <!-- tcSearchBySpLFeeHeadNameInGrid_ForDeactivate -->
  <testcase name="tcSearchBySpLFeeHeadNameInGrid_ForActivate" time="1.741" classname="com.test.automation.uiAutomation.Fee.TC_Masters.Tc_Masters_Custom_Fee_Special_Head"/>
  <testcase name="tcHomeButtonValidation" time="7.326" classname="com.test.automation.uiAutomation.Fee.TC_Masters.Tc_Masters_Custom_Fee_Special_Head"/>
  <testcase name="tcEdit_CustomSpecialFeeHead" time="0.001" classname="com.test.automation.uiAutomation.Fee.TC_Masters.Tc_Masters_Custom_Fee_Special_Head">
    <skipped/>
  </testcase> <!-- tcEdit_CustomSpecialFeeHead -->
  <testcase name="tcYesDeleteOrDeactivateOrActivateIt_Activate" time="0.784" classname="com.test.automation.uiAutomation.Fee.TC_Masters.Tc_Masters_Custom_Fee_Special_Head"/>
  <testcase name="tcVerifyCustomSPLFeeHeadupdatedInGrid" time="6.333" classname="com.test.automation.uiAutomation.Fee.TC_Masters.Tc_Masters_Custom_Fee_Special_Head"/>
  <testcase name="tcSearchBySpLFeeHeadNameInGrid_ForDeactivate_AfterCancel" time="1.747" classname="com.test.automation.uiAutomation.Fee.TC_Masters.Tc_Masters_Custom_Fee_Special_Head"/>
  <testcase name="loginToappWithrequiredCredentials" time="0.000" classname="com.test.automation.uiAutomation.Fee.TC_Masters.Tc_Masters_Custom_Fee_Special_Head">
    <skipped/>
  </testcase> <!-- loginToappWithrequiredCredentials -->
  <testcase name="tcSearchBySpLFeeHeadNameInGrid" time="1.780" classname="com.test.automation.uiAutomation.Fee.TC_Masters.Tc_Masters_Custom_Fee_Special_Head"/>
  <testcase name="tcSearchBySpLFeeHeadNameInGrid_AfterCancel" time="1.734" classname="com.test.automation.uiAutomation.Fee.TC_Masters.Tc_Masters_Custom_Fee_Special_Head"/>
  <testcase name="tcFill_CustomSpecialFeeHeadForm_AfterClearingFilledData" time="0.001" classname="com.test.automation.uiAutomation.Fee.TC_Masters.Tc_Masters_Custom_Fee_Special_Head">
    <skipped/>
  </testcase> <!-- tcFill_CustomSpecialFeeHeadForm_AfterClearingFilledData -->
  <testcase name="tcClickOnSuccessOkBtn" time="3.375" classname="com.test.automation.uiAutomation.Fee.TC_Masters.Tc_Masters_Custom_Fee_Special_Head"/>
  <testcase name="tcClickOnCancelButton_ClearFilledForm" time="7.400" classname="com.test.automation.uiAutomation.Fee.TC_Masters.Tc_Masters_Custom_Fee_Special_Head"/>
  <testcase name="tcMinimize_SpecialHeadGridView" time="1.344" classname="com.test.automation.uiAutomation.Fee.TC_Masters.Tc_Masters_Custom_Fee_Special_Head"/>
  <testcase name="tcVerifyCustomSPLFeeHeadupdatedInGrid" time="0.001" classname="com.test.automation.uiAutomation.Fee.TC_Masters.Tc_Masters_Custom_Fee_Special_Head">
    <skipped/>
  </testcase> <!-- tcVerifyCustomSPLFeeHeadupdatedInGrid -->
  <testcase name="tcSearchBySpLFeeHeadNameInGrid_AfterCancel" time="0.000" classname="com.test.automation.uiAutomation.Fee.TC_Masters.Tc_Masters_Custom_Fee_Special_Head">
    <skipped/>
  </testcase> <!-- tcSearchBySpLFeeHeadNameInGrid_AfterCancel -->
  <testcase name="tcClickOnOkSuccessButton_Edit" time="3.349" classname="com.test.automation.uiAutomation.Fee.TC_Masters.Tc_Masters_Custom_Fee_Special_Head"/>
  <testcase name="tcActivationOfCreatedCustomSPLFeeHead_AfterCancel" time="0.002" classname="com.test.automation.uiAutomation.Fee.TC_Masters.Tc_Masters_Custom_Fee_Special_Head">
    <skipped/>
  </testcase> <!-- tcActivationOfCreatedCustomSPLFeeHead_AfterCancel -->
  <testcase name="tcActivationOfCreatedCustomSPLFeeHead" time="0.002" classname="com.test.automation.uiAutomation.Fee.TC_Masters.Tc_Masters_Custom_Fee_Special_Head">
    <skipped/>
  </testcase> <!-- tcActivationOfCreatedCustomSPLFeeHead -->
  <testcase name="tcClickOnSaveButton" time="7.377" classname="com.test.automation.uiAutomation.Fee.TC_Masters.Tc_Masters_Custom_Fee_Special_Head"/>
  <testcase name="tcDeactivationOfCreatedCustomSPLFeeHead" time="0.000" classname="com.test.automation.uiAutomation.Fee.TC_Masters.Tc_Masters_Custom_Fee_Special_Head">
    <skipped/>
  </testcase> <!-- tcDeactivationOfCreatedCustomSPLFeeHead -->
  <testcase name="tcClickOnCancelButton_PopUp_activate" time="0.775" classname="com.test.automation.uiAutomation.Fee.TC_Masters.Tc_Masters_Custom_Fee_Special_Head"/>
  <testcase name="tcClickOnSaveButton_ToSubmitBlankForm" time="7.650" classname="com.test.automation.uiAutomation.Fee.TC_Masters.Tc_Masters_Custom_Fee_Special_Head"/>
  <testcase name="tcMaximize_SpecialHeadGridView" time="1.310" classname="com.test.automation.uiAutomation.Fee.TC_Masters.Tc_Masters_Custom_Fee_Special_Head"/>
  <testcase name="tcClickOnOkSuccessButton_activate" time="0.785" classname="com.test.automation.uiAutomation.Fee.TC_Masters.Tc_Masters_Custom_Fee_Special_Head"/>
  <testcase name="tcSearchBySpLFeeHeadNameInGrid_ForDeactivate_AfterCancel" time="0.001" classname="com.test.automation.uiAutomation.Fee.TC_Masters.Tc_Masters_Custom_Fee_Special_Head">
    <skipped/>
  </testcase> <!-- tcSearchBySpLFeeHeadNameInGrid_ForDeactivate_AfterCancel -->
  <testcase name="tcMaximize_SpecialFeeHead" time="1.338" classname="com.test.automation.uiAutomation.Fee.TC_Masters.Tc_Masters_Custom_Fee_Special_Head"/>
  <testcase name="tcEdit_CustomSpecialFeeHead" time="5.382" classname="com.test.automation.uiAutomation.Fee.TC_Masters.Tc_Masters_Custom_Fee_Special_Head"/>
  <testcase name="loginToappWithrequiredCredentials" time="0.000" classname="com.test.automation.uiAutomation.Fee.TC_Masters.Tc_Masters_Custom_Fee_Special_Head">
    <skipped/>
  </testcase> <!-- loginToappWithrequiredCredentials -->
  <testcase name="tcSearchBySpLFeeHeadNameInGrid_ForDeactivate" time="2.021" classname="com.test.automation.uiAutomation.Fee.TC_Masters.Tc_Masters_Custom_Fee_Special_Head"/>
  <testcase name="tcSearchBySpLFeeHeadNameInGrid" time="0.000" classname="com.test.automation.uiAutomation.Fee.TC_Masters.Tc_Masters_Custom_Fee_Special_Head">
    <skipped/>
  </testcase> <!-- tcSearchBySpLFeeHeadNameInGrid -->
  <testcase name="tcDeactivationOfCreatedCustomSPLFeeHead" time="0.000" classname="com.test.automation.uiAutomation.Fee.TC_Masters.Tc_Masters_Custom_Fee_Special_Head">
    <skipped/>
  </testcase> <!-- tcDeactivationOfCreatedCustomSPLFeeHead -->
  <testcase name="tcClickOnSaveButton_CustomSpecialFeeHead_Edit" time="7.363" classname="com.test.automation.uiAutomation.Fee.TC_Masters.Tc_Masters_Custom_Fee_Special_Head"/>
  <testcase name="tcSearchBySpLFeeHeadNameInGrid_ForActivate" time="0.000" classname="com.test.automation.uiAutomation.Fee.TC_Masters.Tc_Masters_Custom_Fee_Special_Head">
    <skipped/>
  </testcase> <!-- tcSearchBySpLFeeHeadNameInGrid_ForActivate -->
  <testcase name="tcSearchBySpLFeeHeadNameInGrid_AfterCancel" time="0.000" classname="com.test.automation.uiAutomation.Fee.TC_Masters.Tc_Masters_Custom_Fee_Special_Head">
    <skipped/>
  </testcase> <!-- tcSearchBySpLFeeHeadNameInGrid_AfterCancel -->
  <testcase name="tcDeactivationOfCreatedCustomSPLFeeHead_AfterCancel" time="6.427" classname="com.test.automation.uiAutomation.Fee.TC_Masters.Tc_Masters_Custom_Fee_Special_Head"/>
  <testcase name="tcClickOnOkSuccessButton_activateCancel" time="0.781" classname="com.test.automation.uiAutomation.Fee.TC_Masters.Tc_Masters_Custom_Fee_Special_Head"/>
  <testcase name="tcSortByFeeHead" time="2.634" classname="com.test.automation.uiAutomation.Fee.TC_Masters.Tc_Masters_Custom_Fee_Special_Head"/>
  <testcase name="tcActivationOfCreatedCustomSPLFeeHead_AfterCancel" time="0.000" classname="com.test.automation.uiAutomation.Fee.TC_Masters.Tc_Masters_Custom_Fee_Special_Head">
    <skipped/>
  </testcase> <!-- tcActivationOfCreatedCustomSPLFeeHead_AfterCancel -->
  <testcase name="tcSearchBySpLFeeHeadNameInGrid_ForDeactivate_AfterCancel" time="0.002" classname="com.test.automation.uiAutomation.Fee.TC_Masters.Tc_Masters_Custom_Fee_Special_Head">
    <skipped/>
  </testcase> <!-- tcSearchBySpLFeeHeadNameInGrid_ForDeactivate_AfterCancel -->
  <testcase name="loginToappWithrequiredCredentials" time="20.038" classname="com.test.automation.uiAutomation.Fee.TC_Masters.Tc_Masters_Custom_Fee_Special_Head"/>
  <testcase name="tcVerifySuccessfulPopUp" time="1.320" classname="com.test.automation.uiAutomation.Fee.TC_Masters.Tc_Masters_Custom_Fee_Special_Head"/>
  <testcase name="tcMinimize_SpecialFeeHead" time="1.398" classname="com.test.automation.uiAutomation.Fee.TC_Masters.Tc_Masters_Custom_Fee_Special_Head"/>
</testsuite> <!-- com.test.automation.uiAutomation.Fee.TC_Masters.Tc_Masters_Custom_Fee_Special_Head -->
