<?xml version="1.0" encoding="UTF-8"?>
<!-- Generated by org.testng.reporters.JUnitReportReporter -->
<testsuite name="com.test.automation.uiAutomation.admission.masters.TC_Masters_Master_Caste" tests="34" time="177.862" ignored="0" failures="0" timestamp="02 Apr 2018 10:46:12 GMT" skipped="4" hostname="DESKTOP-DISLHD4" errors="0">
  <testcase name="tcClickOnOkSuccessButton_AfterDelete" time="2.314" classname="com.test.automation.uiAutomation.admission.masters.TC_Masters_Master_Caste"/>
  <testcase name="tcSaveMasterCasteInfoData" time="15.347" classname="com.test.automation.uiAutomation.admission.masters.TC_Masters_Master_Caste"/>
  <testcase name="tcClickOnOkSuccessButton" time="2.358" classname="com.test.automation.uiAutomation.admission.masters.TC_Masters_Master_Caste"/>
  <testcase name="tcYesDeleteOrDeactivateOrActivateIt" time="15.355" classname="com.test.automation.uiAutomation.admission.masters.TC_Masters_Master_Caste"/>
  <testcase name="tcSaveMasterCasteInfoData_AfterDelete" time="15.314" classname="com.test.automation.uiAutomation.admission.masters.TC_Masters_Master_Caste"/>
  <testcase name="tcMinimizeMasterCaste" time="2.366" classname="com.test.automation.uiAutomation.admission.masters.TC_Masters_Master_Caste"/>
  <testcase name="tcEnterMasterCasteDetailsData_AfterClear" time="2.990" classname="com.test.automation.uiAutomation.admission.masters.TC_Masters_Master_Caste"/>
  <testcase name="tcClickOnCancelButton" time="15.343" classname="com.test.automation.uiAutomation.admission.masters.TC_Masters_Master_Caste"/>
  <testcase name="tcSubmitBlankMasterCasteForm" time="3.428" classname="com.test.automation.uiAutomation.admission.masters.TC_Masters_Master_Caste"/>
  <testcase name="loginToappWithrequiredCredentials" time="0.001" classname="com.test.automation.uiAutomation.admission.masters.TC_Masters_Master_Caste">
    <skipped/>
  </testcase> <!-- loginToappWithrequiredCredentials -->
  <testcase name="tcDeleteMasterCaste" time="5.360" classname="com.test.automation.uiAutomation.admission.masters.TC_Masters_Master_Caste"/>
  <testcase name="tcHomeButtonValidation" time="7.321" classname="com.test.automation.uiAutomation.admission.masters.TC_Masters_Master_Caste"/>
  <testcase name="tcDeleteMasterCaste_AfterCancel" time="5.348" classname="com.test.automation.uiAutomation.admission.masters.TC_Masters_Master_Caste"/>
  <testcase name="loginToappWithrequiredCredentials" time="0.000" classname="com.test.automation.uiAutomation.admission.masters.TC_Masters_Master_Caste">
    <skipped/>
  </testcase> <!-- loginToappWithrequiredCredentials -->
  <testcase name="tcSearchWithCasteNameInTheGrid" time="0.422" classname="com.test.automation.uiAutomation.admission.masters.TC_Masters_Master_Caste"/>
  <testcase name="tcEditMasterCaste" time="5.348" classname="com.test.automation.uiAutomation.admission.masters.TC_Masters_Master_Caste"/>
  <testcase name="tcClickOnOkSuccessButton_cancel" time="2.331" classname="com.test.automation.uiAutomation.admission.masters.TC_Masters_Master_Caste"/>
  <testcase name="tcEnterMasterCasteDetailsData_AfterDelete" time="2.940" classname="com.test.automation.uiAutomation.admission.masters.TC_Masters_Master_Caste"/>
  <testcase name="loginToappWithrequiredCredentials" time="0.002" classname="com.test.automation.uiAutomation.admission.masters.TC_Masters_Master_Caste">
    <skipped/>
  </testcase> <!-- loginToappWithrequiredCredentials -->
  <testcase name="tcSaveMasterCasteInfoData_Edit" time="15.346" classname="com.test.automation.uiAutomation.admission.masters.TC_Masters_Master_Caste"/>
  <testcase name="tcVerifyCasteNameInTheGrid" time="0.312" classname="com.test.automation.uiAutomation.admission.masters.TC_Masters_Master_Caste"/>
  <testcase name="tcClickOnOkSuccessButton_Edit" time="2.318" classname="com.test.automation.uiAutomation.admission.masters.TC_Masters_Master_Caste"/>
  <testcase name="tcMaximizeMasterCaste" time="2.320" classname="com.test.automation.uiAutomation.admission.masters.TC_Masters_Master_Caste"/>
  <testcase name="tcEnterMasterCasteDetailsData" time="3.589" classname="com.test.automation.uiAutomation.admission.masters.TC_Masters_Master_Caste"/>
  <testcase name="loginToappWithrequiredCredentials" time="0.001" classname="com.test.automation.uiAutomation.admission.masters.TC_Masters_Master_Caste">
    <skipped/>
  </testcase> <!-- loginToappWithrequiredCredentials -->
  <testcase name="tcNavigateToAdmission_Masters_CasteCategory_BGHS" time="2.112" classname="com.test.automation.uiAutomation.admission.masters.TC_Masters_Master_Caste"/>
  <testcase name="loginToappWithrequiredCredentials" time="20.052" classname="com.test.automation.uiAutomation.admission.masters.TC_Masters_Master_Caste"/>
  <testcase name="tcSearchWithCasteNameInTheGrid_delete" time="0.419" classname="com.test.automation.uiAutomation.admission.masters.TC_Masters_Master_Caste"/>
  <testcase name="tcVerifyMasters_MasterCaste_BGHSPage" time="1.349" classname="com.test.automation.uiAutomation.admission.masters.TC_Masters_Master_Caste"/>
  <testcase name="tcMinimizeCreatedCasteList" time="2.332" classname="com.test.automation.uiAutomation.admission.masters.TC_Masters_Master_Caste"/>
  <testcase name="tcClickOnOkSuccessButton_delete" time="2.340" classname="com.test.automation.uiAutomation.admission.masters.TC_Masters_Master_Caste"/>
  <testcase name="tcClearMasterCasteInfoData" time="15.453" classname="com.test.automation.uiAutomation.admission.masters.TC_Masters_Master_Caste"/>
  <testcase name="tcSortByCasteName" time="3.688" classname="com.test.automation.uiAutomation.admission.masters.TC_Masters_Master_Caste"/>
  <testcase name="tcMaximizeCreatedCasteList" time="2.343" classname="com.test.automation.uiAutomation.admission.masters.TC_Masters_Master_Caste"/>
</testsuite> <!-- com.test.automation.uiAutomation.admission.masters.TC_Masters_Master_Caste -->
