<?xml version="1.0" encoding="UTF-8"?>
<!-- Generated by org.testng.reporters.JUnitReportReporter -->
<testsuite name="com.test.automation.uiAutomation.tcFee.Tc_Masters_Master_Fine_Slab" tests="37" time="162.815" ignored="0" failures="0" timestamp="18 Dec 2017 10:48:15 GMT" skipped="4" hostname="vaps-PC" errors="0">
  <testcase name="tcVerifySuccessfulPopUpEdit" time="1.642" classname="com.test.automation.uiAutomation.tcFee.Tc_Masters_Master_Fine_Slab"/>
  <testcase name="tcActivationOf_MasterFineSlab" time="7.144" classname="com.test.automation.uiAutomation.tcFee.Tc_Masters_Master_Fine_Slab"/>
  <testcase name="tcVerifyActivationSuccessfulPopUp" time="1.687" classname="com.test.automation.uiAutomation.tcFee.Tc_Masters_Master_Fine_Slab"/>
  <testcase name="tcClickOnSaveButtonEdit" time="3.110" classname="com.test.automation.uiAutomation.tcFee.Tc_Masters_Master_Fine_Slab"/>
  <testcase name="tcSearchByToDayInGrid" time="3.639" classname="com.test.automation.uiAutomation.tcFee.Tc_Masters_Master_Fine_Slab"/>
  <testcase name="tcMastersFineSlabTypeFromDayAndToDay_GreaterThan" time="0.007" classname="com.test.automation.uiAutomation.tcFee.Tc_Masters_Master_Fine_Slab">
    <skipped/>
  </testcase> <!-- tcMastersFineSlabTypeFromDayAndToDay_GreaterThan -->
  <testcase name="tcVerifySuccessfulPopUp_GreaterThan" time="1.699" classname="com.test.automation.uiAutomation.tcFee.Tc_Masters_Master_Fine_Slab"/>
  <testcase name="loginToappWithrequiredCredentials" time="0.010" classname="com.test.automation.uiAutomation.tcFee.Tc_Masters_Master_Fine_Slab">
    <skipped/>
  </testcase> <!-- loginToappWithrequiredCredentials -->
  <testcase name="tcClickOnSaveButton_LessThan" time="3.223" classname="com.test.automation.uiAutomation.tcFee.Tc_Masters_Master_Fine_Slab"/>
  <testcase name="tcVerifyMasterFineSlabUpdatedInGrid" time="6.778" classname="com.test.automation.uiAutomation.tcFee.Tc_Masters_Master_Fine_Slab"/>
  <testcase name="tcHomeButtonValidation" time="0.746" classname="com.test.automation.uiAutomation.tcFee.Tc_Masters_Master_Fine_Slab"/>
  <testcase name="tcVerifySuccessfulPopUp_LessThan" time="1.719" classname="com.test.automation.uiAutomation.tcFee.Tc_Masters_Master_Fine_Slab"/>
  <testcase name="tcClickOnSuccessOkBtnEdit" time="3.767" classname="com.test.automation.uiAutomation.tcFee.Tc_Masters_Master_Fine_Slab"/>
  <testcase name="tcNavigateToMasters_masterFineSlab" time="6.174" classname="com.test.automation.uiAutomation.tcFee.Tc_Masters_Master_Fine_Slab"/>
  <testcase name="tcClickOnSaveButton_GreaterThan" time="3.188" classname="com.test.automation.uiAutomation.tcFee.Tc_Masters_Master_Fine_Slab"/>
  <testcase name="tcVerifySuccessfulPopUp_Between" time="1.755" classname="com.test.automation.uiAutomation.tcFee.Tc_Masters_Master_Fine_Slab"/>
  <testcase name="tcDeactivationOfCreated_MasterFineslab" time="7.185" classname="com.test.automation.uiAutomation.tcFee.Tc_Masters_Master_Fine_Slab"/>
  <testcase name="loginToappWithrequiredCredentials" time="0.010" classname="com.test.automation.uiAutomation.tcFee.Tc_Masters_Master_Fine_Slab">
    <skipped/>
  </testcase> <!-- loginToappWithrequiredCredentials -->
  <testcase name="tcClickOnSuccessOkBtn_Between" time="3.912" classname="com.test.automation.uiAutomation.tcFee.Tc_Masters_Master_Fine_Slab"/>
  <testcase name="tcClickOnSuccessOkBtn_GreaterThan" time="3.855" classname="com.test.automation.uiAutomation.tcFee.Tc_Masters_Master_Fine_Slab"/>
  <testcase name="tcMastersFineSlabTypeFromDayAndToDay_LessThan" time="2.828" classname="com.test.automation.uiAutomation.tcFee.Tc_Masters_Master_Fine_Slab"/>
  <testcase name="tcVerifyMasterFineSlabPage" time="1.792" classname="com.test.automation.uiAutomation.tcFee.Tc_Masters_Master_Fine_Slab"/>
  <testcase name="tcClickOnDeactivationFinalOkBtn" time="3.788" classname="com.test.automation.uiAutomation.tcFee.Tc_Masters_Master_Fine_Slab"/>
  <testcase name="tcConfirmationForActivation" time="5.927" classname="com.test.automation.uiAutomation.tcFee.Tc_Masters_Master_Fine_Slab"/>
  <testcase name="tcClickOnActivationFinalOkBtn" time="3.755" classname="com.test.automation.uiAutomation.tcFee.Tc_Masters_Master_Fine_Slab"/>
  <testcase name="tcSearchByToDayInGridForDeactivation" time="3.540" classname="com.test.automation.uiAutomation.tcFee.Tc_Masters_Master_Fine_Slab"/>
  <testcase name="tcMastersFineSlabTypeFromDayAndToDay_LessThan" time="0.005" classname="com.test.automation.uiAutomation.tcFee.Tc_Masters_Master_Fine_Slab">
    <skipped/>
  </testcase> <!-- tcMastersFineSlabTypeFromDayAndToDay_LessThan -->
  <testcase name="tcClickOnSuccessOkBtn_LessThan" time="3.838" classname="com.test.automation.uiAutomation.tcFee.Tc_Masters_Master_Fine_Slab"/>
  <testcase name="tcConfirmationForDeactivation" time="5.952" classname="com.test.automation.uiAutomation.tcFee.Tc_Masters_Master_Fine_Slab"/>
  <testcase name="tcSearchByToDayInGridForActivation" time="3.886" classname="com.test.automation.uiAutomation.tcFee.Tc_Masters_Master_Fine_Slab"/>
  <testcase name="tcEditMasterFineSlab" time="4.340" classname="com.test.automation.uiAutomation.tcFee.Tc_Masters_Master_Fine_Slab"/>
  <testcase name="loginToappWithrequiredCredentials" time="42.499" classname="com.test.automation.uiAutomation.tcFee.Tc_Masters_Master_Fine_Slab"/>
  <testcase name="tcClickOnSaveButton_Between" time="3.186" classname="com.test.automation.uiAutomation.tcFee.Tc_Masters_Master_Fine_Slab"/>
  <testcase name="tcEdit_masterFineSlab" time="7.149" classname="com.test.automation.uiAutomation.tcFee.Tc_Masters_Master_Fine_Slab"/>
  <testcase name="tcMastersFineSlabTypeFromDayAndToDay_Between" time="4.399" classname="com.test.automation.uiAutomation.tcFee.Tc_Masters_Master_Fine_Slab"/>
  <testcase name="tcVerifyDeactivationSuccessfulPopUp" time="1.692" classname="com.test.automation.uiAutomation.tcFee.Tc_Masters_Master_Fine_Slab"/>
  <testcase name="tcMastersFineSlabTypeFromDayAndToDay_GreaterThan" time="2.989" classname="com.test.automation.uiAutomation.tcFee.Tc_Masters_Master_Fine_Slab"/>
</testsuite> <!-- com.test.automation.uiAutomation.tcFee.Tc_Masters_Master_Fine_Slab -->
