<?xml version="1.0" encoding="UTF-8"?>
<!-- Generated by org.testng.reporters.JUnitReportReporter -->
<testsuite name="com.test.automation.uiAutomation.TC_Staging_PreAdmission.TC_PreAdmission_OralTest_Schedule_AutoSelect12Hr_BGHS" tests="24" time="262.275" ignored="0" failures="0" timestamp="01 Mar 2018 05:36:40 GMT" skipped="4" hostname="DESKTOP-DISLHD4" errors="0">
  <testcase name="tcSortingUsingColumnHeader" time="3.377" classname="com.test.automation.uiAutomation.TC_Staging_PreAdmission.TC_PreAdmission_OralTest_Schedule_AutoSelect12Hr_BGHS"/>
  <testcase name="tcYesDeleteItButtonClick" time="20.356" classname="com.test.automation.uiAutomation.TC_Staging_PreAdmission.TC_PreAdmission_OralTest_Schedule_AutoSelect12Hr_BGHS"/>
  <testcase name="loginToappWithrequiredCredentials" time="0.004" classname="com.test.automation.uiAutomation.TC_Staging_PreAdmission.TC_PreAdmission_OralTest_Schedule_AutoSelect12Hr_BGHS">
    <skipped/>
  </testcase> <!-- loginToappWithrequiredCredentials -->
  <testcase name="tcValidationOf24HourTimeFormatScheduleList" time="3.429" classname="com.test.automation.uiAutomation.TC_Staging_PreAdmission.TC_PreAdmission_OralTest_Schedule_AutoSelect12Hr_BGHS"/>
  <testcase name="tcResetMinimizeAndMaximize" time="3.670" classname="com.test.automation.uiAutomation.TC_Staging_PreAdmission.TC_PreAdmission_OralTest_Schedule_AutoSelect12Hr_BGHS"/>
  <testcase name="tcPopUpValidationOnSuccessDeleteYes" time="20.318" classname="com.test.automation.uiAutomation.TC_Staging_PreAdmission.TC_PreAdmission_OralTest_Schedule_AutoSelect12Hr_BGHS"/>
  <testcase name="tcClickOnSaveButton" time="0.291" classname="com.test.automation.uiAutomation.TC_Staging_PreAdmission.TC_PreAdmission_OralTest_Schedule_AutoSelect12Hr_BGHS"/>
  <testcase name="tcOralTestScheduleInfo" time="26.331" classname="com.test.automation.uiAutomation.TC_Staging_PreAdmission.TC_PreAdmission_OralTest_Schedule_AutoSelect12Hr_BGHS"/>
  <testcase name="tcVerifyscheduleNameInOralTestScheduleListGrid" time="22.322" classname="com.test.automation.uiAutomation.TC_Staging_PreAdmission.TC_PreAdmission_OralTest_Schedule_AutoSelect12Hr_BGHS"/>
  <testcase name="loginToappWithrequiredCredentials" time="20.128" classname="com.test.automation.uiAutomation.TC_Staging_PreAdmission.TC_PreAdmission_OralTest_Schedule_AutoSelect12Hr_BGHS"/>
  <testcase name="tcVerifyInterviewSchedule_BGHSPage" time="1.314" classname="com.test.automation.uiAutomation.TC_Staging_PreAdmission.TC_PreAdmission_OralTest_Schedule_AutoSelect12Hr_BGHS"/>
  <testcase name="tcHomeButtonValidation" time="10.341" classname="com.test.automation.uiAutomation.TC_Staging_PreAdmission.TC_PreAdmission_OralTest_Schedule_AutoSelect12Hr_BGHS"/>
  <testcase name="tcValidationOf12HourTimeFormatScheduleList" time="2.379" classname="com.test.automation.uiAutomation.TC_Staging_PreAdmission.TC_PreAdmission_OralTest_Schedule_AutoSelect12Hr_BGHS"/>
  <testcase name="loginToappWithrequiredCredentials" time="0.001" classname="com.test.automation.uiAutomation.TC_Staging_PreAdmission.TC_PreAdmission_OralTest_Schedule_AutoSelect12Hr_BGHS">
    <skipped/>
  </testcase> <!-- loginToappWithrequiredCredentials -->
  <testcase name="tcNavigateToOralTestSchedule_BGHS" time="1.046" classname="com.test.automation.uiAutomation.TC_Staging_PreAdmission.TC_PreAdmission_OralTest_Schedule_AutoSelect12Hr_BGHS"/>
  <testcase name="tcPopUpValidationOnSuccess" time="20.293" classname="com.test.automation.uiAutomation.TC_Staging_PreAdmission.TC_PreAdmission_OralTest_Schedule_AutoSelect12Hr_BGHS"/>
  <testcase name="tcDeleteScheduledOralTest" time="22.310" classname="com.test.automation.uiAutomation.TC_Staging_PreAdmission.TC_PreAdmission_OralTest_Schedule_AutoSelect12Hr_BGHS"/>
  <testcase name="tcDeleteScheduledOralTestForYesDeleteIT" time="22.353" classname="com.test.automation.uiAutomation.TC_Staging_PreAdmission.TC_PreAdmission_OralTest_Schedule_AutoSelect12Hr_BGHS"/>
  <testcase name="tcPopUpValidationOnSuccessDeleteCancel" time="20.349" classname="com.test.automation.uiAutomation.TC_Staging_PreAdmission.TC_PreAdmission_OralTest_Schedule_AutoSelect12Hr_BGHS"/>
  <testcase name="tcCancellationOfDelete" time="20.290" classname="com.test.automation.uiAutomation.TC_Staging_PreAdmission.TC_PreAdmission_OralTest_Schedule_AutoSelect12Hr_BGHS"/>
  <testcase name="loginToappWithrequiredCredentials" time="0.002" classname="com.test.automation.uiAutomation.TC_Staging_PreAdmission.TC_PreAdmission_OralTest_Schedule_AutoSelect12Hr_BGHS">
    <skipped/>
  </testcase> <!-- loginToappWithrequiredCredentials -->
  <testcase name="tcSearchWithScheduleNameInScheduleList" time="1.634" classname="com.test.automation.uiAutomation.TC_Staging_PreAdmission.TC_PreAdmission_OralTest_Schedule_AutoSelect12Hr_BGHS"/>
  <testcase name="tcOralTestScheduleInfoAfterReset" time="19.734" classname="com.test.automation.uiAutomation.TC_Staging_PreAdmission.TC_PreAdmission_OralTest_Schedule_AutoSelect12Hr_BGHS"/>
  <testcase name="loginToappWithrequiredCredentials" time="0.003" classname="com.test.automation.uiAutomation.TC_Staging_PreAdmission.TC_PreAdmission_OralTest_Schedule_AutoSelect12Hr_BGHS">
    <skipped/>
  </testcase> <!-- loginToappWithrequiredCredentials -->
</testsuite> <!-- com.test.automation.uiAutomation.TC_Staging_PreAdmission.TC_PreAdmission_OralTest_Schedule_AutoSelect12Hr_BGHS -->
