<?xml version="1.0" encoding="UTF-8"?>
<!-- Generated by org.testng.reporters.JUnitReportReporter -->
<testsuite name="com.test.automation.uiAutomation.admission.masters.TC_Masters_SubjectWise_Period_Settings" tests="24" time="109.172" ignored="0" failures="0" timestamp="01 Mar 2018 08:43:07 GMT" skipped="4" hostname="DESKTOP-DISLHD4" errors="0">
  <testcase name="tcSortBySubjectName" time="3.629" classname="com.test.automation.uiAutomation.admission.masters.TC_Masters_SubjectWise_Period_Settings"/>
  <testcase name="tcUpdateWithMaxPeriodForSpecificSubjectData" time="2.408" classname="com.test.automation.uiAutomation.admission.masters.TC_Masters_SubjectWise_Period_Settings"/>
  <testcase name="tcSearchWithSujectCodeToUpdateMaxPeriod_AfterClear" time="0.453" classname="com.test.automation.uiAutomation.admission.masters.TC_Masters_SubjectWise_Period_Settings"/>
  <testcase name="tcNavigateToAdmission_Masters_SubjectWisePeriodSettings_BGHS" time="2.153" classname="com.test.automation.uiAutomation.admission.masters.TC_Masters_SubjectWise_Period_Settings"/>
  <testcase name="tcSearchWithSujectCodeToUpdateMaxPeriod" time="0.457" classname="com.test.automation.uiAutomation.admission.masters.TC_Masters_SubjectWise_Period_Settings"/>
  <testcase name="tcSearchWithSujectCodeToUpdateMaxPeriod_ForValidation" time="0.435" classname="com.test.automation.uiAutomation.admission.masters.TC_Masters_SubjectWise_Period_Settings"/>
  <testcase name="tcMaximizeSubjectPeriodSetting" time="2.348" classname="com.test.automation.uiAutomation.admission.masters.TC_Masters_SubjectWise_Period_Settings"/>
  <testcase name="tcHomeButtonValidation" time="7.324" classname="com.test.automation.uiAutomation.admission.masters.TC_Masters_SubjectWise_Period_Settings"/>
  <testcase name="tcVerifyMasters_SubjectWisePeriodSettings_BGHSPage" time="1.325" classname="com.test.automation.uiAutomation.admission.masters.TC_Masters_SubjectWise_Period_Settings"/>
  <testcase name="loginToappWithrequiredCredentials" time="0.001" classname="com.test.automation.uiAutomation.admission.masters.TC_Masters_SubjectWise_Period_Settings">
    <skipped/>
  </testcase> <!-- loginToappWithrequiredCredentials -->
  <testcase name="loginToappWithrequiredCredentials" time="21.200" classname="com.test.automation.uiAutomation.admission.masters.TC_Masters_SubjectWise_Period_Settings"/>
  <testcase name="tcSubmitFilledSubjectWisePeriodSettingsForm" time="15.408" classname="com.test.automation.uiAutomation.admission.masters.TC_Masters_SubjectWise_Period_Settings"/>
  <testcase name="tcClickOnOkSuccessButton" time="2.367" classname="com.test.automation.uiAutomation.admission.masters.TC_Masters_SubjectWise_Period_Settings"/>
  <testcase name="tcClearSubjectWisePeriodSettingsInfoData" time="10.452" classname="com.test.automation.uiAutomation.admission.masters.TC_Masters_SubjectWise_Period_Settings"/>
  <testcase name="tcEnterSubjectWisePeriodSettingsData" time="7.251" classname="com.test.automation.uiAutomation.admission.masters.TC_Masters_SubjectWise_Period_Settings"/>
  <testcase name="tcMaximizeSubjectPeriodSettingDetails" time="2.356" classname="com.test.automation.uiAutomation.admission.masters.TC_Masters_SubjectWise_Period_Settings"/>
  <testcase name="tcEnterSubjectWisePeriodSettingsData_AfterClear" time="7.147" classname="com.test.automation.uiAutomation.admission.masters.TC_Masters_SubjectWise_Period_Settings"/>
  <testcase name="loginToappWithrequiredCredentials" time="0.002" classname="com.test.automation.uiAutomation.admission.masters.TC_Masters_SubjectWise_Period_Settings">
    <skipped/>
  </testcase> <!-- loginToappWithrequiredCredentials -->
  <testcase name="tcUpdateWithMaxPeriodForSpecificSubjectData_AfterClear" time="2.397" classname="com.test.automation.uiAutomation.admission.masters.TC_Masters_SubjectWise_Period_Settings"/>
  <testcase name="tcSubmitBlankSubjectWisePeriodSettingsForm" time="15.377" classname="com.test.automation.uiAutomation.admission.masters.TC_Masters_SubjectWise_Period_Settings"/>
  <testcase name="tcMinimizeSubjectPeriodSettingDetails" time="2.331" classname="com.test.automation.uiAutomation.admission.masters.TC_Masters_SubjectWise_Period_Settings"/>
  <testcase name="loginToappWithrequiredCredentials" time="0.001" classname="com.test.automation.uiAutomation.admission.masters.TC_Masters_SubjectWise_Period_Settings">
    <skipped/>
  </testcase> <!-- loginToappWithrequiredCredentials -->
  <testcase name="loginToappWithrequiredCredentials" time="0.001" classname="com.test.automation.uiAutomation.admission.masters.TC_Masters_SubjectWise_Period_Settings">
    <skipped/>
  </testcase> <!-- loginToappWithrequiredCredentials -->
  <testcase name="tcMinimizeSubjectPeriodSetting" time="2.349" classname="com.test.automation.uiAutomation.admission.masters.TC_Masters_SubjectWise_Period_Settings"/>
</testsuite> <!-- com.test.automation.uiAutomation.admission.masters.TC_Masters_SubjectWise_Period_Settings -->
