<?xml version="1.0" encoding="UTF-8"?>
<!-- Generated by org.testng.reporters.JUnitReportReporter -->
<testsuite name="com.test.automation.uiAutomation.tcFee.Tc_Masters_Fee_Amount_Entry" tests="36" time="180.651" ignored="0" failures="0" timestamp="13 Mar 2018 12:00:49 GMT" skipped="4" hostname="DESKTOP-DISLHD4" errors="0">
  <testcase name="loginToappWithrequiredCredentials" time="0.001" classname="com.test.automation.uiAutomation.tcFee.Tc_Masters_Fee_Amount_Entry">
    <skipped/>
  </testcase> <!-- loginToappWithrequiredCredentials -->
  <testcase name="tcFeeSlabDetailsPopUpTable4thIns" time="6.928" classname="com.test.automation.uiAutomation.tcFee.Tc_Masters_Fee_Amount_Entry"/>
  <testcase name="tcClickOnSaveButton" time="10.382" classname="com.test.automation.uiAutomation.tcFee.Tc_Masters_Fee_Amount_Entry"/>
  <testcase name="tcClickOn_AddToCart_SuccessOkBtn_2ndIns" time="1.335" classname="com.test.automation.uiAutomation.tcFee.Tc_Masters_Fee_Amount_Entry"/>
  <testcase name="tcclickOnAddToCartButton3rdIns" time="2.431" classname="com.test.automation.uiAutomation.tcFee.Tc_Masters_Fee_Amount_Entry"/>
  <testcase name="tcclickOnAddToCartButton4thIns" time="2.444" classname="com.test.automation.uiAutomation.tcFee.Tc_Masters_Fee_Amount_Entry"/>
  <testcase name="tcclickOnAddToCartButton1stIns" time="2.852" classname="com.test.automation.uiAutomation.tcFee.Tc_Masters_Fee_Amount_Entry"/>
  <testcase name="tcClickOn_AddToCart_SuccessOkBtn_5thIns" time="1.364" classname="com.test.automation.uiAutomation.tcFee.Tc_Masters_Fee_Amount_Entry"/>
  <testcase name="tcFeeSlabDetailsPopUpTable1stIns" time="7.141" classname="com.test.automation.uiAutomation.tcFee.Tc_Masters_Fee_Amount_Entry"/>
  <testcase name="tcAmountEntrytabledataIns3" time="11.157" classname="com.test.automation.uiAutomation.tcFee.Tc_Masters_Fee_Amount_Entry"/>
  <testcase name="tcHomeButtonValidation" time="10.324" classname="com.test.automation.uiAutomation.tcFee.Tc_Masters_Fee_Amount_Entry"/>
  <testcase name="tcVerifySuccessfulPopUp" time="2.306" classname="com.test.automation.uiAutomation.tcFee.Tc_Masters_Fee_Amount_Entry"/>
  <testcase name="tcClickOn_AddToCart_SuccessOkBtn_1stIns" time="1.361" classname="com.test.automation.uiAutomation.tcFee.Tc_Masters_Fee_Amount_Entry"/>
  <testcase name="tcClickOnSuccessOkBtn_Delete" time="1.342" classname="com.test.automation.uiAutomation.tcFee.Tc_Masters_Fee_Amount_Entry"/>
  <testcase name="tcNavigateToMasters_FeeAmountEntry" time="3.721" classname="com.test.automation.uiAutomation.tcFee.Tc_Masters_Fee_Amount_Entry"/>
  <testcase name="tcFeeSlabDetailsPopUpTable3rdIns" time="7.029" classname="com.test.automation.uiAutomation.tcFee.Tc_Masters_Fee_Amount_Entry"/>
  <testcase name="tcclickOnAddToCartButton5thIns" time="2.476" classname="com.test.automation.uiAutomation.tcFee.Tc_Masters_Fee_Amount_Entry"/>
  <testcase name="tcAmountEntrytabledataIns5" time="11.258" classname="com.test.automation.uiAutomation.tcFee.Tc_Masters_Fee_Amount_Entry"/>
  <testcase name="tcAmountEntrytabledataIns2" time="11.195" classname="com.test.automation.uiAutomation.tcFee.Tc_Masters_Fee_Amount_Entry"/>
  <testcase name="loginToappWithrequiredCredentials" time="0.003" classname="com.test.automation.uiAutomation.tcFee.Tc_Masters_Fee_Amount_Entry">
    <skipped/>
  </testcase> <!-- loginToappWithrequiredCredentials -->
  <testcase name="tcVerifyFeeAmountEntryPage" time="1.334" classname="com.test.automation.uiAutomation.tcFee.Tc_Masters_Fee_Amount_Entry"/>
  <testcase name="tcRecordDeleteConfirmation" time="5.398" classname="com.test.automation.uiAutomation.tcFee.Tc_Masters_Fee_Amount_Entry"/>
  <testcase name="tcAmountEntrytabledata" time="11.357" classname="com.test.automation.uiAutomation.tcFee.Tc_Masters_Fee_Amount_Entry"/>
  <testcase name="tcClickOn_AddToCart_SuccessOkBtn_4thIns" time="1.359" classname="com.test.automation.uiAutomation.tcFee.Tc_Masters_Fee_Amount_Entry"/>
  <testcase name="tcAmountEntrytabledataIns4" time="11.134" classname="com.test.automation.uiAutomation.tcFee.Tc_Masters_Fee_Amount_Entry"/>
  <testcase name="loginToappWithrequiredCredentials" time="0.002" classname="com.test.automation.uiAutomation.tcFee.Tc_Masters_Fee_Amount_Entry">
    <skipped/>
  </testcase> <!-- loginToappWithrequiredCredentials -->
  <testcase name="tcFeeSlabDetailsPopUpTable5thIns" time="7.029" classname="com.test.automation.uiAutomation.tcFee.Tc_Masters_Fee_Amount_Entry"/>
  <testcase name="tcDeleteRecordsFromAmountEntryGrid" time="3.412" classname="com.test.automation.uiAutomation.tcFee.Tc_Masters_Fee_Amount_Entry"/>
  <testcase name="tcClickOn_AddToCart_SuccessOkBtn_3rdIns" time="1.339" classname="com.test.automation.uiAutomation.tcFee.Tc_Masters_Fee_Amount_Entry"/>
  <testcase name="tcClickOnSuccessOkBtn" time="1.371" classname="com.test.automation.uiAutomation.tcFee.Tc_Masters_Fee_Amount_Entry"/>
  <testcase name="tcFeeSlabDetailsPopUpTable2ndIns" time="6.973" classname="com.test.automation.uiAutomation.tcFee.Tc_Masters_Fee_Amount_Entry"/>
  <testcase name="tcclickOnAddToCartButton2ndIns" time="2.462" classname="com.test.automation.uiAutomation.tcFee.Tc_Masters_Fee_Amount_Entry"/>
  <testcase name="tcSelectAcademicYrCategoryAndFeeGroup" time="6.153" classname="com.test.automation.uiAutomation.tcFee.Tc_Masters_Fee_Amount_Entry"/>
  <testcase name="tcSearchWithInstallmentName" time="1.793" classname="com.test.automation.uiAutomation.tcFee.Tc_Masters_Fee_Amount_Entry"/>
  <testcase name="loginToappWithrequiredCredentials" time="22.485" classname="com.test.automation.uiAutomation.tcFee.Tc_Masters_Fee_Amount_Entry"/>
  <testcase name="loginToappWithrequiredCredentials" time="0.000" classname="com.test.automation.uiAutomation.tcFee.Tc_Masters_Fee_Amount_Entry">
    <skipped/>
  </testcase> <!-- loginToappWithrequiredCredentials -->
</testsuite> <!-- com.test.automation.uiAutomation.tcFee.Tc_Masters_Fee_Amount_Entry -->
