<?xml version="1.0" encoding="UTF-8"?>
<!-- Generated by org.testng.reporters.JUnitReportReporter -->
<testsuite name="com.test.automation.uiAutomation.Fee.TC_Masters.TC_Configuration_Fee_Standard" tests="12" time="52.728" ignored="0" failures="0" timestamp="25 May 2018 11:34:01 GMT" skipped="4" hostname="Arvind-Susdiny" errors="0">
  <testcase name="tcSelectConcessionProcess" time="1.367" classname="com.test.automation.uiAutomation.Fee.TC_Masters.TC_Configuration_Fee_Standard"/>
  <testcase name="tcHomeButtonValidation" time="10.339" classname="com.test.automation.uiAutomation.Fee.TC_Masters.TC_Configuration_Fee_Standard"/>
  <testcase name="loginToappWithrequiredCredentials" time="0.002" classname="com.test.automation.uiAutomation.Fee.TC_Masters.TC_Configuration_Fee_Standard">
    <skipped/>
  </testcase> <!-- loginToappWithrequiredCredentials -->
  <testcase name="loginToappWithrequiredCredentials" time="0.003" classname="com.test.automation.uiAutomation.Fee.TC_Masters.TC_Configuration_Fee_Standard">
    <skipped/>
  </testcase> <!-- loginToappWithrequiredCredentials -->
  <testcase name="tcSelectFeeGroupRadioBtn" time="1.289" classname="com.test.automation.uiAutomation.Fee.TC_Masters.TC_Configuration_Fee_Standard"/>
  <testcase name="loginToappWithrequiredCredentials" time="20.025" classname="com.test.automation.uiAutomation.Fee.TC_Masters.TC_Configuration_Fee_Standard"/>
  <testcase name="tcClickedOnSaveButton" time="7.422" classname="com.test.automation.uiAutomation.Fee.TC_Masters.TC_Configuration_Fee_Standard"/>
  <testcase name="loginToappWithrequiredCredentials" time="0.001" classname="com.test.automation.uiAutomation.Fee.TC_Masters.TC_Configuration_Fee_Standard">
    <skipped/>
  </testcase> <!-- loginToappWithrequiredCredentials -->
  <testcase name="tcNevigateTofeeStandard" time="4.212" classname="com.test.automation.uiAutomation.Fee.TC_Masters.TC_Configuration_Fee_Standard"/>
  <testcase name="tcSelectCardTypeAndEnterCharges" time="3.643" classname="com.test.automation.uiAutomation.Fee.TC_Masters.TC_Configuration_Fee_Standard"/>
  <testcase name="loginToappWithrequiredCredentials" time="0.002" classname="com.test.automation.uiAutomation.Fee.TC_Masters.TC_Configuration_Fee_Standard">
    <skipped/>
  </testcase> <!-- loginToappWithrequiredCredentials -->
  <testcase name="tcSuccessMessagevalidationAndConfirmation" time="4.423" classname="com.test.automation.uiAutomation.Fee.TC_Masters.TC_Configuration_Fee_Standard"/>
</testsuite> <!-- com.test.automation.uiAutomation.Fee.TC_Masters.TC_Configuration_Fee_Standard -->
