<?xml version="1.0" encoding="UTF-8"?>
<!-- Generated by org.testng.reporters.JUnitReportReporter -->
<testsuite name="com.test.automation.uiAutomation.tcbcehsPreAdmission.Tc_Admission_Form_BCEHS" tests="60" time="482.262" ignored="0" failures="0" timestamp="06 Jan 2018 04:39:44 GMT" skipped="15" hostname="vaps-PC" errors="0">
  <testcase name="tcSearchByFatherNameInGrid" time="10.159" classname="com.test.automation.uiAutomation.tcbcehsPreAdmission.Tc_Admission_Form_BCEHS"/>
  <testcase name="tcSearchWithFatherNameInStudentListGrid_Edit_BCEHSForm" time="0.004" classname="com.test.automation.uiAutomation.tcbcehsPreAdmission.Tc_Admission_Form_BCEHS">
    <skipped/>
  </testcase> <!-- tcSearchWithFatherNameInStudentListGrid_Edit_BCEHSForm -->
  <testcase name="tcClickOnSubmitButtonForFinalSubmit" time="3.075" classname="com.test.automation.uiAutomation.tcbcehsPreAdmission.Tc_Admission_Form_BCEHS"/>
  <testcase name="tcPopUpValidationCancelForPaymentPage" time="10.219" classname="com.test.automation.uiAutomation.tcbcehsPreAdmission.Tc_Admission_Form_BCEHS"/>
  <testcase name="tcSearchWithFatherNameInStudentListGrid_DownLoadProspectus_BCEHS_AdmissionForm" time="0.004" classname="com.test.automation.uiAutomation.tcbcehsPreAdmission.Tc_Admission_Form_BCEHS">
    <skipped/>
  </testcase> <!-- tcSearchWithFatherNameInStudentListGrid_DownLoadProspectus_BCEHS_AdmissionForm -->
  <testcase name="loginToappWithrequiredCredentials" time="0.089" classname="com.test.automation.uiAutomation.tcbcehsPreAdmission.Tc_Admission_Form_BCEHS">
    <skipped/>
  </testcase> <!-- loginToappWithrequiredCredentials -->
  <testcase name="tcSearchWithFatherNameInStudentListGrid_View_BCEHS_AdmissionForm" time="8.321" classname="com.test.automation.uiAutomation.tcbcehsPreAdmission.Tc_Admission_Form_BCEHS"/>
  <testcase name="tcPopUpValidationYesEdit" time="11.837" classname="com.test.automation.uiAutomation.tcbcehsPreAdmission.Tc_Admission_Form_BCEHS"/>
  <testcase name="tcSearchWithFatherNameInStudentListGrid_Edit_BCEHSForm" time="7.960" classname="com.test.automation.uiAutomation.tcbcehsPreAdmission.Tc_Admission_Form_BCEHS"/>
  <testcase name="tcMothersDetails_BCEHSPreAdmissionForm" time="27.666" classname="com.test.automation.uiAutomation.tcbcehsPreAdmission.Tc_Admission_Form_BCEHS"/>
  <testcase name="tcConfirmUndertakingYes" time="3.094" classname="com.test.automation.uiAutomation.tcbcehsPreAdmission.Tc_Admission_Form_BCEHS"/>
  <testcase name="tcSearchByFatherNameInGrid_ProspectusDownload" time="3.527" classname="com.test.automation.uiAutomation.tcbcehsPreAdmission.Tc_Admission_Form_BCEHS"/>
  <testcase name="loginToappWithrequiredCredentials" time="0.017" classname="com.test.automation.uiAutomation.tcbcehsPreAdmission.Tc_Admission_Form_BCEHS">
    <skipped/>
  </testcase> <!-- loginToappWithrequiredCredentials -->
  <testcase name="tcSelctionOfSubmitActionForEdit" time="6.108" classname="com.test.automation.uiAutomation.tcbcehsPreAdmission.Tc_Admission_Form_BCEHS"/>
  <testcase name="tcSearchWithFatherNameInStudentListGrid_View_BCEHS_AdmissionForm_Print" time="8.057" classname="com.test.automation.uiAutomation.tcbcehsPreAdmission.Tc_Admission_Form_BCEHS"/>
  <testcase name="tcswitchToWindowUsingTab" time="7.714" classname="com.test.automation.uiAutomation.tcbcehsPreAdmission.Tc_Admission_Form_BCEHS"/>
  <testcase name="tcSearchByFatherNameInGridFor_PayRegistrationFee" time="0.012" classname="com.test.automation.uiAutomation.tcbcehsPreAdmission.Tc_Admission_Form_BCEHS">
    <skipped/>
  </testcase> <!-- tcSearchByFatherNameInGridFor_PayRegistrationFee -->
  <testcase name="tcClickOnSubmitButtonForFinalSubmit_AfterEdit" time="3.330" classname="com.test.automation.uiAutomation.tcbcehsPreAdmission.Tc_Admission_Form_BCEHS"/>
  <testcase name="tcNavigateToAdmission_Form_BCEHS" time="9.390" classname="com.test.automation.uiAutomation.tcbcehsPreAdmission.Tc_Admission_Form_BCEHS"/>
  <testcase name="tcCloseOpenAdmissionForm" time="3.163" classname="com.test.automation.uiAutomation.tcbcehsPreAdmission.Tc_Admission_Form_BCEHS"/>
  <testcase name="tcHomeButtonValidation" time="2.734" classname="com.test.automation.uiAutomation.tcbcehsPreAdmission.Tc_Admission_Form_BCEHS"/>
  <testcase name="tcSearchByFatherNameInGrid_ProspectusDownload" time="0.003" classname="com.test.automation.uiAutomation.tcbcehsPreAdmission.Tc_Admission_Form_BCEHS">
    <skipped/>
  </testcase> <!-- tcSearchByFatherNameInGrid_ProspectusDownload -->
  <testcase name="tcSearchByFatherNameInGrid_view" time="3.754" classname="com.test.automation.uiAutomation.tcbcehsPreAdmission.Tc_Admission_Form_BCEHS"/>
  <testcase name="tcFathersDetails_BCEHSPreAdmissionForm" time="27.800" classname="com.test.automation.uiAutomation.tcbcehsPreAdmission.Tc_Admission_Form_BCEHS"/>
  <testcase name="tcSearchWithFatherNameInStudentListGrid__PayRegistrationFee_BCEHSForm" time="7.899" classname="com.test.automation.uiAutomation.tcbcehsPreAdmission.Tc_Admission_Form_BCEHS"/>
  <testcase name="tcPrintOpenAdmissionForm" time="7.164" classname="com.test.automation.uiAutomation.tcbcehsPreAdmission.Tc_Admission_Form_BCEHS"/>
  <testcase name="tcVerifyUndertakingText" time="0.911" classname="com.test.automation.uiAutomation.tcbcehsPreAdmission.Tc_Admission_Form_BCEHS"/>
  <testcase name="tcClickOnPopupCloseButtonForDOBCert" time="2.874" classname="com.test.automation.uiAutomation.tcbcehsPreAdmission.Tc_Admission_Form_BCEHS"/>
  <testcase name="tcVerifyFatherNameInStudentListGrid_PayRegistrationFee_BCEHSForm" time="12.913" classname="com.test.automation.uiAutomation.tcbcehsPreAdmission.Tc_Admission_Form_BCEHS"/>
  <testcase name="tcPopUpValidationCancel" time="6.032" classname="com.test.automation.uiAutomation.tcbcehsPreAdmission.Tc_Admission_Form_BCEHS"/>
  <testcase name="tcGurdianDetailsBCEHSPreAdm" time="12.208" classname="com.test.automation.uiAutomation.tcbcehsPreAdmission.Tc_Admission_Form_BCEHS"/>
  <testcase name="enterStudentInformationFor_BCEHSPreAdmForm" time="56.766" classname="com.test.automation.uiAutomation.tcbcehsPreAdmission.Tc_Admission_Form_BCEHS"/>
  <testcase name="tcClickOnSubmitButton" time="3.844" classname="com.test.automation.uiAutomation.tcbcehsPreAdmission.Tc_Admission_Form_BCEHS"/>
  <testcase name="tcSearchWithFatherNameInStudentListGrid__PayRegistrationFee_BCEHSForm" time="0.011" classname="com.test.automation.uiAutomation.tcbcehsPreAdmission.Tc_Admission_Form_BCEHS">
    <skipped/>
  </testcase> <!-- tcSearchWithFatherNameInStudentListGrid__PayRegistrationFee_BCEHSForm -->
  <testcase name="tcOthersDetailsForBcehsAdmForm" time="10.347" classname="com.test.automation.uiAutomation.tcbcehsPreAdmission.Tc_Admission_Form_BCEHS"/>
  <testcase name="tcVerifyFatherNameInStudentListGrid" time="7.740" classname="com.test.automation.uiAutomation.tcbcehsPreAdmission.Tc_Admission_Form_BCEHS"/>
  <testcase name="tcSearchWithFatherNameInStudentListGrid_View_BCEHS_AdmissionForm_Print" time="0.004" classname="com.test.automation.uiAutomation.tcbcehsPreAdmission.Tc_Admission_Form_BCEHS">
    <skipped/>
  </testcase> <!-- tcSearchWithFatherNameInStudentListGrid_View_BCEHS_AdmissionForm_Print -->
  <testcase name="tcClickOnPopupCloseButtonForAddress" time="2.961" classname="com.test.automation.uiAutomation.tcbcehsPreAdmission.Tc_Admission_Form_BCEHS"/>
  <testcase name="tcValidationOfUploadedAddressProofCertificate" time="4.045" classname="com.test.automation.uiAutomation.tcbcehsPreAdmission.Tc_Admission_Form_BCEHS"/>
  <testcase name="tcSiblingdetailsBCEHSPreAdm" time="13.462" classname="com.test.automation.uiAutomation.tcbcehsPreAdmission.Tc_Admission_Form_BCEHS"/>
  <testcase name="tcMonthlyIncomeDetailsBCEHS" time="9.543" classname="com.test.automation.uiAutomation.tcbcehsPreAdmission.Tc_Admission_Form_BCEHS"/>
  <testcase name="tcUploadRequiredDetails" time="31.496" classname="com.test.automation.uiAutomation.tcbcehsPreAdmission.Tc_Admission_Form_BCEHS"/>
  <testcase name="tcSearchByFatherNameInGrid_view" time="0.007" classname="com.test.automation.uiAutomation.tcbcehsPreAdmission.Tc_Admission_Form_BCEHS">
    <skipped/>
  </testcase> <!-- tcSearchByFatherNameInGrid_view -->
  <testcase name="tcSearchWithFatherNameInStudentListGrid_DownLoadProspectus_BCEHS_AdmissionForm" time="8.856" classname="com.test.automation.uiAutomation.tcbcehsPreAdmission.Tc_Admission_Form_BCEHS"/>
  <testcase name="tcPopUpValidationYes" time="11.441" classname="com.test.automation.uiAutomation.tcbcehsPreAdmission.Tc_Admission_Form_BCEHS"/>
  <testcase name="loginToappWithrequiredCredentials" time="0.027" classname="com.test.automation.uiAutomation.tcbcehsPreAdmission.Tc_Admission_Form_BCEHS">
    <skipped/>
  </testcase> <!-- loginToappWithrequiredCredentials -->
  <testcase name="tcVerifyFatherNameInStudentListGrid_PayRegistrationFee_BCEHSForm" time="0.011" classname="com.test.automation.uiAutomation.tcbcehsPreAdmission.Tc_Admission_Form_BCEHS">
    <skipped/>
  </testcase> <!-- tcVerifyFatherNameInStudentListGrid_PayRegistrationFee_BCEHSForm -->
  <testcase name="tcResidentialAndPermanentAddress" time="19.862" classname="com.test.automation.uiAutomation.tcbcehsPreAdmission.Tc_Admission_Form_BCEHS"/>
  <testcase name="tcVerifyAdmission_Form_BCEHSPage" time="1.836" classname="com.test.automation.uiAutomation.tcbcehsPreAdmission.Tc_Admission_Form_BCEHS"/>
  <testcase name="tcVerifyFatherNameInStudentListGrid" time="0.013" classname="com.test.automation.uiAutomation.tcbcehsPreAdmission.Tc_Admission_Form_BCEHS">
    <skipped/>
  </testcase> <!-- tcVerifyFatherNameInStudentListGrid -->
  <testcase name="loginToappWithrequiredCredentials" time="0.014" classname="com.test.automation.uiAutomation.tcbcehsPreAdmission.Tc_Admission_Form_BCEHS">
    <skipped/>
  </testcase> <!-- loginToappWithrequiredCredentials -->
  <testcase name="tcPreviousSchoolDetailsBCEHS" time="13.247" classname="com.test.automation.uiAutomation.tcbcehsPreAdmission.Tc_Admission_Form_BCEHS"/>
  <testcase name="tcValidationOfUploadedDOBCertificate" time="4.170" classname="com.test.automation.uiAutomation.tcbcehsPreAdmission.Tc_Admission_Form_BCEHS"/>
  <testcase name="tcBack_PayRegistrationFee" time="2.157" classname="com.test.automation.uiAutomation.tcbcehsPreAdmission.Tc_Admission_Form_BCEHS"/>
  <testcase name="tcSearchByFatherNameInGridFor_PayRegistrationFee" time="4.126" classname="com.test.automation.uiAutomation.tcbcehsPreAdmission.Tc_Admission_Form_BCEHS"/>
  <testcase name="tcSearchByFatherNameInGrid" time="0.005" classname="com.test.automation.uiAutomation.tcbcehsPreAdmission.Tc_Admission_Form_BCEHS">
    <skipped/>
  </testcase> <!-- tcSearchByFatherNameInGrid -->
  <testcase name="tcUploadfatherAndMotherPhotos" time="35.345" classname="com.test.automation.uiAutomation.tcbcehsPreAdmission.Tc_Admission_Form_BCEHS"/>
  <testcase name="tcSwitchWindowsForProspectusDownload" time="5.822" classname="com.test.automation.uiAutomation.tcbcehsPreAdmission.Tc_Admission_Form_BCEHS"/>
  <testcase name="tcSearchWithFatherNameInStudentListGrid_View_BCEHS_AdmissionForm" time="0.005" classname="com.test.automation.uiAutomation.tcbcehsPreAdmission.Tc_Admission_Form_BCEHS">
    <skipped/>
  </testcase> <!-- tcSearchWithFatherNameInStudentListGrid_View_BCEHS_AdmissionForm -->
  <testcase name="loginToappWithrequiredCredentials" time="27.061" classname="com.test.automation.uiAutomation.tcbcehsPreAdmission.Tc_Admission_Form_BCEHS"/>
</testsuite> <!-- com.test.automation.uiAutomation.tcbcehsPreAdmission.Tc_Admission_Form_BCEHS -->
