<?xml version="1.0" encoding="UTF-8"?>
<!-- Generated by org.testng.reporters.JUnitReportReporter -->
<testsuite name="com.test.automation.uiAutomation.tcFee.Tc_Masters_Fee_UserGroup_LoginPreviledge" tests="10" time="89.286" ignored="0" failures="0" timestamp="05 Dec 2017 11:08:01 GMT" skipped="2" hostname="vaps-PC" errors="0">
  <testcase name="loginToappWithrequiredCredentials" time="0.019" classname="com.test.automation.uiAutomation.tcFee.Tc_Masters_Fee_UserGroup_LoginPreviledge">
    <skipped/>
  </testcase> <!-- loginToappWithrequiredCredentials -->
  <testcase name="tcVerifyFeeUserGrLoginPreviledgePagee" time="1.832" classname="com.test.automation.uiAutomation.tcFee.Tc_Masters_Fee_UserGroup_LoginPreviledge"/>
  <testcase name="tcClickOnSaveButton" time="4.187" classname="com.test.automation.uiAutomation.tcFee.Tc_Masters_Fee_UserGroup_LoginPreviledge"/>
  <testcase name="tcVerifySuccessfulPopUp" time="14.202" classname="com.test.automation.uiAutomation.tcFee.Tc_Masters_Fee_UserGroup_LoginPreviledge"/>
  <testcase name="tcClickOnSuccessOkBtn" time="3.953" classname="com.test.automation.uiAutomation.tcFee.Tc_Masters_Fee_UserGroup_LoginPreviledge"/>
  <testcase name="tcNevigateToFeeUserGr_LoginPreviledge" time="6.357" classname="com.test.automation.uiAutomation.tcFee.Tc_Masters_Fee_UserGroup_LoginPreviledge"/>
  <testcase name="tcSelectAcademicYear_GroupAndRole" time="9.724" classname="com.test.automation.uiAutomation.tcFee.Tc_Masters_Fee_UserGroup_LoginPreviledge"/>
  <testcase name="loginToappWithrequiredCredentials" time="0.015" classname="com.test.automation.uiAutomation.tcFee.Tc_Masters_Fee_UserGroup_LoginPreviledge">
    <skipped/>
  </testcase> <!-- loginToappWithrequiredCredentials -->
  <testcase name="loginToappWithrequiredCredentials" time="48.260" classname="com.test.automation.uiAutomation.tcFee.Tc_Masters_Fee_UserGroup_LoginPreviledge"/>
  <testcase name="tcHomeButtonValidation" time="0.737" classname="com.test.automation.uiAutomation.tcFee.Tc_Masters_Fee_UserGroup_LoginPreviledge"/>
</testsuite> <!-- com.test.automation.uiAutomation.tcFee.Tc_Masters_Fee_UserGroup_LoginPreviledge -->
