<?xml version="1.0" encoding="UTF-8"?>
<!-- Generated by org.testng.reporters.JUnitReportReporter -->
<testsuite name="com.test.automation.uiAutomation.admission.TC_Masters_Master_Section" tests="46" time="209.385" ignored="0" failures="0" timestamp="31 Jan 2018 10:24:13 GMT" skipped="4" hostname="DESKTOP-DISLHD4" errors="0">
  <testcase name="tcSubmitFilledMasterSectionForm_Edit" time="10.438" classname="com.test.automation.uiAutomation.admission.TC_Masters_Master_Section"/>
  <testcase name="tcMinimizeMasterSection" time="2.415" classname="com.test.automation.uiAutomation.admission.TC_Masters_Master_Section"/>
  <testcase name="tcSearchWithSectionNameInTheGrid_ForDeactivate" time="0.882" classname="com.test.automation.uiAutomation.admission.TC_Masters_Master_Section"/>
  <testcase name="loginToappWithrequiredCredentials" time="0.001" classname="com.test.automation.uiAutomation.admission.TC_Masters_Master_Section">
    <skipped/>
  </testcase> <!-- loginToappWithrequiredCredentials -->
  <testcase name="tcEditMasterSection" time="5.420" classname="com.test.automation.uiAutomation.admission.TC_Masters_Master_Section"/>
  <testcase name="tcEnterMasterSectionFormData" time="2.011" classname="com.test.automation.uiAutomation.admission.TC_Masters_Master_Section"/>
  <testcase name="tcClickOnOkSuccessButton_deactivate" time="2.314" classname="com.test.automation.uiAutomation.admission.TC_Masters_Master_Section"/>
  <testcase name="tcSearchWithSectionNameInTheGrid_ForActivate_AfterCancel" time="0.928" classname="com.test.automation.uiAutomation.admission.TC_Masters_Master_Section"/>
  <testcase name="tcDeactivateMasterSection" time="5.486" classname="com.test.automation.uiAutomation.admission.TC_Masters_Master_Section"/>
  <testcase name="tcClickOnCancelButton_deactivate" time="15.364" classname="com.test.automation.uiAutomation.admission.TC_Masters_Master_Section"/>
  <testcase name="tcClickOnSetOrder" time="0.466" classname="com.test.automation.uiAutomation.admission.TC_Masters_Master_Section"/>
  <testcase name="tcNavigateToAdmission_Masters_MasterSection_BGHS" time="1.756" classname="com.test.automation.uiAutomation.admission.TC_Masters_Master_Section"/>
  <testcase name="tcVerifyMasters_MasterSection_BGHSPage" time="1.332" classname="com.test.automation.uiAutomation.admission.TC_Masters_Master_Section"/>
  <testcase name="tcSortBySectionName" time="3.665" classname="com.test.automation.uiAutomation.admission.TC_Masters_Master_Section"/>
  <testcase name="tcSearchWithSectionNameInTheGrid" time="0.885" classname="com.test.automation.uiAutomation.admission.TC_Masters_Master_Section"/>
  <testcase name="loginToappWithrequiredCredentials" time="0.000" classname="com.test.automation.uiAutomation.admission.TC_Masters_Master_Section">
    <skipped/>
  </testcase> <!-- loginToappWithrequiredCredentials -->
  <testcase name="loginToappWithrequiredCredentials" time="0.003" classname="com.test.automation.uiAutomation.admission.TC_Masters_Master_Section">
    <skipped/>
  </testcase> <!-- loginToappWithrequiredCredentials -->
  <testcase name="tcMaximizeMasterSectionList" time="2.339" classname="com.test.automation.uiAutomation.admission.TC_Masters_Master_Section"/>
  <testcase name="tcHomeButtonValidation" time="4.855" classname="com.test.automation.uiAutomation.admission.TC_Masters_Master_Section"/>
  <testcase name="tcClickOnOkSuccessButton_activateCancel" time="2.344" classname="com.test.automation.uiAutomation.admission.TC_Masters_Master_Section"/>
  <testcase name="tcSetSectionOrder_AfterClose" time="0.973" classname="com.test.automation.uiAutomation.admission.TC_Masters_Master_Section"/>
  <testcase name="tcDeactivateMasterSection_AfterCancel" time="5.413" classname="com.test.automation.uiAutomation.admission.TC_Masters_Master_Section"/>
  <testcase name="tcYesDeleteOrDeactivateOrActivateIt_deactivate" time="15.391" classname="com.test.automation.uiAutomation.admission.TC_Masters_Master_Section"/>
  <testcase name="tcSetSectionOrder" time="8.263" classname="com.test.automation.uiAutomation.admission.TC_Masters_Master_Section"/>
  <testcase name="tcSubmitFilledMasterSectionForm" time="10.474" classname="com.test.automation.uiAutomation.admission.TC_Masters_Master_Section"/>
  <testcase name="tcSearchWithSectionNameInTheGrid_ForDeactivate_AfterCancel" time="0.917" classname="com.test.automation.uiAutomation.admission.TC_Masters_Master_Section"/>
  <testcase name="tcClickOnOkSuccessButton_deactivateCancel" time="2.337" classname="com.test.automation.uiAutomation.admission.TC_Masters_Master_Section"/>
  <testcase name="tcCloseSetSectionOrderPopUpWindow" time="0.426" classname="com.test.automation.uiAutomation.admission.TC_Masters_Master_Section"/>
  <testcase name="tcClickOnOkSuccessButton_Edit" time="2.346" classname="com.test.automation.uiAutomation.admission.TC_Masters_Master_Section"/>
  <testcase name="tcSubmitBlankMasterSectionForm" time="2.404" classname="com.test.automation.uiAutomation.admission.TC_Masters_Master_Section"/>
  <testcase name="tcClearSectionInfoData" time="10.479" classname="com.test.automation.uiAutomation.admission.TC_Masters_Master_Section"/>
  <testcase name="tcMinimizeMasterSectionList" time="2.351" classname="com.test.automation.uiAutomation.admission.TC_Masters_Master_Section"/>
  <testcase name="tcActivateMasterSection_AfterCancel" time="5.437" classname="com.test.automation.uiAutomation.admission.TC_Masters_Master_Section"/>
  <testcase name="tcSearchWithSectionNameInTheGrid_ForActivate" time="0.805" classname="com.test.automation.uiAutomation.admission.TC_Masters_Master_Section"/>
  <testcase name="tcYesDeleteOrDeactivateOrActivateIt_Activate" time="15.399" classname="com.test.automation.uiAutomation.admission.TC_Masters_Master_Section"/>
  <testcase name="tcSaveSetSectionOrderPopUpWindow" time="10.416" classname="com.test.automation.uiAutomation.admission.TC_Masters_Master_Section"/>
  <testcase name="tcActivateMasterSection" time="5.457" classname="com.test.automation.uiAutomation.admission.TC_Masters_Master_Section"/>
  <testcase name="tcClickOnCancelButton_activate" time="15.363" classname="com.test.automation.uiAutomation.admission.TC_Masters_Master_Section"/>
  <testcase name="tcClickOnOkSuccessButton_activate" time="2.334" classname="com.test.automation.uiAutomation.admission.TC_Masters_Master_Section"/>
  <testcase name="tcClickOnOkSuccessButton" time="2.343" classname="com.test.automation.uiAutomation.admission.TC_Masters_Master_Section"/>
  <testcase name="tcVerifySectionNameInTheGrid" time="0.320" classname="com.test.automation.uiAutomation.admission.TC_Masters_Master_Section"/>
  <testcase name="tcEnterMasterSectionFormData_AfterClear" time="1.132" classname="com.test.automation.uiAutomation.admission.TC_Masters_Master_Section"/>
  <testcase name="loginToappWithrequiredCredentials" time="0.003" classname="com.test.automation.uiAutomation.admission.TC_Masters_Master_Section">
    <skipped/>
  </testcase> <!-- loginToappWithrequiredCredentials -->
  <testcase name="loginToappWithrequiredCredentials" time="22.924" classname="com.test.automation.uiAutomation.admission.TC_Masters_Master_Section"/>
  <testcase name="tcMaximizeMasterSection" time="2.370" classname="com.test.automation.uiAutomation.admission.TC_Masters_Master_Section"/>
  <testcase name="tcClickOnSetOrder_AfterClose" time="0.404" classname="com.test.automation.uiAutomation.admission.TC_Masters_Master_Section"/>
</testsuite> <!-- com.test.automation.uiAutomation.admission.TC_Masters_Master_Section -->
