<?xml version="1.0" encoding="UTF-8"?>
<!-- Generated by org.testng.reporters.JUnitReportReporter -->
<testsuite name="com.test.automation.uiAutomation.admission.TC_Masters_SubjectWise_Period_Settings" tests="24" time="108.008" ignored="0" failures="0" timestamp="10 Feb 2018 05:11:35 GMT" skipped="4" hostname="DESKTOP-DISLHD4" errors="0">
  <testcase name="tcSearchWithSujectCodeToUpdateMaxPeriod_AfterClear" time="0.523" classname="com.test.automation.uiAutomation.admission.TC_Masters_SubjectWise_Period_Settings"/>
  <testcase name="loginToappWithrequiredCredentials" time="0.002" classname="com.test.automation.uiAutomation.admission.TC_Masters_SubjectWise_Period_Settings">
    <skipped/>
  </testcase> <!-- loginToappWithrequiredCredentials -->
  <testcase name="tcSubmitFilledSubjectWisePeriodSettingsForm" time="15.449" classname="com.test.automation.uiAutomation.admission.TC_Masters_SubjectWise_Period_Settings"/>
  <testcase name="tcUpdateWithMaxPeriodForSpecificSubjectData_AfterClear" time="2.442" classname="com.test.automation.uiAutomation.admission.TC_Masters_SubjectWise_Period_Settings"/>
  <testcase name="tcUpdateWithMaxPeriodForSpecificSubjectData" time="2.516" classname="com.test.automation.uiAutomation.admission.TC_Masters_SubjectWise_Period_Settings"/>
  <testcase name="tcSearchWithSujectCodeToUpdateMaxPeriod" time="1.025" classname="com.test.automation.uiAutomation.admission.TC_Masters_SubjectWise_Period_Settings"/>
  <testcase name="tcSearchWithSujectCodeToUpdateMaxPeriod_ForValidation" time="0.520" classname="com.test.automation.uiAutomation.admission.TC_Masters_SubjectWise_Period_Settings"/>
  <testcase name="loginToappWithrequiredCredentials" time="0.003" classname="com.test.automation.uiAutomation.admission.TC_Masters_SubjectWise_Period_Settings">
    <skipped/>
  </testcase> <!-- loginToappWithrequiredCredentials -->
  <testcase name="tcSortBySubjectName" time="3.620" classname="com.test.automation.uiAutomation.admission.TC_Masters_SubjectWise_Period_Settings"/>
  <testcase name="tcHomeButtonValidation" time="5.349" classname="com.test.automation.uiAutomation.admission.TC_Masters_SubjectWise_Period_Settings"/>
  <testcase name="tcNavigateToAdmission_Masters_SubjectWisePeriodSettings_BGHS" time="4.452" classname="com.test.automation.uiAutomation.admission.TC_Masters_SubjectWise_Period_Settings"/>
  <testcase name="tcMaximizeSubjectPeriodSettingDetails" time="2.300" classname="com.test.automation.uiAutomation.admission.TC_Masters_SubjectWise_Period_Settings"/>
  <testcase name="loginToappWithrequiredCredentials" time="0.001" classname="com.test.automation.uiAutomation.admission.TC_Masters_SubjectWise_Period_Settings">
    <skipped/>
  </testcase> <!-- loginToappWithrequiredCredentials -->
  <testcase name="tcMinimizeSubjectPeriodSetting" time="2.342" classname="com.test.automation.uiAutomation.admission.TC_Masters_SubjectWise_Period_Settings"/>
  <testcase name="tcClickOnOkSuccessButton" time="2.330" classname="com.test.automation.uiAutomation.admission.TC_Masters_SubjectWise_Period_Settings"/>
  <testcase name="tcVerifyMasters_SubjectWisePeriodSettings_BGHSPage" time="1.314" classname="com.test.automation.uiAutomation.admission.TC_Masters_SubjectWise_Period_Settings"/>
  <testcase name="tcEnterSubjectWisePeriodSettingsData" time="5.509" classname="com.test.automation.uiAutomation.admission.TC_Masters_SubjectWise_Period_Settings"/>
  <testcase name="loginToappWithrequiredCredentials" time="0.002" classname="com.test.automation.uiAutomation.admission.TC_Masters_SubjectWise_Period_Settings">
    <skipped/>
  </testcase> <!-- loginToappWithrequiredCredentials -->
  <testcase name="tcSubmitBlankSubjectWisePeriodSettingsForm" time="15.377" classname="com.test.automation.uiAutomation.admission.TC_Masters_SubjectWise_Period_Settings"/>
  <testcase name="tcMinimizeSubjectPeriodSettingDetails" time="2.349" classname="com.test.automation.uiAutomation.admission.TC_Masters_SubjectWise_Period_Settings"/>
  <testcase name="loginToappWithrequiredCredentials" time="22.551" classname="com.test.automation.uiAutomation.admission.TC_Masters_SubjectWise_Period_Settings"/>
  <testcase name="tcClearSubjectWisePeriodSettingsInfoData" time="10.477" classname="com.test.automation.uiAutomation.admission.TC_Masters_SubjectWise_Period_Settings"/>
  <testcase name="tcMaximizeSubjectPeriodSetting" time="2.338" classname="com.test.automation.uiAutomation.admission.TC_Masters_SubjectWise_Period_Settings"/>
  <testcase name="tcEnterSubjectWisePeriodSettingsData_AfterClear" time="5.217" classname="com.test.automation.uiAutomation.admission.TC_Masters_SubjectWise_Period_Settings"/>
</testsuite> <!-- com.test.automation.uiAutomation.admission.TC_Masters_SubjectWise_Period_Settings -->
