<?xml version="1.0" encoding="UTF-8"?>
<!-- Generated by org.testng.reporters.JUnitReportReporter -->
<testsuite name="com.test.automation.uiAutomation.tcFee.Tc_Masters_Fee_Class_Category" tests="36" time="186.015" ignored="0" failures="0" timestamp="13 Mar 2018 07:13:24 GMT" skipped="12" hostname="DESKTOP-DISLHD4" errors="0">
  <testcase name="tcVerifyDeactivationSuccessfulPopUp" time="5.319" classname="com.test.automation.uiAutomation.tcFee.Tc_Masters_Fee_Class_Category"/>
  <testcase name="tcVerifyActivationSuccessfulPopUp" time="5.315" classname="com.test.automation.uiAutomation.tcFee.Tc_Masters_Fee_Class_Category"/>
  <testcase name="tcClickOnSuccessOkBtn" time="3.465" classname="com.test.automation.uiAutomation.tcFee.Tc_Masters_Fee_Class_Category"/>
  <testcase name="tcClickOnSuccessOkBtnEdit" time="3.343" classname="com.test.automation.uiAutomation.tcFee.Tc_Masters_Fee_Class_Category"/>
  <testcase name="loginToappWithrequiredCredentials" time="0.001" classname="com.test.automation.uiAutomation.tcFee.Tc_Masters_Fee_Class_Category">
    <skipped/>
  </testcase> <!-- loginToappWithrequiredCredentials -->
  <testcase name="tcNevigateToMasters_Fee_ClassCategory" time="3.783" classname="com.test.automation.uiAutomation.tcFee.Tc_Masters_Fee_Class_Category"/>
  <testcase name="tcCreatedClassCategoryEdit" time="23.504" classname="com.test.automation.uiAutomation.tcFee.Tc_Masters_Fee_Class_Category"/>
  <testcase name="tcEnterClassCategoryNameAndCode" time="0.001" classname="com.test.automation.uiAutomation.tcFee.Tc_Masters_Fee_Class_Category">
    <skipped/>
  </testcase> <!-- tcEnterClassCategoryNameAndCode -->
  <testcase name="tcSearchByClassCategoryName" time="3.068" classname="com.test.automation.uiAutomation.tcFee.Tc_Masters_Fee_Class_Category"/>
  <testcase name="tcVerifySuccessfulPopUp" time="1.323" classname="com.test.automation.uiAutomation.tcFee.Tc_Masters_Fee_Class_Category"/>
  <testcase name="loginToappWithrequiredCredentials" time="0.002" classname="com.test.automation.uiAutomation.tcFee.Tc_Masters_Fee_Class_Category">
    <skipped/>
  </testcase> <!-- loginToappWithrequiredCredentials -->
  <testcase name="tcCreatedClassCategoryEdit" time="0.001" classname="com.test.automation.uiAutomation.tcFee.Tc_Masters_Fee_Class_Category">
    <skipped/>
  </testcase> <!-- tcCreatedClassCategoryEdit -->
  <testcase name="tcClickOnDeactivationFinalOkBtn" time="3.350" classname="com.test.automation.uiAutomation.tcFee.Tc_Masters_Fee_Class_Category"/>
  <testcase name="tcSearchByClassCategoryNameForActivation" time="3.015" classname="com.test.automation.uiAutomation.tcFee.Tc_Masters_Fee_Class_Category"/>
  <testcase name="tcVerifyClassCategoryNameUpdatedInGrid" time="0.002" classname="com.test.automation.uiAutomation.tcFee.Tc_Masters_Fee_Class_Category">
    <skipped/>
  </testcase> <!-- tcVerifyClassCategoryNameUpdatedInGrid -->
  <testcase name="loginToappWithrequiredCredentials" time="0.001" classname="com.test.automation.uiAutomation.tcFee.Tc_Masters_Fee_Class_Category">
    <skipped/>
  </testcase> <!-- loginToappWithrequiredCredentials -->
  <testcase name="tcHomeButtonValidation" time="7.341" classname="com.test.automation.uiAutomation.tcFee.Tc_Masters_Fee_Class_Category"/>
  <testcase name="tcClickOnActivationFinalOkBtn" time="3.345" classname="com.test.automation.uiAutomation.tcFee.Tc_Masters_Fee_Class_Category"/>
  <testcase name="tcVerifyClassCategoryNameUpdatedInGrid" time="23.395" classname="com.test.automation.uiAutomation.tcFee.Tc_Masters_Fee_Class_Category"/>
  <testcase name="tcActivationOfCreatedClassCategory" time="23.489" classname="com.test.automation.uiAutomation.tcFee.Tc_Masters_Fee_Class_Category"/>
  <testcase name="tcConfirmationForActivation" time="5.367" classname="com.test.automation.uiAutomation.tcFee.Tc_Masters_Fee_Class_Category"/>
  <testcase name="tcSearchByClassCategoryName" time="0.003" classname="com.test.automation.uiAutomation.tcFee.Tc_Masters_Fee_Class_Category">
    <skipped/>
  </testcase> <!-- tcSearchByClassCategoryName -->
  <testcase name="tcVerifyFeeClassCategoryPage" time="1.315" classname="com.test.automation.uiAutomation.tcFee.Tc_Masters_Fee_Class_Category"/>
  <testcase name="loginToappWithrequiredCredentials" time="0.000" classname="com.test.automation.uiAutomation.tcFee.Tc_Masters_Fee_Class_Category">
    <skipped/>
  </testcase> <!-- loginToappWithrequiredCredentials -->
  <testcase name="loginToappWithrequiredCredentials" time="20.194" classname="com.test.automation.uiAutomation.tcFee.Tc_Masters_Fee_Class_Category"/>
  <testcase name="tcDeactivationOfCreatedClassCategory" time="23.545" classname="com.test.automation.uiAutomation.tcFee.Tc_Masters_Fee_Class_Category"/>
  <testcase name="tcConfirmationForDeactivation" time="5.361" classname="com.test.automation.uiAutomation.tcFee.Tc_Masters_Fee_Class_Category"/>
  <testcase name="tcEnterClassCategoryNameAndCode" time="3.064" classname="com.test.automation.uiAutomation.tcFee.Tc_Masters_Fee_Class_Category"/>
  <testcase name="tcVerifySuccessfulPopUpEdit" time="1.304" classname="com.test.automation.uiAutomation.tcFee.Tc_Masters_Fee_Class_Category"/>
  <testcase name="tcActivationOfCreatedClassCategory" time="0.003" classname="com.test.automation.uiAutomation.tcFee.Tc_Masters_Fee_Class_Category">
    <skipped/>
  </testcase> <!-- tcActivationOfCreatedClassCategory -->
  <testcase name="tcDeactivationOfCreatedClassCategory" time="0.002" classname="com.test.automation.uiAutomation.tcFee.Tc_Masters_Fee_Class_Category">
    <skipped/>
  </testcase> <!-- tcDeactivationOfCreatedClassCategory -->
  <testcase name="tcClickOnSaveButton" time="7.390" classname="com.test.automation.uiAutomation.tcFee.Tc_Masters_Fee_Class_Category"/>
  <testcase name="tcSearchByClassCategoryNameForActivation" time="0.001" classname="com.test.automation.uiAutomation.tcFee.Tc_Masters_Fee_Class_Category">
    <skipped/>
  </testcase> <!-- tcSearchByClassCategoryNameForActivation -->
  <testcase name="tcClickOnSaveButtonEdit" time="2.395" classname="com.test.automation.uiAutomation.tcFee.Tc_Masters_Fee_Class_Category"/>
  <testcase name="tcSearchByClassCategoryNameForEditing" time="3.005" classname="com.test.automation.uiAutomation.tcFee.Tc_Masters_Fee_Class_Category"/>
  <testcase name="tcSearchByClassCategoryNameForEditing" time="0.003" classname="com.test.automation.uiAutomation.tcFee.Tc_Masters_Fee_Class_Category">
    <skipped/>
  </testcase> <!-- tcSearchByClassCategoryNameForEditing -->
</testsuite> <!-- com.test.automation.uiAutomation.tcFee.Tc_Masters_Fee_Class_Category -->
