<?xml version="1.0" encoding="UTF-8"?>
<!-- Generated by org.testng.reporters.JUnitReportReporter -->
<testsuite name="com.test.automation.uiAutomation.tcFee.Tc_Masters_Custom_Fee_Special_Head" tests="15" time="47.034" ignored="0" failures="0" timestamp="13 Mar 2018 10:36:37 GMT" skipped="6" hostname="DESKTOP-DISLHD4" errors="0">
  <testcase name="tcSearchBySpLFeeHeadNameInGrid" time="0.001" classname="com.test.automation.uiAutomation.tcFee.Tc_Masters_Custom_Fee_Special_Head">
    <skipped/>
  </testcase> <!-- tcSearchBySpLFeeHeadNameInGrid -->
  <testcase name="loginToappWithrequiredCredentials" time="0.000" classname="com.test.automation.uiAutomation.tcFee.Tc_Masters_Custom_Fee_Special_Head">
    <skipped/>
  </testcase> <!-- loginToappWithrequiredCredentials -->
  <testcase name="tcHomeButtonValidation" time="7.667" classname="com.test.automation.uiAutomation.tcFee.Tc_Masters_Custom_Fee_Special_Head"/>
  <testcase name="tcClickOnSaveButton" time="2.384" classname="com.test.automation.uiAutomation.tcFee.Tc_Masters_Custom_Fee_Special_Head"/>
  <testcase name="tcVerifyCustomSpecialFeeHeadPage" time="1.314" classname="com.test.automation.uiAutomation.tcFee.Tc_Masters_Custom_Fee_Special_Head"/>
  <testcase name="loginToappWithrequiredCredentials" time="0.002" classname="com.test.automation.uiAutomation.tcFee.Tc_Masters_Custom_Fee_Special_Head">
    <skipped/>
  </testcase> <!-- loginToappWithrequiredCredentials -->
  <testcase name="loginToappWithrequiredCredentials" time="0.004" classname="com.test.automation.uiAutomation.tcFee.Tc_Masters_Custom_Fee_Special_Head">
    <skipped/>
  </testcase> <!-- loginToappWithrequiredCredentials -->
  <testcase name="loginToappWithrequiredCredentials" time="21.433" classname="com.test.automation.uiAutomation.tcFee.Tc_Masters_Custom_Fee_Special_Head"/>
  <testcase name="tcNevigateToMasters_Custom_Special_FeeHead" time="3.855" classname="com.test.automation.uiAutomation.tcFee.Tc_Masters_Custom_Fee_Special_Head"/>
  <testcase name="tcClickOnSuccessOkBtn" time="3.384" classname="com.test.automation.uiAutomation.tcFee.Tc_Masters_Custom_Fee_Special_Head"/>
  <testcase name="tcEnterSpecialFeeHeadAndSelectFeeHead" time="0.000" classname="com.test.automation.uiAutomation.tcFee.Tc_Masters_Custom_Fee_Special_Head">
    <skipped/>
  </testcase> <!-- tcEnterSpecialFeeHeadAndSelectFeeHead -->
  <testcase name="tcSearchBySpLFeeHeadNameInGrid" time="2.204" classname="com.test.automation.uiAutomation.tcFee.Tc_Masters_Custom_Fee_Special_Head"/>
  <testcase name="tcVerifySuccessfulPopUp" time="1.321" classname="com.test.automation.uiAutomation.tcFee.Tc_Masters_Custom_Fee_Special_Head"/>
  <testcase name="loginToappWithrequiredCredentials" time="0.000" classname="com.test.automation.uiAutomation.tcFee.Tc_Masters_Custom_Fee_Special_Head">
    <skipped/>
  </testcase> <!-- loginToappWithrequiredCredentials -->
  <testcase name="tcEnterSpecialFeeHeadAndSelectFeeHead" time="3.465" classname="com.test.automation.uiAutomation.tcFee.Tc_Masters_Custom_Fee_Special_Head"/>
</testsuite> <!-- com.test.automation.uiAutomation.tcFee.Tc_Masters_Custom_Fee_Special_Head -->
