<?xml version="1.0" encoding="UTF-8"?>
<!-- Generated by org.testng.reporters.JUnitReportReporter -->
<testsuite name="com.test.automation.uiAutomation.admission.masters.TC_Masters_Master_Board" tests="35" time="171.145" ignored="0" failures="0" timestamp="01 Mar 2018 11:13:46 GMT" skipped="4" hostname="DESKTOP-DISLHD4" errors="0">
  <testcase name="tcHomeButtonValidation" time="7.333" classname="com.test.automation.uiAutomation.admission.masters.TC_Masters_Master_Board"/>
  <testcase name="tcMinimizeMasterBoardList" time="2.336" classname="com.test.automation.uiAutomation.admission.masters.TC_Masters_Master_Board"/>
  <testcase name="tcEnterMasterBoardDData_AfterClear" time="0.965" classname="com.test.automation.uiAutomation.admission.masters.TC_Masters_Master_Board"/>
  <testcase name="loginToappWithrequiredCredentials" time="20.053" classname="com.test.automation.uiAutomation.admission.masters.TC_Masters_Master_Board"/>
  <testcase name="tcClickOnOkSuccessButton" time="2.352" classname="com.test.automation.uiAutomation.admission.masters.TC_Masters_Master_Board"/>
  <testcase name="tcNavigateToAdmission_Masters_MasterBoard_BGHS" time="2.112" classname="com.test.automation.uiAutomation.admission.masters.TC_Masters_Master_Board"/>
  <testcase name="tcEnterMasterBoardData" time="1.196" classname="com.test.automation.uiAutomation.admission.masters.TC_Masters_Master_Board"/>
  <testcase name="tcVerifyBoardNameInTheGrid" time="0.294" classname="com.test.automation.uiAutomation.admission.masters.TC_Masters_Master_Board"/>
  <testcase name="tcDeleteMasterBoard" time="5.390" classname="com.test.automation.uiAutomation.admission.masters.TC_Masters_Master_Board"/>
  <testcase name="tcClickOnOkSuccessButton_AfterDelete" time="2.326" classname="com.test.automation.uiAutomation.admission.masters.TC_Masters_Master_Board"/>
  <testcase name="tcSearchWithBoardNameInTheGrid" time="0.425" classname="com.test.automation.uiAutomation.admission.masters.TC_Masters_Master_Board"/>
  <testcase name="tcClickOnCancelButton" time="15.344" classname="com.test.automation.uiAutomation.admission.masters.TC_Masters_Master_Board"/>
  <testcase name="tcYesDeleteOrDeactivateOrActivateIt" time="15.341" classname="com.test.automation.uiAutomation.admission.masters.TC_Masters_Master_Board"/>
  <testcase name="tcMinimizeMasterBoard" time="2.348" classname="com.test.automation.uiAutomation.admission.masters.TC_Masters_Master_Board"/>
  <testcase name="loginToappWithrequiredCredentials" time="0.001" classname="com.test.automation.uiAutomation.admission.masters.TC_Masters_Master_Board">
    <skipped/>
  </testcase> <!-- loginToappWithrequiredCredentials -->
  <testcase name="tcSaveBoardInfoData_Edit" time="15.400" classname="com.test.automation.uiAutomation.admission.masters.TC_Masters_Master_Board"/>
  <testcase name="tcClickOnOkSuccessButton_cancel" time="2.339" classname="com.test.automation.uiAutomation.admission.masters.TC_Masters_Master_Board"/>
  <testcase name="tcSortByBoardName" time="3.624" classname="com.test.automation.uiAutomation.admission.masters.TC_Masters_Master_Board"/>
  <testcase name="tcVerifyMasters_MasterBoard_BGHSPage" time="1.325" classname="com.test.automation.uiAutomation.admission.masters.TC_Masters_Master_Board"/>
  <testcase name="loginToappWithrequiredCredentials" time="0.001" classname="com.test.automation.uiAutomation.admission.masters.TC_Masters_Master_Board">
    <skipped/>
  </testcase> <!-- loginToappWithrequiredCredentials -->
  <testcase name="tcSubmitBlankMasterBoardForm" time="2.393" classname="com.test.automation.uiAutomation.admission.masters.TC_Masters_Master_Board"/>
  <testcase name="tcMaximizeMasterBoard" time="2.328" classname="com.test.automation.uiAutomation.admission.masters.TC_Masters_Master_Board"/>
  <testcase name="tcClickOnOkSuccessButton_Edit" time="2.345" classname="com.test.automation.uiAutomation.admission.masters.TC_Masters_Master_Board"/>
  <testcase name="loginToappWithrequiredCredentials" time="0.002" classname="com.test.automation.uiAutomation.admission.masters.TC_Masters_Master_Board">
    <skipped/>
  </testcase> <!-- loginToappWithrequiredCredentials -->
  <testcase name="tcClickOnOkSuccessButton_delete" time="2.331" classname="com.test.automation.uiAutomation.admission.masters.TC_Masters_Master_Board"/>
  <testcase name="tcEnterMasterBoardData_AfterDelete" time="0.919" classname="com.test.automation.uiAutomation.admission.masters.TC_Masters_Master_Board"/>
  <testcase name="loginToappWithrequiredCredentials" time="0.000" classname="com.test.automation.uiAutomation.admission.masters.TC_Masters_Master_Board">
    <skipped/>
  </testcase> <!-- loginToappWithrequiredCredentials -->
  <testcase name="tcClearBoardInfoData" time="15.466" classname="com.test.automation.uiAutomation.admission.masters.TC_Masters_Master_Board"/>
  <testcase name="tcSearchWithBoardNameInTheGrid_delete" time="0.428" classname="com.test.automation.uiAutomation.admission.masters.TC_Masters_Master_Board"/>
  <testcase name="tcMaximizeMasterBoardList" time="2.464" classname="com.test.automation.uiAutomation.admission.masters.TC_Masters_Master_Board"/>
  <testcase name="tcSaveBoardInfoData" time="15.400" classname="com.test.automation.uiAutomation.admission.masters.TC_Masters_Master_Board"/>
  <testcase name="tcEditMasterBoard" time="5.375" classname="com.test.automation.uiAutomation.admission.masters.TC_Masters_Master_Board"/>
  <testcase name="tcSaveBoardInfoData_AfterDelete" time="15.385" classname="com.test.automation.uiAutomation.admission.masters.TC_Masters_Master_Board"/>
  <testcase name="tcSearchWithBoardNameInTheGrid_AfterDeleteCancel" time="0.458" classname="com.test.automation.uiAutomation.admission.masters.TC_Masters_Master_Board"/>
  <testcase name="tcDeleteMasterBoard_AfterCancel" time="5.346" classname="com.test.automation.uiAutomation.admission.masters.TC_Masters_Master_Board"/>
</testsuite> <!-- com.test.automation.uiAutomation.admission.masters.TC_Masters_Master_Board -->
