<?xml version="1.0" encoding="UTF-8"?>
<!-- Generated by org.testng.reporters.JUnitReportReporter -->
<testsuite name="com.test.automation.uiAutomation.TC_BCEHS_PreAdmission.TC_PreAdmission_OralTest_Schedule_AutoSelect12Hr_BCEHS" tests="24" time="186.497" ignored="0" failures="0" timestamp="10 Jan 2018 11:35:07 GMT" skipped="4" hostname="vaps-PC" errors="0">
  <testcase name="tcValidationOf12HourTimeFormatScheduleList" time="2.848" classname="com.test.automation.uiAutomation.TC_BCEHS_PreAdmission.TC_PreAdmission_OralTest_Schedule_AutoSelect12Hr_BCEHS"/>
  <testcase name="loginToappWithrequiredCredentials" time="32.249" classname="com.test.automation.uiAutomation.TC_BCEHS_PreAdmission.TC_PreAdmission_OralTest_Schedule_AutoSelect12Hr_BCEHS"/>
  <testcase name="tcOralTestScheduleInfo" time="37.123" classname="com.test.automation.uiAutomation.TC_BCEHS_PreAdmission.TC_PreAdmission_OralTest_Schedule_AutoSelect12Hr_BCEHS"/>
  <testcase name="loginToappWithrequiredCredentials" time="0.009" classname="com.test.automation.uiAutomation.TC_BCEHS_PreAdmission.TC_PreAdmission_OralTest_Schedule_AutoSelect12Hr_BCEHS">
    <skipped/>
  </testcase> <!-- loginToappWithrequiredCredentials -->
  <testcase name="tcResetMinimizeAndMaximize" time="5.140" classname="com.test.automation.uiAutomation.TC_BCEHS_PreAdmission.TC_PreAdmission_OralTest_Schedule_AutoSelect12Hr_BCEHS"/>
  <testcase name="tcSortingUsingColumnHeader" time="4.098" classname="com.test.automation.uiAutomation.TC_BCEHS_PreAdmission.TC_PreAdmission_OralTest_Schedule_AutoSelect12Hr_BCEHS"/>
  <testcase name="tcPopUpValidationOnSuccess" time="3.756" classname="com.test.automation.uiAutomation.TC_BCEHS_PreAdmission.TC_PreAdmission_OralTest_Schedule_AutoSelect12Hr_BCEHS"/>
  <testcase name="tcSearchWithScheduleNameInScheduleList" time="2.843" classname="com.test.automation.uiAutomation.TC_BCEHS_PreAdmission.TC_PreAdmission_OralTest_Schedule_AutoSelect12Hr_BCEHS"/>
  <testcase name="tcPopUpValidationOnSuccessDeleteCancel" time="3.789" classname="com.test.automation.uiAutomation.TC_BCEHS_PreAdmission.TC_PreAdmission_OralTest_Schedule_AutoSelect12Hr_BCEHS"/>
  <testcase name="tcClickOnSaveButton" time="14.205" classname="com.test.automation.uiAutomation.TC_BCEHS_PreAdmission.TC_PreAdmission_OralTest_Schedule_AutoSelect12Hr_BCEHS"/>
  <testcase name="loginToappWithrequiredCredentials" time="0.008" classname="com.test.automation.uiAutomation.TC_BCEHS_PreAdmission.TC_PreAdmission_OralTest_Schedule_AutoSelect12Hr_BCEHS">
    <skipped/>
  </testcase> <!-- loginToappWithrequiredCredentials -->
  <testcase name="tcHomeButtonValidation" time="2.716" classname="com.test.automation.uiAutomation.TC_BCEHS_PreAdmission.TC_PreAdmission_OralTest_Schedule_AutoSelect12Hr_BCEHS"/>
  <testcase name="tcNavigateToOralTestSchedule_BGHS" time="4.639" classname="com.test.automation.uiAutomation.TC_BCEHS_PreAdmission.TC_PreAdmission_OralTest_Schedule_AutoSelect12Hr_BCEHS"/>
  <testcase name="tcVerifyscheduleNameInOralTestScheduleListGrid" time="7.747" classname="com.test.automation.uiAutomation.TC_BCEHS_PreAdmission.TC_PreAdmission_OralTest_Schedule_AutoSelect12Hr_BCEHS"/>
  <testcase name="tcValidationOf24HourTimeFormatScheduleList" time="4.087" classname="com.test.automation.uiAutomation.TC_BCEHS_PreAdmission.TC_PreAdmission_OralTest_Schedule_AutoSelect12Hr_BCEHS"/>
  <testcase name="tcDeleteScheduledOralTest" time="8.159" classname="com.test.automation.uiAutomation.TC_BCEHS_PreAdmission.TC_PreAdmission_OralTest_Schedule_AutoSelect12Hr_BCEHS"/>
  <testcase name="tcPopUpValidationOnSuccessDeleteYes" time="3.876" classname="com.test.automation.uiAutomation.TC_BCEHS_PreAdmission.TC_PreAdmission_OralTest_Schedule_AutoSelect12Hr_BCEHS"/>
  <testcase name="tcCancellationOfDelete" time="2.837" classname="com.test.automation.uiAutomation.TC_BCEHS_PreAdmission.TC_PreAdmission_OralTest_Schedule_AutoSelect12Hr_BCEHS"/>
  <testcase name="tcYesDeleteItButtonClick" time="5.893" classname="com.test.automation.uiAutomation.TC_BCEHS_PreAdmission.TC_PreAdmission_OralTest_Schedule_AutoSelect12Hr_BCEHS"/>
  <testcase name="loginToappWithrequiredCredentials" time="0.015" classname="com.test.automation.uiAutomation.TC_BCEHS_PreAdmission.TC_PreAdmission_OralTest_Schedule_AutoSelect12Hr_BCEHS">
    <skipped/>
  </testcase> <!-- loginToappWithrequiredCredentials -->
  <testcase name="tcOralTestScheduleInfoAfterReset" time="30.547" classname="com.test.automation.uiAutomation.TC_BCEHS_PreAdmission.TC_PreAdmission_OralTest_Schedule_AutoSelect12Hr_BCEHS"/>
  <testcase name="tcDeleteScheduledOralTestForYesDeleteIT" time="8.162" classname="com.test.automation.uiAutomation.TC_BCEHS_PreAdmission.TC_PreAdmission_OralTest_Schedule_AutoSelect12Hr_BCEHS"/>
  <testcase name="tcVerifyInterviewSchedule_BGHSPage" time="1.735" classname="com.test.automation.uiAutomation.TC_BCEHS_PreAdmission.TC_PreAdmission_OralTest_Schedule_AutoSelect12Hr_BCEHS"/>
  <testcase name="loginToappWithrequiredCredentials" time="0.016" classname="com.test.automation.uiAutomation.TC_BCEHS_PreAdmission.TC_PreAdmission_OralTest_Schedule_AutoSelect12Hr_BCEHS">
    <skipped/>
  </testcase> <!-- loginToappWithrequiredCredentials -->
</testsuite> <!-- com.test.automation.uiAutomation.TC_BCEHS_PreAdmission.TC_PreAdmission_OralTest_Schedule_AutoSelect12Hr_BCEHS -->
