<?xml version="1.0" encoding="UTF-8"?>
<!-- Generated by org.testng.reporters.JUnitReportReporter -->
<testsuite name="com.test.automation.uiAutomation.admission.masters.TC_Masters_Master_Source" tests="34" time="171.641" ignored="0" failures="0" timestamp="12 Mar 2018 11:05:09 GMT" skipped="4" hostname="DESKTOP-DISLHD4" errors="0">
  <testcase name="tcSortBySourceName" time="3.660" classname="com.test.automation.uiAutomation.admission.masters.TC_Masters_Master_Source"/>
  <testcase name="tcSaveSourceInfoData_Edit" time="15.359" classname="com.test.automation.uiAutomation.admission.masters.TC_Masters_Master_Source"/>
  <testcase name="tcEnterMasterSourceDetailsData_AfterDelete" time="0.922" classname="com.test.automation.uiAutomation.admission.masters.TC_Masters_Master_Source"/>
  <testcase name="tcHomeButtonValidation" time="7.343" classname="com.test.automation.uiAutomation.admission.masters.TC_Masters_Master_Source"/>
  <testcase name="tcMinimizeMasterSourceList" time="2.338" classname="com.test.automation.uiAutomation.admission.masters.TC_Masters_Master_Source"/>
  <testcase name="tcSaveSourceInfoData_AfterDelete" time="15.396" classname="com.test.automation.uiAutomation.admission.masters.TC_Masters_Master_Source"/>
  <testcase name="tcEnterMasterSourceDetailsData_AfterClear" time="0.936" classname="com.test.automation.uiAutomation.admission.masters.TC_Masters_Master_Source"/>
  <testcase name="tcClickOnOkSuccessButton" time="2.342" classname="com.test.automation.uiAutomation.admission.masters.TC_Masters_Master_Source"/>
  <testcase name="tcSearchWithSourceNameInTheGrid" time="0.632" classname="com.test.automation.uiAutomation.admission.masters.TC_Masters_Master_Source"/>
  <testcase name="tcMinimizeMasterSource" time="2.370" classname="com.test.automation.uiAutomation.admission.masters.TC_Masters_Master_Source"/>
  <testcase name="tcNavigateToAdmission_Masters_MasterSource_BGHS" time="1.630" classname="com.test.automation.uiAutomation.admission.masters.TC_Masters_Master_Source"/>
  <testcase name="loginToappWithrequiredCredentials" time="0.002" classname="com.test.automation.uiAutomation.admission.masters.TC_Masters_Master_Source">
    <skipped/>
  </testcase> <!-- loginToappWithrequiredCredentials -->
  <testcase name="tcEnterMasterSourceDetailsData" time="1.062" classname="com.test.automation.uiAutomation.admission.masters.TC_Masters_Master_Source"/>
  <testcase name="tcMaximizeMasterSource" time="2.328" classname="com.test.automation.uiAutomation.admission.masters.TC_Masters_Master_Source"/>
  <testcase name="tcSubmitBlankMasterSourceForm" time="3.402" classname="com.test.automation.uiAutomation.admission.masters.TC_Masters_Master_Source"/>
  <testcase name="loginToappWithrequiredCredentials" time="0.000" classname="com.test.automation.uiAutomation.admission.masters.TC_Masters_Master_Source">
    <skipped/>
  </testcase> <!-- loginToappWithrequiredCredentials -->
  <testcase name="tcClickOnOkSuccessButton_cancel" time="2.354" classname="com.test.automation.uiAutomation.admission.masters.TC_Masters_Master_Source"/>
  <testcase name="loginToappWithrequiredCredentials" time="0.000" classname="com.test.automation.uiAutomation.admission.masters.TC_Masters_Master_Source">
    <skipped/>
  </testcase> <!-- loginToappWithrequiredCredentials -->
  <testcase name="tcSearchWithSourceNameInTheGrid_delete" time="0.629" classname="com.test.automation.uiAutomation.admission.masters.TC_Masters_Master_Source"/>
  <testcase name="tcDeleteMasterSource" time="5.414" classname="com.test.automation.uiAutomation.admission.masters.TC_Masters_Master_Source"/>
  <testcase name="tcClickOnCancelButton" time="15.422" classname="com.test.automation.uiAutomation.admission.masters.TC_Masters_Master_Source"/>
  <testcase name="tcYesDeleteOrDeactivateOrActivateIt" time="15.382" classname="com.test.automation.uiAutomation.admission.masters.TC_Masters_Master_Source"/>
  <testcase name="tcClickOnOkSuccessButton_AfterDelete" time="2.348" classname="com.test.automation.uiAutomation.admission.masters.TC_Masters_Master_Source"/>
  <testcase name="loginToappWithrequiredCredentials" time="0.001" classname="com.test.automation.uiAutomation.admission.masters.TC_Masters_Master_Source">
    <skipped/>
  </testcase> <!-- loginToappWithrequiredCredentials -->
  <testcase name="tcClickOnOkSuccessButton_Edit" time="2.341" classname="com.test.automation.uiAutomation.admission.masters.TC_Masters_Master_Source"/>
  <testcase name="tcMaximizeMasterSourceList" time="2.342" classname="com.test.automation.uiAutomation.admission.masters.TC_Masters_Master_Source"/>
  <testcase name="tcEditMasterSource" time="5.382" classname="com.test.automation.uiAutomation.admission.masters.TC_Masters_Master_Source"/>
  <testcase name="tcSaveSourceInfoData" time="15.391" classname="com.test.automation.uiAutomation.admission.masters.TC_Masters_Master_Source"/>
  <testcase name="tcVerifyMasters_MasterSource_BGHSPage" time="1.324" classname="com.test.automation.uiAutomation.admission.masters.TC_Masters_Master_Source"/>
  <testcase name="tcDeleteMasterSource_AfterCancel" time="5.392" classname="com.test.automation.uiAutomation.admission.masters.TC_Masters_Master_Source"/>
  <testcase name="tcClearSourceInfoData" time="15.469" classname="com.test.automation.uiAutomation.admission.masters.TC_Masters_Master_Source"/>
  <testcase name="loginToappWithrequiredCredentials" time="20.113" classname="com.test.automation.uiAutomation.admission.masters.TC_Masters_Master_Source"/>
  <testcase name="tcVerifySourceNameInTheGrid" time="0.285" classname="com.test.automation.uiAutomation.admission.masters.TC_Masters_Master_Source"/>
  <testcase name="tcClickOnOkSuccessButton_delete" time="2.330" classname="com.test.automation.uiAutomation.admission.masters.TC_Masters_Master_Source"/>
</testsuite> <!-- com.test.automation.uiAutomation.admission.masters.TC_Masters_Master_Source -->
