<?xml version="1.0" encoding="UTF-8"?>
<!-- Generated by org.testng.reporters.JUnitReportReporter -->
<testsuite name="com.test.automation.uiAutomation.admission.TC_Masters_Academic_Year" tests="10" time="78.365" ignored="0" failures="0" timestamp="17 Jan 2018 06:24:55 GMT" skipped="5" hostname="vaps-PC" errors="0">
  <testcase name="loginToappWithrequiredCredentials" time="0.004" classname="com.test.automation.uiAutomation.admission.TC_Masters_Academic_Year">
    <skipped/>
  </testcase> <!-- loginToappWithrequiredCredentials -->
  <testcase name="tcHomeButtonValidation" time="17.297" classname="com.test.automation.uiAutomation.admission.TC_Masters_Academic_Year"/>
  <testcase name="tcVerifyMasters_AcademicYear_BGHSPage" time="1.816" classname="com.test.automation.uiAutomation.admission.TC_Masters_Academic_Year"/>
  <testcase name="tcEnterMastersAcademicYearDetails" time="20.825" classname="com.test.automation.uiAutomation.admission.TC_Masters_Academic_Year"/>
  <testcase name="loginToappWithrequiredCredentials" time="0.004" classname="com.test.automation.uiAutomation.admission.TC_Masters_Academic_Year">
    <skipped/>
  </testcase> <!-- loginToappWithrequiredCredentials -->
  <testcase name="tcEnterMastersAcademicYearDetails" time="0.016" classname="com.test.automation.uiAutomation.admission.TC_Masters_Academic_Year">
    <skipped/>
  </testcase> <!-- tcEnterMastersAcademicYearDetails -->
  <testcase name="loginToappWithrequiredCredentials" time="32.606" classname="com.test.automation.uiAutomation.admission.TC_Masters_Academic_Year"/>
  <testcase name="tcNavigateToAdmission_Masters_AcademicYear_BGHS" time="5.791" classname="com.test.automation.uiAutomation.admission.TC_Masters_Academic_Year"/>
  <testcase name="loginToappWithrequiredCredentials" time="0.003" classname="com.test.automation.uiAutomation.admission.TC_Masters_Academic_Year">
    <skipped/>
  </testcase> <!-- loginToappWithrequiredCredentials -->
  <testcase name="loginToappWithrequiredCredentials" time="0.003" classname="com.test.automation.uiAutomation.admission.TC_Masters_Academic_Year">
    <skipped/>
  </testcase> <!-- loginToappWithrequiredCredentials -->
</testsuite> <!-- com.test.automation.uiAutomation.admission.TC_Masters_Academic_Year -->
