<?xml version="1.0" encoding="UTF-8"?>
<!-- Generated by org.testng.reporters.JUnitReportReporter -->
<testsuite name="com.test.automation.uiAutomation.Fee.TC_Masters.Tc_Masters_Fee_Installment_MasterInstallment" tests="14" time="216.479" ignored="0" failures="1" timestamp="24 May 2018 13:05:12 GMT" skipped="4" hostname="Arvind-Susdiny" errors="0">
  <testcase name="loginToappWithrequiredCredentials" time="0.003" classname="com.test.automation.uiAutomation.Fee.TC_Masters.Tc_Masters_Fee_Installment_MasterInstallment">
    <skipped/>
  </testcase> <!-- loginToappWithrequiredCredentials -->
  <testcase name="loginToappWithrequiredCredentials" time="0.002" classname="com.test.automation.uiAutomation.Fee.TC_Masters.Tc_Masters_Fee_Installment_MasterInstallment">
    <skipped/>
  </testcase> <!-- loginToappWithrequiredCredentials -->
  <testcase name="tcEnterNameForSelectedNoOfInstallment" time="60.382" classname="com.test.automation.uiAutomation.Fee.TC_Masters.Tc_Masters_Fee_Installment_MasterInstallment"/>
  <testcase name="loginToappWithrequiredCredentials" time="0.001" classname="com.test.automation.uiAutomation.Fee.TC_Masters.Tc_Masters_Fee_Installment_MasterInstallment">
    <skipped/>
  </testcase> <!-- loginToappWithrequiredCredentials -->
  <testcase name="tcVerifyFeeInstallmentGridIsPresent" time="1.316" classname="com.test.automation.uiAutomation.Fee.TC_Masters.Tc_Masters_Fee_Installment_MasterInstallment"/>
  <testcase name="tcClickOnSaveButton" time="2.362" classname="com.test.automation.uiAutomation.Fee.TC_Masters.Tc_Masters_Fee_Installment_MasterInstallment"/>
  <testcase name="tcVerifySuccessfulPopUp" time="60.304" classname="com.test.automation.uiAutomation.Fee.TC_Masters.Tc_Masters_Fee_Installment_MasterInstallment">
    <failure type="java.lang.AssertionError" message="expected [true] but found [false]">
      <![CDATA[java.lang.AssertionError: expected [true] but found [false]
	at org.testng.Assert.fail(Assert.java:94)
	at org.testng.Assert.failNotEquals(Assert.java:513)
	at org.testng.Assert.assertEqualsImpl(Assert.java:135)
	at org.testng.Assert.assertEquals(Assert.java:116)
	at org.testng.Assert.assertEquals(Assert.java:305)
	at org.testng.Assert.assertEquals(Assert.java:315)
	at com.test.automation.uiAutomation.Fee.TC_Masters.Tc_Masters_Fee_Installment_MasterInstallment.tcVerifySuccessfulPopUp(Tc_Masters_Fee_Installment_MasterInstallment.java:198)
	at sun.reflect.NativeMethodAccessorImpl.invoke0(Native Method)
	at sun.reflect.NativeMethodAccessorImpl.invoke(Unknown Source)
	at sun.reflect.DelegatingMethodAccessorImpl.invoke(Unknown Source)
	at java.lang.reflect.Method.invoke(Unknown Source)
	at org.testng.internal.MethodInvocationHelper.invokeMethod(MethodInvocationHelper.java:104)
	at org.testng.internal.Invoker.invokeMethod(Invoker.java:645)
	at org.testng.internal.Invoker.invokeTestMethod(Invoker.java:851)
	at org.testng.internal.Invoker.invokeTestMethods(Invoker.java:1177)
	at org.testng.internal.TestMethodWorker.invokeTestMethods(TestMethodWorker.java:129)
	at org.testng.internal.TestMethodWorker.run(TestMethodWorker.java:112)
	at org.testng.TestRunner.privateRun(TestRunner.java:756)
	at org.testng.TestRunner.run(TestRunner.java:610)
	at org.testng.SuiteRunner.runTest(SuiteRunner.java:387)
	at org.testng.SuiteRunner.runSequentially(SuiteRunner.java:382)
	at org.testng.SuiteRunner.privateRun(SuiteRunner.java:340)
	at org.testng.SuiteRunner.run(SuiteRunner.java:289)
	at org.testng.SuiteRunnerWorker.runSuite(SuiteRunnerWorker.java:52)
	at org.testng.SuiteRunnerWorker.run(SuiteRunnerWorker.java:86)
	at org.testng.TestNG.runSuitesSequentially(TestNG.java:1293)
	at org.testng.TestNG.runSuitesLocally(TestNG.java:1218)
	at org.testng.TestNG.runSuites(TestNG.java:1133)
	at org.testng.TestNG.run(TestNG.java:1104)
	at org.testng.remote.AbstractRemoteTestNG.run(AbstractRemoteTestNG.java:132)
	at org.testng.remote.RemoteTestNG.initAndRun(RemoteTestNG.java:230)
	at org.testng.remote.RemoteTestNG.main(RemoteTestNG.java:76)
]]>
    </failure>
  </testcase> <!-- tcVerifySuccessfulPopUp -->
  <testcase name="loginToappWithrequiredCredentials" time="20.011" classname="com.test.automation.uiAutomation.Fee.TC_Masters.Tc_Masters_Fee_Installment_MasterInstallment"/>
  <testcase name="loginToappWithrequiredCredentials" time="0.002" classname="com.test.automation.uiAutomation.Fee.TC_Masters.Tc_Masters_Fee_Installment_MasterInstallment">
    <skipped/>
  </testcase> <!-- loginToappWithrequiredCredentials -->
  <testcase name="tcClickOnSuccessOkBtn" time="60.280" classname="com.test.automation.uiAutomation.Fee.TC_Masters.Tc_Masters_Fee_Installment_MasterInstallment"/>
  <testcase name="tcVerifyFeeInstallmentScreen" time="1.325" classname="com.test.automation.uiAutomation.Fee.TC_Masters.Tc_Masters_Fee_Installment_MasterInstallment"/>
  <testcase name="tcMasterInstallmentNameAndType" time="5.001" classname="com.test.automation.uiAutomation.Fee.TC_Masters.Tc_Masters_Fee_Installment_MasterInstallment"/>
  <testcase name="tcHomeButtonValidation" time="0.308" classname="com.test.automation.uiAutomation.Fee.TC_Masters.Tc_Masters_Fee_Installment_MasterInstallment"/>
  <testcase name="tcNevigateToFeeInstallment_MasterInstallment" time="5.182" classname="com.test.automation.uiAutomation.Fee.TC_Masters.Tc_Masters_Fee_Installment_MasterInstallment"/>
</testsuite> <!-- com.test.automation.uiAutomation.Fee.TC_Masters.Tc_Masters_Fee_Installment_MasterInstallment -->
