<?xml version="1.0" encoding="UTF-8"?>
<!-- Generated by org.testng.reporters.JUnitReportReporter -->
<testsuite name="com.test.automation.uiAutomation.admission.masters.TC_Masters_Government_Bond" tests="34" time="0.000" ignored="0" failures="0" timestamp="02 Apr 2018 10:38:08 GMT" skipped="34" hostname="DESKTOP-DISLHD4" errors="0">
  <testcase name="tcClearGovernmentBondInfoData" time="0.000" classname="com.test.automation.uiAutomation.admission.masters.TC_Masters_Government_Bond">
    <skipped/>
  </testcase> <!-- tcClearGovernmentBondInfoData -->
  <testcase name="tcDeleteGovernmentBond" time="0.000" classname="com.test.automation.uiAutomation.admission.masters.TC_Masters_Government_Bond">
    <skipped/>
  </testcase> <!-- tcDeleteGovernmentBond -->
  <testcase name="loginToappWithrequiredCredentials" time="0.000" classname="com.test.automation.uiAutomation.admission.masters.TC_Masters_Government_Bond">
    <skipped/>
  </testcase> <!-- loginToappWithrequiredCredentials -->
  <testcase name="tcSubmitBlankGovernmentBondForm" time="0.000" classname="com.test.automation.uiAutomation.admission.masters.TC_Masters_Government_Bond">
    <skipped/>
  </testcase> <!-- tcSubmitBlankGovernmentBondForm -->
  <testcase name="tcSaveGovernmentBondInfoData_AfterDelete" time="0.000" classname="com.test.automation.uiAutomation.admission.masters.TC_Masters_Government_Bond">
    <skipped/>
  </testcase> <!-- tcSaveGovernmentBondInfoData_AfterDelete -->
  <testcase name="tcClickOnOkSuccessButton_AfterDelete" time="0.000" classname="com.test.automation.uiAutomation.admission.masters.TC_Masters_Government_Bond">
    <skipped/>
  </testcase> <!-- tcClickOnOkSuccessButton_AfterDelete -->
  <testcase name="tcMaximizeGovernmentBondList" time="0.000" classname="com.test.automation.uiAutomation.admission.masters.TC_Masters_Government_Bond">
    <skipped/>
  </testcase> <!-- tcMaximizeGovernmentBondList -->
  <testcase name="loginToappWithrequiredCredentials" time="0.000" classname="com.test.automation.uiAutomation.admission.masters.TC_Masters_Government_Bond">
    <skipped/>
  </testcase> <!-- loginToappWithrequiredCredentials -->
  <testcase name="tcMaximizeMasterGovernmentBond" time="0.000" classname="com.test.automation.uiAutomation.admission.masters.TC_Masters_Government_Bond">
    <skipped/>
  </testcase> <!-- tcMaximizeMasterGovernmentBond -->
  <testcase name="tcClickOnOkSuccessButton_cancel" time="0.000" classname="com.test.automation.uiAutomation.admission.masters.TC_Masters_Government_Bond">
    <skipped/>
  </testcase> <!-- tcClickOnOkSuccessButton_cancel -->
  <testcase name="tcVerifyMasters_GovernmentBond_BGHSPage" time="0.000" classname="com.test.automation.uiAutomation.admission.masters.TC_Masters_Government_Bond">
    <skipped/>
  </testcase> <!-- tcVerifyMasters_GovernmentBond_BGHSPage -->
  <testcase name="tcSortByBondName" time="0.000" classname="com.test.automation.uiAutomation.admission.masters.TC_Masters_Government_Bond">
    <skipped/>
  </testcase> <!-- tcSortByBondName -->
  <testcase name="loginToappWithrequiredCredentials" time="0.000" classname="com.test.automation.uiAutomation.admission.masters.TC_Masters_Government_Bond">
    <skipped/>
  </testcase> <!-- loginToappWithrequiredCredentials -->
  <testcase name="tcEnterMasterGovernmentBondDetailsData" time="0.000" classname="com.test.automation.uiAutomation.admission.masters.TC_Masters_Government_Bond">
    <skipped/>
  </testcase> <!-- tcEnterMasterGovernmentBondDetailsData -->
  <testcase name="tcSearchWithGovernmentBondNameInTheGrid" time="0.000" classname="com.test.automation.uiAutomation.admission.masters.TC_Masters_Government_Bond">
    <skipped/>
  </testcase> <!-- tcSearchWithGovernmentBondNameInTheGrid -->
  <testcase name="tcClickOnOkSuccessButton_delete" time="0.000" classname="com.test.automation.uiAutomation.admission.masters.TC_Masters_Government_Bond">
    <skipped/>
  </testcase> <!-- tcClickOnOkSuccessButton_delete -->
  <testcase name="tcEnterMasterGovernmentBondDetailsData_AfterClear" time="0.000" classname="com.test.automation.uiAutomation.admission.masters.TC_Masters_Government_Bond">
    <skipped/>
  </testcase> <!-- tcEnterMasterGovernmentBondDetailsData_AfterClear -->
  <testcase name="tcSearchWithGovernmentBondNameInTheGrid_delete" time="0.000" classname="com.test.automation.uiAutomation.admission.masters.TC_Masters_Government_Bond">
    <skipped/>
  </testcase> <!-- tcSearchWithGovernmentBondNameInTheGrid_delete -->
  <testcase name="tcEnterMasterGovernmentBondDetailsData_AfterDelete" time="0.000" classname="com.test.automation.uiAutomation.admission.masters.TC_Masters_Government_Bond">
    <skipped/>
  </testcase> <!-- tcEnterMasterGovernmentBondDetailsData_AfterDelete -->
  <testcase name="tcClickOnCancelButton" time="0.000" classname="com.test.automation.uiAutomation.admission.masters.TC_Masters_Government_Bond">
    <skipped/>
  </testcase> <!-- tcClickOnCancelButton -->
  <testcase name="tcSaveGovernmentBondInfoData" time="0.000" classname="com.test.automation.uiAutomation.admission.masters.TC_Masters_Government_Bond">
    <skipped/>
  </testcase> <!-- tcSaveGovernmentBondInfoData -->
  <testcase name="tcMinimizeGovernmentBondList" time="0.000" classname="com.test.automation.uiAutomation.admission.masters.TC_Masters_Government_Bond">
    <skipped/>
  </testcase> <!-- tcMinimizeGovernmentBondList -->
  <testcase name="tcClickOnOkSuccessButton_Edit" time="0.000" classname="com.test.automation.uiAutomation.admission.masters.TC_Masters_Government_Bond">
    <skipped/>
  </testcase> <!-- tcClickOnOkSuccessButton_Edit -->
  <testcase name="tcDeleteGovernmentBond_AfterCancel" time="0.000" classname="com.test.automation.uiAutomation.admission.masters.TC_Masters_Government_Bond">
    <skipped/>
  </testcase> <!-- tcDeleteGovernmentBond_AfterCancel -->
  <testcase name="tcNavigateToAdmission_Masters_GovernmentBond_BGHS" time="0.000" classname="com.test.automation.uiAutomation.admission.masters.TC_Masters_Government_Bond">
    <skipped/>
  </testcase> <!-- tcNavigateToAdmission_Masters_GovernmentBond_BGHS -->
  <testcase name="tcClickOnOkSuccessButton" time="0.000" classname="com.test.automation.uiAutomation.admission.masters.TC_Masters_Government_Bond">
    <skipped/>
  </testcase> <!-- tcClickOnOkSuccessButton -->
  <testcase name="tcEditGovernmentBond" time="0.000" classname="com.test.automation.uiAutomation.admission.masters.TC_Masters_Government_Bond">
    <skipped/>
  </testcase> <!-- tcEditGovernmentBond -->
  <testcase name="loginToappWithrequiredCredentials" time="0.000" classname="com.test.automation.uiAutomation.admission.masters.TC_Masters_Government_Bond">
    <skipped/>
  </testcase> <!-- loginToappWithrequiredCredentials -->
  <testcase name="tcYesDeleteOrDeactivateOrActivateIt" time="0.000" classname="com.test.automation.uiAutomation.admission.masters.TC_Masters_Government_Bond">
    <skipped/>
  </testcase> <!-- tcYesDeleteOrDeactivateOrActivateIt -->
  <testcase name="tcHomeButtonValidation" time="0.000" classname="com.test.automation.uiAutomation.admission.masters.TC_Masters_Government_Bond">
    <skipped/>
  </testcase> <!-- tcHomeButtonValidation -->
  <testcase name="loginToappWithrequiredCredentials" time="0.000" classname="com.test.automation.uiAutomation.admission.masters.TC_Masters_Government_Bond">
    <skipped/>
  </testcase> <!-- loginToappWithrequiredCredentials -->
  <testcase name="tcMinimizeMasterGovernmentBond" time="0.000" classname="com.test.automation.uiAutomation.admission.masters.TC_Masters_Government_Bond">
    <skipped/>
  </testcase> <!-- tcMinimizeMasterGovernmentBond -->
  <testcase name="tcSaveGovernmentBondInfoData_Edit" time="0.000" classname="com.test.automation.uiAutomation.admission.masters.TC_Masters_Government_Bond">
    <skipped/>
  </testcase> <!-- tcSaveGovernmentBondInfoData_Edit -->
  <testcase name="tcVerifyBondNameInTheGrid" time="0.000" classname="com.test.automation.uiAutomation.admission.masters.TC_Masters_Government_Bond">
    <skipped/>
  </testcase> <!-- tcVerifyBondNameInTheGrid -->
</testsuite> <!-- com.test.automation.uiAutomation.admission.masters.TC_Masters_Government_Bond -->
