<?xml version="1.0" encoding="UTF-8"?>
<!-- Generated by org.testng.reporters.JUnitReportReporter -->
<testsuite name="com.test.automation.uiAutomation.admission.masters.TC_Masters_Active_Deactive_Students" tests="36" time="20.100" ignored="0" failures="0" timestamp="02 Apr 2018 10:38:08 GMT" skipped="35" hostname="DESKTOP-DISLHD4" errors="0">
  <testcase name="tcSelect_DeActiveStudent_RadioButton_ToActivate" time="0.000" classname="com.test.automation.uiAutomation.admission.masters.TC_Masters_Active_Deactive_Students">
    <skipped/>
  </testcase> <!-- tcSelect_DeActiveStudent_RadioButton_ToActivate -->
  <testcase name="tcMaximizeActivateDeactivateStudent" time="0.000" classname="com.test.automation.uiAutomation.admission.masters.TC_Masters_Active_Deactive_Students">
    <skipped/>
  </testcase> <!-- tcMaximizeActivateDeactivateStudent -->
  <testcase name="loginToappWithrequiredCredentials" time="0.001" classname="com.test.automation.uiAutomation.admission.masters.TC_Masters_Active_Deactive_Students">
    <skipped/>
  </testcase> <!-- loginToappWithrequiredCredentials -->
  <testcase name="tcHomeButtonValidation" time="0.000" classname="com.test.automation.uiAutomation.admission.masters.TC_Masters_Active_Deactive_Students">
    <skipped/>
  </testcase> <!-- tcHomeButtonValidation -->
  <testcase name="tcClickOnOkSuccessButton_ToActivate" time="0.000" classname="com.test.automation.uiAutomation.admission.masters.TC_Masters_Active_Deactive_Students">
    <skipped/>
  </testcase> <!-- tcClickOnOkSuccessButton_ToActivate -->
  <testcase name="tcFillActiveDeactiveStudentForm_ToDeactivate" time="0.000" classname="com.test.automation.uiAutomation.admission.masters.TC_Masters_Active_Deactive_Students">
    <skipped/>
  </testcase> <!-- tcFillActiveDeactiveStudentForm_ToDeactivate -->
  <testcase name="tcSelect_ActiveStudent_RadioButton_ToDeactivate" time="0.000" classname="com.test.automation.uiAutomation.admission.masters.TC_Masters_Active_Deactive_Students">
    <skipped/>
  </testcase> <!-- tcSelect_ActiveStudent_RadioButton_ToDeactivate -->
  <testcase name="tcSelect_ActivateStudent_checkBox_ToActivate" time="0.000" classname="com.test.automation.uiAutomation.admission.masters.TC_Masters_Active_Deactive_Students">
    <skipped/>
  </testcase> <!-- tcSelect_ActivateStudent_checkBox_ToActivate -->
  <testcase name="tcSelect_DeActivateStudent_checkBox" time="0.000" classname="com.test.automation.uiAutomation.admission.masters.TC_Masters_Active_Deactive_Students">
    <skipped/>
  </testcase> <!-- tcSelect_DeActivateStudent_checkBox -->
  <testcase name="tcSelect_ActiveStudent_RadioButton" time="0.000" classname="com.test.automation.uiAutomation.admission.masters.TC_Masters_Active_Deactive_Students">
    <skipped/>
  </testcase> <!-- tcSelect_ActiveStudent_RadioButton -->
  <testcase name="loginToappWithrequiredCredentials" time="20.098" classname="com.test.automation.uiAutomation.admission.masters.TC_Masters_Active_Deactive_Students"/>
  <testcase name="tcClearFilledActiveDeactiveStudentForm" time="0.000" classname="com.test.automation.uiAutomation.admission.masters.TC_Masters_Active_Deactive_Students">
    <skipped/>
  </testcase> <!-- tcClearFilledActiveDeactiveStudentForm -->
  <testcase name="loginToappWithrequiredCredentials" time="0.000" classname="com.test.automation.uiAutomation.admission.masters.TC_Masters_Active_Deactive_Students">
    <skipped/>
  </testcase> <!-- loginToappWithrequiredCredentials -->
  <testcase name="loginToappWithrequiredCredentials" time="0.001" classname="com.test.automation.uiAutomation.admission.masters.TC_Masters_Active_Deactive_Students">
    <skipped/>
  </testcase> <!-- loginToappWithrequiredCredentials -->
  <testcase name="tcVerifyAdmissionMasters_ActiveDeactiveStudent_BGHSPage" time="0.000" classname="com.test.automation.uiAutomation.admission.masters.TC_Masters_Active_Deactive_Students">
    <skipped/>
  </testcase> <!-- tcVerifyAdmissionMasters_ActiveDeactiveStudent_BGHSPage -->
  <testcase name="tcSearchWithAdmissionNumber_ActivateDeactivateStudentListGrid" time="0.000" classname="com.test.automation.uiAutomation.admission.masters.TC_Masters_Active_Deactive_Students">
    <skipped/>
  </testcase> <!-- tcSearchWithAdmissionNumber_ActivateDeactivateStudentListGrid -->
  <testcase name="tcVerifyStudent_ForActiveDeactiveInGrid_ToDeactivate" time="0.000" classname="com.test.automation.uiAutomation.admission.masters.TC_Masters_Active_Deactive_Students">
    <skipped/>
  </testcase> <!-- tcVerifyStudent_ForActiveDeactiveInGrid_ToDeactivate -->
  <testcase name="tcSelectStudentForActivateDeactivate" time="0.000" classname="com.test.automation.uiAutomation.admission.masters.TC_Masters_Active_Deactive_Students">
    <skipped/>
  </testcase> <!-- tcSelectStudentForActivateDeactivate -->
  <testcase name="tcSelectStudentForActivateDeactivate_ToDeactivate" time="0.000" classname="com.test.automation.uiAutomation.admission.masters.TC_Masters_Active_Deactive_Students">
    <skipped/>
  </testcase> <!-- tcSelectStudentForActivateDeactivate_ToDeactivate -->
  <testcase name="tcSaveFilledActiveDeactiveStudentForm_ToActivate" time="0.000" classname="com.test.automation.uiAutomation.admission.masters.TC_Masters_Active_Deactive_Students">
    <skipped/>
  </testcase> <!-- tcSaveFilledActiveDeactiveStudentForm_ToActivate -->
  <testcase name="loginToappWithrequiredCredentials" time="0.000" classname="com.test.automation.uiAutomation.admission.masters.TC_Masters_Active_Deactive_Students">
    <skipped/>
  </testcase> <!-- loginToappWithrequiredCredentials -->
  <testcase name="tcSelectStudentForActivateDeactivate_ToActivate" time="0.000" classname="com.test.automation.uiAutomation.admission.masters.TC_Masters_Active_Deactive_Students">
    <skipped/>
  </testcase> <!-- tcSelectStudentForActivateDeactivate_ToActivate -->
  <testcase name="tcSearchWithAdmissionNumber_ActivateDeactivateStudentListGrid_ToActivate" time="0.000" classname="com.test.automation.uiAutomation.admission.masters.TC_Masters_Active_Deactive_Students">
    <skipped/>
  </testcase> <!-- tcSearchWithAdmissionNumber_ActivateDeactivateStudentListGrid_ToActivate -->
  <testcase name="tcMinimizeActiveDeactiveStudent" time="0.000" classname="com.test.automation.uiAutomation.admission.masters.TC_Masters_Active_Deactive_Students">
    <skipped/>
  </testcase> <!-- tcMinimizeActiveDeactiveStudent -->
  <testcase name="tcMaximizeActiveDeactiveStudent" time="0.000" classname="com.test.automation.uiAutomation.admission.masters.TC_Masters_Active_Deactive_Students">
    <skipped/>
  </testcase> <!-- tcMaximizeActiveDeactiveStudent -->
  <testcase name="tcSaveFilledActiveDeactiveStudentForm_ToDeactivate" time="0.000" classname="com.test.automation.uiAutomation.admission.masters.TC_Masters_Active_Deactive_Students">
    <skipped/>
  </testcase> <!-- tcSaveFilledActiveDeactiveStudentForm_ToDeactivate -->
  <testcase name="tcClickOnOkSuccessButton_ToDeactivate" time="0.000" classname="com.test.automation.uiAutomation.admission.masters.TC_Masters_Active_Deactive_Students">
    <skipped/>
  </testcase> <!-- tcClickOnOkSuccessButton_ToDeactivate -->
  <testcase name="tcSelect_DeActivateStudent_checkBox_ToDeactivate" time="0.000" classname="com.test.automation.uiAutomation.admission.masters.TC_Masters_Active_Deactive_Students">
    <skipped/>
  </testcase> <!-- tcSelect_DeActivateStudent_checkBox_ToDeactivate -->
  <testcase name="tcVerifyStudent_ForActiveDeactiveInGrid_ToActivate" time="0.000" classname="com.test.automation.uiAutomation.admission.masters.TC_Masters_Active_Deactive_Students">
    <skipped/>
  </testcase> <!-- tcVerifyStudent_ForActiveDeactiveInGrid_ToActivate -->
  <testcase name="tcMinimizeActivateDeactivateStudent" time="0.000" classname="com.test.automation.uiAutomation.admission.masters.TC_Masters_Active_Deactive_Students">
    <skipped/>
  </testcase> <!-- tcMinimizeActivateDeactivateStudent -->
  <testcase name="tcSubmitBlank_ActiveDeactiveStudentForm" time="0.000" classname="com.test.automation.uiAutomation.admission.masters.TC_Masters_Active_Deactive_Students">
    <skipped/>
  </testcase> <!-- tcSubmitBlank_ActiveDeactiveStudentForm -->
  <testcase name="tcVerifyStudent_ForActiveDeactiveInGrid" time="0.000" classname="com.test.automation.uiAutomation.admission.masters.TC_Masters_Active_Deactive_Students">
    <skipped/>
  </testcase> <!-- tcVerifyStudent_ForActiveDeactiveInGrid -->
  <testcase name="tcNavigateToAdmission_Masters_ActiveDeactiveStudent_BGHS" time="0.000" classname="com.test.automation.uiAutomation.admission.masters.TC_Masters_Active_Deactive_Students">
    <skipped/>
  </testcase> <!-- tcNavigateToAdmission_Masters_ActiveDeactiveStudent_BGHS -->
  <testcase name="tcFillActiveDeactiveStudentForm_ToActivate" time="0.000" classname="com.test.automation.uiAutomation.admission.masters.TC_Masters_Active_Deactive_Students">
    <skipped/>
  </testcase> <!-- tcFillActiveDeactiveStudentForm_ToActivate -->
  <testcase name="tcSearchWithAdmissionNumber_ActivateDeactivateStudentListGrid_ToDeactivate" time="0.000" classname="com.test.automation.uiAutomation.admission.masters.TC_Masters_Active_Deactive_Students">
    <skipped/>
  </testcase> <!-- tcSearchWithAdmissionNumber_ActivateDeactivateStudentListGrid_ToDeactivate -->
  <testcase name="tcFillActiveDeactiveStudentForm" time="0.000" classname="com.test.automation.uiAutomation.admission.masters.TC_Masters_Active_Deactive_Students">
    <skipped/>
  </testcase> <!-- tcFillActiveDeactiveStudentForm -->
</testsuite> <!-- com.test.automation.uiAutomation.admission.masters.TC_Masters_Active_Deactive_Students -->
