<?xml version="1.0" encoding="UTF-8"?>
<!-- Generated by org.testng.reporters.JUnitReportReporter -->
<testsuite name="testPackageforNonworkingFuc.TestRunnerClass1" tests="5" time="19.635" ignored="0" failures="0" timestamp="08 Mar 2018 06:27:18 GMT" skipped="4" hostname="DESKTOP-DISLHD4" errors="0">
  <testcase name="loginToappWithrequiredCredentials" time="0.000" classname="testPackageforNonworkingFuc.TestRunnerClass1">
    <skipped/>
  </testcase> <!-- loginToappWithrequiredCredentials -->
  <testcase name="loginToappWithrequiredCredentials" time="0.000" classname="testPackageforNonworkingFuc.TestRunnerClass1">
    <skipped/>
  </testcase> <!-- loginToappWithrequiredCredentials -->
  <testcase name="loginToappWithrequiredCredentials" time="0.002" classname="testPackageforNonworkingFuc.TestRunnerClass1">
    <skipped/>
  </testcase> <!-- loginToappWithrequiredCredentials -->
  <testcase name="loginToappWithrequiredCredentials" time="0.003" classname="testPackageforNonworkingFuc.TestRunnerClass1">
    <skipped/>
  </testcase> <!-- loginToappWithrequiredCredentials -->
  <testcase name="loginToappWithrequiredCredentials" time="19.630" classname="testPackageforNonworkingFuc.TestRunnerClass1"/>
</testsuite> <!-- testPackageforNonworkingFuc.TestRunnerClass1 -->
