<?xml version="1.0" encoding="UTF-8"?>
<!-- Generated by org.testng.reporters.JUnitReportReporter -->
<testsuite name="com.test.automation.uiAutomation.studentRegistrationSelf.Tc_SelfRegistrationProductionBGHS" tests="8" time="35.369" ignored="0" failures="0" timestamp="05 Jan 2018 12:46:50 GMT" skipped="4" hostname="vaps-PC" errors="0">
  <testcase name="fillRegistrationFormWithDifferentStudent" time="0.007" classname="com.test.automation.uiAutomation.studentRegistrationSelf.Tc_SelfRegistrationProductionBGHS">
    <skipped/>
  </testcase> <!-- fillRegistrationFormWithDifferentStudent -->
  <testcase name="fillRegistrationFormWithDifferentStudent" time="0.005" classname="com.test.automation.uiAutomation.studentRegistrationSelf.Tc_SelfRegistrationProductionBGHS">
    <skipped/>
  </testcase> <!-- fillRegistrationFormWithDifferentStudent -->
  <testcase name="verifySuccessmessageOkButton" time="0.820" classname="com.test.automation.uiAutomation.studentRegistrationSelf.Tc_SelfRegistrationProductionBGHS"/>
  <testcase name="fillRegistrationFormWithDifferentStudent" time="0.007" classname="com.test.automation.uiAutomation.studentRegistrationSelf.Tc_SelfRegistrationProductionBGHS">
    <skipped/>
  </testcase> <!-- fillRegistrationFormWithDifferentStudent -->
  <testcase name="verifyCancelButton" time="5.149" classname="com.test.automation.uiAutomation.studentRegistrationSelf.Tc_SelfRegistrationProductionBGHS"/>
  <testcase name="verifyRegisterButton" time="2.846" classname="com.test.automation.uiAutomation.studentRegistrationSelf.Tc_SelfRegistrationProductionBGHS"/>
  <testcase name="fillRegistrationFormWithDifferentStudent" time="0.042" classname="com.test.automation.uiAutomation.studentRegistrationSelf.Tc_SelfRegistrationProductionBGHS">
    <skipped/>
  </testcase> <!-- fillRegistrationFormWithDifferentStudent -->
  <testcase name="fillRegistrationFormWithDifferentStudent" time="26.493" classname="com.test.automation.uiAutomation.studentRegistrationSelf.Tc_SelfRegistrationProductionBGHS"/>
</testsuite> <!-- com.test.automation.uiAutomation.studentRegistrationSelf.Tc_SelfRegistrationProductionBGHS -->
