<?xml version="1.0" encoding="UTF-8"?>
<!-- Generated by org.testng.reporters.JUnitReportReporter -->
<testsuite name="com.test.automation.uiAutomation.admission.masters.TC_Masters_Master_Subject" tests="55" time="290.581" ignored="0" failures="0" timestamp="12 Mar 2018 10:32:27 GMT" skipped="4" hostname="DESKTOP-DISLHD4" errors="0">
  <testcase name="tcSearchWithSubjectNameInTheGrid_ForDeactivate" time="0.877" classname="com.test.automation.uiAutomation.admission.masters.TC_Masters_Master_Subject"/>
  <testcase name="tcSubmitFilledMasterSubjectForm_Edit" time="15.397" classname="com.test.automation.uiAutomation.admission.masters.TC_Masters_Master_Subject"/>
  <testcase name="tcEditMasterSubject" time="5.370" classname="com.test.automation.uiAutomation.admission.masters.TC_Masters_Master_Subject"/>
  <testcase name="tcEnterMasterSubjectFormDetails_Without_PreAdmissionFlag" time="5.417" classname="com.test.automation.uiAutomation.admission.masters.TC_Masters_Master_Subject"/>
  <testcase name="loginToappWithrequiredCredentials" time="0.001" classname="com.test.automation.uiAutomation.admission.masters.TC_Masters_Master_Subject">
    <skipped/>
  </testcase> <!-- loginToappWithrequiredCredentials -->
  <testcase name="tcClickOnOkSuccessButton_activate" time="2.325" classname="com.test.automation.uiAutomation.admission.masters.TC_Masters_Master_Subject"/>
  <testcase name="tcYesDeleteOrDeactivateOrActivateIt_deactivate" time="15.406" classname="com.test.automation.uiAutomation.admission.masters.TC_Masters_Master_Subject"/>
  <testcase name="tcClickOnCancelButton_activate" time="15.365" classname="com.test.automation.uiAutomation.admission.masters.TC_Masters_Master_Subject"/>
  <testcase name="tcSelect_PreAdmissionFlag_WrittenForm_AfterClear" time="4.421" classname="com.test.automation.uiAutomation.admission.masters.TC_Masters_Master_Subject"/>
  <testcase name="tcClickOnOkSuccessButton_Without_PreAdmissionFlag" time="2.343" classname="com.test.automation.uiAutomation.admission.masters.TC_Masters_Master_Subject"/>
  <testcase name="tcClearMasterSubjectInfoData" time="10.456" classname="com.test.automation.uiAutomation.admission.masters.TC_Masters_Master_Subject"/>
  <testcase name="tcMaximizeMasterSubject" time="2.328" classname="com.test.automation.uiAutomation.admission.masters.TC_Masters_Master_Subject"/>
  <testcase name="tcSetSubjectOrder" time="0.499" classname="com.test.automation.uiAutomation.admission.masters.TC_Masters_Master_Subject"/>
  <testcase name="tcEnterMasterSubjectFormDetails_forPreAdmissionFlag_Written" time="5.268" classname="com.test.automation.uiAutomation.admission.masters.TC_Masters_Master_Subject"/>
  <testcase name="tcSelect_PreAdmissionFlag_OralForm" time="4.542" classname="com.test.automation.uiAutomation.admission.masters.TC_Masters_Master_Subject"/>
  <testcase name="tcSelect_PreAdmissionFlag_WrittenForm" time="4.497" classname="com.test.automation.uiAutomation.admission.masters.TC_Masters_Master_Subject"/>
  <testcase name="tcHomeButtonValidation" time="7.304" classname="com.test.automation.uiAutomation.admission.masters.TC_Masters_Master_Subject"/>
  <testcase name="tcSubmitFilledMasterSubjectForm_Oral" time="15.383" classname="com.test.automation.uiAutomation.admission.masters.TC_Masters_Master_Subject"/>
  <testcase name="tcDeactivateMasterSubject_AfterCancel" time="5.402" classname="com.test.automation.uiAutomation.admission.masters.TC_Masters_Master_Subject"/>
  <testcase name="tcVerifySubjectNameInTheGrid" time="0.308" classname="com.test.automation.uiAutomation.admission.masters.TC_Masters_Master_Subject"/>
  <testcase name="loginToappWithrequiredCredentials" time="0.002" classname="com.test.automation.uiAutomation.admission.masters.TC_Masters_Master_Subject">
    <skipped/>
  </testcase> <!-- loginToappWithrequiredCredentials -->
  <testcase name="loginToappWithrequiredCredentials" time="20.853" classname="com.test.automation.uiAutomation.admission.masters.TC_Masters_Master_Subject"/>
  <testcase name="tcSearchWithSubjectNameInTheGrid" time="0.817" classname="com.test.automation.uiAutomation.admission.masters.TC_Masters_Master_Subject"/>
  <testcase name="tcClickOnOkSuccessButton_Oral" time="2.344" classname="com.test.automation.uiAutomation.admission.masters.TC_Masters_Master_Subject"/>
  <testcase name="tcClickOnSetOrder_AfterClose" time="0.437" classname="com.test.automation.uiAutomation.admission.masters.TC_Masters_Master_Subject"/>
  <testcase name="tcClickOnOkSuccessButton_activateCancel" time="2.331" classname="com.test.automation.uiAutomation.admission.masters.TC_Masters_Master_Subject"/>
  <testcase name="tcClickOnOkSuccessButton_Written" time="2.351" classname="com.test.automation.uiAutomation.admission.masters.TC_Masters_Master_Subject"/>
  <testcase name="tcSubmitFilledMasterSubjectForm_Written" time="15.394" classname="com.test.automation.uiAutomation.admission.masters.TC_Masters_Master_Subject"/>
  <testcase name="tcCloseSetSubjectOrderPopUpWindow" time="0.416" classname="com.test.automation.uiAutomation.admission.masters.TC_Masters_Master_Subject"/>
  <testcase name="tcClickOnOkSuccessButton_Edit" time="2.328" classname="com.test.automation.uiAutomation.admission.masters.TC_Masters_Master_Subject"/>
  <testcase name="tcMinimizeMasterSubject" time="2.347" classname="com.test.automation.uiAutomation.admission.masters.TC_Masters_Master_Subject"/>
  <testcase name="tcEnterMasterSubjectFormDetails_forPreAdmissionFlag_Oral" time="5.184" classname="com.test.automation.uiAutomation.admission.masters.TC_Masters_Master_Subject"/>
  <testcase name="tcNavigateToAdmission_Masters_MasterSubject_BGHS" time="1.595" classname="com.test.automation.uiAutomation.admission.masters.TC_Masters_Master_Subject"/>
  <testcase name="tcVerifyMasters_MasterSubject_BGHSPage" time="1.401" classname="com.test.automation.uiAutomation.admission.masters.TC_Masters_Master_Subject"/>
  <testcase name="tcClickOnSetOrder" time="0.383" classname="com.test.automation.uiAutomation.admission.masters.TC_Masters_Master_Subject"/>
  <testcase name="tcSetSubjectOrder_AfterClose" time="0.531" classname="com.test.automation.uiAutomation.admission.masters.TC_Masters_Master_Subject"/>
  <testcase name="tcMaximizeMasterSubjectList" time="2.323" classname="com.test.automation.uiAutomation.admission.masters.TC_Masters_Master_Subject"/>
  <testcase name="tcYesDeleteOrDeactivateOrActivateIt_Activate" time="15.382" classname="com.test.automation.uiAutomation.admission.masters.TC_Masters_Master_Subject"/>
  <testcase name="tcActivateMasterSubject_AfterCancel" time="5.406" classname="com.test.automation.uiAutomation.admission.masters.TC_Masters_Master_Subject"/>
  <testcase name="tcMinimizeMasterSubjectList" time="2.349" classname="com.test.automation.uiAutomation.admission.masters.TC_Masters_Master_Subject"/>
  <testcase name="tcSearchWithSubjectNameInTheGrid_ForDeactivate_AfterCancel" time="0.832" classname="com.test.automation.uiAutomation.admission.masters.TC_Masters_Master_Subject"/>
  <testcase name="tcClickOnOkSuccessButton_deactivate" time="2.343" classname="com.test.automation.uiAutomation.admission.masters.TC_Masters_Master_Subject"/>
  <testcase name="loginToappWithrequiredCredentials" time="0.001" classname="com.test.automation.uiAutomation.admission.masters.TC_Masters_Master_Subject">
    <skipped/>
  </testcase> <!-- loginToappWithrequiredCredentials -->
  <testcase name="tcEnterMasterSubjectFormDetails_forPreAdmissionFlag_Written_AfterClear" time="5.199" classname="com.test.automation.uiAutomation.admission.masters.TC_Masters_Master_Subject"/>
  <testcase name="loginToappWithrequiredCredentials" time="0.001" classname="com.test.automation.uiAutomation.admission.masters.TC_Masters_Master_Subject">
    <skipped/>
  </testcase> <!-- loginToappWithrequiredCredentials -->
  <testcase name="tcClickOnCancelButton_deactivate" time="15.386" classname="com.test.automation.uiAutomation.admission.masters.TC_Masters_Master_Subject"/>
  <testcase name="tcSubmitFilledMasterSubjectForm_Without_PreAdmissionFlag" time="15.420" classname="com.test.automation.uiAutomation.admission.masters.TC_Masters_Master_Subject"/>
  <testcase name="tcDeactivateMasterSubject" time="5.413" classname="com.test.automation.uiAutomation.admission.masters.TC_Masters_Master_Subject"/>
  <testcase name="tcClickOnOkSuccessButton_deactivateCancel" time="2.327" classname="com.test.automation.uiAutomation.admission.masters.TC_Masters_Master_Subject"/>
  <testcase name="tcSortBySubjectName" time="3.639" classname="com.test.automation.uiAutomation.admission.masters.TC_Masters_Master_Subject"/>
  <testcase name="tcSubmitBlankMasterSubjectForm" time="15.363" classname="com.test.automation.uiAutomation.admission.masters.TC_Masters_Master_Subject"/>
  <testcase name="tcSearchWithSubjectNameInTheGrid_ForActivate_AfterCancel" time="0.901" classname="com.test.automation.uiAutomation.admission.masters.TC_Masters_Master_Subject"/>
  <testcase name="tcSearchWithSubjectNameInTheGrid_ForActivate" time="0.829" classname="com.test.automation.uiAutomation.admission.masters.TC_Masters_Master_Subject"/>
  <testcase name="tcActivateMasterSubject" time="5.422" classname="com.test.automation.uiAutomation.admission.masters.TC_Masters_Master_Subject"/>
  <testcase name="tcSaveSetSubjectOrderPopUpWindow" time="10.422" classname="com.test.automation.uiAutomation.admission.masters.TC_Masters_Master_Subject"/>
</testsuite> <!-- com.test.automation.uiAutomation.admission.masters.TC_Masters_Master_Subject -->
