<?xml version="1.0" encoding="UTF-8"?>
<!-- Generated by org.testng.reporters.JUnitReportReporter -->
<testsuite name="com.test.automation.uiAutomation.admission.TC_Reports.TC_ClassWise_StudentDetails_Report" tests="63" time="335.895" ignored="0" failures="0" timestamp="24 May 2018 12:09:21 GMT" skipped="36" hostname="Arvind-Susdiny" errors="2">
  <testcase name="tcClickOnPrint_ForPrintPreview_Deactivated" time="0.003" classname="com.test.automation.uiAutomation.admission.TC_Reports.TC_ClassWise_StudentDetails_Report">
    <skipped/>
  </testcase> <!-- tcClickOnPrint_ForPrintPreview_Deactivated -->
  <testcase name="tcSelectStudentForClassWiseStudentDetailsReport_YearLoss" time="0.002" classname="com.test.automation.uiAutomation.admission.TC_Reports.TC_ClassWise_StudentDetails_Report">
    <skipped/>
  </testcase> <!-- tcSelectStudentForClassWiseStudentDetailsReport_YearLoss -->
  <testcase name="tcClickOnExportToExcel_ToDownLoadExcelReport_TotalStudents" time="0.001" classname="com.test.automation.uiAutomation.admission.TC_Reports.TC_ClassWise_StudentDetails_Report">
    <skipped/>
  </testcase> <!-- tcClickOnExportToExcel_ToDownLoadExcelReport_TotalStudents -->
  <testcase name="tcClickOnPrint_ForPrintPreview_Promoted" time="0.000" classname="com.test.automation.uiAutomation.admission.TC_Reports.TC_ClassWise_StudentDetails_Report">
    <skipped/>
  </testcase> <!-- tcClickOnPrint_ForPrintPreview_Promoted -->
  <testcase name="tcClickOnPrint_ForPrintPreview_WithoutSelectingRecord" time="5.375" classname="com.test.automation.uiAutomation.admission.TC_Reports.TC_ClassWise_StudentDetails_Report"/>
  <testcase name="loginToappWithrequiredCredentials" time="0.002" classname="com.test.automation.uiAutomation.admission.TC_Reports.TC_ClassWise_StudentDetails_Report">
    <skipped/>
  </testcase> <!-- loginToappWithrequiredCredentials -->
  <testcase name="tcSearchWithAdmissionNumber_InClassWiseStudentDetailsReportGrid_TotalStudents" time="0.000" classname="com.test.automation.uiAutomation.admission.TC_Reports.TC_ClassWise_StudentDetails_Report">
    <skipped/>
  </testcase> <!-- tcSearchWithAdmissionNumber_InClassWiseStudentDetailsReportGrid_TotalStudents -->
  <testcase name="tcSelectStudentForClassWiseStudentDetailsReport_Deactivated" time="0.001" classname="com.test.automation.uiAutomation.admission.TC_Reports.TC_ClassWise_StudentDetails_Report">
    <skipped/>
  </testcase> <!-- tcSelectStudentForClassWiseStudentDetailsReport_Deactivated -->
  <testcase name="tcSearchWithAdmissionNumber_InClassWiseStudentDetailsReportGrid_NewAdmission" time="0.793" classname="com.test.automation.uiAutomation.admission.TC_Reports.TC_ClassWise_StudentDetails_Report"/>
  <testcase name="tcMaximizeClassWiseStudentDetailsReportForm" time="1.354" classname="com.test.automation.uiAutomation.admission.TC_Reports.TC_ClassWise_StudentDetails_Report"/>
  <testcase name="tcClickReport_ToGenerate_ClassWiseStudentDetailsReport_AfterCancel" time="0.333" classname="com.test.automation.uiAutomation.admission.TC_Reports.TC_ClassWise_StudentDetails_Report"/>
  <testcase name="tcNavigateToAdmission_Reports_ClassWiseDetailsReport" time="4.146" classname="com.test.automation.uiAutomation.admission.TC_Reports.TC_ClassWise_StudentDetails_Report"/>
  <testcase name="tcSearchWithAdmissionNumber_InClassWiseStudentDetailsReportGrid_Promoted" time="0.000" classname="com.test.automation.uiAutomation.admission.TC_Reports.TC_ClassWise_StudentDetails_Report">
    <skipped/>
  </testcase> <!-- tcSearchWithAdmissionNumber_InClassWiseStudentDetailsReportGrid_Promoted -->
  <testcase name="tcVerifyAdmissionReports_ClassWiseDetailsReport_BGHSPage" time="1.330" classname="com.test.automation.uiAutomation.admission.TC_Reports.TC_ClassWise_StudentDetails_Report"/>
  <testcase name="tcFillClassWiseDetailsReport_Form_YearLoss" time="0.000" classname="com.test.automation.uiAutomation.admission.TC_Reports.TC_ClassWise_StudentDetails_Report">
    <skipped/>
  </testcase> <!-- tcFillClassWiseDetailsReport_Form_YearLoss -->
  <testcase name="tcClickOnExportToExcel_ToDownLoadExcelReport_YearLoss" time="0.000" classname="com.test.automation.uiAutomation.admission.TC_Reports.TC_ClassWise_StudentDetails_Report">
    <skipped/>
  </testcase> <!-- tcClickOnExportToExcel_ToDownLoadExcelReport_YearLoss -->
  <testcase name="tcMinimizeClassWiseStudentDetailsReportForm" time="1.337" classname="com.test.automation.uiAutomation.admission.TC_Reports.TC_ClassWise_StudentDetails_Report"/>
  <testcase name="tcClickOnOkButton_ToHandlePrintPreviewPopUp" time="3.387" classname="com.test.automation.uiAutomation.admission.TC_Reports.TC_ClassWise_StudentDetails_Report"/>
  <testcase name="tcSelectStudentForClassWiseStudentDetailsReport" time="60.293" classname="com.test.automation.uiAutomation.admission.TC_Reports.TC_ClassWise_StudentDetails_Report"/>
  <testcase name="tcClickOnPrint_ForPrintPreview_TotalStudents" time="0.001" classname="com.test.automation.uiAutomation.admission.TC_Reports.TC_ClassWise_StudentDetails_Report">
    <skipped/>
  </testcase> <!-- tcClickOnPrint_ForPrintPreview_TotalStudents -->
  <testcase name="tcSelectStudentForClassWiseStudentDetailsReport_Promoted" time="0.001" classname="com.test.automation.uiAutomation.admission.TC_Reports.TC_ClassWise_StudentDetails_Report">
    <skipped/>
  </testcase> <!-- tcSelectStudentForClassWiseStudentDetailsReport_Promoted -->
  <testcase name="loginToappWithrequiredCredentials" time="0.001" classname="com.test.automation.uiAutomation.admission.TC_Reports.TC_ClassWise_StudentDetails_Report">
    <skipped/>
  </testcase> <!-- loginToappWithrequiredCredentials -->
  <testcase name="tcVerifyStudent_ForClassWiseStudentDetailsReportInGrid_TotalStudents" time="0.000" classname="com.test.automation.uiAutomation.admission.TC_Reports.TC_ClassWise_StudentDetails_Report">
    <skipped/>
  </testcase> <!-- tcVerifyStudent_ForClassWiseStudentDetailsReportInGrid_TotalStudents -->
  <testcase name="tcClickOnPrint_ForPrintPreview_YearLoss" time="0.000" classname="com.test.automation.uiAutomation.admission.TC_Reports.TC_ClassWise_StudentDetails_Report">
    <skipped/>
  </testcase> <!-- tcClickOnPrint_ForPrintPreview_YearLoss -->
  <testcase name="tcClickOnOkButton_ToHandleExportToExcelPopUp" time="3.358" classname="com.test.automation.uiAutomation.admission.TC_Reports.TC_ClassWise_StudentDetails_Report"/>
  <testcase name="tcFillClassWiseDetailsReport_Form_ForPromoted" time="0.000" classname="com.test.automation.uiAutomation.admission.TC_Reports.TC_ClassWise_StudentDetails_Report">
    <skipped/>
  </testcase> <!-- tcFillClassWiseDetailsReport_Form_ForPromoted -->
  <testcase name="tcClickReport_ToGenerate_ClassWiseStudentDetailsReport" time="5.382" classname="com.test.automation.uiAutomation.admission.TC_Reports.TC_ClassWise_StudentDetails_Report"/>
  <testcase name="tcVerifyStudent_ForClassWiseStudentDetailsReportInGrid_NewAdmission" time="60.333" classname="com.test.automation.uiAutomation.admission.TC_Reports.TC_ClassWise_StudentDetails_Report"/>
  <testcase name="tcVerifyStudent_ForClassWiseStudentDetailsReportInGrid_YearLoss" time="0.000" classname="com.test.automation.uiAutomation.admission.TC_Reports.TC_ClassWise_StudentDetails_Report">
    <skipped/>
  </testcase> <!-- tcVerifyStudent_ForClassWiseStudentDetailsReportInGrid_YearLoss -->
  <testcase name="tcFillClassWiseDetailsReport_Form_Deactivated" time="0.001" classname="com.test.automation.uiAutomation.admission.TC_Reports.TC_ClassWise_StudentDetails_Report">
    <skipped/>
  </testcase> <!-- tcFillClassWiseDetailsReport_Form_Deactivated -->
  <testcase name="tcSearchWithAdmissionNumber_InClassWiseStudentDetailsReportGrid_Deactivated" time="0.000" classname="com.test.automation.uiAutomation.admission.TC_Reports.TC_ClassWise_StudentDetails_Report">
    <skipped/>
  </testcase> <!-- tcSearchWithAdmissionNumber_InClassWiseStudentDetailsReportGrid_Deactivated -->
  <testcase name="tcFillClassWiseDetailsReport_Form_ForTotalStudents" time="0.016" classname="com.test.automation.uiAutomation.admission.TC_Reports.TC_ClassWise_StudentDetails_Report">
    <skipped/>
  </testcase> <!-- tcFillClassWiseDetailsReport_Form_ForTotalStudents -->
  <testcase name="tcHomeButtonValidation" time="10.321" classname="com.test.automation.uiAutomation.admission.TC_Reports.TC_ClassWise_StudentDetails_Report"/>
  <testcase name="tcFillClassWiseDetailsReport_Form_ForNewAdmission" time="13.525" classname="com.test.automation.uiAutomation.admission.TC_Reports.TC_ClassWise_StudentDetails_Report"/>
  <testcase name="tcClickCancelButton_ToClearFilledForm_ForDeactivatedAction" time="0.000" classname="com.test.automation.uiAutomation.admission.TC_Reports.TC_ClassWise_StudentDetails_Report">
    <skipped/>
  </testcase> <!-- tcClickCancelButton_ToClearFilledForm_ForDeactivatedAction -->
  <testcase name="tcClickCancelButton_ToClearFilledForm_ForTotalStudentAction" time="0.000" classname="com.test.automation.uiAutomation.admission.TC_Reports.TC_ClassWise_StudentDetails_Report">
    <skipped/>
  </testcase> <!-- tcClickCancelButton_ToClearFilledForm_ForTotalStudentAction -->
  <testcase name="tcFillClassWiseDetailsReport_Form_ForNewAdmission_AfterCancel" time="4.465" classname="com.test.automation.uiAutomation.admission.TC_Reports.TC_ClassWise_StudentDetails_Report"/>
  <testcase name="loginToappWithrequiredCredentials" time="0.001" classname="com.test.automation.uiAutomation.admission.TC_Reports.TC_ClassWise_StudentDetails_Report">
    <skipped/>
  </testcase> <!-- loginToappWithrequiredCredentials -->
  <testcase name="tcSearchWithAdmissionNumber_InClassWiseStudentDetailsReportGrid_YearLoss" time="0.000" classname="com.test.automation.uiAutomation.admission.TC_Reports.TC_ClassWise_StudentDetails_Report">
    <skipped/>
  </testcase> <!-- tcSearchWithAdmissionNumber_InClassWiseStudentDetailsReportGrid_YearLoss -->
  <testcase name="tcClickOnPrint_ForPrintPreview_NewAdmission" time="1.273" classname="com.test.automation.uiAutomation.admission.TC_Reports.TC_ClassWise_StudentDetails_Report">
    <error type="org.openqa.selenium.NoSuchSessionException" message="no such session
  (Driver info: chromedriver=2.36.540470 (e522d04694c7ebea4ba8821272dbef4f9b818c91),platform=Windows NT 10.0.17134 x86_64) (WARNING: The server did not provide any stacktrace information)
Command duration or timeout: 16 milliseconds
Build info: version: &#039;3.0.1&#039;, revision: &#039;1969d75&#039;, time: &#039;2016-10-18 09:49:13 -0700&#039;
System info: host: &#039;Arvind-Susdiny&#039;, ip: &#039;192.168.1.34&#039;, os.name: &#039;Windows 10&#039;, os.arch: &#039;amd64&#039;, os.version: &#039;10.0&#039;, java.version: &#039;1.8.0_161&#039;
Driver info: org.openqa.selenium.chrome.ChromeDriver
Capabilities [{applicationCacheEnabled=false, rotatable=false, mobileEmulationEnabled=false, networkConnectionEnabled=false, chrome={chromedriverVersion=2.36.540470 (e522d04694c7ebea4ba8821272dbef4f9b818c91), userDataDir=C:\Users\vaps\AppData\Local\Temp\scoped_dir10412_14414}, takesHeapSnapshot=true, pageLoadStrategy=normal, databaseEnabled=false, handlesAlerts=true, hasTouchScreen=false, version=66.0.3359.181, platform=XP, browserConnectionEnabled=false, nativeEvents=true, acceptSslCerts=false, acceptInsecureCerts=false, locationContextEnabled=true, webStorageEnabled=true, browserName=chrome, takesScreenshot=true, javascriptEnabled=true, cssSelectorsEnabled=true, setWindowRect=true, unexpectedAlertBehaviour=}]
Session ID: 69ccfc4cdac30a310d59e6580be65536">
      <![CDATA[org.openqa.selenium.NoSuchSessionException: no such session
  (Driver info: chromedriver=2.36.540470 (e522d04694c7ebea4ba8821272dbef4f9b818c91),platform=Windows NT 10.0.17134 x86_64) (WARNING: The server did not provide any stacktrace information)
Command duration or timeout: 16 milliseconds
Build info: version: '3.0.1', revision: '1969d75', time: '2016-10-18 09:49:13 -0700'
System info: host: 'Arvind-Susdiny', ip: '192.168.1.34', os.name: 'Windows 10', os.arch: 'amd64', os.version: '10.0', java.version: '1.8.0_161'
Driver info: org.openqa.selenium.chrome.ChromeDriver
Capabilities [{applicationCacheEnabled=false, rotatable=false, mobileEmulationEnabled=false, networkConnectionEnabled=false, chrome={chromedriverVersion=2.36.540470 (e522d04694c7ebea4ba8821272dbef4f9b818c91), userDataDir=C:\Users\vaps\AppData\Local\Temp\scoped_dir10412_14414}, takesHeapSnapshot=true, pageLoadStrategy=normal, databaseEnabled=false, handlesAlerts=true, hasTouchScreen=false, version=66.0.3359.181, platform=XP, browserConnectionEnabled=false, nativeEvents=true, acceptSslCerts=false, acceptInsecureCerts=false, locationContextEnabled=true, webStorageEnabled=true, browserName=chrome, takesScreenshot=true, javascriptEnabled=true, cssSelectorsEnabled=true, setWindowRect=true, unexpectedAlertBehaviour=}]
Session ID: 69ccfc4cdac30a310d59e6580be65536
	at sun.reflect.NativeConstructorAccessorImpl.newInstance0(Native Method)
	at sun.reflect.NativeConstructorAccessorImpl.newInstance(Unknown Source)
	at sun.reflect.DelegatingConstructorAccessorImpl.newInstance(Unknown Source)
	at java.lang.reflect.Constructor.newInstance(Unknown Source)
	at org.openqa.selenium.remote.ErrorHandler.createThrowable(ErrorHandler.java:216)
	at org.openqa.selenium.remote.ErrorHandler.throwIfResponseFailed(ErrorHandler.java:168)
	at org.openqa.selenium.remote.RemoteWebDriver.execute(RemoteWebDriver.java:635)
	at org.openqa.selenium.remote.RemoteWebDriver.execute(RemoteWebDriver.java:658)
	at org.openqa.selenium.remote.RemoteWebDriver.getScreenshotAs(RemoteWebDriver.java:340)
	at com.test.automation.uiAutomation.testBase.TestBase.getScreenShot(TestBase.java:215)
	at com.test.automation.uiAutomation.admission.TC_Reports.TC_ClassWise_StudentDetails_Report.tcClickOnPrint_ForPrintPreview_NewAdmission(TC_ClassWise_StudentDetails_Report.java:488)
	at sun.reflect.NativeMethodAccessorImpl.invoke0(Native Method)
	at sun.reflect.NativeMethodAccessorImpl.invoke(Unknown Source)
	at sun.reflect.DelegatingMethodAccessorImpl.invoke(Unknown Source)
	at java.lang.reflect.Method.invoke(Unknown Source)
	at org.testng.internal.MethodInvocationHelper.invokeMethod(MethodInvocationHelper.java:104)
	at org.testng.internal.Invoker.invokeMethod(Invoker.java:645)
	at org.testng.internal.Invoker.invokeTestMethod(Invoker.java:851)
	at org.testng.internal.Invoker.invokeTestMethods(Invoker.java:1177)
	at org.testng.internal.TestMethodWorker.invokeTestMethods(TestMethodWorker.java:129)
	at org.testng.internal.TestMethodWorker.run(TestMethodWorker.java:112)
	at org.testng.TestRunner.privateRun(TestRunner.java:756)
	at org.testng.TestRunner.run(TestRunner.java:610)
	at org.testng.SuiteRunner.runTest(SuiteRunner.java:387)
	at org.testng.SuiteRunner.runSequentially(SuiteRunner.java:382)
	at org.testng.SuiteRunner.privateRun(SuiteRunner.java:340)
	at org.testng.SuiteRunner.run(SuiteRunner.java:289)
	at org.testng.SuiteRunnerWorker.runSuite(SuiteRunnerWorker.java:52)
	at org.testng.SuiteRunnerWorker.run(SuiteRunnerWorker.java:86)
	at org.testng.TestNG.runSuitesSequentially(TestNG.java:1293)
	at org.testng.TestNG.runSuitesLocally(TestNG.java:1218)
	at org.testng.TestNG.runSuites(TestNG.java:1133)
	at org.testng.TestNG.run(TestNG.java:1104)
	at org.testng.remote.AbstractRemoteTestNG.run(AbstractRemoteTestNG.java:132)
	at org.testng.remote.RemoteTestNG.initAndRun(RemoteTestNG.java:230)
	at org.testng.remote.RemoteTestNG.main(RemoteTestNG.java:76)
]]>
    </error>
  </testcase> <!-- tcClickOnPrint_ForPrintPreview_NewAdmission -->
  <testcase name="tcClickReport_ToGenerate_ClassWiseStudentDetailsReport_Promoted" time="0.000" classname="com.test.automation.uiAutomation.admission.TC_Reports.TC_ClassWise_StudentDetails_Report">
    <skipped/>
  </testcase> <!-- tcClickReport_ToGenerate_ClassWiseStudentDetailsReport_Promoted -->
  <testcase name="tcMaximizeClassWiseStudentDetailsReportGrid" time="1.346" classname="com.test.automation.uiAutomation.admission.TC_Reports.TC_ClassWise_StudentDetails_Report"/>
  <testcase name="tcClickCancelButton_ToClearFilledForm_ForPromotedAction" time="0.000" classname="com.test.automation.uiAutomation.admission.TC_Reports.TC_ClassWise_StudentDetails_Report">
    <skipped/>
  </testcase> <!-- tcClickCancelButton_ToClearFilledForm_ForPromotedAction -->
  <testcase name="tcSubmitBlank_ClassWiseDetailsReportForm" time="0.357" classname="com.test.automation.uiAutomation.admission.TC_Reports.TC_ClassWise_StudentDetails_Report"/>
  <testcase name="tcClickOnExportToExcel_ToDownLoadExcelReport" time="5.371" classname="com.test.automation.uiAutomation.admission.TC_Reports.TC_ClassWise_StudentDetails_Report"/>
  <testcase name="tcSearchWithAdmissionNumber_InClassWiseStudentDetailsReportGrid" time="1.546" classname="com.test.automation.uiAutomation.admission.TC_Reports.TC_ClassWise_StudentDetails_Report"/>
  <testcase name="afterMethod" time="0.000" classname="com.test.automation.uiAutomation.admission.TC_Reports.TC_ClassWise_StudentDetails_Report">
    <error type="org.openqa.selenium.NoSuchSessionException" message="no such session
  (Driver info: chromedriver=2.36.540470 (e522d04694c7ebea4ba8821272dbef4f9b818c91),platform=Windows NT 10.0.17134 x86_64) (WARNING: The server did not provide any stacktrace information)
Command duration or timeout: 15 milliseconds
Build info: version: &#039;3.0.1&#039;, revision: &#039;1969d75&#039;, time: &#039;2016-10-18 09:49:13 -0700&#039;
System info: host: &#039;Arvind-Susdiny&#039;, ip: &#039;192.168.1.34&#039;, os.name: &#039;Windows 10&#039;, os.arch: &#039;amd64&#039;, os.version: &#039;10.0&#039;, java.version: &#039;1.8.0_161&#039;
Driver info: org.openqa.selenium.chrome.ChromeDriver
Capabilities [{applicationCacheEnabled=false, rotatable=false, mobileEmulationEnabled=false, networkConnectionEnabled=false, chrome={chromedriverVersion=2.36.540470 (e522d04694c7ebea4ba8821272dbef4f9b818c91), userDataDir=C:\Users\vaps\AppData\Local\Temp\scoped_dir10412_14414}, takesHeapSnapshot=true, pageLoadStrategy=normal, databaseEnabled=false, handlesAlerts=true, hasTouchScreen=false, version=66.0.3359.181, platform=XP, browserConnectionEnabled=false, nativeEvents=true, acceptSslCerts=false, acceptInsecureCerts=false, locationContextEnabled=true, webStorageEnabled=true, browserName=chrome, takesScreenshot=true, javascriptEnabled=true, cssSelectorsEnabled=true, setWindowRect=true, unexpectedAlertBehaviour=}]
Session ID: 69ccfc4cdac30a310d59e6580be65536">
      <![CDATA[org.openqa.selenium.NoSuchSessionException: no such session
  (Driver info: chromedriver=2.36.540470 (e522d04694c7ebea4ba8821272dbef4f9b818c91),platform=Windows NT 10.0.17134 x86_64) (WARNING: The server did not provide any stacktrace information)
Command duration or timeout: 15 milliseconds
Build info: version: '3.0.1', revision: '1969d75', time: '2016-10-18 09:49:13 -0700'
System info: host: 'Arvind-Susdiny', ip: '192.168.1.34', os.name: 'Windows 10', os.arch: 'amd64', os.version: '10.0', java.version: '1.8.0_161'
Driver info: org.openqa.selenium.chrome.ChromeDriver
Capabilities [{applicationCacheEnabled=false, rotatable=false, mobileEmulationEnabled=false, networkConnectionEnabled=false, chrome={chromedriverVersion=2.36.540470 (e522d04694c7ebea4ba8821272dbef4f9b818c91), userDataDir=C:\Users\vaps\AppData\Local\Temp\scoped_dir10412_14414}, takesHeapSnapshot=true, pageLoadStrategy=normal, databaseEnabled=false, handlesAlerts=true, hasTouchScreen=false, version=66.0.3359.181, platform=XP, browserConnectionEnabled=false, nativeEvents=true, acceptSslCerts=false, acceptInsecureCerts=false, locationContextEnabled=true, webStorageEnabled=true, browserName=chrome, takesScreenshot=true, javascriptEnabled=true, cssSelectorsEnabled=true, setWindowRect=true, unexpectedAlertBehaviour=}]
Session ID: 69ccfc4cdac30a310d59e6580be65536
	at sun.reflect.NativeConstructorAccessorImpl.newInstance0(Native Method)
	at sun.reflect.NativeConstructorAccessorImpl.newInstance(Unknown Source)
	at sun.reflect.DelegatingConstructorAccessorImpl.newInstance(Unknown Source)
	at java.lang.reflect.Constructor.newInstance(Unknown Source)
	at org.openqa.selenium.remote.ErrorHandler.createThrowable(ErrorHandler.java:216)
	at org.openqa.selenium.remote.ErrorHandler.throwIfResponseFailed(ErrorHandler.java:168)
	at org.openqa.selenium.remote.RemoteWebDriver.execute(RemoteWebDriver.java:635)
	at org.openqa.selenium.remote.RemoteWebDriver.execute(RemoteWebDriver.java:658)
	at org.openqa.selenium.remote.RemoteWebDriver.getScreenshotAs(RemoteWebDriver.java:340)
	at com.test.automation.uiAutomation.testBase.TestBase.captureScreen(TestBase.java:291)
	at com.test.automation.uiAutomation.testBase.TestBase.getresult(TestBase.java:320)
	at com.test.automation.uiAutomation.testBase.TestBase.afterMethod(TestBase.java:329)
	at sun.reflect.GeneratedMethodAccessor11.invoke(Unknown Source)
	at sun.reflect.DelegatingMethodAccessorImpl.invoke(Unknown Source)
	at java.lang.reflect.Method.invoke(Unknown Source)
	at org.testng.internal.MethodInvocationHelper.invokeMethod(MethodInvocationHelper.java:104)
	at org.testng.internal.Invoker.invokeConfigurationMethod(Invoker.java:515)
	at org.testng.internal.Invoker.invokeConfigurations(Invoker.java:217)
	at org.testng.internal.Invoker.invokeMethod(Invoker.java:712)
	at org.testng.internal.Invoker.invokeTestMethod(Invoker.java:851)
	at org.testng.internal.Invoker.invokeTestMethods(Invoker.java:1177)
	at org.testng.internal.TestMethodWorker.invokeTestMethods(TestMethodWorker.java:129)
	at org.testng.internal.TestMethodWorker.run(TestMethodWorker.java:112)
	at org.testng.TestRunner.privateRun(TestRunner.java:756)
	at org.testng.TestRunner.run(TestRunner.java:610)
	at org.testng.SuiteRunner.runTest(SuiteRunner.java:387)
	at org.testng.SuiteRunner.runSequentially(SuiteRunner.java:382)
	at org.testng.SuiteRunner.privateRun(SuiteRunner.java:340)
	at org.testng.SuiteRunner.run(SuiteRunner.java:289)
	at org.testng.SuiteRunnerWorker.runSuite(SuiteRunnerWorker.java:52)
	at org.testng.SuiteRunnerWorker.run(SuiteRunnerWorker.java:86)
	at org.testng.TestNG.runSuitesSequentially(TestNG.java:1293)
	at org.testng.TestNG.runSuitesLocally(TestNG.java:1218)
	at org.testng.TestNG.runSuites(TestNG.java:1133)
	at org.testng.TestNG.run(TestNG.java:1104)
	at org.testng.remote.AbstractRemoteTestNG.run(AbstractRemoteTestNG.java:132)
	at org.testng.remote.RemoteTestNG.initAndRun(RemoteTestNG.java:230)
	at org.testng.remote.RemoteTestNG.main(RemoteTestNG.java:76)
]]>
    </error>
  </testcase> <!-- afterMethod -->
  <testcase name="tcSelectStudentForClassWiseStudentDetailsReport_TotalStudents" time="0.000" classname="com.test.automation.uiAutomation.admission.TC_Reports.TC_ClassWise_StudentDetails_Report">
    <skipped/>
  </testcase> <!-- tcSelectStudentForClassWiseStudentDetailsReport_TotalStudents -->
  <testcase name="tcClickCancelButton_ToClearFilledForm" time="7.451" classname="com.test.automation.uiAutomation.admission.TC_Reports.TC_ClassWise_StudentDetails_Report"/>
  <testcase name="tcVerifyStudent_ForClassWiseStudentDetailsReportInGrid" time="60.293" classname="com.test.automation.uiAutomation.admission.TC_Reports.TC_ClassWise_StudentDetails_Report"/>
  <testcase name="tcSelectStudentForClassWiseStudentDetailsReport_NewAdmission" time="60.320" classname="com.test.automation.uiAutomation.admission.TC_Reports.TC_ClassWise_StudentDetails_Report"/>
  <testcase name="tcClickOnExportToExcel_ToDownLoadExcelReport_NewAdmission" time="0.773" classname="com.test.automation.uiAutomation.admission.TC_Reports.TC_ClassWise_StudentDetails_Report"/>
  <testcase name="tcVerifyStudent_ForClassWiseStudentDetailsReportInGrid_Deactivated" time="0.000" classname="com.test.automation.uiAutomation.admission.TC_Reports.TC_ClassWise_StudentDetails_Report">
    <skipped/>
  </testcase> <!-- tcVerifyStudent_ForClassWiseStudentDetailsReportInGrid_Deactivated -->
  <testcase name="tcClickCancelButton_ToClearFilledForm_ForYearLossAction" time="0.000" classname="com.test.automation.uiAutomation.admission.TC_Reports.TC_ClassWise_StudentDetails_Report">
    <skipped/>
  </testcase> <!-- tcClickCancelButton_ToClearFilledForm_ForYearLossAction -->
  <testcase name="loginToappWithrequiredCredentials" time="0.001" classname="com.test.automation.uiAutomation.admission.TC_Reports.TC_ClassWise_StudentDetails_Report">
    <skipped/>
  </testcase> <!-- loginToappWithrequiredCredentials -->
  <testcase name="tcClickOnExportToExcel_ToDownLoadExcelReport_Promoted" time="0.000" classname="com.test.automation.uiAutomation.admission.TC_Reports.TC_ClassWise_StudentDetails_Report">
    <skipped/>
  </testcase> <!-- tcClickOnExportToExcel_ToDownLoadExcelReport_Promoted -->
  <testcase name="tcClickReport_ToGenerate_ClassWiseStudentDetailsReport_YearLoss" time="0.000" classname="com.test.automation.uiAutomation.admission.TC_Reports.TC_ClassWise_StudentDetails_Report">
    <skipped/>
  </testcase> <!-- tcClickReport_ToGenerate_ClassWiseStudentDetailsReport_YearLoss -->
  <testcase name="tcClickOnExportToExcel_ToDownLoadExcelReport_Deactivated" time="0.000" classname="com.test.automation.uiAutomation.admission.TC_Reports.TC_ClassWise_StudentDetails_Report">
    <skipped/>
  </testcase> <!-- tcClickOnExportToExcel_ToDownLoadExcelReport_Deactivated -->
  <testcase name="tcClickReport_ToGenerate_ClassWiseStudentDetailsReport_TotalStudents" time="0.000" classname="com.test.automation.uiAutomation.admission.TC_Reports.TC_ClassWise_StudentDetails_Report">
    <skipped/>
  </testcase> <!-- tcClickReport_ToGenerate_ClassWiseStudentDetailsReport_TotalStudents -->
  <testcase name="tcVerifyStudent_ForClassWiseStudentDetailsReportInGrid_Promoted" time="0.000" classname="com.test.automation.uiAutomation.admission.TC_Reports.TC_ClassWise_StudentDetails_Report">
    <skipped/>
  </testcase> <!-- tcVerifyStudent_ForClassWiseStudentDetailsReportInGrid_Promoted -->
  <testcase name="tcMinimizeClassWiseStudentDetailsReportGrid" time="1.325" classname="com.test.automation.uiAutomation.admission.TC_Reports.TC_ClassWise_StudentDetails_Report"/>
  <testcase name="tcClickReport_ToGenerate_ClassWiseStudentDetailsReport_Deactivated" time="0.000" classname="com.test.automation.uiAutomation.admission.TC_Reports.TC_ClassWise_StudentDetails_Report">
    <skipped/>
  </testcase> <!-- tcClickReport_ToGenerate_ClassWiseStudentDetailsReport_Deactivated -->
  <testcase name="loginToappWithrequiredCredentials" time="20.077" classname="com.test.automation.uiAutomation.admission.TC_Reports.TC_ClassWise_StudentDetails_Report"/>
</testsuite> <!-- com.test.automation.uiAutomation.admission.TC_Reports.TC_ClassWise_StudentDetails_Report -->
