<?xml version="1.0" encoding="UTF-8"?>
<!-- Generated by org.testng.reporters.JUnitReportReporter -->
<testsuite name="com.test.automation.uiAutomation.tcFee.Tc_Masters_Fee_Group_YearlyGroup" tests="12" time="66.193" ignored="0" failures="0" timestamp="01 Dec 2017 06:49:55 GMT" skipped="3" hostname="vaps-PC" errors="0">
  <testcase name="tcClickOnSuccessOkBtn_YearlyGroup" time="1.980" classname="com.test.automation.uiAutomation.tcFee.Tc_Masters_Fee_Group_YearlyGroup"/>
  <testcase name="loginToappWithrequiredCredentials" time="0.004" classname="com.test.automation.uiAutomation.tcFee.Tc_Masters_Fee_Group_YearlyGroup">
    <skipped/>
  </testcase> <!-- loginToappWithrequiredCredentials -->
  <testcase name="tcHomeButtonValidation" time="0.686" classname="com.test.automation.uiAutomation.tcFee.Tc_Masters_Fee_Group_YearlyGroup"/>
  <testcase name="loginToappWithrequiredCredentials" time="0.004" classname="com.test.automation.uiAutomation.tcFee.Tc_Masters_Fee_Group_YearlyGroup">
    <skipped/>
  </testcase> <!-- loginToappWithrequiredCredentials -->
  <testcase name="loginToappWithrequiredCredentials" time="32.663" classname="com.test.automation.uiAutomation.tcFee.Tc_Masters_Fee_Group_YearlyGroup"/>
  <testcase name="tcClickOnSaveButton_YearlyGroup" time="3.453" classname="com.test.automation.uiAutomation.tcFee.Tc_Masters_Fee_Group_YearlyGroup"/>
  <testcase name="tcVerifySuccessfulPopUp" time="3.968" classname="com.test.automation.uiAutomation.tcFee.Tc_Masters_Fee_Group_YearlyGroup"/>
  <testcase name="tcAcademicYearAndGroupsSelection_YearlyGroup" time="10.697" classname="com.test.automation.uiAutomation.tcFee.Tc_Masters_Fee_Group_YearlyGroup"/>
  <testcase name="tcAcademicYearAndGroupsSelection_YearlyGroup" time="0.005" classname="com.test.automation.uiAutomation.tcFee.Tc_Masters_Fee_Group_YearlyGroup">
    <skipped/>
  </testcase> <!-- tcAcademicYearAndGroupsSelection_YearlyGroup -->
  <testcase name="tcNevigateToMasters_FeeGroup_YearlyGroup" time="7.325" classname="com.test.automation.uiAutomation.tcFee.Tc_Masters_Fee_Group_YearlyGroup"/>
  <testcase name="tcVerifyFeeGroupPage_YearlyGroup" time="0.860" classname="com.test.automation.uiAutomation.tcFee.Tc_Masters_Fee_Group_YearlyGroup"/>
  <testcase name="tcClickOn_YearlyGroupTab" time="4.548" classname="com.test.automation.uiAutomation.tcFee.Tc_Masters_Fee_Group_YearlyGroup"/>
</testsuite> <!-- com.test.automation.uiAutomation.tcFee.Tc_Masters_Fee_Group_YearlyGroup -->
