<?xml version="1.0" encoding="UTF-8"?>
<!-- Generated by org.testng.reporters.JUnitReportReporter -->
<testsuite name="com.test.automation.uiAutomation.admission.TC_Masters_Master_Caste" tests="34" time="179.851" ignored="0" failures="0" timestamp="31 Jan 2018 11:41:02 GMT" skipped="4" hostname="DESKTOP-DISLHD4" errors="0">
  <testcase name="tcSearchWithCasteNameInTheGrid" time="0.763" classname="com.test.automation.uiAutomation.admission.TC_Masters_Master_Caste"/>
  <testcase name="tcNavigateToAdmission_Masters_CasteCategory_BGHS" time="2.134" classname="com.test.automation.uiAutomation.admission.TC_Masters_Master_Caste"/>
  <testcase name="tcSaveMasterCasteInfoData_Edit" time="15.436" classname="com.test.automation.uiAutomation.admission.TC_Masters_Master_Caste"/>
  <testcase name="tcDeleteMasterCaste_AfterCancel" time="5.415" classname="com.test.automation.uiAutomation.admission.TC_Masters_Master_Caste"/>
  <testcase name="tcMaximizeMasterCaste" time="2.356" classname="com.test.automation.uiAutomation.admission.TC_Masters_Master_Caste"/>
  <testcase name="tcVerifyMasters_MasterCaste_BGHSPage" time="1.344" classname="com.test.automation.uiAutomation.admission.TC_Masters_Master_Caste"/>
  <testcase name="tcHomeButtonValidation" time="5.561" classname="com.test.automation.uiAutomation.admission.TC_Masters_Master_Caste"/>
  <testcase name="loginToappWithrequiredCredentials" time="0.002" classname="com.test.automation.uiAutomation.admission.TC_Masters_Master_Caste">
    <skipped/>
  </testcase> <!-- loginToappWithrequiredCredentials -->
  <testcase name="tcMaximizeCreatedCasteList" time="2.385" classname="com.test.automation.uiAutomation.admission.TC_Masters_Master_Caste"/>
  <testcase name="loginToappWithrequiredCredentials" time="0.000" classname="com.test.automation.uiAutomation.admission.TC_Masters_Master_Caste">
    <skipped/>
  </testcase> <!-- loginToappWithrequiredCredentials -->
  <testcase name="loginToappWithrequiredCredentials" time="0.003" classname="com.test.automation.uiAutomation.admission.TC_Masters_Master_Caste">
    <skipped/>
  </testcase> <!-- loginToappWithrequiredCredentials -->
  <testcase name="tcSaveMasterCasteInfoData_AfterDelete" time="15.447" classname="com.test.automation.uiAutomation.admission.TC_Masters_Master_Caste"/>
  <testcase name="tcYesDeleteOrDeactivateOrActivateIt" time="15.404" classname="com.test.automation.uiAutomation.admission.TC_Masters_Master_Caste"/>
  <testcase name="tcClearMasterCasteInfoData" time="15.498" classname="com.test.automation.uiAutomation.admission.TC_Masters_Master_Caste"/>
  <testcase name="tcEnterMasterCasteDetailsData_AfterDelete" time="3.584" classname="com.test.automation.uiAutomation.admission.TC_Masters_Master_Caste"/>
  <testcase name="loginToappWithrequiredCredentials" time="0.001" classname="com.test.automation.uiAutomation.admission.TC_Masters_Master_Caste">
    <skipped/>
  </testcase> <!-- loginToappWithrequiredCredentials -->
  <testcase name="tcClickOnOkSuccessButton_delete" time="2.330" classname="com.test.automation.uiAutomation.admission.TC_Masters_Master_Caste"/>
  <testcase name="tcEnterMasterCasteDetailsData" time="4.223" classname="com.test.automation.uiAutomation.admission.TC_Masters_Master_Caste"/>
  <testcase name="tcVerifyCasteNameInTheGrid" time="0.289" classname="com.test.automation.uiAutomation.admission.TC_Masters_Master_Caste"/>
  <testcase name="tcClickOnOkSuccessButton_cancel" time="2.334" classname="com.test.automation.uiAutomation.admission.TC_Masters_Master_Caste"/>
  <testcase name="tcMinimizeCreatedCasteList" time="2.686" classname="com.test.automation.uiAutomation.admission.TC_Masters_Master_Caste"/>
  <testcase name="tcMinimizeMasterCaste" time="2.401" classname="com.test.automation.uiAutomation.admission.TC_Masters_Master_Caste"/>
  <testcase name="tcSaveMasterCasteInfoData" time="15.461" classname="com.test.automation.uiAutomation.admission.TC_Masters_Master_Caste"/>
  <testcase name="tcSortByCasteName" time="3.678" classname="com.test.automation.uiAutomation.admission.TC_Masters_Master_Caste"/>
  <testcase name="tcClickOnOkSuccessButton_Edit" time="2.349" classname="com.test.automation.uiAutomation.admission.TC_Masters_Master_Caste"/>
  <testcase name="tcClickOnCancelButton" time="15.335" classname="com.test.automation.uiAutomation.admission.TC_Masters_Master_Caste"/>
  <testcase name="tcEnterMasterCasteDetailsData_AfterClear" time="3.655" classname="com.test.automation.uiAutomation.admission.TC_Masters_Master_Caste"/>
  <testcase name="tcSearchWithCasteNameInTheGrid_delete" time="0.798" classname="com.test.automation.uiAutomation.admission.TC_Masters_Master_Caste"/>
  <testcase name="tcDeleteMasterCaste" time="5.453" classname="com.test.automation.uiAutomation.admission.TC_Masters_Master_Caste"/>
  <testcase name="tcEditMasterCaste" time="5.404" classname="com.test.automation.uiAutomation.admission.TC_Masters_Master_Caste"/>
  <testcase name="tcSubmitBlankMasterCasteForm" time="3.418" classname="com.test.automation.uiAutomation.admission.TC_Masters_Master_Caste"/>
  <testcase name="tcClickOnOkSuccessButton_AfterDelete" time="2.337" classname="com.test.automation.uiAutomation.admission.TC_Masters_Master_Caste"/>
  <testcase name="tcClickOnOkSuccessButton" time="2.374" classname="com.test.automation.uiAutomation.admission.TC_Masters_Master_Caste"/>
  <testcase name="loginToappWithrequiredCredentials" time="19.993" classname="com.test.automation.uiAutomation.admission.TC_Masters_Master_Caste"/>
</testsuite> <!-- com.test.automation.uiAutomation.admission.TC_Masters_Master_Caste -->
