<?xml version="1.0" encoding="UTF-8"?>
<!-- Generated by org.testng.reporters.JUnitReportReporter -->
<testsuite name="com.test.automation.uiAutomation.tcFee.Tc_Yearly_Group_HeadMap" tests="16" time="85.517" ignored="0" failures="0" timestamp="04 Dec 2017 13:00:10 GMT" skipped="4" hostname="vaps-PC" errors="0">
  <testcase name="tcVerifySuccessfulPopUp" time="12.118" classname="com.test.automation.uiAutomation.tcFee.Tc_Yearly_Group_HeadMap"/>
  <testcase name="tcMapFeeHeadAndInstallment" time="0.014" classname="com.test.automation.uiAutomation.tcFee.Tc_Yearly_Group_HeadMap">
    <skipped/>
  </testcase> <!-- tcMapFeeHeadAndInstallment -->
  <testcase name="tcHomeButtonValidation" time="0.765" classname="com.test.automation.uiAutomation.tcFee.Tc_Yearly_Group_HeadMap"/>
  <testcase name="tcClickOnSaveButton" time="3.216" classname="com.test.automation.uiAutomation.tcFee.Tc_Yearly_Group_HeadMap"/>
  <testcase name="tcRemoveAddedFeeHeadAndInstallment" time="2.224" classname="com.test.automation.uiAutomation.tcFee.Tc_Yearly_Group_HeadMap"/>
  <testcase name="tcMapFeeHeadAndInstallment" time="8.753" classname="com.test.automation.uiAutomation.tcFee.Tc_Yearly_Group_HeadMap"/>
  <testcase name="loginToappWithrequiredCredentials" time="29.913" classname="com.test.automation.uiAutomation.tcFee.Tc_Yearly_Group_HeadMap"/>
  <testcase name="tcVerifyUserAbleToAddNewHead" time="0.006" classname="com.test.automation.uiAutomation.tcFee.Tc_Yearly_Group_HeadMap">
    <skipped/>
  </testcase> <!-- tcVerifyUserAbleToAddNewHead -->
  <testcase name="loginToappWithrequiredCredentials" time="0.002" classname="com.test.automation.uiAutomation.tcFee.Tc_Yearly_Group_HeadMap">
    <skipped/>
  </testcase> <!-- loginToappWithrequiredCredentials -->
  <testcase name="tcClickOnSuccessOkBtn" time="3.988" classname="com.test.automation.uiAutomation.tcFee.Tc_Yearly_Group_HeadMap"/>
  <testcase name="tcVerifyUserAbleToAddNewHead" time="8.883" classname="com.test.automation.uiAutomation.tcFee.Tc_Yearly_Group_HeadMap"/>
  <testcase name="tcSelectAcademicYearAndFeeGroup" time="4.847" classname="com.test.automation.uiAutomation.tcFee.Tc_Yearly_Group_HeadMap"/>
  <testcase name="loginToappWithrequiredCredentials" time="0.003" classname="com.test.automation.uiAutomation.tcFee.Tc_Yearly_Group_HeadMap">
    <skipped/>
  </testcase> <!-- loginToappWithrequiredCredentials -->
  <testcase name="tcAddNewFeeHead" time="2.300" classname="com.test.automation.uiAutomation.tcFee.Tc_Yearly_Group_HeadMap"/>
  <testcase name="tcNevigateToMasters_YearlyGrHeadMap" time="6.671" classname="com.test.automation.uiAutomation.tcFee.Tc_Yearly_Group_HeadMap"/>
  <testcase name="tcVerifyYearlyFeeHeadGrMapPage" time="1.814" classname="com.test.automation.uiAutomation.tcFee.Tc_Yearly_Group_HeadMap"/>
</testsuite> <!-- com.test.automation.uiAutomation.tcFee.Tc_Yearly_Group_HeadMap -->
