<?xml version="1.0" encoding="UTF-8"?>
<!-- Generated by org.testng.reporters.JUnitReportReporter -->
<testsuite name="com.test.automation.uiAutomation.TC_BCEHS_PreAdmission.TC_PreAdmission_InterviewSchedule_OralTest_Schedule_AutoSelect12Hr_BCEHS" tests="35" time="207.248" ignored="0" failures="0" timestamp="29 Jan 2018 09:58:39 GMT" skipped="4" hostname="DESKTOP-DISLHD4" errors="0">
  <testcase name="tcMaximizeOralTestSchedule" time="2.344" classname="com.test.automation.uiAutomation.TC_BCEHS_PreAdmission.TC_PreAdmission_InterviewSchedule_OralTest_Schedule_AutoSelect12Hr_BCEHS"/>
  <testcase name="tcClickOnCancelButton" time="3.377" classname="com.test.automation.uiAutomation.TC_BCEHS_PreAdmission.TC_PreAdmission_InterviewSchedule_OralTest_Schedule_AutoSelect12Hr_BCEHS"/>
  <testcase name="tcNavigateTo_InterviewSchedule_OralTestSchedule_BGHS" time="1.223" classname="com.test.automation.uiAutomation.TC_BCEHS_PreAdmission.TC_PreAdmission_InterviewSchedule_OralTest_Schedule_AutoSelect12Hr_BCEHS"/>
  <testcase name="tcMinimizeStudnetList" time="2.374" classname="com.test.automation.uiAutomation.TC_BCEHS_PreAdmission.TC_PreAdmission_InterviewSchedule_OralTest_Schedule_AutoSelect12Hr_BCEHS"/>
  <testcase name="tcVerifyInterviewSchedule_BGHSPage" time="1.358" classname="com.test.automation.uiAutomation.TC_BCEHS_PreAdmission.TC_PreAdmission_InterviewSchedule_OralTest_Schedule_AutoSelect12Hr_BCEHS"/>
  <testcase name="tcPopUpValidationOnSuccess_AfterDelete" time="3.362" classname="com.test.automation.uiAutomation.TC_BCEHS_PreAdmission.TC_PreAdmission_InterviewSchedule_OralTest_Schedule_AutoSelect12Hr_BCEHS"/>
  <testcase name="tcResetFilledOralTestScheduleForm" time="2.411" classname="com.test.automation.uiAutomation.TC_BCEHS_PreAdmission.TC_PreAdmission_InterviewSchedule_OralTest_Schedule_AutoSelect12Hr_BCEHS"/>
  <testcase name="tcPopUpValidationOnSuccessDeleteYes" time="3.307" classname="com.test.automation.uiAutomation.TC_BCEHS_PreAdmission.TC_PreAdmission_InterviewSchedule_OralTest_Schedule_AutoSelect12Hr_BCEHS"/>
  <testcase name="tcOralTestScheduleInfo_AfterDelete" time="19.163" classname="com.test.automation.uiAutomation.TC_BCEHS_PreAdmission.TC_PreAdmission_InterviewSchedule_OralTest_Schedule_AutoSelect12Hr_BCEHS"/>
  <testcase name="tcDeleteScheduledOralTestForYesDeleteIT" time="7.393" classname="com.test.automation.uiAutomation.TC_BCEHS_PreAdmission.TC_PreAdmission_InterviewSchedule_OralTest_Schedule_AutoSelect12Hr_BCEHS"/>
  <testcase name="tcHomeButtonValidation" time="2.319" classname="com.test.automation.uiAutomation.TC_BCEHS_PreAdmission.TC_PreAdmission_InterviewSchedule_OralTest_Schedule_AutoSelect12Hr_BCEHS"/>
  <testcase name="tcSearchWithScheduleNameInScheduleList" time="1.617" classname="com.test.automation.uiAutomation.TC_BCEHS_PreAdmission.TC_PreAdmission_InterviewSchedule_OralTest_Schedule_AutoSelect12Hr_BCEHS"/>
  <testcase name="loginToappWithrequiredCredentials" time="0.001" classname="com.test.automation.uiAutomation.TC_BCEHS_PreAdmission.TC_PreAdmission_InterviewSchedule_OralTest_Schedule_AutoSelect12Hr_BCEHS">
    <skipped/>
  </testcase> <!-- loginToappWithrequiredCredentials -->
  <testcase name="tcDeleteScheduledOralTest" time="7.432" classname="com.test.automation.uiAutomation.TC_BCEHS_PreAdmission.TC_PreAdmission_InterviewSchedule_OralTest_Schedule_AutoSelect12Hr_BCEHS"/>
  <testcase name="tcClickOnSaveButton_AfterDelete" time="15.407" classname="com.test.automation.uiAutomation.TC_BCEHS_PreAdmission.TC_PreAdmission_InterviewSchedule_OralTest_Schedule_AutoSelect12Hr_BCEHS"/>
  <testcase name="tcSortingUsingColumnHeader" time="3.694" classname="com.test.automation.uiAutomation.TC_BCEHS_PreAdmission.TC_PreAdmission_InterviewSchedule_OralTest_Schedule_AutoSelect12Hr_BCEHS"/>
  <testcase name="loginToappWithrequiredCredentials" time="0.000" classname="com.test.automation.uiAutomation.TC_BCEHS_PreAdmission.TC_PreAdmission_InterviewSchedule_OralTest_Schedule_AutoSelect12Hr_BCEHS">
    <skipped/>
  </testcase> <!-- loginToappWithrequiredCredentials -->
  <testcase name="tcPopUpValidationOnSuccessDeleteCancel" time="3.350" classname="com.test.automation.uiAutomation.TC_BCEHS_PreAdmission.TC_PreAdmission_InterviewSchedule_OralTest_Schedule_AutoSelect12Hr_BCEHS"/>
  <testcase name="tcMinimizeOralTestSchedule" time="2.388" classname="com.test.automation.uiAutomation.TC_BCEHS_PreAdmission.TC_PreAdmission_InterviewSchedule_OralTest_Schedule_AutoSelect12Hr_BCEHS"/>
  <testcase name="tcMinimizeOralTestScheduleList" time="2.366" classname="com.test.automation.uiAutomation.TC_BCEHS_PreAdmission.TC_PreAdmission_InterviewSchedule_OralTest_Schedule_AutoSelect12Hr_BCEHS"/>
  <testcase name="loginToappWithrequiredCredentials" time="0.001" classname="com.test.automation.uiAutomation.TC_BCEHS_PreAdmission.TC_PreAdmission_InterviewSchedule_OralTest_Schedule_AutoSelect12Hr_BCEHS">
    <skipped/>
  </testcase> <!-- loginToappWithrequiredCredentials -->
  <testcase name="tcMaximizeOralTestScheduleList" time="1.352" classname="com.test.automation.uiAutomation.TC_BCEHS_PreAdmission.TC_PreAdmission_InterviewSchedule_OralTest_Schedule_AutoSelect12Hr_BCEHS"/>
  <testcase name="tcCancellationOfDelete" time="2.360" classname="com.test.automation.uiAutomation.TC_BCEHS_PreAdmission.TC_PreAdmission_InterviewSchedule_OralTest_Schedule_AutoSelect12Hr_BCEHS"/>
  <testcase name="tcOralTestScheduleInfo" time="19.699" classname="com.test.automation.uiAutomation.TC_BCEHS_PreAdmission.TC_PreAdmission_InterviewSchedule_OralTest_Schedule_AutoSelect12Hr_BCEHS"/>
  <testcase name="tcOralTestScheduleInfo_AfterReset" time="19.668" classname="com.test.automation.uiAutomation.TC_BCEHS_PreAdmission.TC_PreAdmission_InterviewSchedule_OralTest_Schedule_AutoSelect12Hr_BCEHS"/>
  <testcase name="tcVerifyscheduleNameInOralTestScheduleListGrid" time="7.345" classname="com.test.automation.uiAutomation.TC_BCEHS_PreAdmission.TC_PreAdmission_InterviewSchedule_OralTest_Schedule_AutoSelect12Hr_BCEHS"/>
  <testcase name="loginToappWithrequiredCredentials" time="0.004" classname="com.test.automation.uiAutomation.TC_BCEHS_PreAdmission.TC_PreAdmission_InterviewSchedule_OralTest_Schedule_AutoSelect12Hr_BCEHS">
    <skipped/>
  </testcase> <!-- loginToappWithrequiredCredentials -->
  <testcase name="tcValidationOf24HourTimeFormatScheduleList" time="3.397" classname="com.test.automation.uiAutomation.TC_BCEHS_PreAdmission.TC_PreAdmission_InterviewSchedule_OralTest_Schedule_AutoSelect12Hr_BCEHS"/>
  <testcase name="tcPopUpValidationOnSuccess" time="3.347" classname="com.test.automation.uiAutomation.TC_BCEHS_PreAdmission.TC_PreAdmission_InterviewSchedule_OralTest_Schedule_AutoSelect12Hr_BCEHS"/>
  <testcase name="tcYesDeleteItButtonClick" time="5.335" classname="com.test.automation.uiAutomation.TC_BCEHS_PreAdmission.TC_PreAdmission_InterviewSchedule_OralTest_Schedule_AutoSelect12Hr_BCEHS"/>
  <testcase name="tcMaximizeStudentList" time="2.368" classname="com.test.automation.uiAutomation.TC_BCEHS_PreAdmission.TC_PreAdmission_InterviewSchedule_OralTest_Schedule_AutoSelect12Hr_BCEHS"/>
  <testcase name="tcOralTestScheduleInfo_AfterCancel" time="19.714" classname="com.test.automation.uiAutomation.TC_BCEHS_PreAdmission.TC_PreAdmission_InterviewSchedule_OralTest_Schedule_AutoSelect12Hr_BCEHS"/>
  <testcase name="tcClickOnSaveButton" time="15.402" classname="com.test.automation.uiAutomation.TC_BCEHS_PreAdmission.TC_PreAdmission_InterviewSchedule_OralTest_Schedule_AutoSelect12Hr_BCEHS"/>
  <testcase name="tcValidationOf12HourTimeFormatScheduleList" time="2.335" classname="com.test.automation.uiAutomation.TC_BCEHS_PreAdmission.TC_PreAdmission_InterviewSchedule_OralTest_Schedule_AutoSelect12Hr_BCEHS"/>
  <testcase name="loginToappWithrequiredCredentials" time="20.035" classname="com.test.automation.uiAutomation.TC_BCEHS_PreAdmission.TC_PreAdmission_InterviewSchedule_OralTest_Schedule_AutoSelect12Hr_BCEHS"/>
</testsuite> <!-- com.test.automation.uiAutomation.TC_BCEHS_PreAdmission.TC_PreAdmission_InterviewSchedule_OralTest_Schedule_AutoSelect12Hr_BCEHS -->
