<?xml version="1.0" encoding="UTF-8"?>
<!-- Generated by org.testng.reporters.JUnitReportReporter -->
<testsuite name="com.test.automation.uiAutomation.admission.TC_Masters_Master_Source" tests="34" time="173.888" ignored="0" failures="0" timestamp="31 Jan 2018 10:13:12 GMT" skipped="4" hostname="DESKTOP-DISLHD4" errors="0">
  <testcase name="tcSearchWithSourceNameInTheGrid_delete" time="0.896" classname="com.test.automation.uiAutomation.admission.TC_Masters_Master_Source"/>
  <testcase name="tcMinimizeMasterSource" time="2.364" classname="com.test.automation.uiAutomation.admission.TC_Masters_Master_Source"/>
  <testcase name="tcNavigateToAdmission_Masters_MasterSource_BGHS" time="1.444" classname="com.test.automation.uiAutomation.admission.TC_Masters_Master_Source"/>
  <testcase name="tcHomeButtonValidation" time="6.161" classname="com.test.automation.uiAutomation.admission.TC_Masters_Master_Source"/>
  <testcase name="tcMinimizeMasterSourceList" time="2.373" classname="com.test.automation.uiAutomation.admission.TC_Masters_Master_Source"/>
  <testcase name="tcDeleteMasterSource" time="5.443" classname="com.test.automation.uiAutomation.admission.TC_Masters_Master_Source"/>
  <testcase name="loginToappWithrequiredCredentials" time="0.000" classname="com.test.automation.uiAutomation.admission.TC_Masters_Master_Source">
    <skipped/>
  </testcase> <!-- loginToappWithrequiredCredentials -->
  <testcase name="loginToappWithrequiredCredentials" time="0.001" classname="com.test.automation.uiAutomation.admission.TC_Masters_Master_Source">
    <skipped/>
  </testcase> <!-- loginToappWithrequiredCredentials -->
  <testcase name="tcEnterMasterSourceDetailsData" time="1.951" classname="com.test.automation.uiAutomation.admission.TC_Masters_Master_Source"/>
  <testcase name="loginToappWithrequiredCredentials" time="0.003" classname="com.test.automation.uiAutomation.admission.TC_Masters_Master_Source">
    <skipped/>
  </testcase> <!-- loginToappWithrequiredCredentials -->
  <testcase name="tcSortBySourceName" time="3.662" classname="com.test.automation.uiAutomation.admission.TC_Masters_Master_Source"/>
  <testcase name="tcClickOnCancelButton" time="15.477" classname="com.test.automation.uiAutomation.admission.TC_Masters_Master_Source"/>
  <testcase name="tcEditMasterSource" time="5.450" classname="com.test.automation.uiAutomation.admission.TC_Masters_Master_Source"/>
  <testcase name="tcClickOnOkSuccessButton" time="2.361" classname="com.test.automation.uiAutomation.admission.TC_Masters_Master_Source"/>
  <testcase name="tcEnterMasterSourceDetailsData_AfterDelete" time="1.225" classname="com.test.automation.uiAutomation.admission.TC_Masters_Master_Source"/>
  <testcase name="tcSubmitBlankMasterSourceForm" time="3.434" classname="com.test.automation.uiAutomation.admission.TC_Masters_Master_Source"/>
  <testcase name="tcDeleteMasterSource_AfterCancel" time="5.459" classname="com.test.automation.uiAutomation.admission.TC_Masters_Master_Source"/>
  <testcase name="loginToappWithrequiredCredentials" time="0.001" classname="com.test.automation.uiAutomation.admission.TC_Masters_Master_Source">
    <skipped/>
  </testcase> <!-- loginToappWithrequiredCredentials -->
  <testcase name="tcYesDeleteOrDeactivateOrActivateIt" time="15.396" classname="com.test.automation.uiAutomation.admission.TC_Masters_Master_Source"/>
  <testcase name="tcMaximizeMasterSourceList" time="2.310" classname="com.test.automation.uiAutomation.admission.TC_Masters_Master_Source"/>
  <testcase name="tcSaveSourceInfoData_Edit" time="15.446" classname="com.test.automation.uiAutomation.admission.TC_Masters_Master_Source"/>
  <testcase name="tcClearSourceInfoData" time="15.514" classname="com.test.automation.uiAutomation.admission.TC_Masters_Master_Source"/>
  <testcase name="tcVerifySourceNameInTheGrid" time="0.319" classname="com.test.automation.uiAutomation.admission.TC_Masters_Master_Source"/>
  <testcase name="tcClickOnOkSuccessButton_delete" time="2.377" classname="com.test.automation.uiAutomation.admission.TC_Masters_Master_Source"/>
  <testcase name="tcSaveSourceInfoData_AfterDelete" time="15.440" classname="com.test.automation.uiAutomation.admission.TC_Masters_Master_Source"/>
  <testcase name="tcMaximizeMasterSource" time="2.328" classname="com.test.automation.uiAutomation.admission.TC_Masters_Master_Source"/>
  <testcase name="tcEnterMasterSourceDetailsData_AfterClear" time="2.271" classname="com.test.automation.uiAutomation.admission.TC_Masters_Master_Source"/>
  <testcase name="tcClickOnOkSuccessButton_AfterDelete" time="2.380" classname="com.test.automation.uiAutomation.admission.TC_Masters_Master_Source"/>
  <testcase name="tcClickOnOkSuccessButton_Edit" time="2.347" classname="com.test.automation.uiAutomation.admission.TC_Masters_Master_Source"/>
  <testcase name="tcClickOnOkSuccessButton_cancel" time="2.321" classname="com.test.automation.uiAutomation.admission.TC_Masters_Master_Source"/>
  <testcase name="tcSearchWithSourceNameInTheGrid" time="0.913" classname="com.test.automation.uiAutomation.admission.TC_Masters_Master_Source"/>
  <testcase name="tcSaveSourceInfoData" time="15.456" classname="com.test.automation.uiAutomation.admission.TC_Masters_Master_Source"/>
  <testcase name="loginToappWithrequiredCredentials" time="20.034" classname="com.test.automation.uiAutomation.admission.TC_Masters_Master_Source"/>
  <testcase name="tcVerifyMasters_MasterSource_BGHSPage" time="1.331" classname="com.test.automation.uiAutomation.admission.TC_Masters_Master_Source"/>
</testsuite> <!-- com.test.automation.uiAutomation.admission.TC_Masters_Master_Source -->
