<?xml version="1.0" encoding="UTF-8"?>
<!-- Generated by org.testng.reporters.JUnitReportReporter -->
<testsuite name="com.test.automation.uiAutomation.admission.TC_Masters_BatchWise_Student_Mapping" tests="34" time="197.186" ignored="0" failures="0" timestamp="07 Feb 2018 10:27:54 GMT" skipped="4" hostname="DESKTOP-DISLHD4" errors="0">
  <testcase name="tcVerifyMasters_BatchWiseStudentMapp_BGHSPage" time="1.333" classname="com.test.automation.uiAutomation.admission.TC_Masters_BatchWise_Student_Mapping"/>
  <testcase name="tcMaximizeStudentList" time="2.381" classname="com.test.automation.uiAutomation.admission.TC_Masters_BatchWise_Student_Mapping"/>
  <testcase name="tcSelectRadioButtonTo_CreateNewBatch_AfterClear" time="1.312" classname="com.test.automation.uiAutomation.admission.TC_Masters_BatchWise_Student_Mapping"/>
  <testcase name="tcFillBatchwiseStudentMappFormTo_CreateNewBatch_AfterClear" time="12.043" classname="com.test.automation.uiAutomation.admission.TC_Masters_BatchWise_Student_Mapping"/>
  <testcase name="loginToappWithrequiredCredentials" time="25.227" classname="com.test.automation.uiAutomation.admission.TC_Masters_BatchWise_Student_Mapping"/>
  <testcase name="tcClickOnOkSuccessButton_Update" time="2.355" classname="com.test.automation.uiAutomation.admission.TC_Masters_BatchWise_Student_Mapping"/>
  <testcase name="tcClickOnOkSuccessButton" time="2.367" classname="com.test.automation.uiAutomation.admission.TC_Masters_BatchWise_Student_Mapping"/>
  <testcase name="tcMinimizeBatchWiseStudentMapping" time="2.374" classname="com.test.automation.uiAutomation.admission.TC_Masters_BatchWise_Student_Mapping"/>
  <testcase name="tcMaximizeBatchWiseStudentMapping" time="2.314" classname="com.test.automation.uiAutomation.admission.TC_Masters_BatchWise_Student_Mapping"/>
  <testcase name="tcVerifyBatchNameUpdatedInTheGrid" time="0.495" classname="com.test.automation.uiAutomation.admission.TC_Masters_BatchWise_Student_Mapping"/>
  <testcase name="tcSortStudentListByStudentName" time="2.686" classname="com.test.automation.uiAutomation.admission.TC_Masters_BatchWise_Student_Mapping"/>
  <testcase name="tcFillBatchwiseStudentMappFormTo_UpdateBatch" time="12.041" classname="com.test.automation.uiAutomation.admission.TC_Masters_BatchWise_Student_Mapping"/>
  <testcase name="loginToappWithrequiredCredentials" time="0.002" classname="com.test.automation.uiAutomation.admission.TC_Masters_BatchWise_Student_Mapping">
    <skipped/>
  </testcase> <!-- loginToappWithrequiredCredentials -->
  <testcase name="tcSearchWithRegNoAcademicYearTo_SelectStudent_AfterClear" time="2.654" classname="com.test.automation.uiAutomation.admission.TC_Masters_BatchWise_Student_Mapping"/>
  <testcase name="tcMinimizeStudentMappList" time="2.385" classname="com.test.automation.uiAutomation.admission.TC_Masters_BatchWise_Student_Mapping"/>
  <testcase name="tcSelectRadioButtonTo_CreateNewBatch" time="1.309" classname="com.test.automation.uiAutomation.admission.TC_Masters_BatchWise_Student_Mapping"/>
  <testcase name="tcMaximizeStudentMappList" time="2.377" classname="com.test.automation.uiAutomation.admission.TC_Masters_BatchWise_Student_Mapping"/>
  <testcase name="tcSearchWithRegNoAcademicYearTo_SelectStudent_ToUpdate" time="2.961" classname="com.test.automation.uiAutomation.admission.TC_Masters_BatchWise_Student_Mapping"/>
  <testcase name="loginToappWithrequiredCredentials" time="0.000" classname="com.test.automation.uiAutomation.admission.TC_Masters_BatchWise_Student_Mapping">
    <skipped/>
  </testcase> <!-- loginToappWithrequiredCredentials -->
  <testcase name="tcNavigateToAdmission_Masters_BatchWiseStudentMapping_BGHS" time="11.859" classname="com.test.automation.uiAutomation.admission.TC_Masters_BatchWise_Student_Mapping"/>
  <testcase name="tcHomeButtonValidation" time="2.308" classname="com.test.automation.uiAutomation.admission.TC_Masters_BatchWise_Student_Mapping"/>
  <testcase name="tcSelectRadioButtonTo_UpdateCreatedBatch" time="1.439" classname="com.test.automation.uiAutomation.admission.TC_Masters_BatchWise_Student_Mapping"/>
  <testcase name="loginToappWithrequiredCredentials" time="0.000" classname="com.test.automation.uiAutomation.admission.TC_Masters_BatchWise_Student_Mapping">
    <skipped/>
  </testcase> <!-- loginToappWithrequiredCredentials -->
  <testcase name="tcSortStudentMappListByStudentName" time="2.660" classname="com.test.automation.uiAutomation.admission.TC_Masters_BatchWise_Student_Mapping"/>
  <testcase name="tcMinimizeStudentList" time="2.367" classname="com.test.automation.uiAutomation.admission.TC_Masters_BatchWise_Student_Mapping"/>
  <testcase name="tcSelectStudentToMappWithBatchFromStudentList_AfterClear" time="17.759" classname="com.test.automation.uiAutomation.admission.TC_Masters_BatchWise_Student_Mapping"/>
  <testcase name="tcSearchWithRegNoAcademicYearTo_SelectStudent" time="2.890" classname="com.test.automation.uiAutomation.admission.TC_Masters_BatchWise_Student_Mapping"/>
  <testcase name="tcClearBatchWiseStudentMappInfoData" time="15.472" classname="com.test.automation.uiAutomation.admission.TC_Masters_BatchWise_Student_Mapping"/>
  <testcase name="tcSaveBatchWiseStudentMappInfoData" time="15.455" classname="com.test.automation.uiAutomation.admission.TC_Masters_BatchWise_Student_Mapping"/>
  <testcase name="tcSaveBatchWiseStudentMappInfoData_Update" time="15.458" classname="com.test.automation.uiAutomation.admission.TC_Masters_BatchWise_Student_Mapping"/>
  <testcase name="loginToappWithrequiredCredentials" time="0.001" classname="com.test.automation.uiAutomation.admission.TC_Masters_BatchWise_Student_Mapping">
    <skipped/>
  </testcase> <!-- loginToappWithrequiredCredentials -->
  <testcase name="tcSelectStudentToMappWithBatchFromStudentList" time="15.565" classname="com.test.automation.uiAutomation.admission.TC_Masters_BatchWise_Student_Mapping"/>
  <testcase name="tcFillBatchwiseStudentMappFormTo_CreateNewBatch" time="12.405" classname="com.test.automation.uiAutomation.admission.TC_Masters_BatchWise_Student_Mapping"/>
  <testcase name="tcSearchWithBatchNameIntheGrid" time="2.932" classname="com.test.automation.uiAutomation.admission.TC_Masters_BatchWise_Student_Mapping"/>
</testsuite> <!-- com.test.automation.uiAutomation.admission.TC_Masters_BatchWise_Student_Mapping -->
