<?xml version="1.0" encoding="UTF-8"?>
<!-- Generated by org.testng.reporters.JUnitReportReporter -->
<testsuite name="com.test.automation.uiAutomation.admission.masters.TC_Masters_Caste_Category" tests="34" time="170.552" ignored="0" failures="0" timestamp="02 Apr 2018 10:46:12 GMT" skipped="4" hostname="DESKTOP-DISLHD4" errors="0">
  <testcase name="tcSortByCasteCategoryName" time="3.623" classname="com.test.automation.uiAutomation.admission.masters.TC_Masters_Caste_Category"/>
  <testcase name="tcEnterMasterCasteCategoryDetailsData_AfterDelete" time="0.535" classname="com.test.automation.uiAutomation.admission.masters.TC_Masters_Caste_Category"/>
  <testcase name="loginToappWithrequiredCredentials" time="20.081" classname="com.test.automation.uiAutomation.admission.masters.TC_Masters_Caste_Category"/>
  <testcase name="tcMinimizeMasterCasteCategory" time="2.312" classname="com.test.automation.uiAutomation.admission.masters.TC_Masters_Caste_Category"/>
  <testcase name="tcEditMasterCasteCategory" time="5.367" classname="com.test.automation.uiAutomation.admission.masters.TC_Masters_Caste_Category"/>
  <testcase name="tcSaveCasteCategoryInfoData_Edit" time="15.382" classname="com.test.automation.uiAutomation.admission.masters.TC_Masters_Caste_Category"/>
  <testcase name="tcClickOnOkSuccessButton_cancel" time="2.350" classname="com.test.automation.uiAutomation.admission.masters.TC_Masters_Caste_Category"/>
  <testcase name="tcDeleteMasterCasteCategory" time="5.355" classname="com.test.automation.uiAutomation.admission.masters.TC_Masters_Caste_Category"/>
  <testcase name="tcEnterMasterCasteCategoryDetailsData_AfterClear" time="0.541" classname="com.test.automation.uiAutomation.admission.masters.TC_Masters_Caste_Category"/>
  <testcase name="tcClickOnOkSuccessButton" time="2.322" classname="com.test.automation.uiAutomation.admission.masters.TC_Masters_Caste_Category"/>
  <testcase name="tcVerifyCasteCategoryNameInTheGrid" time="0.301" classname="com.test.automation.uiAutomation.admission.masters.TC_Masters_Caste_Category"/>
  <testcase name="tcSubmitBlankMasterCasteCategoryForm" time="3.407" classname="com.test.automation.uiAutomation.admission.masters.TC_Masters_Caste_Category"/>
  <testcase name="tcSearchWithCasteCategoryNameInTheGrid_delete" time="0.410" classname="com.test.automation.uiAutomation.admission.masters.TC_Masters_Caste_Category"/>
  <testcase name="loginToappWithrequiredCredentials" time="0.002" classname="com.test.automation.uiAutomation.admission.masters.TC_Masters_Caste_Category">
    <skipped/>
  </testcase> <!-- loginToappWithrequiredCredentials -->
  <testcase name="tcSaveCasteCategoryInfoData" time="15.360" classname="com.test.automation.uiAutomation.admission.masters.TC_Masters_Caste_Category"/>
  <testcase name="tcClickOnCancelButton" time="15.351" classname="com.test.automation.uiAutomation.admission.masters.TC_Masters_Caste_Category"/>
  <testcase name="tcEnterMasterCasteCategoryDetailsData" time="1.196" classname="com.test.automation.uiAutomation.admission.masters.TC_Masters_Caste_Category"/>
  <testcase name="loginToappWithrequiredCredentials" time="0.001" classname="com.test.automation.uiAutomation.admission.masters.TC_Masters_Caste_Category">
    <skipped/>
  </testcase> <!-- loginToappWithrequiredCredentials -->
  <testcase name="tcSearchWithCasteCategoryNameInTheGrid" time="0.408" classname="com.test.automation.uiAutomation.admission.masters.TC_Masters_Caste_Category"/>
  <testcase name="tcMinimizeCasteCategoryList" time="2.346" classname="com.test.automation.uiAutomation.admission.masters.TC_Masters_Caste_Category"/>
  <testcase name="tcClickOnOkSuccessButton_Edit" time="2.324" classname="com.test.automation.uiAutomation.admission.masters.TC_Masters_Caste_Category"/>
  <testcase name="tcMaximizeCasteCategoryList" time="2.343" classname="com.test.automation.uiAutomation.admission.masters.TC_Masters_Caste_Category"/>
  <testcase name="tcSaveCasteCategoryInfoData_AfterDelete" time="15.354" classname="com.test.automation.uiAutomation.admission.masters.TC_Masters_Caste_Category"/>
  <testcase name="tcNavigateToAdmission_Masters_CasteCategory_BGHS" time="2.028" classname="com.test.automation.uiAutomation.admission.masters.TC_Masters_Caste_Category"/>
  <testcase name="tcClickOnOkSuccessButton_delete" time="2.366" classname="com.test.automation.uiAutomation.admission.masters.TC_Masters_Caste_Category"/>
  <testcase name="loginToappWithrequiredCredentials" time="0.001" classname="com.test.automation.uiAutomation.admission.masters.TC_Masters_Caste_Category">
    <skipped/>
  </testcase> <!-- loginToappWithrequiredCredentials -->
  <testcase name="tcHomeButtonValidation" time="7.350" classname="com.test.automation.uiAutomation.admission.masters.TC_Masters_Caste_Category"/>
  <testcase name="tcDeleteMasterCasteCategory_AfterCancel" time="5.357" classname="com.test.automation.uiAutomation.admission.masters.TC_Masters_Caste_Category"/>
  <testcase name="tcClickOnOkSuccessButton_AfterDelete" time="2.292" classname="com.test.automation.uiAutomation.admission.masters.TC_Masters_Caste_Category"/>
  <testcase name="loginToappWithrequiredCredentials" time="0.000" classname="com.test.automation.uiAutomation.admission.masters.TC_Masters_Caste_Category">
    <skipped/>
  </testcase> <!-- loginToappWithrequiredCredentials -->
  <testcase name="tcMaximizeMasterCasteCategory" time="2.354" classname="com.test.automation.uiAutomation.admission.masters.TC_Masters_Caste_Category"/>
  <testcase name="tcVerifyMasters_CasteCategory_BGHSPage" time="1.351" classname="com.test.automation.uiAutomation.admission.masters.TC_Masters_Caste_Category"/>
  <testcase name="tcClearCasteCategoryInfoData" time="15.452" classname="com.test.automation.uiAutomation.admission.masters.TC_Masters_Caste_Category"/>
  <testcase name="tcYesDeleteOrDeactivateOrActivateIt" time="15.330" classname="com.test.automation.uiAutomation.admission.masters.TC_Masters_Caste_Category"/>
</testsuite> <!-- com.test.automation.uiAutomation.admission.masters.TC_Masters_Caste_Category -->
