<?xml version="1.0" encoding="UTF-8"?>
<!-- Generated by org.testng.reporters.JUnitReportReporter -->
<testsuite name="com.test.automation.uiAutomation.tcFeeReports.Tc_Reports_Daily_Collection_Report" tests="12" time="102.718" ignored="0" failures="0" timestamp="04 Jan 2018 11:17:03 GMT" skipped="4" hostname="vaps-PC" errors="0">
  <testcase name="tcHomeButtonValidation" time="17.126" classname="com.test.automation.uiAutomation.tcFeeReports.Tc_Reports_Daily_Collection_Report"/>
  <testcase name="tcVerifyDailyCollectionReportsPage" time="3.721" classname="com.test.automation.uiAutomation.tcFeeReports.Tc_Reports_Daily_Collection_Report"/>
  <testcase name="loginToappWithrequiredCredentials" time="32.710" classname="com.test.automation.uiAutomation.tcFeeReports.Tc_Reports_Daily_Collection_Report"/>
  <testcase name="tcGenerateReportsByClickingOnReportButton" time="2.446" classname="com.test.automation.uiAutomation.tcFeeReports.Tc_Reports_Daily_Collection_Report"/>
  <testcase name="tcRequiredInfoToGenerateDailyCollectionReports" time="28.918" classname="com.test.automation.uiAutomation.tcFeeReports.Tc_Reports_Daily_Collection_Report"/>
  <testcase name="tcDownloadExcelReport" time="3.107" classname="com.test.automation.uiAutomation.tcFeeReports.Tc_Reports_Daily_Collection_Report"/>
  <testcase name="loginToappWithrequiredCredentials" time="0.005" classname="com.test.automation.uiAutomation.tcFeeReports.Tc_Reports_Daily_Collection_Report">
    <skipped/>
  </testcase> <!-- loginToappWithrequiredCredentials -->
  <testcase name="loginToappWithrequiredCredentials" time="0.005" classname="com.test.automation.uiAutomation.tcFeeReports.Tc_Reports_Daily_Collection_Report">
    <skipped/>
  </testcase> <!-- loginToappWithrequiredCredentials -->
  <testcase name="loginToappWithrequiredCredentials" time="0.004" classname="com.test.automation.uiAutomation.tcFeeReports.Tc_Reports_Daily_Collection_Report">
    <skipped/>
  </testcase> <!-- loginToappWithrequiredCredentials -->
  <testcase name="tcDownloadPdfReport" time="4.924" classname="com.test.automation.uiAutomation.tcFeeReports.Tc_Reports_Daily_Collection_Report"/>
  <testcase name="tcNevigateToReports_Daily_CollectionReports" time="9.741" classname="com.test.automation.uiAutomation.tcFeeReports.Tc_Reports_Daily_Collection_Report"/>
  <testcase name="loginToappWithrequiredCredentials" time="0.011" classname="com.test.automation.uiAutomation.tcFeeReports.Tc_Reports_Daily_Collection_Report">
    <skipped/>
  </testcase> <!-- loginToappWithrequiredCredentials -->
</testsuite> <!-- com.test.automation.uiAutomation.tcFeeReports.Tc_Reports_Daily_Collection_Report -->
