<?xml version="1.0" encoding="UTF-8"?>
<!-- Generated by org.testng.reporters.JUnitReportReporter -->
<testsuite name="com.test.automation.uiAutomation.admission.TC_AttendanceEntry.TC_Student_Attendance_Entry" tests="27" time="117.173" ignored="0" failures="0" timestamp="12 Apr 2018 10:42:31 GMT" skipped="0" hostname="DESKTOP-DISLHD4" errors="0">
  <testcase name="tcClickOnOkSuccessButton_DailyTwice" time="3.355" classname="com.test.automation.uiAutomation.admission.TC_AttendanceEntry.TC_Student_Attendance_Entry"/>
  <testcase name="tcSearchWithRegistrationNumberInThe_StudentDetailsListGrid" time="1.428" classname="com.test.automation.uiAutomation.admission.TC_AttendanceEntry.TC_Student_Attendance_Entry"/>
  <testcase name="tcHomeButtonValidation" time="10.291" classname="com.test.automation.uiAutomation.admission.TC_AttendanceEntry.TC_Student_Attendance_Entry"/>
  <testcase name="loginToappWithrequiredCredentials" time="20.169" classname="com.test.automation.uiAutomation.admission.TC_AttendanceEntry.TC_Student_Attendance_Entry"/>
  <testcase name="tcFillwith_DailyTwice_AttendanceEntryData" time="4.790" classname="com.test.automation.uiAutomation.admission.TC_AttendanceEntry.TC_Student_Attendance_Entry"/>
  <testcase name="tcFillWith_AttendanceEntry_Data" time="3.670" classname="com.test.automation.uiAutomation.admission.TC_AttendanceEntry.TC_Student_Attendance_Entry"/>
  <testcase name="tcSelectStudent_ForAttendanceEntry_FromStudentDetailsList" time="2.425" classname="com.test.automation.uiAutomation.admission.TC_AttendanceEntry.TC_Student_Attendance_Entry"/>
  <testcase name="tcFillWith_AttendanceEntry_Data_DailyTwice" time="3.560" classname="com.test.automation.uiAutomation.admission.TC_AttendanceEntry.TC_Student_Attendance_Entry"/>
  <testcase name="tcMaximizeAttendanceEntry" time="3.403" classname="com.test.automation.uiAutomation.admission.TC_AttendanceEntry.TC_Student_Attendance_Entry"/>
  <testcase name="tcClickOnOkSuccessButton" time="3.319" classname="com.test.automation.uiAutomation.admission.TC_AttendanceEntry.TC_Student_Attendance_Entry"/>
  <testcase name="tcSaveFilled_StudentAttendanceEntryForm_DailyTwice" time="10.357" classname="com.test.automation.uiAutomation.admission.TC_AttendanceEntry.TC_Student_Attendance_Entry"/>
  <testcase name="tcNavigateToAdmission_AttendanceEntry_StudentAttendanceEntry_BGHS" time="3.629" classname="com.test.automation.uiAutomation.admission.TC_AttendanceEntry.TC_Student_Attendance_Entry"/>
  <testcase name="tcVerifyStudentIn_StudentAttendanceEntry_StudentDetailsListGrid_DailyTwice" time="0.288" classname="com.test.automation.uiAutomation.admission.TC_AttendanceEntry.TC_Student_Attendance_Entry"/>
  <testcase name="tcMinimize_StudentDetails" time="1.370" classname="com.test.automation.uiAutomation.admission.TC_AttendanceEntry.TC_Student_Attendance_Entry"/>
  <testcase name="tcMinimize_DailyOnce" time="1.364" classname="com.test.automation.uiAutomation.admission.TC_AttendanceEntry.TC_Student_Attendance_Entry"/>
  <testcase name="tcFillWith_AttendanceEntry_Data_AfterCancel" time="3.656" classname="com.test.automation.uiAutomation.admission.TC_AttendanceEntry.TC_Student_Attendance_Entry"/>
  <testcase name="tcVerifyAttendanceEntry_StudentAttendanceEntry_BGHSPage" time="1.321" classname="com.test.automation.uiAutomation.admission.TC_AttendanceEntry.TC_Student_Attendance_Entry"/>
  <testcase name="tcVerifyStudentIn_StudentAttendanceEntry_StudentDetailsListGrid" time="0.298" classname="com.test.automation.uiAutomation.admission.TC_AttendanceEntry.TC_Student_Attendance_Entry"/>
  <testcase name="tcSelectStudent_ForAttendanceEntry_FromStudentDetailsList_DailyTwice" time="3.501" classname="com.test.automation.uiAutomation.admission.TC_AttendanceEntry.TC_Student_Attendance_Entry"/>
  <testcase name="tcCancelFilled_StudentAttendanceEntryForm" time="7.483" classname="com.test.automation.uiAutomation.admission.TC_AttendanceEntry.TC_Student_Attendance_Entry"/>
  <testcase name="tcSearchWithRegistrationNumberInThe_StudentDetailsListGrid_DailyTwice" time="1.437" classname="com.test.automation.uiAutomation.admission.TC_AttendanceEntry.TC_Student_Attendance_Entry"/>
  <testcase name="tcMaximize_DailyOnce" time="1.347" classname="com.test.automation.uiAutomation.admission.TC_AttendanceEntry.TC_Student_Attendance_Entry"/>
  <testcase name="tcSaveFilled_StudentAttendanceEntryForm" time="10.370" classname="com.test.automation.uiAutomation.admission.TC_AttendanceEntry.TC_Student_Attendance_Entry"/>
  <testcase name="tcFillwith_DailyOnce_EntryData" time="4.804" classname="com.test.automation.uiAutomation.admission.TC_AttendanceEntry.TC_Student_Attendance_Entry"/>
  <testcase name="tcMnimizeAttendanceEntry" time="3.425" classname="com.test.automation.uiAutomation.admission.TC_AttendanceEntry.TC_Student_Attendance_Entry"/>
  <testcase name="tcFillwith_DailyOnce_EntryData_AfterCancel" time="4.771" classname="com.test.automation.uiAutomation.admission.TC_AttendanceEntry.TC_Student_Attendance_Entry"/>
  <testcase name="tcMaximize_StudentDetails" time="1.342" classname="com.test.automation.uiAutomation.admission.TC_AttendanceEntry.TC_Student_Attendance_Entry"/>
</testsuite> <!-- com.test.automation.uiAutomation.admission.TC_AttendanceEntry.TC_Student_Attendance_Entry -->
