<?xml version="1.0" encoding="UTF-8"?>
<!-- Generated by org.testng.reporters.JUnitReportReporter -->
<testsuite name="com.test.automation.uiAutomation.tcFee.Tc_Masters_Fee_Group_MasterGroup" tests="12" time="76.858" ignored="0" failures="0" timestamp="01 Dec 2017 06:29:29 GMT" skipped="3" hostname="vaps-PC" errors="0">
  <testcase name="tcClickOnSuccessOkBtn" time="13.499" classname="com.test.automation.uiAutomation.tcFee.Tc_Masters_Fee_Group_MasterGroup"/>
  <testcase name="tcMastersFeeGroupNameAndRemarks" time="10.632" classname="com.test.automation.uiAutomation.tcFee.Tc_Masters_Fee_Group_MasterGroup"/>
  <testcase name="loginToappWithrequiredCredentials" time="0.034" classname="com.test.automation.uiAutomation.tcFee.Tc_Masters_Fee_Group_MasterGroup">
    <skipped/>
  </testcase> <!-- loginToappWithrequiredCredentials -->
  <testcase name="tcMastersFeeGroupNameAndRemarks" time="0.006" classname="com.test.automation.uiAutomation.tcFee.Tc_Masters_Fee_Group_MasterGroup">
    <skipped/>
  </testcase> <!-- tcMastersFeeGroupNameAndRemarks -->
  <testcase name="tcNevigateToMastersFeeGroup" time="6.664" classname="com.test.automation.uiAutomation.tcFee.Tc_Masters_Fee_Group_MasterGroup"/>
  <testcase name="tcSelectCompulsorycheckbox" time="2.207" classname="com.test.automation.uiAutomation.tcFee.Tc_Masters_Fee_Group_MasterGroup"/>
  <testcase name="tcHomeButtonValidation" time="0.848" classname="com.test.automation.uiAutomation.tcFee.Tc_Masters_Fee_Group_MasterGroup"/>
  <testcase name="loginToappWithrequiredCredentials" time="37.873" classname="com.test.automation.uiAutomation.tcFee.Tc_Masters_Fee_Group_MasterGroup"/>
  <testcase name="tcVerifyFeeGroupPage" time="0.850" classname="com.test.automation.uiAutomation.tcFee.Tc_Masters_Fee_Group_MasterGroup"/>
  <testcase name="tcClickOnSaveButton" time="3.384" classname="com.test.automation.uiAutomation.tcFee.Tc_Masters_Fee_Group_MasterGroup"/>
  <testcase name="tcVerifySuccessfulPopUp" time="0.832" classname="com.test.automation.uiAutomation.tcFee.Tc_Masters_Fee_Group_MasterGroup"/>
  <testcase name="loginToappWithrequiredCredentials" time="0.029" classname="com.test.automation.uiAutomation.tcFee.Tc_Masters_Fee_Group_MasterGroup">
    <skipped/>
  </testcase> <!-- loginToappWithrequiredCredentials -->
</testsuite> <!-- com.test.automation.uiAutomation.tcFee.Tc_Masters_Fee_Group_MasterGroup -->
