<?xml version="1.0" encoding="UTF-8"?>
<!-- Generated by org.testng.reporters.JUnitReportReporter -->
<testsuite name="com.test.automation.uiAutomation.tcFee.Tc_Masters_Fee_Head" tests="13" time="53.362" ignored="0" failures="0" timestamp="13 Mar 2018 10:34:01 GMT" skipped="4" hostname="DESKTOP-DISLHD4" errors="0">
  <testcase name="tcHomeButtonValidation" time="7.346" classname="com.test.automation.uiAutomation.tcFee.Tc_Masters_Fee_Head"/>
  <testcase name="loginToappWithrequiredCredentials" time="0.001" classname="com.test.automation.uiAutomation.tcFee.Tc_Masters_Fee_Head">
    <skipped/>
  </testcase> <!-- loginToappWithrequiredCredentials -->
  <testcase name="loginToappWithrequiredCredentials" time="0.001" classname="com.test.automation.uiAutomation.tcFee.Tc_Masters_Fee_Head">
    <skipped/>
  </testcase> <!-- loginToappWithrequiredCredentials -->
  <testcase name="loginToappWithrequiredCredentials" time="0.005" classname="com.test.automation.uiAutomation.tcFee.Tc_Masters_Fee_Head">
    <skipped/>
  </testcase> <!-- loginToappWithrequiredCredentials -->
  <testcase name="tcNevigateToMasters_FeeHead" time="3.677" classname="com.test.automation.uiAutomation.tcFee.Tc_Masters_Fee_Head"/>
  <testcase name="loginToappWithrequiredCredentials" time="0.001" classname="com.test.automation.uiAutomation.tcFee.Tc_Masters_Fee_Head">
    <skipped/>
  </testcase> <!-- loginToappWithrequiredCredentials -->
  <testcase name="tcClickOnSaveButton" time="10.380" classname="com.test.automation.uiAutomation.tcFee.Tc_Masters_Fee_Head"/>
  <testcase name="tcMastersFeeHeadNameAndType" time="2.819" classname="com.test.automation.uiAutomation.tcFee.Tc_Masters_Fee_Head"/>
  <testcase name="tcVerifyFeeHeadPage" time="1.326" classname="com.test.automation.uiAutomation.tcFee.Tc_Masters_Fee_Head"/>
  <testcase name="tcSelectcheckboxes" time="2.518" classname="com.test.automation.uiAutomation.tcFee.Tc_Masters_Fee_Head"/>
  <testcase name="loginToappWithrequiredCredentials" time="20.608" classname="com.test.automation.uiAutomation.tcFee.Tc_Masters_Fee_Head"/>
  <testcase name="tcVerifySuccessfulPopUp" time="1.331" classname="com.test.automation.uiAutomation.tcFee.Tc_Masters_Fee_Head"/>
  <testcase name="tcClickOnSuccessOkBtn" time="3.349" classname="com.test.automation.uiAutomation.tcFee.Tc_Masters_Fee_Head"/>
</testsuite> <!-- com.test.automation.uiAutomation.tcFee.Tc_Masters_Fee_Head -->
