<?xml version="1.0" encoding="UTF-8"?>
<!-- Generated by org.testng.reporters.JUnitReportReporter -->
<testsuite name="com.test.automation.uiAutomation.TC_BGHS_PreAdmission.Tc_Admission_Form_BGHS_ApplicationForm" tests="34" time="56.670" ignored="0" failures="0" timestamp="09 Jan 2018 05:29:40 GMT" skipped="4" hostname="vaps-PC" errors="0">
  <testcase name="tcSearchWithFatherNameInStudentListGrid_Edit_BGHSApplicationForm" time="2.597" classname="com.test.automation.uiAutomation.TC_BGHS_PreAdmission.Tc_Admission_Form_BGHS_ApplicationForm"/>
  <testcase name="loginToappWithrequiredCredentials" time="0.016" classname="com.test.automation.uiAutomation.TC_BGHS_PreAdmission.Tc_Admission_Form_BGHS_ApplicationForm">
    <skipped/>
  </testcase> <!-- loginToappWithrequiredCredentials -->
  <testcase name="tcClickOnSubmitButtonForFinalSubmit" time="0.596" classname="com.test.automation.uiAutomation.TC_BGHS_PreAdmission.Tc_Admission_Form_BGHS_ApplicationForm"/>
  <testcase name="tcPopUpValidationYes" time="0.551" classname="com.test.automation.uiAutomation.TC_BGHS_PreAdmission.Tc_Admission_Form_BGHS_ApplicationForm"/>
  <testcase name="tcPopUpValidationOnSuccess" time="0.543" classname="com.test.automation.uiAutomation.TC_BGHS_PreAdmission.Tc_Admission_Form_BGHS_ApplicationForm"/>
  <testcase name="loginToappWithrequiredCredentials" time="0.029" classname="com.test.automation.uiAutomation.TC_BGHS_PreAdmission.Tc_Admission_Form_BGHS_ApplicationForm">
    <skipped/>
  </testcase> <!-- loginToappWithrequiredCredentials -->
  <testcase name="loginToappWithrequiredCredentials" time="0.012" classname="com.test.automation.uiAutomation.TC_BGHS_PreAdmission.Tc_Admission_Form_BGHS_ApplicationForm">
    <skipped/>
  </testcase> <!-- loginToappWithrequiredCredentials -->
  <testcase name="tcYearOfPassingOfFatherAndMother" time="0.739" classname="com.test.automation.uiAutomation.TC_BGHS_PreAdmission.Tc_Admission_Form_BGHS_ApplicationForm"/>
  <testcase name="tcPopUpValidationYesEdit" time="0.574" classname="com.test.automation.uiAutomation.TC_BGHS_PreAdmission.Tc_Admission_Form_BGHS_ApplicationForm"/>
  <testcase name="tcUploadRequiredDocuments" time="0.551" classname="com.test.automation.uiAutomation.TC_BGHS_PreAdmission.Tc_Admission_Form_BGHS_ApplicationForm"/>
  <testcase name="tcVerifyFatherNameInStudentListGrid" time="2.667" classname="com.test.automation.uiAutomation.TC_BGHS_PreAdmission.Tc_Admission_Form_BGHS_ApplicationForm"/>
  <testcase name="tcGurdianDetailsBGHSPreAdmApplicationForm" time="0.623" classname="com.test.automation.uiAutomation.TC_BGHS_PreAdmission.Tc_Admission_Form_BGHS_ApplicationForm"/>
  <testcase name="tcOthersDetailsForBGhsAdmApplicationForm" time="0.738" classname="com.test.automation.uiAutomation.TC_BGHS_PreAdmission.Tc_Admission_Form_BGHS_ApplicationForm"/>
  <testcase name="tcNavigateToAdmission_ApplicationForm_BGHS" time="3.911" classname="com.test.automation.uiAutomation.TC_BGHS_PreAdmission.Tc_Admission_Form_BGHS_ApplicationForm"/>
  <testcase name="tcHomeButtonValidation" time="2.691" classname="com.test.automation.uiAutomation.TC_BGHS_PreAdmission.Tc_Admission_Form_BGHS_ApplicationForm"/>
  <testcase name="loginToappWithrequiredCredentials" time="25.696" classname="com.test.automation.uiAutomation.TC_BGHS_PreAdmission.Tc_Admission_Form_BGHS_ApplicationForm"/>
  <testcase name="loginToappWithrequiredCredentials" time="0.034" classname="com.test.automation.uiAutomation.TC_BGHS_PreAdmission.Tc_Admission_Form_BGHS_ApplicationForm">
    <skipped/>
  </testcase> <!-- loginToappWithrequiredCredentials -->
  <testcase name="tcValidationOfUploadedDOBCertificate" time="0.569" classname="com.test.automation.uiAutomation.TC_BGHS_PreAdmission.Tc_Admission_Form_BGHS_ApplicationForm"/>
  <testcase name="tcVerifyAdmission_ApplicationForm_BGHSPage" time="2.980" classname="com.test.automation.uiAutomation.TC_BGHS_PreAdmission.Tc_Admission_Form_BGHS_ApplicationForm"/>
  <testcase name="tcPreviousSchoolDetailsBGHS" time="0.634" classname="com.test.automation.uiAutomation.TC_BGHS_PreAdmission.Tc_Admission_Form_BGHS_ApplicationForm"/>
  <testcase name="tcFathersDetails_BGHSPreAdmission_ApplicationForm" time="0.840" classname="com.test.automation.uiAutomation.TC_BGHS_PreAdmission.Tc_Admission_Form_BGHS_ApplicationForm"/>
  <testcase name="tcPopUpValidationOnSuccessEdit" time="0.554" classname="com.test.automation.uiAutomation.TC_BGHS_PreAdmission.Tc_Admission_Form_BGHS_ApplicationForm"/>
  <testcase name="tcSearchByFatherNameInGrid" time="0.704" classname="com.test.automation.uiAutomation.TC_BGHS_PreAdmission.Tc_Admission_Form_BGHS_ApplicationForm"/>
  <testcase name="tcSiblingDetailsBGHSPune" time="0.665" classname="com.test.automation.uiAutomation.TC_BGHS_PreAdmission.Tc_Admission_Form_BGHS_ApplicationForm"/>
  <testcase name="tcClickOnSubmitButton" time="0.778" classname="com.test.automation.uiAutomation.TC_BGHS_PreAdmission.Tc_Admission_Form_BGHS_ApplicationForm"/>
  <testcase name="tcMothersDetails_BGHSPreAdmission_ApplicationForm" time="0.624" classname="com.test.automation.uiAutomation.TC_BGHS_PreAdmission.Tc_Admission_Form_BGHS_ApplicationForm"/>
  <testcase name="tcResidentialAndPermanentAddress" time="0.758" classname="com.test.automation.uiAutomation.TC_BGHS_PreAdmission.Tc_Admission_Form_BGHS_ApplicationForm"/>
  <testcase name="tcEnterStudentInformationFor_BGHSPreAdmApplicationForm" time="0.936" classname="com.test.automation.uiAutomation.TC_BGHS_PreAdmission.Tc_Admission_Form_BGHS_ApplicationForm"/>
  <testcase name="tcPopUpValidationCancel" time="0.600" classname="com.test.automation.uiAutomation.TC_BGHS_PreAdmission.Tc_Admission_Form_BGHS_ApplicationForm"/>
  <testcase name="tcClickOnPopupCloseButtonForDOBCert" time="0.663" classname="com.test.automation.uiAutomation.TC_BGHS_PreAdmission.Tc_Admission_Form_BGHS_ApplicationForm"/>
  <testcase name="tcParentMonthlyIncomeDetailsBGHS" time="0.707" classname="com.test.automation.uiAutomation.TC_BGHS_PreAdmission.Tc_Admission_Form_BGHS_ApplicationForm"/>
  <testcase name="tcVerifyUndertakingText" time="0.699" classname="com.test.automation.uiAutomation.TC_BGHS_PreAdmission.Tc_Admission_Form_BGHS_ApplicationForm"/>
  <testcase name="tcClickOnSubmitButtonForFinalSubmit_AfterEdit" time="0.582" classname="com.test.automation.uiAutomation.TC_BGHS_PreAdmission.Tc_Admission_Form_BGHS_ApplicationForm"/>
  <testcase name="tcConfirmUndertakingYes" time="0.809" classname="com.test.automation.uiAutomation.TC_BGHS_PreAdmission.Tc_Admission_Form_BGHS_ApplicationForm"/>
</testsuite> <!-- com.test.automation.uiAutomation.TC_BGHS_PreAdmission.Tc_Admission_Form_BGHS_ApplicationForm -->
