<?xml version="1.0" encoding="UTF-8"?>
<!-- Generated by org.testng.reporters.JUnitReportReporter -->
<testsuite name="com.test.automation.uiAutomation.preadmission.TC_SelfRegisteredAdmissionFormForHutchings" tests="19" time="412.993" ignored="0" failures="0" timestamp="22 Dec 2017 04:31:32 GMT" skipped="4" hostname="vaps-PC" errors="0">
  <testcase name="hutchingMothersDetails" time="14.079" classname="com.test.automation.uiAutomation.preadmission.TC_SelfRegisteredAdmissionFormForHutchings"/>
  <testcase name="popUpValidationonSuccessfulReg" time="2.789" classname="com.test.automation.uiAutomation.preadmission.TC_SelfRegisteredAdmissionFormForHutchings"/>
  <testcase name="hutchingSiblingDetails" time="12.653" classname="com.test.automation.uiAutomation.preadmission.TC_SelfRegisteredAdmissionFormForHutchings"/>
  <testcase name="hutchingResidentialAddressForm" time="12.523" classname="com.test.automation.uiAutomation.preadmission.TC_SelfRegisteredAdmissionFormForHutchings"/>
  <testcase name="hutchingFathersDetails" time="14.337" classname="com.test.automation.uiAutomation.preadmission.TC_SelfRegisteredAdmissionFormForHutchings"/>
  <testcase name="loginToappWithrequiredCredentials" time="0.005" classname="com.test.automation.uiAutomation.preadmission.TC_SelfRegisteredAdmissionFormForHutchings">
    <skipped/>
  </testcase> <!-- loginToappWithrequiredCredentials -->
  <testcase name="submitionOfConfirmationCancel" time="2.934" classname="com.test.automation.uiAutomation.preadmission.TC_SelfRegisteredAdmissionFormForHutchings"/>
  <testcase name="hutchingAdmissionForm" time="56.834" classname="com.test.automation.uiAutomation.preadmission.TC_SelfRegisteredAdmissionFormForHutchings"/>
  <testcase name="parentsMonthlyIncomeDetails" time="8.266" classname="com.test.automation.uiAutomation.preadmission.TC_SelfRegisteredAdmissionFormForHutchings"/>
  <testcase name="loginToappWithrequiredCredentials" time="0.002" classname="com.test.automation.uiAutomation.preadmission.TC_SelfRegisteredAdmissionFormForHutchings">
    <skipped/>
  </testcase> <!-- loginToappWithrequiredCredentials -->
  <testcase name="submitionOfFilledApplication" time="3.332" classname="com.test.automation.uiAutomation.preadmission.TC_SelfRegisteredAdmissionFormForHutchings"/>
  <testcase name="loginToappWithrequiredCredentials" time="0.012" classname="com.test.automation.uiAutomation.preadmission.TC_SelfRegisteredAdmissionFormForHutchings">
    <skipped/>
  </testcase> <!-- loginToappWithrequiredCredentials -->
  <testcase name="loginToappWithrequiredCredentials" time="0.003" classname="com.test.automation.uiAutomation.preadmission.TC_SelfRegisteredAdmissionFormForHutchings">
    <skipped/>
  </testcase> <!-- loginToappWithrequiredCredentials -->
  <testcase name="hutchingOthersDetailsForm" time="8.494" classname="com.test.automation.uiAutomation.preadmission.TC_SelfRegisteredAdmissionFormForHutchings"/>
  <testcase name="verifyUndertakingAndConfirm" time="3.399" classname="com.test.automation.uiAutomation.preadmission.TC_SelfRegisteredAdmissionFormForHutchings"/>
  <testcase name="uploadRequiredDocumentForAdmissionProcess" time="244.591" classname="com.test.automation.uiAutomation.preadmission.TC_SelfRegisteredAdmissionFormForHutchings"/>
  <testcase name="submitionOfConfirmationYes" time="2.810" classname="com.test.automation.uiAutomation.preadmission.TC_SelfRegisteredAdmissionFormForHutchings"/>
  <testcase name="submitionOfFilledApplicationforYes" time="2.862" classname="com.test.automation.uiAutomation.preadmission.TC_SelfRegisteredAdmissionFormForHutchings"/>
  <testcase name="loginToappWithrequiredCredentials" time="23.068" classname="com.test.automation.uiAutomation.preadmission.TC_SelfRegisteredAdmissionFormForHutchings"/>
</testsuite> <!-- com.test.automation.uiAutomation.preadmission.TC_SelfRegisteredAdmissionFormForHutchings -->
